Log file open, 09/20/19 23:57:50
LogWindows: Failed to load 'aqProf.dll' (GetLastError=126)
LogWindows: File 'aqProf.dll' does not exist
LogWindows: Failed to load 'VtuneApi.dll' (GetLastError=126)
LogWindows: File 'VtuneApi.dll' does not exist
LogWindows: Failed to load 'VtuneApi32e.dll' (GetLastError=126)
LogWindows: File 'VtuneApi32e.dll' does not exist
LogConsoleResponse: Display: Failed to find resolution value strings in scalability ini. Falling back to default.
LogInit: Display: Running engine for game: Game
LogPlatformFile: Not using cached read wrapper
LogTaskGraph: Started task graph with 5 named threads and 23 total threads with 3 sets of task threads.
LogStats: Stats thread started at 0.085766
LogD3D11RHI: Loaded GFSDK_Aftermath_Lib.x64.dll
LogICUInternationalization: ICU TimeZone Detection - Raw Offset: +9:00, Platform Override: ''
LogPluginManager: Mounting plugin Paper2D
LogPluginManager: Mounting plugin AISupport
LogPluginManager: Mounting plugin LightPropagationVolume
LogPluginManager: Mounting plugin ActorLayerUtilities
LogPluginManager: Mounting plugin AnimationSharing
LogPluginManager: Mounting plugin CLionSourceCodeAccess
LogPluginManager: Mounting plugin CodeLiteSourceCodeAccess
LogPluginManager: Mounting plugin GitSourceControl
LogPluginManager: Mounting plugin KDevelopSourceCodeAccess
LogPluginManager: Mounting plugin NullSourceCodeAccess
LogPluginManager: Mounting plugin PerforceSourceControl
LogPluginManager: Mounting plugin SubversionSourceControl
LogPluginManager: Mounting plugin UObjectPlugin
LogPluginManager: Mounting plugin VisualStudioCodeSourceCodeAccess
LogPluginManager: Mounting plugin VisualStudioSourceCodeAccess
LogPluginManager: Mounting plugin XCodeSourceCodeAccess
LogPluginManager: Mounting plugin AssetManagerEditor
LogPluginManager: Mounting plugin CryptoKeys
LogPluginManager: Mounting plugin CurveEditorTools
LogPluginManager: Mounting plugin DataValidation
LogPluginManager: Mounting plugin FacialAnimation
LogPluginManager: Mounting plugin GameplayTagsEditor
LogPluginManager: Mounting plugin MacGraphicsSwitching
LogPluginManager: Mounting plugin MaterialAnalyzer
LogPluginManager: Mounting plugin MobileLauncherProfileWizard
LogPluginManager: Mounting plugin PluginBrowser
LogPluginManager: Mounting plugin SpeedTreeImporter
LogPluginManager: Mounting plugin DatasmithContent
LogPluginManager: Mounting plugin VariantManagerContent
LogPluginManager: Mounting plugin AlembicImporter
LogPluginManager: Mounting plugin AutomationUtils
LogPluginManager: Mounting plugin BackChannel
LogPluginManager: Mounting plugin CharacterAI
LogPluginManager: Mounting plugin GeometryCache
LogPluginManager: Mounting plugin HTML5Networking
LogPluginManager: Mounting plugin PlatformCrypto
LogPluginManager: Mounting plugin ProxyLODPlugin
LogPluginManager: Mounting plugin SkeletalReduction
LogPluginManager: Mounting plugin MagicLeap
LogPluginManager: Mounting plugin MagicLeapMedia
LogPluginManager: Mounting plugin AndroidMedia
LogPluginManager: Mounting plugin AvfMedia
LogPluginManager: Mounting plugin ImgMedia
LogPluginManager: Mounting plugin MediaCompositing
LogPluginManager: Mounting plugin MediaPlayerEditor
LogPluginManager: Mounting plugin WebMMedia
LogPluginManager: Mounting plugin WmfMedia
LogPluginManager: Mounting plugin TcpMessaging
LogPluginManager: Mounting plugin UdpMessaging
LogPluginManager: Mounting plugin ActorSequence
LogPluginManager: Mounting plugin LevelSequenceEditor
LogPluginManager: Mounting plugin MatineeToLevelSequence
LogPluginManager: Mounting plugin NetcodeUnitTest
LogPluginManager: Mounting plugin NUTUnrealEngine4
LogPluginManager: Mounting plugin OnlineSubsystemGooglePlay
LogPluginManager: Mounting plugin OnlineSubsystemIOS
LogPluginManager: Mounting plugin OnlineSubsystem
LogPluginManager: Mounting plugin OnlineSubsystemNull
LogPluginManager: Mounting plugin OnlineSubsystemUtils
LogPluginManager: Mounting plugin LauncherChunkInstaller
LogPluginManager: Mounting plugin AndroidDeviceProfileSelector
LogPluginManager: Mounting plugin AndroidMoviePlayer
LogPluginManager: Mounting plugin AndroidPermission
LogPluginManager: Mounting plugin AppleImageUtils
LogPluginManager: Mounting plugin AppleMoviePlayer
LogPluginManager: Mounting plugin ArchVisCharacter
LogPluginManager: Mounting plugin AudioCapture
LogPluginManager: Mounting plugin CableComponent
LogPluginManager: Mounting plugin CustomMeshComponent
LogPluginManager: Mounting plugin EditableMesh
LogPluginManager: Mounting plugin ExampleDeviceProfileSelector
LogPluginManager: Mounting plugin GoogleCloudMessaging
LogPluginManager: Mounting plugin IOSDeviceProfileSelector
LogPluginManager: Mounting plugin LinuxDeviceProfileSelector
LogPluginManager: Mounting plugin LocationServicesBPLibrary
LogPluginManager: Mounting plugin MobilePatchingUtils
LogPluginManager: Mounting plugin OculusVR
LogPluginManager: Mounting plugin PhysXVehicles
LogPluginManager: Mounting plugin ProceduralMeshComponent
LogPluginManager: Mounting plugin RuntimePhysXCooking
LogPluginManager: Mounting plugin SignificanceManager
LogPluginManager: Mounting plugin SteamVR
LogPluginManager: Mounting plugin WebMMoviePlayer
LogPluginManager: Mounting plugin WindowsMoviePlayer
LogPluginManager: Mounting plugin ScreenshotTools
LogInit: Using libcurl 7.55.1-DEV
LogInit:  - built for x86_64-pc-win32
LogInit:  - supports SSL with OpenSSL/1.1.1
LogInit:  - supports HTTP deflate (compression) using libz 1.2.8
LogInit:  - other features:
LogInit:      CURL_VERSION_SSL
LogInit:      CURL_VERSION_LIBZ
LogInit:      CURL_VERSION_IPV6
LogInit:      CURL_VERSION_ASYNCHDNS
LogInit:      CURL_VERSION_LARGEFILE
LogInit:      CURL_VERSION_IDN
LogInit:  CurlRequestOptions (configurable via config and command line):
LogInit:  - bVerifyPeer = true  - Libcurl will verify peer certificate
LogInit:  - bUseHttpProxy = false  - Libcurl will NOT use HTTP proxy
LogInit:  - bDontReuseConnections = false  - Libcurl will reuse connections
LogInit:  - MaxHostConnections = 16  - Libcurl will limit the number of connections to a host
LogInit:  - LocalHostAddr = Default
LogInit:  - BufferSize = 65536
LogOnline: OSS: Creating online subsystem instance for: NULL
LogInit: WinSock: version 1.1 (2.2), MaxSocks=32767, MaxUdp=65467
LogInit: Build: ++UE4+Release-4.23-CL-8386587
LogInit: Engine Version: 4.23.0-8386587+++UE4+Release-4.23
LogInit: Compatible Engine Version: 4.23.0-8386587+++UE4+Release-4.23
LogInit: Net CL: 8386587
LogInit: OS: Windows 10 (Release 1809) (), CPU: Intel(R) Core(TM) i7-4770 CPU @ 3.40GHz, GPU: NVIDIA GeForce GTX 760
LogInit: Compiled (64-bit): Aug 31 2019 02:04:44
LogInit: Compiled with Visual C++: 19.16.27030.01
LogInit: Build Configuration: Development
LogInit: Branch Name: ++UE4+Release-4.23
LogInit: Command Line:  -EpicPortal -epicusername=MiniCastle95 -epicuserid=29ac304ff05144fa9fad19b61281ea9f -epiclocale=ko-KR
LogInit: Base Directory: H:/Program Files (x86)/UE_4.23/Engine/Binaries/Win64/
LogInit: Installed Engine Build: 1
LogDevObjectVersion: Number of dev versions registered: 23
LogDevObjectVersion:   Dev-Blueprints (B0D832E4-1F89-4F0D-ACCF-7EB736FD4AA2): 10
LogDevObjectVersion:   Dev-Build (E1C64328-A22C-4D53-A36C-8E866417BD8C): 0
LogDevObjectVersion:   Dev-Core (375EC13C-06E4-48FB-B500-84F0262A717E): 3
LogDevObjectVersion:   Dev-Editor (E4B068ED-F494-42E9-A231-DA0B2E46BB41): 34
LogDevObjectVersion:   Dev-Framework (CFFC743F-43B0-4480-9391-14DF171D2073): 35
LogDevObjectVersion:   Dev-Mobile (B02B49B5-BB20-44E9-A304-32B752E40360): 2
LogDevObjectVersion:   Dev-Networking (A4E4105C-59A1-49B5-A7C5-40C4547EDFEE): 0
LogDevObjectVersion:   Dev-Online (39C831C9-5AE6-47DC-9A44-9C173E1C8E7C): 0
LogDevObjectVersion:   Dev-Physics (78F01B33-EBEA-4F98-B9B4-84EACCB95AA2): 0
LogDevObjectVersion:   Dev-Platform (6631380F-2D4D-43E0-8009-CF276956A95A): 0
LogDevObjectVersion:   Dev-Rendering (12F88B9F-8875-4AFC-A67C-D90C383ABD29): 31
LogDevObjectVersion:   Dev-Sequencer (7B5AE74C-D270-4C10-A958-57980B212A5A): 11
LogDevObjectVersion:   Dev-VR (D7296918-1DD6-4BDD-9DE2-64A83CC13884): 2
LogDevObjectVersion:   Dev-LoadTimes (C2A15278-BFE7-4AFE-6C17-90FF531DF755): 1
LogDevObjectVersion:   Private-Geometry (6EACA3D4-40EC-4CC1-B786-8BED09428FC5): 3
LogDevObjectVersion:   Dev-AnimPhys (29E575DD-E0A3-4627-9D10-D276232CDCEA): 17
LogDevObjectVersion:   Dev-Anim (AF43A65D-7FD3-4947-9873-3E8ED9C1BB05): 2
LogDevObjectVersion:   Dev-ReflectionCapture (6B266CEC-1EC7-4B8F-A30B-E4D90942FC07): 1
LogDevObjectVersion:   Dev-Automation (0DF73D61-A23F-47EA-B727-89E90C41499A): 1
LogDevObjectVersion:   FortniteMain (601D1886-AC64-4F84-AA16-D3DE0DEAC7D6): 27
LogDevObjectVersion:   Dev-Enterprise (9DFFBCD6-494F-0158-E221-12823C92A888): 6
LogDevObjectVersion:   Dev-Niagara (F2AED0AC-9AFE-416F-8664-AA7FFA26D6FC): 1
LogDevObjectVersion:   Dev-Destruction (174F1F0B-B4C6-45A5-B13F-2EE8D0FB917D): 9
LogInit: Presizing for max 16777216 objects, including 0 objects not considered by GC, pre-allocating 0 bytes for permanent pool.
LogInit: Object subsystem initialized
LogConfig: Setting CVar [[con.DebugEarlyDefault:1]]
LogConfig: Setting CVar [[r.setres:1280x720]]
[2019.09.20-14.57.51:188][  0]LogConfig: Setting CVar [[r.VSync:0]]
[2019.09.20-14.57.51:188][  0]LogConfig: Setting CVar [[r.RHICmdBypass:0]]
[2019.09.20-14.57.51:188][  0]LogConfig: Applying CVar settings from Section [/Script/Engine.RendererSettings] File [D:/Github/GraduationProject/Game/Saved/Config/Windows/Engine.ini]
[2019.09.20-14.57.51:188][  0]LogConfig: Setting CVar [[r.GPUCrashDebugging:0]]
[2019.09.20-14.57.51:188][  0]LogConfig: Setting CVar [[r.DefaultFeature.AutoExposure.ExtendDefaultLuminanceRange:1]]
[2019.09.20-14.57.51:188][  0]LogConfig: Applying CVar settings from Section [/Script/Engine.RendererOverrideSettings] File [D:/Github/GraduationProject/Game/Saved/Config/Windows/Engine.ini]
[2019.09.20-14.57.51:188][  0]LogConfig: Applying CVar settings from Section [/Script/Engine.StreamingSettings] File [D:/Github/GraduationProject/Game/Saved/Config/Windows/Engine.ini]
[2019.09.20-14.57.51:188][  0]LogConfig: Setting CVar [[s.MinBulkDataSizeForAsyncLoading:131072]]
[2019.09.20-14.57.51:188][  0]LogConfig: Setting CVar [[s.AsyncLoadingThreadEnabled:0]]
[2019.09.20-14.57.51:188][  0]LogConfig: Setting CVar [[s.EventDrivenLoaderEnabled:1]]
[2019.09.20-14.57.51:188][  0]LogConfig: Setting CVar [[s.WarnIfTimeLimitExceeded:0]]
[2019.09.20-14.57.51:188][  0]LogConfig: Setting CVar [[s.TimeLimitExceededMultiplier:1.5]]
[2019.09.20-14.57.51:188][  0]LogConfig: Setting CVar [[s.TimeLimitExceededMinTime:0.005]]
[2019.09.20-14.57.51:188][  0]LogConfig: Setting CVar [[s.UseBackgroundLevelStreaming:1]]
[2019.09.20-14.57.51:188][  0]LogConfig: Setting CVar [[s.PriorityAsyncLoadingExtraTime:15.0]]
[2019.09.20-14.57.51:188][  0]LogConfig: Setting CVar [[s.LevelStreamingActorsUpdateTimeLimit:5.0]]
[2019.09.20-14.57.51:188][  0]LogConfig: Setting CVar [[s.PriorityLevelStreamingActorsUpdateExtraTime:5.0]]
[2019.09.20-14.57.51:188][  0]LogConfig: Setting CVar [[s.LevelStreamingComponentsRegistrationGranularity:10]]
[2019.09.20-14.57.51:188][  0]LogConfig: Setting CVar [[s.UnregisterComponentsTimeLimit:1.0]]
[2019.09.20-14.57.51:188][  0]LogConfig: Setting CVar [[s.LevelStreamingComponentsUnregistrationGranularity:5]]
[2019.09.20-14.57.51:188][  0]LogConfig: Applying CVar settings from Section [/Script/Engine.GarbageCollectionSettings] File [D:/Github/GraduationProject/Game/Saved/Config/Windows/Engine.ini]
[2019.09.20-14.57.51:188][  0]LogConfig: Setting CVar [[gc.MaxObjectsNotConsideredByGC:1]]
[2019.09.20-14.57.51:188][  0]LogConfig: Setting CVar [[gc.SizeOfPermanentObjectPool:0]]
[2019.09.20-14.57.51:188][  0]LogConfig: Setting CVar [[gc.FlushStreamingOnGC:0]]
[2019.09.20-14.57.51:188][  0]LogConfig: Setting CVar [[gc.NumRetriesBeforeForcingGC:10]]
[2019.09.20-14.57.51:188][  0]LogConfig: Setting CVar [[gc.AllowParallelGC:1]]
[2019.09.20-14.57.51:188][  0]LogConfig: Setting CVar [[gc.TimeBetweenPurgingPendingKillObjects:61.1]]
[2019.09.20-14.57.51:188][  0]LogConfig: Setting CVar [[gc.MaxObjectsInEditor:16777216]]
[2019.09.20-14.57.51:188][  0]LogConfig: Setting CVar [[gc.IncrementalBeginDestroyEnabled:1]]
[2019.09.20-14.57.51:188][  0]LogConfig: Setting CVar [[gc.CreateGCClusters:1]]
[2019.09.20-14.57.51:188][  0]LogConfig: Setting CVar [[gc.MinGCClusterSize:5]]
[2019.09.20-14.57.51:188][  0]LogConfig: Setting CVar [[gc.ActorClusteringEnabled:0]]
[2019.09.20-14.57.51:188][  0]LogConfig: Setting CVar [[gc.BlueprintClusteringEnabled:0]]
[2019.09.20-14.57.51:188][  0]LogConfig: Setting CVar [[gc.UseDisregardForGCOnDedicatedServers:0]]
[2019.09.20-14.57.51:188][  0]LogConfig: Applying CVar settings from Section [/Script/Engine.NetworkSettings] File [D:/Github/GraduationProject/Game/Saved/Config/Windows/Engine.ini]
[2019.09.20-14.57.51:188][  0]LogConfig: Applying CVar settings from Section [/Script/UnrealEd.CookerSettings] File [D:/Github/GraduationProject/Game/Saved/Config/Windows/Engine.ini]
[2019.09.20-14.57.51:201][  0]LogConfig: Applying CVar settings from Section [ViewDistanceQuality@3] File [D:/Github/GraduationProject/Game/Saved/Config/Windows/Scalability.ini]
[2019.09.20-14.57.51:201][  0]LogConfig: Setting CVar [[r.SkeletalMeshLODBias:0]]
[2019.09.20-14.57.51:201][  0]LogConfig: Setting CVar [[r.ViewDistanceScale:1.0]]
[2019.09.20-14.57.51:201][  0]LogConfig: Applying CVar settings from Section [AntiAliasingQuality@3] File [D:/Github/GraduationProject/Game/Saved/Config/Windows/Scalability.ini]
[2019.09.20-14.57.51:201][  0]LogConfig: Setting CVar [[r.PostProcessAAQuality:4]]
[2019.09.20-14.57.51:201][  0]LogConfig: Applying CVar settings from Section [ShadowQuality@3] File [D:/Github/GraduationProject/Game/Saved/Config/Windows/Scalability.ini]
[2019.09.20-14.57.51:201][  0]LogConfig: Setting CVar [[r.LightFunctionQuality:1]]
[2019.09.20-14.57.51:201][  0]LogConfig: Setting CVar [[r.ShadowQuality:5]]
[2019.09.20-14.57.51:201][  0]LogConfig: Setting CVar [[r.Shadow.CSM.MaxCascades:10]]
[2019.09.20-14.57.51:201][  0]LogConfig: Setting CVar [[r.Shadow.MaxResolution:2048]]
[2019.09.20-14.57.51:201][  0]LogConfig: Setting CVar [[r.Shadow.MaxCSMResolution:2048]]
[2019.09.20-14.57.51:201][  0]LogConfig: Setting CVar [[r.Shadow.RadiusThreshold:0.01]]
[2019.09.20-14.57.51:201][  0]LogConfig: Setting CVar [[r.Shadow.DistanceScale:1.0]]
[2019.09.20-14.57.51:201][  0]LogConfig: Setting CVar [[r.Shadow.CSM.TransitionScale:1.0]]
[2019.09.20-14.57.51:201][  0]LogConfig: Setting CVar [[r.Shadow.PreShadowResolutionFactor:1.0]]
[2019.09.20-14.57.51:201][  0]LogConfig: Setting CVar [[r.DistanceFieldShadowing:1]]
[2019.09.20-14.57.51:201][  0]LogConfig: Setting CVar [[r.DistanceFieldAO:1]]
[2019.09.20-14.57.51:201][  0]LogConfig: Setting CVar [[r.AOQuality:2]]
[2019.09.20-14.57.51:201][  0]LogConfig: Setting CVar [[r.VolumetricFog:1]]
[2019.09.20-14.57.51:201][  0]LogConfig: Setting CVar [[r.VolumetricFog.GridPixelSize:8]]
[2019.09.20-14.57.51:201][  0]LogConfig: Setting CVar [[r.VolumetricFog.GridSizeZ:128]]
[2019.09.20-14.57.51:202][  0]LogConfig: Setting CVar [[r.VolumetricFog.HistoryMissSupersampleCount:4]]
[2019.09.20-14.57.51:202][  0]LogConfig: Setting CVar [[r.LightMaxDrawDistanceScale:1]]
[2019.09.20-14.57.51:202][  0]LogConfig: Setting CVar [[r.CapsuleShadows:1]]
[2019.09.20-14.57.51:202][  0]LogConfig: Applying CVar settings from Section [PostProcessQuality@3] File [D:/Github/GraduationProject/Game/Saved/Config/Windows/Scalability.ini]
[2019.09.20-14.57.51:202][  0]LogConfig: Setting CVar [[r.MotionBlurQuality:4]]
[2019.09.20-14.57.51:202][  0]LogConfig: Setting CVar [[r.AmbientOcclusionMipLevelFactor:0.4]]
[2019.09.20-14.57.51:202][  0]LogConfig: Setting CVar [[r.AmbientOcclusionMaxQuality:100]]
[2019.09.20-14.57.51:202][  0]LogConfig: Setting CVar [[r.AmbientOcclusionLevels:-1]]
[2019.09.20-14.57.51:202][  0]LogConfig: Setting CVar [[r.AmbientOcclusionRadiusScale:1.0]]
[2019.09.20-14.57.51:202][  0]LogConfig: Setting CVar [[r.DepthOfFieldQuality:2]]
[2019.09.20-14.57.51:202][  0]LogConfig: Setting CVar [[r.RenderTargetPoolMin:400]]
[2019.09.20-14.57.51:202][  0]LogConfig: Setting CVar [[r.LensFlareQuality:2]]
[2019.09.20-14.57.51:202][  0]LogConfig: Setting CVar [[r.SceneColorFringeQuality:1]]
[2019.09.20-14.57.51:202][  0]LogConfig: Setting CVar [[r.EyeAdaptationQuality:2]]
[2019.09.20-14.57.51:202][  0]LogConfig: Setting CVar [[r.BloomQuality:5]]
[2019.09.20-14.57.51:202][  0]LogConfig: Setting CVar [[r.FastBlurThreshold:100]]
[2019.09.20-14.57.51:202][  0]LogConfig: Setting CVar [[r.Upscale.Quality:3]]
[2019.09.20-14.57.51:202][  0]LogConfig: Setting CVar [[r.Tonemapper.GrainQuantization:1]]
[2019.09.20-14.57.51:202][  0]LogConfig: Setting CVar [[r.LightShaftQuality:1]]
[2019.09.20-14.57.51:202][  0]LogConfig: Setting CVar [[r.Filter.SizeScale:1]]
[2019.09.20-14.57.51:202][  0]LogConfig: Setting CVar [[r.Tonemapper.Quality:5]]
[2019.09.20-14.57.51:202][  0]LogConfig: Setting CVar [[r.DOF.Gather.AccumulatorQuality:1        ; higher gathering accumulator quality]]
[2019.09.20-14.57.51:202][  0]LogConfig: Setting CVar [[r.DOF.Gather.PostfilterMethod:1          ; Median3x3 postfilering method]]
[2019.09.20-14.57.51:202][  0]LogConfig: Setting CVar [[r.DOF.Gather.EnableBokehSettings:0       ; no bokeh simulation when gathering]]
[2019.09.20-14.57.51:202][  0]LogConfig: Setting CVar [[r.DOF.Gather.RingCount:4                 ; medium number of samples when gathering]]
[2019.09.20-14.57.51:202][  0]LogConfig: Setting CVar [[r.DOF.Scatter.ForegroundCompositing:1    ; additive foreground scattering]]
[2019.09.20-14.57.51:202][  0]LogConfig: Setting CVar [[r.DOF.Scatter.BackgroundCompositing:2    ; additive background scattering]]
[2019.09.20-14.57.51:202][  0]LogConfig: Setting CVar [[r.DOF.Scatter.EnableBokehSettings:1      ; bokeh simulation when scattering]]
[2019.09.20-14.57.51:202][  0]LogConfig: Setting CVar [[r.DOF.Scatter.MaxSpriteRatio:0.1         ; only a maximum of 10% of scattered bokeh]]
[2019.09.20-14.57.51:202][  0]LogConfig: Setting CVar [[r.DOF.Recombine.Quality:1                ; cheap slight out of focus]]
[2019.09.20-14.57.51:202][  0]LogConfig: Setting CVar [[r.DOF.Recombine.EnableBokehSettings:0    ; no bokeh simulation on slight out of focus]]
[2019.09.20-14.57.51:202][  0]LogConfig: Setting CVar [[r.DOF.TemporalAAQuality:1                ; more stable temporal accumulation]]
[2019.09.20-14.57.51:202][  0]LogConfig: Setting CVar [[r.DOF.Kernel.MaxForegroundRadius:0.025]]
[2019.09.20-14.57.51:202][  0]LogConfig: Setting CVar [[r.DOF.Kernel.MaxBackgroundRadius:0.025]]
[2019.09.20-14.57.51:202][  0]LogConfig: Applying CVar settings from Section [TextureQuality@3] File [D:/Github/GraduationProject/Game/Saved/Config/Windows/Scalability.ini]
[2019.09.20-14.57.51:202][  0]LogConfig: Setting CVar [[r.Streaming.MipBias:0]]
[2019.09.20-14.57.51:202][  0]LogConfig: Setting CVar [[r.Streaming.AmortizeCPUToGPUCopy:0]]
[2019.09.20-14.57.51:202][  0]LogConfig: Setting CVar [[r.Streaming.MaxNumTexturesToStreamPerFrame:0]]
[2019.09.20-14.57.51:202][  0]LogConfig: Setting CVar [[r.Streaming.Boost:1]]
[2019.09.20-14.57.51:202][  0]LogConfig: Setting CVar [[r.MaxAnisotropy:8]]
[2019.09.20-14.57.51:202][  0]LogConfig: Setting CVar [[r.Streaming.LimitPoolSizeToVRAM:0]]
[2019.09.20-14.57.51:202][  0]LogConfig: Setting CVar [[r.Streaming.PoolSize:1000]]
[2019.09.20-14.57.51:202][  0]LogConfig: Setting CVar [[r.Streaming.MaxEffectiveScreenSize:0]]
[2019.09.20-14.57.51:202][  0]LogConfig: Applying CVar settings from Section [EffectsQuality@3] File [D:/Github/GraduationProject/Game/Saved/Config/Windows/Scalability.ini]
[2019.09.20-14.57.51:202][  0]LogConfig: Setting CVar [[r.TranslucencyLightingVolumeDim:64]]
[2019.09.20-14.57.51:202][  0]LogConfig: Setting CVar [[r.RefractionQuality:2]]
[2019.09.20-14.57.51:202][  0]LogConfig: Setting CVar [[r.SSR.Quality:3]]
[2019.09.20-14.57.51:202][  0]LogConfig: Setting CVar [[r.SceneColorFormat:4]]
[2019.09.20-14.57.51:202][  0]LogConfig: Setting CVar [[r.DetailMode:2]]
[2019.09.20-14.57.51:202][  0]LogConfig: Setting CVar [[r.TranslucencyVolumeBlur:1]]
[2019.09.20-14.57.51:202][  0]LogConfig: Setting CVar [[r.MaterialQualityLevel:1 ; High quality]]
[2019.09.20-14.57.51:202][  0]LogConfig: Setting CVar [[r.SSS.Scale:1]]
[2019.09.20-14.57.51:202][  0]LogConfig: Setting CVar [[r.SSS.SampleSet:2]]
[2019.09.20-14.57.51:202][  0]LogConfig: Setting CVar [[r.SSS.Quality:1]]
[2019.09.20-14.57.51:202][  0]LogConfig: Setting CVar [[r.SSS.HalfRes:1]]
[2019.09.20-14.57.51:202][  0]LogConfig: Setting CVar [[r.EmitterSpawnRateScale:1.0]]
[2019.09.20-14.57.51:202][  0]LogConfig: Setting CVar [[r.ParticleLightQuality:2]]
[2019.09.20-14.57.51:203][  0]LogConfig: Applying CVar settings from Section [FoliageQuality@3] File [D:/Github/GraduationProject/Game/Saved/Config/Windows/Scalability.ini]
[2019.09.20-14.57.51:203][  0]LogConfig: Setting CVar [[foliage.DensityScale:1.0]]
[2019.09.20-14.57.51:203][  0]LogConfig: Setting CVar [[grass.DensityScale:1.0]]
[2019.09.20-14.57.51:203][  0]LogInit: Selected Device Profile: [Windows]
[2019.09.20-14.57.51:203][  0]LogInit: Applying CVar settings loaded from the selected device profile: [Windows]
[2019.09.20-14.57.51:206][  0]LogHAL: Display: Platform has ~ 16 GB [17114546176 / 17179869184 / 16], which maps to Larger [LargestMinGB=32, LargerMinGB=12, DefaultMinGB=8, SmallerMinGB=6, SmallestMinGB=0)
[2019.09.20-14.57.51:206][  0]LogInit: Going up to parent DeviceProfile []
[2019.09.20-14.57.51:206][  0]LogConfig: Applying CVar settings from Section [ViewDistanceQuality@3] File [D:/Github/GraduationProject/Game/Saved/Config/Windows/Scalability.ini]
[2019.09.20-14.57.51:206][  0]LogConfig: Setting CVar [[r.SkeletalMeshLODBias:0]]
[2019.09.20-14.57.51:206][  0]LogConfig: Setting CVar [[r.ViewDistanceScale:1.0]]
[2019.09.20-14.57.51:206][  0]LogConfig: Applying CVar settings from Section [AntiAliasingQuality@3] File [D:/Github/GraduationProject/Game/Saved/Config/Windows/Scalability.ini]
[2019.09.20-14.57.51:206][  0]LogConfig: Setting CVar [[r.PostProcessAAQuality:4]]
[2019.09.20-14.57.51:206][  0]LogConfig: Applying CVar settings from Section [ShadowQuality@3] File [D:/Github/GraduationProject/Game/Saved/Config/Windows/Scalability.ini]
[2019.09.20-14.57.51:206][  0]LogConfig: Setting CVar [[r.LightFunctionQuality:1]]
[2019.09.20-14.57.51:206][  0]LogConfig: Setting CVar [[r.ShadowQuality:5]]
[2019.09.20-14.57.51:206][  0]LogConfig: Setting CVar [[r.Shadow.CSM.MaxCascades:10]]
[2019.09.20-14.57.51:206][  0]LogConfig: Setting CVar [[r.Shadow.MaxResolution:2048]]
[2019.09.20-14.57.51:206][  0]LogConfig: Setting CVar [[r.Shadow.MaxCSMResolution:2048]]
[2019.09.20-14.57.51:206][  0]LogConfig: Setting CVar [[r.Shadow.RadiusThreshold:0.01]]
[2019.09.20-14.57.51:206][  0]LogConfig: Setting CVar [[r.Shadow.DistanceScale:1.0]]
[2019.09.20-14.57.51:206][  0]LogConfig: Setting CVar [[r.Shadow.CSM.TransitionScale:1.0]]
[2019.09.20-14.57.51:206][  0]LogConfig: Setting CVar [[r.Shadow.PreShadowResolutionFactor:1.0]]
[2019.09.20-14.57.51:206][  0]LogConfig: Setting CVar [[r.DistanceFieldShadowing:1]]
[2019.09.20-14.57.51:206][  0]LogConfig: Setting CVar [[r.DistanceFieldAO:1]]
[2019.09.20-14.57.51:206][  0]LogConfig: Setting CVar [[r.AOQuality:2]]
[2019.09.20-14.57.51:206][  0]LogConfig: Setting CVar [[r.VolumetricFog:1]]
[2019.09.20-14.57.51:206][  0]LogConfig: Setting CVar [[r.VolumetricFog.GridPixelSize:8]]
[2019.09.20-14.57.51:206][  0]LogConfig: Setting CVar [[r.VolumetricFog.GridSizeZ:128]]
[2019.09.20-14.57.51:206][  0]LogConfig: Setting CVar [[r.VolumetricFog.HistoryMissSupersampleCount:4]]
[2019.09.20-14.57.51:206][  0]LogConfig: Setting CVar [[r.LightMaxDrawDistanceScale:1]]
[2019.09.20-14.57.51:206][  0]LogConfig: Setting CVar [[r.CapsuleShadows:1]]
[2019.09.20-14.57.51:206][  0]LogConfig: Applying CVar settings from Section [PostProcessQuality@3] File [D:/Github/GraduationProject/Game/Saved/Config/Windows/Scalability.ini]
[2019.09.20-14.57.51:206][  0]LogConfig: Setting CVar [[r.MotionBlurQuality:4]]
[2019.09.20-14.57.51:206][  0]LogConfig: Setting CVar [[r.AmbientOcclusionMipLevelFactor:0.4]]
[2019.09.20-14.57.51:206][  0]LogConfig: Setting CVar [[r.AmbientOcclusionMaxQuality:100]]
[2019.09.20-14.57.51:206][  0]LogConfig: Setting CVar [[r.AmbientOcclusionLevels:-1]]
[2019.09.20-14.57.51:206][  0]LogConfig: Setting CVar [[r.AmbientOcclusionRadiusScale:1.0]]
[2019.09.20-14.57.51:206][  0]LogConfig: Setting CVar [[r.DepthOfFieldQuality:2]]
[2019.09.20-14.57.51:206][  0]LogConfig: Setting CVar [[r.RenderTargetPoolMin:400]]
[2019.09.20-14.57.51:206][  0]LogConfig: Setting CVar [[r.LensFlareQuality:2]]
[2019.09.20-14.57.51:206][  0]LogConfig: Setting CVar [[r.SceneColorFringeQuality:1]]
[2019.09.20-14.57.51:206][  0]LogConfig: Setting CVar [[r.EyeAdaptationQuality:2]]
[2019.09.20-14.57.51:206][  0]LogConfig: Setting CVar [[r.BloomQuality:5]]
[2019.09.20-14.57.51:206][  0]LogConfig: Setting CVar [[r.FastBlurThreshold:100]]
[2019.09.20-14.57.51:206][  0]LogConfig: Setting CVar [[r.Upscale.Quality:3]]
[2019.09.20-14.57.51:206][  0]LogConfig: Setting CVar [[r.Tonemapper.GrainQuantization:1]]
[2019.09.20-14.57.51:206][  0]LogConfig: Setting CVar [[r.LightShaftQuality:1]]
[2019.09.20-14.57.51:206][  0]LogConfig: Setting CVar [[r.Filter.SizeScale:1]]
[2019.09.20-14.57.51:206][  0]LogConfig: Setting CVar [[r.Tonemapper.Quality:5]]
[2019.09.20-14.57.51:207][  0]LogConfig: Setting CVar [[r.DOF.Gather.AccumulatorQuality:1        ; higher gathering accumulator quality]]
[2019.09.20-14.57.51:207][  0]LogConfig: Setting CVar [[r.DOF.Gather.PostfilterMethod:1          ; Median3x3 postfilering method]]
[2019.09.20-14.57.51:207][  0]LogConfig: Setting CVar [[r.DOF.Gather.EnableBokehSettings:0       ; no bokeh simulation when gathering]]
[2019.09.20-14.57.51:207][  0]LogConfig: Setting CVar [[r.DOF.Gather.RingCount:4                 ; medium number of samples when gathering]]
[2019.09.20-14.57.51:207][  0]LogConfig: Setting CVar [[r.DOF.Scatter.ForegroundCompositing:1    ; additive foreground scattering]]
[2019.09.20-14.57.51:207][  0]LogConfig: Setting CVar [[r.DOF.Scatter.BackgroundCompositing:2    ; additive background scattering]]
[2019.09.20-14.57.51:207][  0]LogConfig: Setting CVar [[r.DOF.Scatter.EnableBokehSettings:1      ; bokeh simulation when scattering]]
[2019.09.20-14.57.51:207][  0]LogConfig: Setting CVar [[r.DOF.Scatter.MaxSpriteRatio:0.1         ; only a maximum of 10% of scattered bokeh]]
[2019.09.20-14.57.51:207][  0]LogConfig: Setting CVar [[r.DOF.Recombine.Quality:1                ; cheap slight out of focus]]
[2019.09.20-14.57.51:207][  0]LogConfig: Setting CVar [[r.DOF.Recombine.EnableBokehSettings:0    ; no bokeh simulation on slight out of focus]]
[2019.09.20-14.57.51:207][  0]LogConfig: Setting CVar [[r.DOF.TemporalAAQuality:1                ; more stable temporal accumulation]]
[2019.09.20-14.57.51:207][  0]LogConfig: Setting CVar [[r.DOF.Kernel.MaxForegroundRadius:0.025]]
[2019.09.20-14.57.51:207][  0]LogConfig: Setting CVar [[r.DOF.Kernel.MaxBackgroundRadius:0.025]]
[2019.09.20-14.57.51:207][  0]LogConfig: Applying CVar settings from Section [TextureQuality@3] File [D:/Github/GraduationProject/Game/Saved/Config/Windows/Scalability.ini]
[2019.09.20-14.57.51:207][  0]LogConfig: Setting CVar [[r.Streaming.MipBias:0]]
[2019.09.20-14.57.51:207][  0]LogConfig: Setting CVar [[r.Streaming.AmortizeCPUToGPUCopy:0]]
[2019.09.20-14.57.51:207][  0]LogConfig: Setting CVar [[r.Streaming.MaxNumTexturesToStreamPerFrame:0]]
[2019.09.20-14.57.51:207][  0]LogConfig: Setting CVar [[r.Streaming.Boost:1]]
[2019.09.20-14.57.51:207][  0]LogConfig: Setting CVar [[r.MaxAnisotropy:8]]
[2019.09.20-14.57.51:207][  0]LogConfig: Setting CVar [[r.Streaming.LimitPoolSizeToVRAM:0]]
[2019.09.20-14.57.51:207][  0]LogConfig: Setting CVar [[r.Streaming.PoolSize:1000]]
[2019.09.20-14.57.51:207][  0]LogConfig: Setting CVar [[r.Streaming.MaxEffectiveScreenSize:0]]
[2019.09.20-14.57.51:207][  0]LogConfig: Applying CVar settings from Section [EffectsQuality@3] File [D:/Github/GraduationProject/Game/Saved/Config/Windows/Scalability.ini]
[2019.09.20-14.57.51:207][  0]LogConfig: Setting CVar [[r.TranslucencyLightingVolumeDim:64]]
[2019.09.20-14.57.51:207][  0]LogConfig: Setting CVar [[r.RefractionQuality:2]]
[2019.09.20-14.57.51:207][  0]LogConfig: Setting CVar [[r.SSR.Quality:3]]
[2019.09.20-14.57.51:207][  0]LogConfig: Setting CVar [[r.SceneColorFormat:4]]
[2019.09.20-14.57.51:207][  0]LogConfig: Setting CVar [[r.DetailMode:2]]
[2019.09.20-14.57.51:207][  0]LogConfig: Setting CVar [[r.TranslucencyVolumeBlur:1]]
[2019.09.20-14.57.51:207][  0]LogConfig: Setting CVar [[r.MaterialQualityLevel:1 ; High quality]]
[2019.09.20-14.57.51:207][  0]LogConfig: Setting CVar [[r.SSS.Scale:1]]
[2019.09.20-14.57.51:207][  0]LogConfig: Setting CVar [[r.SSS.SampleSet:2]]
[2019.09.20-14.57.51:207][  0]LogConfig: Setting CVar [[r.SSS.Quality:1]]
[2019.09.20-14.57.51:207][  0]LogConfig: Setting CVar [[r.SSS.HalfRes:1]]
[2019.09.20-14.57.51:207][  0]LogConfig: Setting CVar [[r.EmitterSpawnRateScale:1.0]]
[2019.09.20-14.57.51:207][  0]LogConfig: Setting CVar [[r.ParticleLightQuality:2]]
[2019.09.20-14.57.51:207][  0]LogConfig: Applying CVar settings from Section [FoliageQuality@3] File [D:/Github/GraduationProject/Game/Saved/Config/Windows/Scalability.ini]
[2019.09.20-14.57.51:207][  0]LogConfig: Setting CVar [[foliage.DensityScale:1.0]]
[2019.09.20-14.57.51:207][  0]LogConfig: Setting CVar [[grass.DensityScale:1.0]]
[2019.09.20-14.57.51:207][  0]LogConfig: Applying CVar settings from Section [Startup] File [../../../Engine/Config/ConsoleVariables.ini]
[2019.09.20-14.57.51:207][  0]LogConfig: Setting CVar [[net.UseAdaptiveNetUpdateFrequency:0]]
[2019.09.20-14.57.51:207][  0]LogConfig: Setting CVar [[p.chaos.AllowCreatePhysxBodies:1]]
[2019.09.20-14.57.51:207][  0]LogConfig: Applying CVar settings from Section [ConsoleVariables] File [D:/Github/GraduationProject/Game/Saved/Config/Windows/Engine.ini]
[2019.09.20-14.57.51:207][  0]LogInit: Computer: DESKTOP-Q83AC7I
[2019.09.20-14.57.51:207][  0]LogInit: User: blood
[2019.09.20-14.57.51:207][  0]LogInit: CPU Page size=4096, Cores=4
[2019.09.20-14.57.51:208][  0]LogInit: High frequency timer resolution =10.000000 MHz
[2019.09.20-14.57.51:208][  0]LogMemory: Memory total: Physical=15.9GB (16GB approx)
[2019.09.20-14.57.51:208][  0]LogMemory: Platform Memory Stats for Windows
[2019.09.20-14.57.51:208][  0]LogMemory: Process Physical Memory: 102.85 MB used, 102.85 MB peak
[2019.09.20-14.57.51:208][  0]LogMemory: Process Virtual Memory: 100.93 MB used, 100.93 MB peak
[2019.09.20-14.57.51:208][  0]LogMemory: Physical Memory: 6347.50 MB used,  9974.20 MB free, 16321.70 MB total
[2019.09.20-14.57.51:208][  0]LogMemory: Virtual Memory: 4683.30 MB used,  134213048.00 MB free, 134217728.00 MB total
[2019.09.20-14.57.51:226][  0]LogWindows: WindowsPlatformFeatures enabled
[2019.09.20-14.57.51:280][  0]LogInit: Overriding language with editor language configuration option (en).
[2019.09.20-14.57.51:280][  0]LogInit: Overriding locale with editor locale configuration option (en).
[2019.09.20-14.57.51:521][  0]LogInit: Setting process to per monitor DPI aware
[2019.09.20-14.57.51:646][  0]LogSlate: New Slate User Created.  User Index 0, Is Virtual User: 0
[2019.09.20-14.57.51:647][  0]LogSlate: Slate User Registered.  User Index 0, Is Virtual User: 0
[2019.09.20-14.57.52:047][  0]LogHMD: Failed to initialize OpenVR with code 110
[2019.09.20-14.57.52:047][  0]LogD3D11RHI: D3D11 adapters:
[2019.09.20-14.57.52:199][  0]LogD3D11RHI:    0. 'NVIDIA GeForce GTX 760' (Feature Level 11_0)
[2019.09.20-14.57.52:199][  0]LogD3D11RHI:       1944/0/8160 MB DedicatedVideo/DedicatedSystem/SharedSystem, Outputs:2, VendorId:0x10de
[2019.09.20-14.57.52:203][  0]LogD3D11RHI:    1. 'Microsoft Basic Render Driver' (Feature Level 11_0)
[2019.09.20-14.57.52:203][  0]LogD3D11RHI:       0/0/8160 MB DedicatedVideo/DedicatedSystem/SharedSystem, Outputs:0, VendorId:0x1414
[2019.09.20-14.57.52:203][  0]LogD3D11RHI: Chosen D3D11 Adapter: 0
[2019.09.20-14.57.52:218][  0]LogD3D11RHI: Creating new Direct3DDevice
[2019.09.20-14.57.52:218][  0]LogD3D11RHI:     GPU DeviceId: 0x1187 (for the marketing name, search the web for "GPU Device Id")
[2019.09.20-14.57.52:218][  0]LogWindows: EnumDisplayDevices:
[2019.09.20-14.57.52:219][  0]LogWindows:    0. 'NVIDIA GeForce GTX 760' (P:1 D:1)
[2019.09.20-14.57.52:222][  0]LogWindows:    1. 'NVIDIA GeForce GTX 760' (P:0 D:1)
[2019.09.20-14.57.52:224][  0]LogWindows:    2. 'NVIDIA GeForce GTX 760' (P:0 D:0)
[2019.09.20-14.57.52:226][  0]LogWindows:    3. 'NVIDIA GeForce GTX 760' (P:0 D:0)
[2019.09.20-14.57.52:228][  0]LogWindows: DebugString: FoundDriverCount:4 
[2019.09.20-14.57.52:228][  0]LogD3D11RHI:     Adapter Name: NVIDIA GeForce GTX 760
[2019.09.20-14.57.52:228][  0]LogD3D11RHI:   Driver Version: 416.94 (internal:25.21.14.1694, unified:416.94)
[2019.09.20-14.57.52:228][  0]LogD3D11RHI:      Driver Date: 11-12-2018
[2019.09.20-14.57.52:228][  0]LogRHI: Texture pool is 1361 MB (70% of 1944 MB)
[2019.09.20-14.57.52:303][  0]LogD3D11RHI: Async texture creation enabled
[2019.09.20-14.57.52:328][  0]LogD3D11RHI: GPU Timing Frequency: 1000.000000 (Debug: 2 2)
[2019.09.20-14.57.53:086][  0]LogTemp: Display: Module 'AllDesktopTargetPlatform' loaded TargetPlatform 'AllDesktop'
[2019.09.20-14.57.53:101][  0]LogTemp: Display: Module 'MacClientTargetPlatform' loaded TargetPlatform 'MacClient'
[2019.09.20-14.57.53:117][  0]LogTemp: Display: Module 'MacNoEditorTargetPlatform' loaded TargetPlatform 'MacNoEditor'
[2019.09.20-14.57.53:132][  0]LogTemp: Display: Module 'MacServerTargetPlatform' loaded TargetPlatform 'MacServer'
[2019.09.20-14.57.53:151][  0]LogTemp: Display: Module 'MacTargetPlatform' loaded TargetPlatform 'Mac'
[2019.09.20-14.57.53:164][  0]LogTemp: Display: Module 'WindowsClientTargetPlatform' loaded TargetPlatform 'WindowsClient'
[2019.09.20-14.57.53:176][  0]LogTemp: Display: Module 'WindowsNoEditorTargetPlatform' loaded TargetPlatform 'WindowsNoEditor'
[2019.09.20-14.57.53:187][  0]LogTemp: Display: Module 'WindowsServerTargetPlatform' loaded TargetPlatform 'WindowsServer'
[2019.09.20-14.57.53:193][  0]LogTemp: Display: Module 'WindowsTargetPlatform' loaded TargetPlatform 'Windows'
[2019.09.20-14.57.53:232][  0]LogTemp: Display: Module 'AndroidTargetPlatform' loaded TargetPlatform 'Android'
[2019.09.20-14.57.53:232][  0]LogTemp: Display: Module 'AndroidTargetPlatform' loaded TargetPlatform 'Android_ASTC'
[2019.09.20-14.57.53:232][  0]LogTemp: Display: Module 'AndroidTargetPlatform' loaded TargetPlatform 'Android_ATC'
[2019.09.20-14.57.53:232][  0]LogTemp: Display: Module 'AndroidTargetPlatform' loaded TargetPlatform 'Android_DXT'
[2019.09.20-14.57.53:232][  0]LogTemp: Display: Module 'AndroidTargetPlatform' loaded TargetPlatform 'Android_ETC1'
[2019.09.20-14.57.53:232][  0]LogTemp: Display: Module 'AndroidTargetPlatform' loaded TargetPlatform 'Android_ETC1a'
[2019.09.20-14.57.53:232][  0]LogTemp: Display: Module 'AndroidTargetPlatform' loaded TargetPlatform 'Android_ETC2'
[2019.09.20-14.57.53:232][  0]LogTemp: Display: Module 'AndroidTargetPlatform' loaded TargetPlatform 'Android_PVRTC'
[2019.09.20-14.57.53:232][  0]LogTemp: Display: Module 'AndroidTargetPlatform' loaded TargetPlatform 'AndroidClient'
[2019.09.20-14.57.53:232][  0]LogTemp: Display: Module 'AndroidTargetPlatform' loaded TargetPlatform 'Android_ASTCClient'
[2019.09.20-14.57.53:232][  0]LogTemp: Display: Module 'AndroidTargetPlatform' loaded TargetPlatform 'Android_ATCClient'
[2019.09.20-14.57.53:232][  0]LogTemp: Display: Module 'AndroidTargetPlatform' loaded TargetPlatform 'Android_DXTClient'
[2019.09.20-14.57.53:232][  0]LogTemp: Display: Module 'AndroidTargetPlatform' loaded TargetPlatform 'Android_ETC1Client'
[2019.09.20-14.57.53:232][  0]LogTemp: Display: Module 'AndroidTargetPlatform' loaded TargetPlatform 'Android_ETC1aClient'
[2019.09.20-14.57.53:232][  0]LogTemp: Display: Module 'AndroidTargetPlatform' loaded TargetPlatform 'Android_ETC2Client'
[2019.09.20-14.57.53:232][  0]LogTemp: Display: Module 'AndroidTargetPlatform' loaded TargetPlatform 'Android_PVRTCClient'
[2019.09.20-14.57.53:232][  0]LogTemp: Display: Module 'AndroidTargetPlatform' loaded TargetPlatform 'Android_Multi'
[2019.09.20-14.57.53:232][  0]LogTemp: Display: Module 'AndroidTargetPlatform' loaded TargetPlatform 'Android_MultiClient'
[2019.09.20-14.57.53:237][  0]LogTemp: Display: Module 'HTML5TargetPlatform' loaded TargetPlatform 'HTML5'
[2019.09.20-14.57.53:261][  0]LogTemp: Display: Module 'IOSTargetPlatform' loaded TargetPlatform 'IOSClient'
[2019.09.20-14.57.53:261][  0]LogTemp: Display: Module 'IOSTargetPlatform' loaded TargetPlatform 'IOS'
[2019.09.20-14.57.53:280][  0]LogTemp: Display: Module 'TVOSTargetPlatform' loaded TargetPlatform 'TVOSClient'
[2019.09.20-14.57.53:280][  0]LogTemp: Display: Module 'TVOSTargetPlatform' loaded TargetPlatform 'TVOS'
[2019.09.20-14.57.53:289][  0]LogTemp: Display: Module 'LinuxClientTargetPlatform' loaded TargetPlatform 'LinuxClient'
[2019.09.20-14.57.53:299][  0]LogTemp: Display: Module 'LinuxNoEditorTargetPlatform' loaded TargetPlatform 'LinuxNoEditor'
[2019.09.20-14.57.53:309][  0]LogTemp: Display: Module 'LinuxServerTargetPlatform' loaded TargetPlatform 'LinuxServer'
[2019.09.20-14.57.53:321][  0]LogTemp: Display: Module 'LinuxTargetPlatform' loaded TargetPlatform 'Linux'
[2019.09.20-14.57.53:353][  0]LogTemp: Display: Module 'LuminTargetPlatform' loaded TargetPlatform 'Lumin'
[2019.09.20-14.57.53:353][  0]LogTemp: Display: Module 'LuminTargetPlatform' loaded TargetPlatform 'LuminClient'
[2019.09.20-14.57.53:353][  0]LogTargetPlatformManager: Display: Building Assets For Windows
[2019.09.20-14.57.53:371][  0]LogAudioDebug: Display: Lib vorbis DLL was dynamically loaded.
[2019.09.20-14.57.53:467][  0]LogShaderCompilers: Guid format shader working directory is 13 characters bigger than the processId version (D:/Github/GraduationProject/Game/Intermediate/Shaders/WorkingDirectory/31048/).
[2019.09.20-14.57.53:467][  0]LogShaderCompilers: Cleaned the shader compiler working directory 'C:/Users/blood/AppData/Local/Temp/UnrealShaderWorkingDir/F84065144E7FE7F662B35A9924A438F2/'.
[2019.09.20-14.57.53:471][  0]LogXGEController: Cannot use XGE Controller as Incredibuild is not installed on this machine.
[2019.09.20-14.57.53:471][  0]LogShaderCompilers: Cannot use XGE Shader Compiler as Incredibuild is not installed on this machine.
[2019.09.20-14.57.53:471][  0]LogShaderCompilers: Display: Using Local Shader Compiler.
[2019.09.20-14.57.54:201][  0]LogDerivedDataCache: Display: Max Cache Size: 512 MB
[2019.09.20-14.57.54:259][  0]LogDerivedDataCache: Loaded boot cache 0.06s 73MB C:/Users/blood/AppData/Local/UnrealEngine/4.23/DerivedDataCache/Boot.ddc.
[2019.09.20-14.57.54:259][  0]LogDerivedDataCache: Display: Loaded Boot cache: C:/Users/blood/AppData/Local/UnrealEngine/4.23/DerivedDataCache/Boot.ddc
[2019.09.20-14.57.54:260][  0]LogDerivedDataCache: FDerivedDataBackendGraph:  Pak pak cache file D:/Github/GraduationProject/Game/DerivedDataCache/DDC.ddp not found, will not use a pak cache.
[2019.09.20-14.57.54:260][  0]LogDerivedDataCache: Unable to find inner node Pak for hierarchical cache Hierarchy.
[2019.09.20-14.57.54:260][  0]LogDerivedDataCache: FDerivedDataBackendGraph:  CompressedPak pak cache file D:/Github/GraduationProject/Game/DerivedDataCache/Compressed.ddp not found, will not use a pak cache.
[2019.09.20-14.57.54:260][  0]LogDerivedDataCache: Unable to find inner node CompressedPak for hierarchical cache Hierarchy.
[2019.09.20-14.57.54:271][  0]LogDerivedDataCache: Display: Pak cache opened for reading ../../../Engine/DerivedDataCache/Compressed.ddp.
[2019.09.20-14.57.54:271][  0]LogDerivedDataCache: FDerivedDataBackendGraph:  EnterprisePak pak cache file ../../../Enterprise/DerivedDataCache/Compressed.ddp not found, will not use a pak cache.
[2019.09.20-14.57.54:271][  0]LogDerivedDataCache: Unable to find inner node EnterprisePak for hierarchical cache Hierarchy.
[2019.09.20-14.57.54:273][  0]LogDerivedDataCache: Using Local data cache path C:/Users/blood/AppData/Local/UnrealEngine/Common/DerivedDataCache: Writable
[2019.09.20-14.57.54:273][  0]LogDerivedDataCache: Shared data cache path not found in *engine.ini, will not use an Shared cache.
[2019.09.20-14.57.54:273][  0]LogDerivedDataCache: Unable to find inner node Shared for hierarchical cache Hierarchy.
[2019.09.20-14.57.54:294][  0]LogMaterial: Verifying Global Shaders for PCD3D_SM5
[2019.09.20-14.57.54:297][  0]LogSlate: Using FreeType 2.6.0
[2019.09.20-14.57.54:298][  0]LogSlate: SlateFontServices - WITH_FREETYPE: 1, WITH_HARFBUZZ: 1
[2019.09.20-14.57.54:392][  0]LogAssetRegistry: FAssetRegistry took 0.0029 seconds to start up
[2019.09.20-14.57.54:790][  0]LogInit: Selected Device Profile: [Windows]
[2019.09.20-14.57.54:976][  0]LogMeshReduction: Using QuadricMeshReduction for automatic static mesh reduction
[2019.09.20-14.57.54:976][  0]LogMeshReduction: Using SimplygonMeshReduction for automatic skeletal mesh reduction
[2019.09.20-14.57.54:976][  0]LogMeshReduction: Using ProxyLODMeshReduction for automatic mesh merging
[2019.09.20-14.57.54:976][  0]LogMeshReduction: No distributed automatic mesh merging module available
[2019.09.20-14.57.54:976][  0]LogMeshMerging: No distributed automatic mesh merging module available
[2019.09.20-14.57.54:988][  0]LogNetVersion: Game 1.0.0, NetCL: 8386587, EngineNetVer: 11, GameNetVer: 0 (Checksum: 932843807)
[2019.09.20-14.57.55:454][  0]LogPackageLocalizationCache: Processed 12 localized package path(s) for 1 prioritized culture(s) in 0.048494 seconds
[2019.09.20-14.57.55:462][  0]LogUObjectArray: 43444 objects as part of root set at end of initial load.
[2019.09.20-14.57.55:462][  0]LogUObjectAllocator: 7548648 out of 0 bytes used by permanent object pool.
[2019.09.20-14.57.55:462][  0]LogUObjectArray: CloseDisregardForGC: 0/0 objects in disregard for GC pool
[2019.09.20-14.57.56:844][  0]LogTcpMessaging: Initializing TcpMessaging bridge
[2019.09.20-14.57.56:848][  0]LogUdpMessaging: Initializing bridge on interface 0.0.0.0:0 to multicast group 230.0.0.1:6666.
[2019.09.20-14.57.56:940][  0]SourceControl: Source control is disabled
[2019.09.20-14.57.56:940][  0]SourceControl: Source control is disabled
[2019.09.20-14.57.56:943][  0]SourceControl: Source control is disabled
[2019.09.20-14.57.56:946][  0]SourceControl: Source control is disabled
[2019.09.20-14.57.57:144][  0]LogAndroidPermission: UAndroidPermissionCallbackProxy::GetInstance
[2019.09.20-14.57.58:170][  0]LogOcInput: OculusInput pre-init called
[2019.09.20-14.57.58:182][  0]LogWindows: Failed to load 'OVRPlugin.dll' (GetLastError=126)
[2019.09.20-14.57.58:182][  0]LogWindows: File 'OVRPlugin.dll' does not exist
[2019.09.20-14.57.58:268][  0]LogEngine: Initializing Engine...
[2019.09.20-14.57.58:270][  0]LogHMD: Failed to initialize OpenVR with code 110
[2019.09.20-14.57.58:271][  0]LogStats: UGameplayTagsManager::InitializeManager -  0.000 s
[2019.09.20-14.57.58:518][  0]LogInit: Initializing FReadOnlyCVARCache
[2019.09.20-14.57.58:537][  0]LogAIModule: Creating AISystem for world Untitled
[2019.09.20-14.57.59:073][  0]LogInit: XAudio2 using 'PHL 243S7(2- NVIDIA High Definition Audio)' : 2 channels at 48 kHz using 16 bits per sample (channel mask 0x3)
[2019.09.20-14.57.59:264][  0]LogInit: FAudioDevice initialized.
[2019.09.20-14.57.59:264][  0]LogNetVersion: Set ProjectVersion to 1.0.0.0. Version Checksum will be recalculated on next use.
[2019.09.20-14.57.59:376][  0]LogDerivedDataCache: Saved boot cache 0.11s 73MB C:/Users/blood/AppData/Local/UnrealEngine/4.23/DerivedDataCache/Boot.ddc.
[2019.09.20-14.57.59:384][  0]LogInit: Texture streaming: Enabled
[2019.09.20-14.57.59:415][  0]LogEngineSessionManager: EngineSessionManager initialized
[2019.09.20-14.57.59:470][  0]LogInit: Transaction tracking system initialized
[2019.09.20-14.57.59:519][  0]BlueprintLog: New page: Editor Load
[2019.09.20-14.57.59:631][  0]LocalizationService: Localization service is disabled
[2019.09.20-14.57.59:946][  0]LogFileCache: Scanning file cache for directory 'D:/Github/GraduationProject/Game/Content/' took 0.00s
[2019.09.20-14.57.59:946][  0]LogCook: Display: Max memory allowance for cook 16384mb min free memory 0mb
[2019.09.20-14.57.59:946][  0]LogCook: Display: Mobile HDR setting 1
[2019.09.20-14.58.00:241][  0]SourceControl: Source control is disabled
[2019.09.20-14.58.00:241][  0]Cmd: MAP LOAD FILE="D:/Github/GraduationProject/Game/Content/StarterContent/Maps/Minimal_Default.umap" TEMPLATE=0 SHOWPROGRESS=1 FEATURELEVEL=3
[2019.09.20-14.58.00:241][  0]LightingResults: New page: Lighting Build
[2019.09.20-14.58.00:244][  0]LogWorld: UWorld::CleanupWorld for Untitled, bSessionEnded=true, bCleanupResources=true
[2019.09.20-14.58.00:244][  0]MapCheck: New page: Map Check
[2019.09.20-14.58.00:244][  0]LightingResults: New page: Lighting Build
[2019.09.20-14.58.00:269][  0]LogUObjectHash: Compacting FUObjectHashTables data took   1.66ms
[2019.09.20-14.58.00:438][  0]LogAIModule: Creating AISystem for world Minimal_Default
[2019.09.20-14.58.00:444][  0]LogEditorServer: Finished looking for orphan Actors (0.000 secs)
[2019.09.20-14.58.00:472][  0]LogUObjectHash: Compacting FUObjectHashTables data took   2.17ms
[2019.09.20-14.58.00:472][  0]Cmd: MAP CHECKDEP NOCLEARLOG
[2019.09.20-14.58.00:473][  0]MapCheck: Map check complete: 0 Error(s), 0 Warning(s), took 0.128ms to complete.
[2019.09.20-14.58.00:473][  0]LogFileHelpers: Loading map 'Minimal_Default' took 0.232
[2019.09.20-14.58.00:613][  0]LogSlate: Updating window title bar state: overlay mode, drag disabled, window buttons hidden, title bar hidden
[2019.09.20-14.58.00:619][  0]LogSlate: Updating window title bar state: overlay mode, drag disabled, window buttons hidden, title bar hidden
[2019.09.20-14.58.00:627][  0]LogSlate: Updating window title bar state: overlay mode, drag disabled, window buttons hidden, title bar hidden
[2019.09.20-14.58.00:633][  0]LogSlate: Updating window title bar state: overlay mode, drag disabled, window buttons hidden, title bar hidden
[2019.09.20-14.58.00:642][  0]LogCollectionManager: Loaded 0 collections in 0.002499 seconds
[2019.09.20-14.58.00:649][  0]LogFileCache: Scanning file cache for directory 'D:/Github/GraduationProject/Game/Saved/Collections/' took 0.00s
[2019.09.20-14.58.00:649][  0]LogFileCache: Scanning file cache for directory 'D:/Github/GraduationProject/Game/Content/Developers/blood/Collections/' took 0.00s
[2019.09.20-14.58.00:649][  0]LogFileCache: Scanning file cache for directory 'D:/Github/GraduationProject/Game/Content/Collections/' took 0.00s
[2019.09.20-14.58.00:649][  0]LogCollectionManager: Rebuilt the GUID cache for 0 collections in 0.000001 seconds
[2019.09.20-14.58.00:658][  0]LogContentBrowser: Native class hierarchy populated in 0.0087 seconds. Added 2865 classes and 682 folders.
[2019.09.20-14.58.00:665][  0]LogContentBrowser: Native class hierarchy updated for 'WidgetCarousel' in 0.0004 seconds. Added 0 classes and 0 folders.
[2019.09.20-14.58.00:854][  0]LogContentBrowser: Native class hierarchy updated for 'AddContentDialog' in 0.0005 seconds. Added 0 classes and 0 folders.
[2019.09.20-14.58.00:868][  0]LogContentBrowser: Native class hierarchy updated for 'SceneOutliner' in 0.0005 seconds. Added 1 classes and 2 folders.
[2019.09.20-14.58.00:921][  0]LogSlate: Took 0.000621 seconds to synchronously load lazily loaded font '../../../Engine/Content/Slate/Fonts/Roboto-Regular.ttf' (155K)
[2019.09.20-14.58.00:923][  0]LogSlate: Took 0.000451 seconds to synchronously load lazily loaded font '../../../Engine/Content/Slate/Fonts/Roboto-Bold.ttf' (160K)
[2019.09.20-14.58.00:929][  0]LogSlate: Took 0.001375 seconds to synchronously load lazily loaded font '../../../Engine/Content/Editor/Slate/Fonts/FontAwesome.ttf' (139K)
[2019.09.20-14.58.01:024][  0]LogRenderer: Reallocating scene render targets to support 1208x600 Format 10 NumSamples 1 (Frame:1).
[2019.09.20-14.58.01:194][  0]LogSlate: Took 0.001265 seconds to synchronously load lazily loaded font '../../../Engine/Content/Slate/Fonts/Roboto-Light.ttf' (167K)
[2019.09.20-14.58.01:257][  0]LogContentBrowser: Native class hierarchy updated for 'HierarchicalLODOutliner' in 0.0006 seconds. Added 0 classes and 0 folders.
[2019.09.20-14.58.01:257][  0]LogLoad: (Engine Initialization) Total time: 13.86 seconds
[2019.09.20-14.58.01:257][  0]LogLoad: (Engine Initialization) Total Blueprint compile time: 0.00 seconds
[2019.09.20-14.58.01:320][  0]LogContentStreaming: Texture pool size now 1000 MB
[2019.09.20-14.58.01:370][  1]LogAssetRegistry: Asset discovery search completed in 6.9790 seconds
[2019.09.20-14.58.01:373][  1]LogCollectionManager: Rebuilt the object cache for 0 collections in 0.000004 seconds (found 0 objects)
[2019.09.20-14.58.01:373][  1]LogCollectionManager: Fixed up redirectors for 0 collections in 0.000052 seconds (updated 0 objects)
[2019.09.20-14.58.12:509][204]LogEditorViewport: Clicking on Actor (CTRL LMB): BP_Sky_Sphere_C (BP_Sky_Sphere)
[2019.09.20-14.58.14:368][420]Cmd: DUPLICATE
[2019.09.20-14.58.14:368][420]Cmd: ACTOR DUPLICATE
[2019.09.20-14.58.19:081][971]LogEditorViewport: Clicking on Actor (CTRL LMB): StaticMeshActor (Floor)
[2019.09.20-14.58.20:017][ 61]LogSlate: FSceneViewport::OnFocusLost() reason 5
[2019.09.20-14.58.28:525][  9]LogEditorViewport: Clicking on Actor (LMB): StaticMeshActor (Cube)
[2019.09.20-14.58.32:954][522]LogSlate: FSceneViewport::OnFocusLost() reason 2
[2019.09.20-14.58.50:861][647]LogSlate: FSceneViewport::OnFocusLost() reason 0
[2019.09.20-14.58.50:927][655]LogTemp: Repeating last play command: Selected Viewport
[2019.09.20-14.58.50:937][655]LogBlueprintUserMessages: Early PlayInEditor Detection: Level '/Game/StarterContent/Maps/Minimal_Default.Minimal_Default:PersistentLevel' has LevelScriptBlueprint '/Game/StarterContent/Maps/Minimal_Default.Minimal_Default:PersistentLevel.Minimal_Default' with GeneratedClass '/Game/StarterContent/Maps/Minimal_Default.Minimal_Default_C' with ClassGeneratedBy '/Game/StarterContent/Maps/Minimal_Default.Minimal_Default:PersistentLevel.Minimal_Default'
[2019.09.20-14.58.50:938][655]LogPlayLevel: PlayLevel: No blueprints needed recompiling
[2019.09.20-14.58.50:939][655]PIE: New page: PIE session: Minimal_Default (Sep 21, 2019, 8:58:50 AM)
[2019.09.20-14.58.50:941][655]LogOnline: OSS: Creating online subsystem instance for: NULL
[2019.09.20-14.58.50:943][655]LogPlayLevel: Creating play world package: /Game/StarterContent/Maps/UEDPIE_0_Minimal_Default
[2019.09.20-14.58.50:948][655]LogPlayLevel: PIE: StaticDuplicateObject took: (0.005237s)
[2019.09.20-14.58.50:950][655]LogAIModule: Creating AISystem for world Minimal_Default
[2019.09.20-14.58.50:951][655]LogPlayLevel: PIE: World Init took: (0.002074s)
[2019.09.20-14.58.50:951][655]LogPlayLevel: PIE: Created PIE world by copying editor world from /Game/StarterContent/Maps/Minimal_Default.Minimal_Default to /Game/StarterContent/Maps/UEDPIE_0_Minimal_Default.Minimal_Default (0.007537s)
[2019.09.20-14.58.50:975][655]LogUObjectHash: Compacting FUObjectHashTables data took   1.57ms
[2019.09.20-14.58.51:520][655]LogInit: XAudio2 using 'PHL 243S7(2- NVIDIA High Definition Audio)' : 2 channels at 48 kHz using 16 bits per sample (channel mask 0x3)
[2019.09.20-14.58.51:602][655]LogInit: FAudioDevice initialized.
[2019.09.20-14.58.51:615][655]LogUObjectGlobals: Warning: Failed to find object 'Class /Script/Game.GameGameMode'
[2019.09.20-14.58.51:615][655]LogLoad: Game class is 'GameModeBase'
[2019.09.20-14.58.51:623][655]LogWorld: Bringing World /Game/StarterContent/Maps/UEDPIE_0_Minimal_Default.Minimal_Default up for play (max tick rate 0) at 2019.09.20-23.58.51
[2019.09.20-14.58.51:624][655]LogWorld: Bringing up level for play took: 0.001943
[2019.09.20-14.58.51:625][655]LogOnline: OSS: Creating online subsystem instance for: :Context_3
[2019.09.20-14.58.51:646][655]LogContentBrowser: Native class hierarchy updated for 'MovieSceneCapture' in 0.0007 seconds. Added 20 classes and 0 folders.
[2019.09.20-14.58.51:651][655]PIE: Play in editor start time for /Game/StarterContent/Maps/UEDPIE_0_Minimal_Default 0.271
[2019.09.20-14.58.51:651][655]LogBlueprintUserMessages: Late PlayInEditor Detection: Level '/Game/StarterContent/Maps/Minimal_Default.Minimal_Default:PersistentLevel' has LevelScriptBlueprint '/Game/StarterContent/Maps/Minimal_Default.Minimal_Default:PersistentLevel.Minimal_Default' with GeneratedClass '/Game/StarterContent/Maps/Minimal_Default.Minimal_Default_C' with ClassGeneratedBy '/Game/StarterContent/Maps/Minimal_Default.Minimal_Default:PersistentLevel.Minimal_Default'
[2019.09.20-14.59.00:057][655]LogBlueprintUserMessages: Early EndPlayMap Detection: Level '/Game/StarterContent/Maps/Minimal_Default.Minimal_Default:PersistentLevel' has LevelScriptBlueprint '/Game/StarterContent/Maps/Minimal_Default.Minimal_Default:PersistentLevel.Minimal_Default' with GeneratedClass '/Game/StarterContent/Maps/Minimal_Default.Minimal_Default_C' with ClassGeneratedBy '/Game/StarterContent/Maps/Minimal_Default.Minimal_Default:PersistentLevel.Minimal_Default'
[2019.09.20-14.59.00:058][655]LogSlate: Updating window title bar state: overlay mode, drag disabled, window buttons hidden, title bar hidden
[2019.09.20-14.59.00:058][655]LogWorld: BeginTearingDown for /Game/StarterContent/Maps/UEDPIE_0_Minimal_Default
[2019.09.20-14.59.00:059][655]LogWorld: UWorld::CleanupWorld for Minimal_Default, bSessionEnded=true, bCleanupResources=true
[2019.09.20-14.59.00:066][655]LogPlayLevel: Display: Shutting down PIE online subsystems
[2019.09.20-14.59.00:066][655]LogBlueprintUserMessages: Late EndPlayMap Detection: Level '/Game/StarterContent/Maps/Minimal_Default.Minimal_Default:PersistentLevel' has LevelScriptBlueprint '/Game/StarterContent/Maps/Minimal_Default.Minimal_Default:PersistentLevel.Minimal_Default' with GeneratedClass '/Game/StarterContent/Maps/Minimal_Default.Minimal_Default_C' with ClassGeneratedBy '/Game/StarterContent/Maps/Minimal_Default.Minimal_Default:PersistentLevel.Minimal_Default'
[2019.09.20-14.59.00:091][655]LogSlate: Updating window title bar state: overlay mode, drag disabled, window buttons hidden, title bar hidden
[2019.09.20-14.59.00:094][655]LogUObjectHash: Compacting FUObjectHashTables data took   1.79ms
[2019.09.20-14.59.00:169][657]LogPlayLevel: Display: Destroying online subsystem :Context_3
[2019.09.20-14.59.02:899][956]LogEditorViewport: Clicking on Actor (LMB): StaticMeshActor (Cube)
[2019.09.20-14.59.03:678][ 26]LogEditorViewport: Clicking on Actor (LMB): StaticMeshActor (Cube)
[2019.09.20-14.59.08:396][574]LogSlate: FSceneViewport::OnFocusLost() reason 0
[2019.09.20-14.59.11:209][906]LogEditorViewport: Clicking on Actor (LMB): StaticMeshActor (Cube)
[2019.09.20-14.59.22:396][179]LogEditorViewport: Clicking on Actor (LMB): StaticMeshActor (Cube)
[2019.09.20-14.59.22:933][226]LogEditorViewport: Clicking on Actor (LMB): StaticMeshActor (Cube)
[2019.09.20-14.59.24:035][335]LogSlate: Took 0.000453 seconds to synchronously load lazily loaded font '../../../Engine/Content/Slate/Fonts/Roboto-Italic.ttf' (157K)
[2019.09.20-14.59.24:341][369]LogSlate: FSceneViewport::OnFocusLost() reason 0
[2019.09.20-14.59.43:581][371]LogSlate: Took 0.000337 seconds to synchronously load lazily loaded font '../../../Engine/Content/Slate/Fonts/Roboto-Light.ttf' (167K)
[2019.09.20-14.59.43:585][371]LogSlate: FSceneViewport::OnFocusLost() reason 5
[2019.09.20-14.59.43:618][371]LogUObjectHash: Compacting FUObjectHashTables data took   0.61ms
[2019.09.20-14.59.43:734][371]LogSavePackage: Moving 'D:/Github/GraduationProject/Game/Saved/Minimal_Default255925B747E01ED40CAA94992E561B3C.tmp' to 'D:/Github/GraduationProject/Game/Content/StarterContent/Maps/Minimal_Default.umap'
[2019.09.20-14.59.43:752][371]Cmd: OBJ SAVEPACKAGE PACKAGE="/Game/StarterContent/Maps/Minimal_Default_BuiltData" FILE="D:/Github/GraduationProject/Game/Content/StarterContent/Maps/Minimal_Default_BuiltData.uasset" SILENT=true
[2019.09.20-14.59.43:775][371]LogSavePackage: Moving 'D:/Github/GraduationProject/Game/Saved/Minimal_Default_BuiltData82143F2B41A71C5283EDBBA67158C1E0.tmp' to 'D:/Github/GraduationProject/Game/Content/StarterContent/Maps/Minimal_Default_BuiltData.uasset'
[2019.09.20-14.59.51:120][615]LogSlate: FSceneViewport::OnFocusLost() reason 5
[2019.09.20-14.59.52:137][723]LogSlate: FSceneViewport::OnFocusLost() reason 5
[2019.09.20-14.59.52:170][723]LogSlate: FSceneViewport::OnFocusLost() reason 5
[2019.09.20-14.59.52:186][723]LogSlate: Took 0.001688 seconds to synchronously load lazily loaded font '../../../Engine/Content/Slate/Fonts/Roboto-BoldCondensed.ttf' (158K)
[2019.09.20-15.01.25:317][322]Running H:/Program Files (x86)/UE_4.23/Engine/Binaries/DotNET/UnrealBuildTool.exe  -projectfiles -project="D:/Github/GraduationProject/Game/Game.uproject" -game -rocket -progress
[2019.09.20-15.01.25:930][322]Discovering modules, targets and source code for project...
[2019.09.20-15.01.28:251][322]Binding IntelliSense data...
[2019.09.20-15.01.30:578][322]Binding IntelliSense data... 100%
[2019.09.20-15.01.30:578][322]Writing project files...
[2019.09.20-15.01.35:422][322]Writing project files... 100%
[2019.09.20-15.01.35:538][322]LogVSAccessor: Warning: Couldn't access Visual Studio
[2019.09.20-15.01.35:543][322]Candidate modules for hot reload:
[2019.09.20-15.01.35:543][322]  Game
[2019.09.20-15.01.35:543][322]Launching UnrealBuildTool... [H:/Program Files (x86)/UE_4.23/Engine/Binaries/DotNET/UnrealBuildTool.exe  -ModuleWithSuffix=Game,5464 Win64 Development -TargetType=Editor -Project="D:/Github/GraduationProject/Game/Game.uproject" "D:/Github/GraduationProject/Game/Game.uproject"  -IgnoreJunk]
[2019.09.20-15.01.50:220][322]CompilerResultsLog: New page: Compilation - Sep 21, 2019, 9:01:50 AM
[2019.09.20-15.01.50:220][322]CompilerResultsLog: Using 'git status' to determine working set for adaptive non-unity build (D:\Github\GraduationProject).
[2019.09.20-15.01.50:220][322]CompilerResultsLog: Creating makefile for GameEditor (no existing makefile)
[2019.09.20-15.01.50:220][322]CompilerResultsLog: Parsing headers for GameEditor
[2019.09.20-15.01.50:220][322]CompilerResultsLog:   Running UnrealHeaderTool "D:\Github\GraduationProject\Game\Game.uproject" "D:\Github\GraduationProject\Game\Intermediate\Build\Win64\GameEditor\Development\GameEditor.uhtmanifest" -LogCmds="loginit warning, logexit warning, logdatabase error" -Unattended -WarningsAsErrors -installed
[2019.09.20-15.01.50:220][322]CompilerResultsLog: Reflection code generated for GameEditor in 9.5100779 seconds
[2019.09.20-15.01.50:220][322]CompilerResultsLog: Using Visual Studio 2017 14.16.27023 toolchain (C:\Program Files (x86)\Microsoft Visual Studio\2017\Community\VC\Tools\MSVC\14.16.27023) and Windows 10.0.16299.0 SDK (C:\Program Files (x86)\Windows Kits\10).
[2019.09.20-15.01.50:220][322]CompilerResultsLog: Building 8 actions with 8 processes...
[2019.09.20-15.01.50:220][322]CompilerResultsLog:   [1/8] CameraDirector.cpp
[2019.09.20-15.01.50:220][322]CompilerResultsLog:   [2/8] Pioneer.cpp
[2019.09.20-15.01.50:220][322]CompilerResultsLog:   [3/8] Game.init.gen.cpp
[2019.09.20-15.01.50:220][322]CompilerResultsLog:   [4/8] CameraDirector.gen.cpp
[2019.09.20-15.01.50:220][322]CompilerResultsLog:   [5/8] Pioneer.gen.cpp
[2019.09.20-15.01.50:220][322]CompilerResultsLog:   [6/8] UE4Editor-Game-5464.lib
[2019.09.20-15.01.50:220][322]CompilerResultsLog:      D:\Github\GraduationProject\Game\Intermediate\Build\Win64\UE4Editor\Development\Game\UE4Editor-Game-5464.lib ???̺귯?? ?? D:\Github\GraduationProject\Game\Intermediate\Build\Win64\UE4Editor\Development\Game\UE4Editor-Game-5464.exp ??ü?? ?????ϰ? ?ֽ??ϴ?.
[2019.09.20-15.01.50:220][322]CompilerResultsLog:   [7/8] UE4Editor-Game-5464.dll
[2019.09.20-15.01.50:220][322]CompilerResultsLog:      D:\Github\GraduationProject\Game\Intermediate\Build\Win64\UE4Editor\Development\Game\UE4Editor-Game-5464.suppressed.lib ???̺귯?? ?? D:\Github\GraduationProject\Game\Intermediate\Build\Win64\UE4Editor\Development\Game\UE4Editor-Game-5464.suppressed.exp ??ü?? ?????ϰ? ?ֽ??ϴ?.
[2019.09.20-15.01.50:220][322]CompilerResultsLog:   [8/8] GameEditor.target
[2019.09.20-15.01.50:220][322]CompilerResultsLog: Total time in Parallel executor: 2.61 seconds
[2019.09.20-15.01.50:220][322]CompilerResultsLog: Total execution time: 14.53 seconds
[2019.09.20-15.01.50:220][322]LogMainFrame: MainFrame: Module compiling took 14.683 seconds
[2019.09.20-15.01.50:245][322]LogUObjectHash: Compacting FUObjectHashTables data took   1.94ms
[2019.09.20-15.01.50:267][322]LogClass: Could not find existing class CameraDirector in package /Script/Game for HotReload, assuming new class
[2019.09.20-15.01.50:273][322]LogContentBrowser: Native class hierarchy updated for 'Game' in 0.0005 seconds. Added 3 classes and 2 folders.
[2019.09.20-15.01.50:276][322]Display: HotReload successful (0 functions remapped  0 scriptstructs remapped)
[2019.09.20-15.01.50:334][322]LogUObjectHash: Compacting FUObjectHashTables data took   1.27ms
[2019.09.20-15.01.50:347][322]LogContentBrowser: Native class hierarchy populated in 0.0081 seconds. Added 2867 classes and 684 folders.
[2019.09.20-15.01.50:347][322]Display: HotReload took 14.8s.
[2019.09.20-15.01.50:348][322]Warning: HotReload operation took 14.8s.
[2019.09.20-15.01.50:375][322]LogSlate: Window 'Add C++ Class' being destroyed
[2019.09.20-15.01.50:386][322]LogHotReload: New module detected: UE4Editor-Game-5464.dll
[2019.09.20-15.01.50:430][323]LogHotReload: Starting Hot-Reload from IDE
[2019.09.20-15.01.50:496][323]LogUObjectHash: Compacting FUObjectHashTables data took   0.65ms
[2019.09.20-15.01.50:499][323]LogContentBrowser: Native class hierarchy updated for 'Game' in 0.0008 seconds. Added 3 classes and 2 folders.
[2019.09.20-15.01.50:503][323]Display: HotReload successful (0 functions remapped  0 scriptstructs remapped)
[2019.09.20-15.01.50:525][323]LogUObjectHash: Compacting FUObjectHashTables data took   0.63ms
[2019.09.20-15.01.50:540][323]LogContentBrowser: Native class hierarchy populated in 0.0102 seconds. Added 2867 classes and 684 folders.
[2019.09.20-15.01.50:543][323]Display: HotReload took  0.1s.
[2019.09.20-15.03.48:265][612]Candidate modules for hot reload:
[2019.09.20-15.03.48:265][612]  Game
[2019.09.20-15.03.48:266][612]Launching UnrealBuildTool... [H:/Program Files (x86)/UE_4.23/Engine/Binaries/DotNET/UnrealBuildTool.exe  -ModuleWithSuffix=Game,4496 Win64 Development -TargetType=Editor -Project="D:/Github/GraduationProject/Game/Game.uproject" "D:/Github/GraduationProject/Game/Game.uproject"  -IgnoreJunk]
[2019.09.20-15.03.48:274][612]Warning: Starting HotReload took  0.1s.
[2019.09.20-15.04.06:447][646]CompilerResultsLog: New page: Compilation - Sep 21, 2019, 9:04:06 AM
[2019.09.20-15.04.06:447][646]CompilerResultsLog: Using 'git status' to determine working set for adaptive non-unity build (D:\Github\GraduationProject).
[2019.09.20-15.04.06:447][646]CompilerResultsLog: Parsing headers for GameEditor
[2019.09.20-15.04.06:447][646]CompilerResultsLog:   Running UnrealHeaderTool "D:\Github\GraduationProject\Game\Game.uproject" "D:\Github\GraduationProject\Game\Intermediate\Build\Win64\GameEditor\Development\GameEditor.uhtmanifest" -LogCmds="loginit warning, logexit warning, logdatabase error" -Unattended -WarningsAsErrors -installed
[2019.09.20-15.04.06:447][646]CompilerResultsLog: Reflection code generated for GameEditor in 11.1034422 seconds
[2019.09.20-15.04.06:447][646]CompilerResultsLog: Using Visual Studio 2017 14.16.27023 toolchain (C:\Program Files (x86)\Microsoft Visual Studio\2017\Community\VC\Tools\MSVC\14.16.27023) and Windows 10.0.16299.0 SDK (C:\Program Files (x86)\Windows Kits\10).
[2019.09.20-15.04.06:448][646]CompilerResultsLog: Building 6 actions with 8 processes...
[2019.09.20-15.04.06:448][646]CompilerResultsLog:   [1/6] Game.init.gen.cpp
[2019.09.20-15.04.06:448][646]CompilerResultsLog:   [2/6] CameraDirector.gen.cpp
[2019.09.20-15.04.06:448][646]CompilerResultsLog:   [3/6] CameraDirector.cpp
[2019.09.20-15.04.06:448][646]CompilerResultsLog:   [4/6] UE4Editor-Game-4496.lib
[2019.09.20-15.04.06:448][646]CompilerResultsLog:      D:\Github\GraduationProject\Game\Intermediate\Build\Win64\UE4Editor\Development\Game\UE4Editor-Game-4496.lib ???̺귯?? ?? D:\Github\GraduationProject\Game\Intermediate\Build\Win64\UE4Editor\Development\Game\UE4Editor-Game-4496.exp ??ü?? ?????ϰ? ?ֽ??ϴ?.
[2019.09.20-15.04.06:448][646]CompilerResultsLog:   [5/6] UE4Editor-Game-4496.dll
[2019.09.20-15.04.06:448][646]CompilerResultsLog:      D:\Github\GraduationProject\Game\Intermediate\Build\Win64\UE4Editor\Development\Game\UE4Editor-Game-4496.suppressed.lib ???̺귯?? ?? D:\Github\GraduationProject\Game\Intermediate\Build\Win64\UE4Editor\Development\Game\UE4Editor-Game-4496.suppressed.exp ??ü?? ?????ϰ? ?ֽ??ϴ?.
[2019.09.20-15.04.06:448][646]CompilerResultsLog:   [6/6] GameEditor.target
[2019.09.20-15.04.06:448][646]CompilerResultsLog: Total time in Parallel executor: 4.82 seconds
[2019.09.20-15.04.06:448][646]CompilerResultsLog: Total execution time: 17.86 seconds
[2019.09.20-15.04.06:448][646]LogMainFrame: MainFrame: Module compiling took 18.188 seconds
[2019.09.20-15.04.06:469][646]LogUObjectHash: Compacting FUObjectHashTables data took   0.87ms
[2019.09.20-15.04.06:491][646]LogClass: Could not find existing class CameraDirector in package /Script/Game for HotReload, assuming new class
[2019.09.20-15.04.06:496][646]LogHotReload: Re-instancing CameraDirector after hot-reload.
[2019.09.20-15.04.06:576][646]LogContentBrowser: Native class hierarchy updated for 'Game' in 0.0006 seconds. Added 3 classes and 2 folders.
[2019.09.20-15.04.06:578][646]Display: HotReload successful (0 functions remapped  0 scriptstructs remapped)
[2019.09.20-15.04.06:635][646]LogUObjectHash: Compacting FUObjectHashTables data took   1.37ms
[2019.09.20-15.04.06:648][646]LogContentBrowser: Native class hierarchy populated in 0.0084 seconds. Added 2867 classes and 684 folders.
[2019.09.20-15.04.06:648][646]Display: HotReload took 18.4s.
[2019.09.20-15.04.09:972][ 31]LogEditor: Attempting to add actor of class 'CameraDirector' to level at -220.00,300.00,-100.00
[2019.09.20-15.04.10:509][ 93]LogEditor: Attempting to add actor of class 'CameraDirector' to level at 80.00,80.00,30.00
[2019.09.20-15.04.17:713][921]LogSlate: FSceneViewport::OnFocusLost() reason 0
[2019.09.20-15.04.38:473][383]LogSlate: FSceneViewport::OnFocusLost() reason 0
[2019.09.20-15.04.38:842][424]LogEditor: Attempting to add actor of class 'Pioneer' to level at -130.00,60.00,8.00
[2019.09.20-15.04.41:055][683]LogEditor: Attempting to add actor of class 'Pioneer' to level at -20.00,0.00,98.00
[2019.09.20-15.04.50:544][794]LogSlate: FSceneViewport::OnFocusLost() reason 0
[2019.09.20-15.04.51:348][890]Cmd: DELETE
[2019.09.20-15.04.51:348][890]Cmd: ACTOR DELETE
[2019.09.20-15.04.51:350][890]LogEditorActor: Deleted Actor: Pioneer
[2019.09.20-15.04.51:372][890]LogUObjectHash: Compacting FUObjectHashTables data took   1.74ms
[2019.09.20-15.04.51:373][890]LogEditorActor: Deleted 1 Actors (0.024 secs)
[2019.09.20-15.06.42:304][824]LogEditorViewport: Clicking on Actor (LMB): BP_Sky_Sphere_C (BP_Sky_Sphere)
[2019.09.20-15.06.43:122][901]LogEditorViewport: Clicking on Actor (LMB): CameraActor (CameraActor)
[2019.09.20-15.06.47:062][354]LogSlate: FSceneViewport::OnFocusLost() reason 0
[2019.09.20-15.07.29:297][335]LogSlate: FSceneViewport::OnFocusLost() reason 0
[2019.09.20-15.07.29:346][341]LogTemp: Repeating last play command: Selected Viewport
[2019.09.20-15.07.29:357][341]LogBlueprintUserMessages: Early PlayInEditor Detection: Level '/Game/StarterContent/Maps/Minimal_Default.Minimal_Default:PersistentLevel' has LevelScriptBlueprint '/Game/StarterContent/Maps/Minimal_Default.Minimal_Default:PersistentLevel.Minimal_Default' with GeneratedClass '/Game/StarterContent/Maps/Minimal_Default.Minimal_Default_C' with ClassGeneratedBy '/Game/StarterContent/Maps/Minimal_Default.Minimal_Default:PersistentLevel.Minimal_Default'
[2019.09.20-15.07.29:357][341]LogPlayLevel: PlayLevel: No blueprints needed recompiling
[2019.09.20-15.07.29:357][341]PIE: New page: PIE session: Minimal_Default (Sep 21, 2019, 9:07:29 AM)
[2019.09.20-15.07.29:357][341]LogPlayLevel: Creating play world package: /Game/StarterContent/Maps/UEDPIE_0_Minimal_Default
[2019.09.20-15.07.29:362][341]LogPlayLevel: PIE: StaticDuplicateObject took: (0.004739s)
[2019.09.20-15.07.29:363][341]LogAIModule: Creating AISystem for world Minimal_Default
[2019.09.20-15.07.29:363][341]LogPlayLevel: PIE: World Init took: (0.001162s)
[2019.09.20-15.07.29:363][341]LogPlayLevel: PIE: Created PIE world by copying editor world from /Game/StarterContent/Maps/Minimal_Default.Minimal_Default to /Game/StarterContent/Maps/UEDPIE_0_Minimal_Default.Minimal_Default (0.006020s)
[2019.09.20-15.07.29:390][341]LogUObjectHash: Compacting FUObjectHashTables data took   1.83ms
[2019.09.20-15.07.29:931][341]LogInit: XAudio2 using 'PHL 243S7(2- NVIDIA High Definition Audio)' : 2 channels at 48 kHz using 16 bits per sample (channel mask 0x3)
[2019.09.20-15.07.30:010][341]LogInit: FAudioDevice initialized.
[2019.09.20-15.07.30:021][341]LogLoad: Game class is 'GameModeBase'
[2019.09.20-15.07.30:022][341]LogWorld: Bringing World /Game/StarterContent/Maps/UEDPIE_0_Minimal_Default.Minimal_Default up for play (max tick rate 0) at 2019.09.21-00.07.30
[2019.09.20-15.07.30:023][341]LogWorld: Bringing up level for play took: 0.000822
[2019.09.20-15.07.30:023][341]LogOnline: OSS: Creating online subsystem instance for: :Context_4
[2019.09.20-15.07.30:026][341]PIE: Play in editor start time for /Game/StarterContent/Maps/UEDPIE_0_Minimal_Default 0.647
[2019.09.20-15.07.30:026][341]LogBlueprintUserMessages: Late PlayInEditor Detection: Level '/Game/StarterContent/Maps/Minimal_Default.Minimal_Default:PersistentLevel' has LevelScriptBlueprint '/Game/StarterContent/Maps/Minimal_Default.Minimal_Default:PersistentLevel.Minimal_Default' with GeneratedClass '/Game/StarterContent/Maps/Minimal_Default.Minimal_Default_C' with ClassGeneratedBy '/Game/StarterContent/Maps/Minimal_Default.Minimal_Default:PersistentLevel.Minimal_Default'
[2019.09.20-15.07.46:305][288]LogBlueprintUserMessages: Early EndPlayMap Detection: Level '/Game/StarterContent/Maps/Minimal_Default.Minimal_Default:PersistentLevel' has LevelScriptBlueprint '/Game/StarterContent/Maps/Minimal_Default.Minimal_Default:PersistentLevel.Minimal_Default' with GeneratedClass '/Game/StarterContent/Maps/Minimal_Default.Minimal_Default_C' with ClassGeneratedBy '/Game/StarterContent/Maps/Minimal_Default.Minimal_Default:PersistentLevel.Minimal_Default'
[2019.09.20-15.07.46:305][288]LogSlate: Updating window title bar state: overlay mode, drag disabled, window buttons hidden, title bar hidden
[2019.09.20-15.07.46:305][288]LogWorld: BeginTearingDown for /Game/StarterContent/Maps/UEDPIE_0_Minimal_Default
[2019.09.20-15.07.46:305][288]LogWorld: UWorld::CleanupWorld for Minimal_Default, bSessionEnded=true, bCleanupResources=true
[2019.09.20-15.07.46:317][288]LogPlayLevel: Display: Shutting down PIE online subsystems
[2019.09.20-15.07.46:317][288]LogBlueprintUserMessages: Late EndPlayMap Detection: Level '/Game/StarterContent/Maps/Minimal_Default.Minimal_Default:PersistentLevel' has LevelScriptBlueprint '/Game/StarterContent/Maps/Minimal_Default.Minimal_Default:PersistentLevel.Minimal_Default' with GeneratedClass '/Game/StarterContent/Maps/Minimal_Default.Minimal_Default_C' with ClassGeneratedBy '/Game/StarterContent/Maps/Minimal_Default.Minimal_Default:PersistentLevel.Minimal_Default'
[2019.09.20-15.07.46:350][288]LogSlate: Updating window title bar state: overlay mode, drag disabled, window buttons hidden, title bar hidden
[2019.09.20-15.07.46:352][288]LogUObjectHash: Compacting FUObjectHashTables data took   1.59ms
[2019.09.20-15.07.46:426][290]LogPlayLevel: Display: Destroying online subsystem :Context_4
[2019.09.20-15.07.50:596][776]LogSlate: FSceneViewport::OnFocusLost() reason 5
[2019.09.20-15.07.50:627][776]LogUObjectHash: Compacting FUObjectHashTables data took   0.69ms
[2019.09.20-15.07.50:756][776]LogSavePackage: Moving 'D:/Github/GraduationProject/Game/Saved/Minimal_Default5B4A06404AFCCCDF4CBC52A84B9F7242.tmp' to 'D:/Github/GraduationProject/Game/Content/StarterContent/Maps/Minimal_Default.umap'
[2019.09.20-15.07.50:782][776]Cmd: OBJ SAVEPACKAGE PACKAGE="/Game/StarterContent/Maps/Minimal_Default_BuiltData" FILE="D:/Github/GraduationProject/Game/Content/StarterContent/Maps/Minimal_Default_BuiltData.uasset" SILENT=true
[2019.09.20-15.07.50:802][776]LogSavePackage: Moving 'D:/Github/GraduationProject/Game/Saved/Minimal_Default_BuiltData56A6345B441C33EEFC66DD8C4AC0F5E8.tmp' to 'D:/Github/GraduationProject/Game/Content/StarterContent/Maps/Minimal_Default_BuiltData.uasset'
[2019.09.20-15.08.01:707][572]LogHttp: Warning: 000001F1D29160C0: invalid HTTP response code received. URL: https://datarouter.ol.epicgames.com/datarouter/api/v1/public/data?SessionID=%7B3CC02546-4993-F075-C72D-FBB4AA7F558C%7D&AppID=UEEditor.Rocket.Release&AppVersion=4.23.0-8386587%2B%2B%2BUE4%2BRelease-4.23&UserID=11e51322467625113c522389c8a0a9a0%7C29ac304ff05144fa9fad19b61281ea9f%7C1e95b85e-2cfe-478e-bd34-2d599447ce92&AppEnvironment=datacollector-binary&UploadType=eteventstream, HTTP code: 0, content length: -1, actual payload size: 0
[2019.09.20-15.08.01:707][572]LogHttp: Warning: 000001F1D29160C0: request failed, libcurl error: 0 (No error)
[2019.09.20-15.08.01:707][572]LogHttp: Warning: 000001F1D29160C0: libcurl info message cache 0 (Found bundle for host datarouter.ol.epicgames.com: 0x1f18524bf70 [can pipeline])
[2019.09.20-15.08.01:707][572]LogHttp: Warning: 000001F1D29160C0: libcurl info message cache 1 (Re-using existing connection! (#3) with host datarouter.ol.epicgames.com)
[2019.09.20-15.08.01:707][572]LogHttp: Warning: 000001F1D29160C0: libcurl info message cache 2 (Connected to datarouter.ol.epicgames.com (107.21.3.123) port 443 (#3))
[2019.09.20-15.08.01:707][572]LogHttp: Warning: 000001F1D29160C0: libcurl info message cache 3 (We are completely uploaded and fine)
[2019.09.20-15.08.01:707][572]LogHttp: Warning: 000001F1D29160C0: libcurl info message cache 4 (TLSv1.2 (IN), TLS alert, Client hello (1):)
[2019.09.20-15.08.01:707][572]LogHttp: Warning: 000001F1D29160C0: libcurl info message cache 5 (Connection died, retrying a fresh connect)
[2019.09.20-15.08.01:707][572]LogHttp: Warning: 000001F1D29160C0: libcurl info message cache 6 (necessary data rewind wasn't possible)
[2019.09.20-15.08.01:707][572]LogHttp: Warning: 000001F1D29160C0: libcurl info message cache 7 (Closing connection 3)
[2019.09.20-15.08.01:707][572]LogHttp: Warning: 000001F1D29160C0: libcurl info message cache 8 (TLSv1.2 (OUT), TLS alert, Client hello (1):)
[2019.09.20-15.08.01:707][572]LogHttp: Warning: Retry exhausted on https://datarouter.ol.epicgames.com/datarouter/api/v1/public/data?SessionID=%7B3CC02546-4993-F075-C72D-FBB4AA7F558C%7D&AppID=UEEditor.Rocket.Release&AppVersion=4.23.0-8386587%2B%2B%2BUE4%2BRelease-4.23&UserID=11e51322467625113c522389c8a0a9a0%7C29ac304ff05144fa9fad19b61281ea9f%7C1e95b85e-2cfe-478e-bd34-2d599447ce92&AppEnvironment=datacollector-binary&UploadType=eteventstream
