Log file open, 09/29/19 11:48:56
LogWindows: Failed to load 'aqProf.dll' (GetLastError=126)
LogWindows: File 'aqProf.dll' does not exist
LogWindows: Failed to load 'VtuneApi.dll' (GetLastError=126)
LogWindows: File 'VtuneApi.dll' does not exist
LogWindows: Failed to load 'VtuneApi32e.dll' (GetLastError=126)
LogWindows: File 'VtuneApi32e.dll' does not exist
LogConsoleResponse: Display: Failed to find resolution value strings in scalability ini. Falling back to default.
LogInit: Display: Running engine for game: Game
LogPlatformFile: Not using cached read wrapper
LogTaskGraph: Started task graph with 5 named threads and 23 total threads with 3 sets of task threads.
LogStats: Stats thread started at 0.084454
LogD3D11RHI: Loaded GFSDK_Aftermath_Lib.x64.dll
LogICUInternationalization: ICU TimeZone Detection - Raw Offset: +9:00, Platform Override: ''
LogPluginManager: Mounting plugin Paper2D
LogPluginManager: Mounting plugin AISupport
LogPluginManager: Mounting plugin LightPropagationVolume
LogPluginManager: Mounting plugin ActorLayerUtilities
LogPluginManager: Mounting plugin AnimationSharing
LogPluginManager: Mounting plugin CLionSourceCodeAccess
LogPluginManager: Mounting plugin CodeLiteSourceCodeAccess
LogPluginManager: Mounting plugin GitSourceControl
LogPluginManager: Mounting plugin KDevelopSourceCodeAccess
LogPluginManager: Mounting plugin NullSourceCodeAccess
LogPluginManager: Mounting plugin PerforceSourceControl
LogPluginManager: Mounting plugin SubversionSourceControl
LogPluginManager: Mounting plugin UObjectPlugin
LogPluginManager: Mounting plugin VisualStudioCodeSourceCodeAccess
LogPluginManager: Mounting plugin VisualStudioSourceCodeAccess
LogPluginManager: Mounting plugin XCodeSourceCodeAccess
LogPluginManager: Mounting plugin AssetManagerEditor
LogPluginManager: Mounting plugin CryptoKeys
LogPluginManager: Mounting plugin CurveEditorTools
LogPluginManager: Mounting plugin DataValidation
LogPluginManager: Mounting plugin FacialAnimation
LogPluginManager: Mounting plugin GameplayTagsEditor
LogPluginManager: Mounting plugin MacGraphicsSwitching
LogPluginManager: Mounting plugin MaterialAnalyzer
LogPluginManager: Mounting plugin MobileLauncherProfileWizard
LogPluginManager: Mounting plugin PluginBrowser
LogPluginManager: Mounting plugin SpeedTreeImporter
LogPluginManager: Mounting plugin DatasmithContent
LogPluginManager: Mounting plugin VariantManagerContent
LogPluginManager: Mounting plugin AlembicImporter
LogPluginManager: Mounting plugin AutomationUtils
LogPluginManager: Mounting plugin BackChannel
LogPluginManager: Mounting plugin CharacterAI
LogPluginManager: Mounting plugin GeometryCache
LogPluginManager: Mounting plugin HTML5Networking
LogPluginManager: Mounting plugin PlatformCrypto
LogPluginManager: Mounting plugin ProxyLODPlugin
LogPluginManager: Mounting plugin SkeletalReduction
LogPluginManager: Mounting plugin MagicLeap
LogPluginManager: Mounting plugin MagicLeapMedia
LogPluginManager: Mounting plugin AndroidMedia
LogPluginManager: Mounting plugin AvfMedia
LogPluginManager: Mounting plugin ImgMedia
LogPluginManager: Mounting plugin MediaCompositing
LogPluginManager: Mounting plugin MediaPlayerEditor
LogPluginManager: Mounting plugin WebMMedia
LogPluginManager: Mounting plugin WmfMedia
LogPluginManager: Mounting plugin TcpMessaging
LogPluginManager: Mounting plugin UdpMessaging
LogPluginManager: Mounting plugin ActorSequence
LogPluginManager: Mounting plugin LevelSequenceEditor
LogPluginManager: Mounting plugin MatineeToLevelSequence
LogPluginManager: Mounting plugin NetcodeUnitTest
LogPluginManager: Mounting plugin NUTUnrealEngine4
LogPluginManager: Mounting plugin OnlineSubsystemGooglePlay
LogPluginManager: Mounting plugin OnlineSubsystemIOS
LogPluginManager: Mounting plugin OnlineSubsystem
LogPluginManager: Mounting plugin OnlineSubsystemNull
LogPluginManager: Mounting plugin OnlineSubsystemUtils
LogPluginManager: Mounting plugin LauncherChunkInstaller
LogPluginManager: Mounting plugin AndroidDeviceProfileSelector
LogPluginManager: Mounting plugin AndroidMoviePlayer
LogPluginManager: Mounting plugin AndroidPermission
LogPluginManager: Mounting plugin AppleImageUtils
LogPluginManager: Mounting plugin AppleMoviePlayer
LogPluginManager: Mounting plugin ArchVisCharacter
LogPluginManager: Mounting plugin AudioCapture
LogPluginManager: Mounting plugin CableComponent
LogPluginManager: Mounting plugin CustomMeshComponent
LogPluginManager: Mounting plugin EditableMesh
LogPluginManager: Mounting plugin ExampleDeviceProfileSelector
LogPluginManager: Mounting plugin GoogleCloudMessaging
LogPluginManager: Mounting plugin IOSDeviceProfileSelector
LogPluginManager: Mounting plugin LinuxDeviceProfileSelector
LogPluginManager: Mounting plugin LocationServicesBPLibrary
LogPluginManager: Mounting plugin MobilePatchingUtils
LogPluginManager: Mounting plugin OculusVR
LogPluginManager: Mounting plugin PhysXVehicles
LogPluginManager: Mounting plugin ProceduralMeshComponent
LogPluginManager: Mounting plugin RuntimePhysXCooking
LogPluginManager: Mounting plugin SignificanceManager
LogPluginManager: Mounting plugin SteamVR
LogPluginManager: Mounting plugin WebMMoviePlayer
LogPluginManager: Mounting plugin WindowsMoviePlayer
LogPluginManager: Mounting plugin ScreenshotTools
LogInit: Using libcurl 7.55.1-DEV
LogInit:  - built for x86_64-pc-win32
LogInit:  - supports SSL with OpenSSL/1.1.1
LogInit:  - supports HTTP deflate (compression) using libz 1.2.8
LogInit:  - other features:
LogInit:      CURL_VERSION_SSL
LogInit:      CURL_VERSION_LIBZ
LogInit:      CURL_VERSION_IPV6
LogInit:      CURL_VERSION_ASYNCHDNS
LogInit:      CURL_VERSION_LARGEFILE
LogInit:      CURL_VERSION_IDN
LogInit:  CurlRequestOptions (configurable via config and command line):
LogInit:  - bVerifyPeer = true  - Libcurl will verify peer certificate
LogInit:  - bUseHttpProxy = false  - Libcurl will NOT use HTTP proxy
LogInit:  - bDontReuseConnections = false  - Libcurl will reuse connections
LogInit:  - MaxHostConnections = 16  - Libcurl will limit the number of connections to a host
LogInit:  - LocalHostAddr = Default
LogInit:  - BufferSize = 65536
LogOnline: OSS: Creating online subsystem instance for: NULL
LogInit: WinSock: version 1.1 (2.2), MaxSocks=32767, MaxUdp=65467
LogInit: Build: ++UE4+Release-4.23-CL-8386587
LogInit: Engine Version: 4.23.0-8386587+++UE4+Release-4.23
LogInit: Compatible Engine Version: 4.23.0-8386587+++UE4+Release-4.23
LogInit: Net CL: 8386587
LogInit: OS: Windows 10 (Release 1809) (), CPU: Intel(R) Core(TM) i7-4770 CPU @ 3.40GHz, GPU: NVIDIA GeForce GTX 760
LogInit: Compiled (64-bit): Aug 31 2019 02:04:44
LogInit: Compiled with Visual C++: 19.16.27030.01
LogInit: Build Configuration: Development
LogInit: Branch Name: ++UE4+Release-4.23
LogInit: Command Line: 
LogInit: Base Directory: H:/Program Files (x86)/UE_4.23/Engine/Binaries/Win64/
LogInit: Installed Engine Build: 1
LogDevObjectVersion: Number of dev versions registered: 23
LogDevObjectVersion:   Dev-Blueprints (B0D832E4-1F89-4F0D-ACCF-7EB736FD4AA2): 10
LogDevObjectVersion:   Dev-Build (E1C64328-A22C-4D53-A36C-8E866417BD8C): 0
LogDevObjectVersion:   Dev-Core (375EC13C-06E4-48FB-B500-84F0262A717E): 3
LogDevObjectVersion:   Dev-Editor (E4B068ED-F494-42E9-A231-DA0B2E46BB41): 34
LogDevObjectVersion:   Dev-Framework (CFFC743F-43B0-4480-9391-14DF171D2073): 35
LogDevObjectVersion:   Dev-Mobile (B02B49B5-BB20-44E9-A304-32B752E40360): 2
LogDevObjectVersion:   Dev-Networking (A4E4105C-59A1-49B5-A7C5-40C4547EDFEE): 0
LogDevObjectVersion:   Dev-Online (39C831C9-5AE6-47DC-9A44-9C173E1C8E7C): 0
LogDevObjectVersion:   Dev-Physics (78F01B33-EBEA-4F98-B9B4-84EACCB95AA2): 0
LogDevObjectVersion:   Dev-Platform (6631380F-2D4D-43E0-8009-CF276956A95A): 0
LogDevObjectVersion:   Dev-Rendering (12F88B9F-8875-4AFC-A67C-D90C383ABD29): 31
LogDevObjectVersion:   Dev-Sequencer (7B5AE74C-D270-4C10-A958-57980B212A5A): 11
LogDevObjectVersion:   Dev-VR (D7296918-1DD6-4BDD-9DE2-64A83CC13884): 2
LogDevObjectVersion:   Dev-LoadTimes (C2A15278-BFE7-4AFE-6C17-90FF531DF755): 1
LogDevObjectVersion:   Private-Geometry (6EACA3D4-40EC-4CC1-B786-8BED09428FC5): 3
LogDevObjectVersion:   Dev-AnimPhys (29E575DD-E0A3-4627-9D10-D276232CDCEA): 17
LogDevObjectVersion:   Dev-Anim (AF43A65D-7FD3-4947-9873-3E8ED9C1BB05): 2
LogDevObjectVersion:   Dev-ReflectionCapture (6B266CEC-1EC7-4B8F-A30B-E4D90942FC07): 1
LogDevObjectVersion:   Dev-Automation (0DF73D61-A23F-47EA-B727-89E90C41499A): 1
LogDevObjectVersion:   FortniteMain (601D1886-AC64-4F84-AA16-D3DE0DEAC7D6): 27
LogDevObjectVersion:   Dev-Enterprise (9DFFBCD6-494F-0158-E221-12823C92A888): 6
LogDevObjectVersion:   Dev-Niagara (F2AED0AC-9AFE-416F-8664-AA7FFA26D6FC): 1
LogDevObjectVersion:   Dev-Destruction (174F1F0B-B4C6-45A5-B13F-2EE8D0FB917D): 9
LogInit: Presizing for max 16777216 objects, including 0 objects not considered by GC, pre-allocating 0 bytes for permanent pool.
LogInit: Object subsystem initialized
LogConfig: Setting CVar [[con.DebugEarlyDefault:1]]
LogConfig: Setting CVar [[r.setres:1280x720]]
[2019.09.29-02.48.56:821][  0]LogConfig: Setting CVar [[r.VSync:0]]
[2019.09.29-02.48.56:821][  0]LogConfig: Setting CVar [[r.RHICmdBypass:0]]
[2019.09.29-02.48.56:821][  0]LogConfig: Applying CVar settings from Section [/Script/Engine.RendererSettings] File [D:/Unreal Projects/Game/Saved/Config/Windows/Engine.ini]
[2019.09.29-02.48.56:821][  0]LogConfig: Setting CVar [[r.GPUCrashDebugging:0]]
[2019.09.29-02.48.56:821][  0]LogConfig: Setting CVar [[r.DefaultFeature.AutoExposure.ExtendDefaultLuminanceRange:1]]
[2019.09.29-02.48.56:821][  0]LogConfig: Applying CVar settings from Section [/Script/Engine.RendererOverrideSettings] File [D:/Unreal Projects/Game/Saved/Config/Windows/Engine.ini]
[2019.09.29-02.48.56:821][  0]LogConfig: Applying CVar settings from Section [/Script/Engine.StreamingSettings] File [D:/Unreal Projects/Game/Saved/Config/Windows/Engine.ini]
[2019.09.29-02.48.56:821][  0]LogConfig: Setting CVar [[s.MinBulkDataSizeForAsyncLoading:131072]]
[2019.09.29-02.48.56:821][  0]LogConfig: Setting CVar [[s.AsyncLoadingThreadEnabled:0]]
[2019.09.29-02.48.56:821][  0]LogConfig: Setting CVar [[s.EventDrivenLoaderEnabled:1]]
[2019.09.29-02.48.56:821][  0]LogConfig: Setting CVar [[s.WarnIfTimeLimitExceeded:0]]
[2019.09.29-02.48.56:822][  0]LogConfig: Setting CVar [[s.TimeLimitExceededMultiplier:1.5]]
[2019.09.29-02.48.56:822][  0]LogConfig: Setting CVar [[s.TimeLimitExceededMinTime:0.005]]
[2019.09.29-02.48.56:822][  0]LogConfig: Setting CVar [[s.UseBackgroundLevelStreaming:1]]
[2019.09.29-02.48.56:822][  0]LogConfig: Setting CVar [[s.PriorityAsyncLoadingExtraTime:15.0]]
[2019.09.29-02.48.56:822][  0]LogConfig: Setting CVar [[s.LevelStreamingActorsUpdateTimeLimit:5.0]]
[2019.09.29-02.48.56:822][  0]LogConfig: Setting CVar [[s.PriorityLevelStreamingActorsUpdateExtraTime:5.0]]
[2019.09.29-02.48.56:822][  0]LogConfig: Setting CVar [[s.LevelStreamingComponentsRegistrationGranularity:10]]
[2019.09.29-02.48.56:822][  0]LogConfig: Setting CVar [[s.UnregisterComponentsTimeLimit:1.0]]
[2019.09.29-02.48.56:822][  0]LogConfig: Setting CVar [[s.LevelStreamingComponentsUnregistrationGranularity:5]]
[2019.09.29-02.48.56:822][  0]LogConfig: Applying CVar settings from Section [/Script/Engine.GarbageCollectionSettings] File [D:/Unreal Projects/Game/Saved/Config/Windows/Engine.ini]
[2019.09.29-02.48.56:822][  0]LogConfig: Setting CVar [[gc.MaxObjectsNotConsideredByGC:1]]
[2019.09.29-02.48.56:822][  0]LogConfig: Setting CVar [[gc.SizeOfPermanentObjectPool:0]]
[2019.09.29-02.48.56:822][  0]LogConfig: Setting CVar [[gc.FlushStreamingOnGC:0]]
[2019.09.29-02.48.56:822][  0]LogConfig: Setting CVar [[gc.NumRetriesBeforeForcingGC:10]]
[2019.09.29-02.48.56:822][  0]LogConfig: Setting CVar [[gc.AllowParallelGC:1]]
[2019.09.29-02.48.56:822][  0]LogConfig: Setting CVar [[gc.TimeBetweenPurgingPendingKillObjects:61.1]]
[2019.09.29-02.48.56:822][  0]LogConfig: Setting CVar [[gc.MaxObjectsInEditor:16777216]]
[2019.09.29-02.48.56:822][  0]LogConfig: Setting CVar [[gc.IncrementalBeginDestroyEnabled:1]]
[2019.09.29-02.48.56:822][  0]LogConfig: Setting CVar [[gc.CreateGCClusters:1]]
[2019.09.29-02.48.56:822][  0]LogConfig: Setting CVar [[gc.MinGCClusterSize:5]]
[2019.09.29-02.48.56:822][  0]LogConfig: Setting CVar [[gc.ActorClusteringEnabled:0]]
[2019.09.29-02.48.56:822][  0]LogConfig: Setting CVar [[gc.BlueprintClusteringEnabled:0]]
[2019.09.29-02.48.56:822][  0]LogConfig: Setting CVar [[gc.UseDisregardForGCOnDedicatedServers:0]]
[2019.09.29-02.48.56:822][  0]LogConfig: Applying CVar settings from Section [/Script/Engine.NetworkSettings] File [D:/Unreal Projects/Game/Saved/Config/Windows/Engine.ini]
[2019.09.29-02.48.56:822][  0]LogConfig: Applying CVar settings from Section [/Script/UnrealEd.CookerSettings] File [D:/Unreal Projects/Game/Saved/Config/Windows/Engine.ini]
[2019.09.29-02.48.56:837][  0]LogConfig: Applying CVar settings from Section [ViewDistanceQuality@3] File [D:/Unreal Projects/Game/Saved/Config/Windows/Scalability.ini]
[2019.09.29-02.48.56:837][  0]LogConfig: Setting CVar [[r.SkeletalMeshLODBias:0]]
[2019.09.29-02.48.56:838][  0]LogConfig: Setting CVar [[r.ViewDistanceScale:1.0]]
[2019.09.29-02.48.56:838][  0]LogConfig: Applying CVar settings from Section [AntiAliasingQuality@3] File [D:/Unreal Projects/Game/Saved/Config/Windows/Scalability.ini]
[2019.09.29-02.48.56:838][  0]LogConfig: Setting CVar [[r.PostProcessAAQuality:4]]
[2019.09.29-02.48.56:838][  0]LogConfig: Applying CVar settings from Section [ShadowQuality@3] File [D:/Unreal Projects/Game/Saved/Config/Windows/Scalability.ini]
[2019.09.29-02.48.56:838][  0]LogConfig: Setting CVar [[r.LightFunctionQuality:1]]
[2019.09.29-02.48.56:838][  0]LogConfig: Setting CVar [[r.ShadowQuality:5]]
[2019.09.29-02.48.56:838][  0]LogConfig: Setting CVar [[r.Shadow.CSM.MaxCascades:10]]
[2019.09.29-02.48.56:838][  0]LogConfig: Setting CVar [[r.Shadow.MaxResolution:2048]]
[2019.09.29-02.48.56:838][  0]LogConfig: Setting CVar [[r.Shadow.MaxCSMResolution:2048]]
[2019.09.29-02.48.56:838][  0]LogConfig: Setting CVar [[r.Shadow.RadiusThreshold:0.01]]
[2019.09.29-02.48.56:838][  0]LogConfig: Setting CVar [[r.Shadow.DistanceScale:1.0]]
[2019.09.29-02.48.56:838][  0]LogConfig: Setting CVar [[r.Shadow.CSM.TransitionScale:1.0]]
[2019.09.29-02.48.56:838][  0]LogConfig: Setting CVar [[r.Shadow.PreShadowResolutionFactor:1.0]]
[2019.09.29-02.48.56:838][  0]LogConfig: Setting CVar [[r.DistanceFieldShadowing:1]]
[2019.09.29-02.48.56:838][  0]LogConfig: Setting CVar [[r.DistanceFieldAO:1]]
[2019.09.29-02.48.56:838][  0]LogConfig: Setting CVar [[r.AOQuality:2]]
[2019.09.29-02.48.56:838][  0]LogConfig: Setting CVar [[r.VolumetricFog:1]]
[2019.09.29-02.48.56:838][  0]LogConfig: Setting CVar [[r.VolumetricFog.GridPixelSize:8]]
[2019.09.29-02.48.56:838][  0]LogConfig: Setting CVar [[r.VolumetricFog.GridSizeZ:128]]
[2019.09.29-02.48.56:838][  0]LogConfig: Setting CVar [[r.VolumetricFog.HistoryMissSupersampleCount:4]]
[2019.09.29-02.48.56:838][  0]LogConfig: Setting CVar [[r.LightMaxDrawDistanceScale:1]]
[2019.09.29-02.48.56:838][  0]LogConfig: Setting CVar [[r.CapsuleShadows:1]]
[2019.09.29-02.48.56:838][  0]LogConfig: Applying CVar settings from Section [PostProcessQuality@3] File [D:/Unreal Projects/Game/Saved/Config/Windows/Scalability.ini]
[2019.09.29-02.48.56:838][  0]LogConfig: Setting CVar [[r.MotionBlurQuality:4]]
[2019.09.29-02.48.56:838][  0]LogConfig: Setting CVar [[r.AmbientOcclusionMipLevelFactor:0.4]]
[2019.09.29-02.48.56:838][  0]LogConfig: Setting CVar [[r.AmbientOcclusionMaxQuality:100]]
[2019.09.29-02.48.56:838][  0]LogConfig: Setting CVar [[r.AmbientOcclusionLevels:-1]]
[2019.09.29-02.48.56:838][  0]LogConfig: Setting CVar [[r.AmbientOcclusionRadiusScale:1.0]]
[2019.09.29-02.48.56:838][  0]LogConfig: Setting CVar [[r.DepthOfFieldQuality:2]]
[2019.09.29-02.48.56:838][  0]LogConfig: Setting CVar [[r.RenderTargetPoolMin:400]]
[2019.09.29-02.48.56:838][  0]LogConfig: Setting CVar [[r.LensFlareQuality:2]]
[2019.09.29-02.48.56:838][  0]LogConfig: Setting CVar [[r.SceneColorFringeQuality:1]]
[2019.09.29-02.48.56:838][  0]LogConfig: Setting CVar [[r.EyeAdaptationQuality:2]]
[2019.09.29-02.48.56:838][  0]LogConfig: Setting CVar [[r.BloomQuality:5]]
[2019.09.29-02.48.56:838][  0]LogConfig: Setting CVar [[r.FastBlurThreshold:100]]
[2019.09.29-02.48.56:838][  0]LogConfig: Setting CVar [[r.Upscale.Quality:3]]
[2019.09.29-02.48.56:838][  0]LogConfig: Setting CVar [[r.Tonemapper.GrainQuantization:1]]
[2019.09.29-02.48.56:838][  0]LogConfig: Setting CVar [[r.LightShaftQuality:1]]
[2019.09.29-02.48.56:838][  0]LogConfig: Setting CVar [[r.Filter.SizeScale:1]]
[2019.09.29-02.48.56:838][  0]LogConfig: Setting CVar [[r.Tonemapper.Quality:5]]
[2019.09.29-02.48.56:838][  0]LogConfig: Setting CVar [[r.DOF.Gather.AccumulatorQuality:1        ; higher gathering accumulator quality]]
[2019.09.29-02.48.56:838][  0]LogConfig: Setting CVar [[r.DOF.Gather.PostfilterMethod:1          ; Median3x3 postfilering method]]
[2019.09.29-02.48.56:838][  0]LogConfig: Setting CVar [[r.DOF.Gather.EnableBokehSettings:0       ; no bokeh simulation when gathering]]
[2019.09.29-02.48.56:838][  0]LogConfig: Setting CVar [[r.DOF.Gather.RingCount:4                 ; medium number of samples when gathering]]
[2019.09.29-02.48.56:838][  0]LogConfig: Setting CVar [[r.DOF.Scatter.ForegroundCompositing:1    ; additive foreground scattering]]
[2019.09.29-02.48.56:838][  0]LogConfig: Setting CVar [[r.DOF.Scatter.BackgroundCompositing:2    ; additive background scattering]]
[2019.09.29-02.48.56:838][  0]LogConfig: Setting CVar [[r.DOF.Scatter.EnableBokehSettings:1      ; bokeh simulation when scattering]]
[2019.09.29-02.48.56:838][  0]LogConfig: Setting CVar [[r.DOF.Scatter.MaxSpriteRatio:0.1         ; only a maximum of 10% of scattered bokeh]]
[2019.09.29-02.48.56:838][  0]LogConfig: Setting CVar [[r.DOF.Recombine.Quality:1                ; cheap slight out of focus]]
[2019.09.29-02.48.56:838][  0]LogConfig: Setting CVar [[r.DOF.Recombine.EnableBokehSettings:0    ; no bokeh simulation on slight out of focus]]
[2019.09.29-02.48.56:838][  0]LogConfig: Setting CVar [[r.DOF.TemporalAAQuality:1                ; more stable temporal accumulation]]
[2019.09.29-02.48.56:838][  0]LogConfig: Setting CVar [[r.DOF.Kernel.MaxForegroundRadius:0.025]]
[2019.09.29-02.48.56:838][  0]LogConfig: Setting CVar [[r.DOF.Kernel.MaxBackgroundRadius:0.025]]
[2019.09.29-02.48.56:838][  0]LogConfig: Applying CVar settings from Section [TextureQuality@3] File [D:/Unreal Projects/Game/Saved/Config/Windows/Scalability.ini]
[2019.09.29-02.48.56:838][  0]LogConfig: Setting CVar [[r.Streaming.MipBias:0]]
[2019.09.29-02.48.56:838][  0]LogConfig: Setting CVar [[r.Streaming.AmortizeCPUToGPUCopy:0]]
[2019.09.29-02.48.56:838][  0]LogConfig: Setting CVar [[r.Streaming.MaxNumTexturesToStreamPerFrame:0]]
[2019.09.29-02.48.56:838][  0]LogConfig: Setting CVar [[r.Streaming.Boost:1]]
[2019.09.29-02.48.56:838][  0]LogConfig: Setting CVar [[r.MaxAnisotropy:8]]
[2019.09.29-02.48.56:838][  0]LogConfig: Setting CVar [[r.Streaming.LimitPoolSizeToVRAM:0]]
[2019.09.29-02.48.56:838][  0]LogConfig: Setting CVar [[r.Streaming.PoolSize:1000]]
[2019.09.29-02.48.56:838][  0]LogConfig: Setting CVar [[r.Streaming.MaxEffectiveScreenSize:0]]
[2019.09.29-02.48.56:838][  0]LogConfig: Applying CVar settings from Section [EffectsQuality@3] File [D:/Unreal Projects/Game/Saved/Config/Windows/Scalability.ini]
[2019.09.29-02.48.56:838][  0]LogConfig: Setting CVar [[r.TranslucencyLightingVolumeDim:64]]
[2019.09.29-02.48.56:838][  0]LogConfig: Setting CVar [[r.RefractionQuality:2]]
[2019.09.29-02.48.56:838][  0]LogConfig: Setting CVar [[r.SSR.Quality:3]]
[2019.09.29-02.48.56:838][  0]LogConfig: Setting CVar [[r.SceneColorFormat:4]]
[2019.09.29-02.48.56:838][  0]LogConfig: Setting CVar [[r.DetailMode:2]]
[2019.09.29-02.48.56:838][  0]LogConfig: Setting CVar [[r.TranslucencyVolumeBlur:1]]
[2019.09.29-02.48.56:838][  0]LogConfig: Setting CVar [[r.MaterialQualityLevel:1 ; High quality]]
[2019.09.29-02.48.56:838][  0]LogConfig: Setting CVar [[r.SSS.Scale:1]]
[2019.09.29-02.48.56:838][  0]LogConfig: Setting CVar [[r.SSS.SampleSet:2]]
[2019.09.29-02.48.56:838][  0]LogConfig: Setting CVar [[r.SSS.Quality:1]]
[2019.09.29-02.48.56:838][  0]LogConfig: Setting CVar [[r.SSS.HalfRes:1]]
[2019.09.29-02.48.56:838][  0]LogConfig: Setting CVar [[r.EmitterSpawnRateScale:1.0]]
[2019.09.29-02.48.56:839][  0]LogConfig: Setting CVar [[r.ParticleLightQuality:2]]
[2019.09.29-02.48.56:839][  0]LogConfig: Applying CVar settings from Section [FoliageQuality@3] File [D:/Unreal Projects/Game/Saved/Config/Windows/Scalability.ini]
[2019.09.29-02.48.56:839][  0]LogConfig: Setting CVar [[foliage.DensityScale:1.0]]
[2019.09.29-02.48.56:839][  0]LogConfig: Setting CVar [[grass.DensityScale:1.0]]
[2019.09.29-02.48.56:839][  0]LogInit: Selected Device Profile: [Windows]
[2019.09.29-02.48.56:839][  0]LogInit: Applying CVar settings loaded from the selected device profile: [Windows]
[2019.09.29-02.48.56:844][  0]LogHAL: Display: Platform has ~ 16 GB [17114546176 / 17179869184 / 16], which maps to Larger [LargestMinGB=32, LargerMinGB=12, DefaultMinGB=8, SmallerMinGB=6, SmallestMinGB=0)
[2019.09.29-02.48.56:844][  0]LogInit: Going up to parent DeviceProfile []
[2019.09.29-02.48.56:844][  0]LogConfig: Applying CVar settings from Section [ViewDistanceQuality@3] File [D:/Unreal Projects/Game/Saved/Config/Windows/Scalability.ini]
[2019.09.29-02.48.56:844][  0]LogConfig: Setting CVar [[r.SkeletalMeshLODBias:0]]
[2019.09.29-02.48.56:844][  0]LogConfig: Setting CVar [[r.ViewDistanceScale:1.0]]
[2019.09.29-02.48.56:844][  0]LogConfig: Applying CVar settings from Section [AntiAliasingQuality@3] File [D:/Unreal Projects/Game/Saved/Config/Windows/Scalability.ini]
[2019.09.29-02.48.56:844][  0]LogConfig: Setting CVar [[r.PostProcessAAQuality:4]]
[2019.09.29-02.48.56:844][  0]LogConfig: Applying CVar settings from Section [ShadowQuality@3] File [D:/Unreal Projects/Game/Saved/Config/Windows/Scalability.ini]
[2019.09.29-02.48.56:844][  0]LogConfig: Setting CVar [[r.LightFunctionQuality:1]]
[2019.09.29-02.48.56:845][  0]LogConfig: Setting CVar [[r.ShadowQuality:5]]
[2019.09.29-02.48.56:845][  0]LogConfig: Setting CVar [[r.Shadow.CSM.MaxCascades:10]]
[2019.09.29-02.48.56:845][  0]LogConfig: Setting CVar [[r.Shadow.MaxResolution:2048]]
[2019.09.29-02.48.56:845][  0]LogConfig: Setting CVar [[r.Shadow.MaxCSMResolution:2048]]
[2019.09.29-02.48.56:845][  0]LogConfig: Setting CVar [[r.Shadow.RadiusThreshold:0.01]]
[2019.09.29-02.48.56:845][  0]LogConfig: Setting CVar [[r.Shadow.DistanceScale:1.0]]
[2019.09.29-02.48.56:845][  0]LogConfig: Setting CVar [[r.Shadow.CSM.TransitionScale:1.0]]
[2019.09.29-02.48.56:845][  0]LogConfig: Setting CVar [[r.Shadow.PreShadowResolutionFactor:1.0]]
[2019.09.29-02.48.56:845][  0]LogConfig: Setting CVar [[r.DistanceFieldShadowing:1]]
[2019.09.29-02.48.56:845][  0]LogConfig: Setting CVar [[r.DistanceFieldAO:1]]
[2019.09.29-02.48.56:845][  0]LogConfig: Setting CVar [[r.AOQuality:2]]
[2019.09.29-02.48.56:845][  0]LogConfig: Setting CVar [[r.VolumetricFog:1]]
[2019.09.29-02.48.56:845][  0]LogConfig: Setting CVar [[r.VolumetricFog.GridPixelSize:8]]
[2019.09.29-02.48.56:845][  0]LogConfig: Setting CVar [[r.VolumetricFog.GridSizeZ:128]]
[2019.09.29-02.48.56:845][  0]LogConfig: Setting CVar [[r.VolumetricFog.HistoryMissSupersampleCount:4]]
[2019.09.29-02.48.56:845][  0]LogConfig: Setting CVar [[r.LightMaxDrawDistanceScale:1]]
[2019.09.29-02.48.56:845][  0]LogConfig: Setting CVar [[r.CapsuleShadows:1]]
[2019.09.29-02.48.56:845][  0]LogConfig: Applying CVar settings from Section [PostProcessQuality@3] File [D:/Unreal Projects/Game/Saved/Config/Windows/Scalability.ini]
[2019.09.29-02.48.56:845][  0]LogConfig: Setting CVar [[r.MotionBlurQuality:4]]
[2019.09.29-02.48.56:845][  0]LogConfig: Setting CVar [[r.AmbientOcclusionMipLevelFactor:0.4]]
[2019.09.29-02.48.56:845][  0]LogConfig: Setting CVar [[r.AmbientOcclusionMaxQuality:100]]
[2019.09.29-02.48.56:846][  0]LogConfig: Setting CVar [[r.AmbientOcclusionLevels:-1]]
[2019.09.29-02.48.56:846][  0]LogConfig: Setting CVar [[r.AmbientOcclusionRadiusScale:1.0]]
[2019.09.29-02.48.56:846][  0]LogConfig: Setting CVar [[r.DepthOfFieldQuality:2]]
[2019.09.29-02.48.56:846][  0]LogConfig: Setting CVar [[r.RenderTargetPoolMin:400]]
[2019.09.29-02.48.56:846][  0]LogConfig: Setting CVar [[r.LensFlareQuality:2]]
[2019.09.29-02.48.56:846][  0]LogConfig: Setting CVar [[r.SceneColorFringeQuality:1]]
[2019.09.29-02.48.56:846][  0]LogConfig: Setting CVar [[r.EyeAdaptationQuality:2]]
[2019.09.29-02.48.56:846][  0]LogConfig: Setting CVar [[r.BloomQuality:5]]
[2019.09.29-02.48.56:846][  0]LogConfig: Setting CVar [[r.FastBlurThreshold:100]]
[2019.09.29-02.48.56:846][  0]LogConfig: Setting CVar [[r.Upscale.Quality:3]]
[2019.09.29-02.48.56:846][  0]LogConfig: Setting CVar [[r.Tonemapper.GrainQuantization:1]]
[2019.09.29-02.48.56:846][  0]LogConfig: Setting CVar [[r.LightShaftQuality:1]]
[2019.09.29-02.48.56:846][  0]LogConfig: Setting CVar [[r.Filter.SizeScale:1]]
[2019.09.29-02.48.56:846][  0]LogConfig: Setting CVar [[r.Tonemapper.Quality:5]]
[2019.09.29-02.48.56:846][  0]LogConfig: Setting CVar [[r.DOF.Gather.AccumulatorQuality:1        ; higher gathering accumulator quality]]
[2019.09.29-02.48.56:846][  0]LogConfig: Setting CVar [[r.DOF.Gather.PostfilterMethod:1          ; Median3x3 postfilering method]]
[2019.09.29-02.48.56:846][  0]LogConfig: Setting CVar [[r.DOF.Gather.EnableBokehSettings:0       ; no bokeh simulation when gathering]]
[2019.09.29-02.48.56:846][  0]LogConfig: Setting CVar [[r.DOF.Gather.RingCount:4                 ; medium number of samples when gathering]]
[2019.09.29-02.48.56:846][  0]LogConfig: Setting CVar [[r.DOF.Scatter.ForegroundCompositing:1    ; additive foreground scattering]]
[2019.09.29-02.48.56:846][  0]LogConfig: Setting CVar [[r.DOF.Scatter.BackgroundCompositing:2    ; additive background scattering]]
[2019.09.29-02.48.56:846][  0]LogConfig: Setting CVar [[r.DOF.Scatter.EnableBokehSettings:1      ; bokeh simulation when scattering]]
[2019.09.29-02.48.56:847][  0]LogConfig: Setting CVar [[r.DOF.Scatter.MaxSpriteRatio:0.1         ; only a maximum of 10% of scattered bokeh]]
[2019.09.29-02.48.56:847][  0]LogConfig: Setting CVar [[r.DOF.Recombine.Quality:1                ; cheap slight out of focus]]
[2019.09.29-02.48.56:847][  0]LogConfig: Setting CVar [[r.DOF.Recombine.EnableBokehSettings:0    ; no bokeh simulation on slight out of focus]]
[2019.09.29-02.48.56:847][  0]LogConfig: Setting CVar [[r.DOF.TemporalAAQuality:1                ; more stable temporal accumulation]]
[2019.09.29-02.48.56:847][  0]LogConfig: Setting CVar [[r.DOF.Kernel.MaxForegroundRadius:0.025]]
[2019.09.29-02.48.56:847][  0]LogConfig: Setting CVar [[r.DOF.Kernel.MaxBackgroundRadius:0.025]]
[2019.09.29-02.48.56:847][  0]LogConfig: Applying CVar settings from Section [TextureQuality@3] File [D:/Unreal Projects/Game/Saved/Config/Windows/Scalability.ini]
[2019.09.29-02.48.56:847][  0]LogConfig: Setting CVar [[r.Streaming.MipBias:0]]
[2019.09.29-02.48.56:847][  0]LogConfig: Setting CVar [[r.Streaming.AmortizeCPUToGPUCopy:0]]
[2019.09.29-02.48.56:847][  0]LogConfig: Setting CVar [[r.Streaming.MaxNumTexturesToStreamPerFrame:0]]
[2019.09.29-02.48.56:847][  0]LogConfig: Setting CVar [[r.Streaming.Boost:1]]
[2019.09.29-02.48.56:847][  0]LogConfig: Setting CVar [[r.MaxAnisotropy:8]]
[2019.09.29-02.48.56:847][  0]LogConfig: Setting CVar [[r.Streaming.LimitPoolSizeToVRAM:0]]
[2019.09.29-02.48.56:847][  0]LogConfig: Setting CVar [[r.Streaming.PoolSize:1000]]
[2019.09.29-02.48.56:847][  0]LogConfig: Setting CVar [[r.Streaming.MaxEffectiveScreenSize:0]]
[2019.09.29-02.48.56:847][  0]LogConfig: Applying CVar settings from Section [EffectsQuality@3] File [D:/Unreal Projects/Game/Saved/Config/Windows/Scalability.ini]
[2019.09.29-02.48.56:847][  0]LogConfig: Setting CVar [[r.TranslucencyLightingVolumeDim:64]]
[2019.09.29-02.48.56:847][  0]LogConfig: Setting CVar [[r.RefractionQuality:2]]
[2019.09.29-02.48.56:847][  0]LogConfig: Setting CVar [[r.SSR.Quality:3]]
[2019.09.29-02.48.56:847][  0]LogConfig: Setting CVar [[r.SceneColorFormat:4]]
[2019.09.29-02.48.56:847][  0]LogConfig: Setting CVar [[r.DetailMode:2]]
[2019.09.29-02.48.56:848][  0]LogConfig: Setting CVar [[r.TranslucencyVolumeBlur:1]]
[2019.09.29-02.48.56:848][  0]LogConfig: Setting CVar [[r.MaterialQualityLevel:1 ; High quality]]
[2019.09.29-02.48.56:848][  0]LogConfig: Setting CVar [[r.SSS.Scale:1]]
[2019.09.29-02.48.56:848][  0]LogConfig: Setting CVar [[r.SSS.SampleSet:2]]
[2019.09.29-02.48.56:848][  0]LogConfig: Setting CVar [[r.SSS.Quality:1]]
[2019.09.29-02.48.56:848][  0]LogConfig: Setting CVar [[r.SSS.HalfRes:1]]
[2019.09.29-02.48.56:848][  0]LogConfig: Setting CVar [[r.EmitterSpawnRateScale:1.0]]
[2019.09.29-02.48.56:848][  0]LogConfig: Setting CVar [[r.ParticleLightQuality:2]]
[2019.09.29-02.48.56:848][  0]LogConfig: Applying CVar settings from Section [FoliageQuality@3] File [D:/Unreal Projects/Game/Saved/Config/Windows/Scalability.ini]
[2019.09.29-02.48.56:848][  0]LogConfig: Setting CVar [[foliage.DensityScale:1.0]]
[2019.09.29-02.48.56:848][  0]LogConfig: Setting CVar [[grass.DensityScale:1.0]]
[2019.09.29-02.48.56:848][  0]LogConfig: Applying CVar settings from Section [Startup] File [../../../Engine/Config/ConsoleVariables.ini]
[2019.09.29-02.48.56:849][  0]LogConfig: Setting CVar [[net.UseAdaptiveNetUpdateFrequency:0]]
[2019.09.29-02.48.56:849][  0]LogConfig: Setting CVar [[p.chaos.AllowCreatePhysxBodies:1]]
[2019.09.29-02.48.56:849][  0]LogConfig: Applying CVar settings from Section [ConsoleVariables] File [D:/Unreal Projects/Game/Saved/Config/Windows/Engine.ini]
[2019.09.29-02.48.56:849][  0]LogInit: Computer: DESKTOP-Q83AC7I
[2019.09.29-02.48.56:849][  0]LogInit: User: blood
[2019.09.29-02.48.56:849][  0]LogInit: CPU Page size=4096, Cores=4
[2019.09.29-02.48.56:849][  0]LogInit: High frequency timer resolution =10.000000 MHz
[2019.09.29-02.48.56:850][  0]LogMemory: Memory total: Physical=15.9GB (16GB approx)
[2019.09.29-02.48.56:850][  0]LogMemory: Platform Memory Stats for Windows
[2019.09.29-02.48.56:850][  0]LogMemory: Process Physical Memory: 103.08 MB used, 103.08 MB peak
[2019.09.29-02.48.56:850][  0]LogMemory: Process Virtual Memory: 100.72 MB used, 100.72 MB peak
[2019.09.29-02.48.56:850][  0]LogMemory: Physical Memory: 7526.39 MB used,  8795.31 MB free, 16321.70 MB total
[2019.09.29-02.48.56:850][  0]LogMemory: Virtual Memory: 4683.11 MB used,  134213048.00 MB free, 134217728.00 MB total
[2019.09.29-02.48.56:872][  0]LogWindows: WindowsPlatformFeatures enabled
[2019.09.29-02.48.56:922][  0]LogInit: Overriding language with editor language configuration option (en).
[2019.09.29-02.48.56:922][  0]LogInit: Overriding locale with editor locale configuration option (en).
[2019.09.29-02.48.57:131][  0]LogInit: Setting process to per monitor DPI aware
[2019.09.29-02.48.57:214][  0]LogSlate: New Slate User Created.  User Index 0, Is Virtual User: 0
[2019.09.29-02.48.57:214][  0]LogSlate: Slate User Registered.  User Index 0, Is Virtual User: 0
[2019.09.29-02.48.57:602][  0]LogHMD: Failed to initialize OpenVR with code 110
[2019.09.29-02.48.57:602][  0]LogD3D11RHI: D3D11 adapters:
[2019.09.29-02.48.57:753][  0]LogD3D11RHI:    0. 'NVIDIA GeForce GTX 760' (Feature Level 11_0)
[2019.09.29-02.48.57:753][  0]LogD3D11RHI:       1944/0/8160 MB DedicatedVideo/DedicatedSystem/SharedSystem, Outputs:2, VendorId:0x10de
[2019.09.29-02.48.57:757][  0]LogD3D11RHI:    1. 'Microsoft Basic Render Driver' (Feature Level 11_0)
[2019.09.29-02.48.57:758][  0]LogD3D11RHI:       0/0/8160 MB DedicatedVideo/DedicatedSystem/SharedSystem, Outputs:0, VendorId:0x1414
[2019.09.29-02.48.57:758][  0]LogD3D11RHI: Chosen D3D11 Adapter: 0
[2019.09.29-02.48.57:767][  0]LogD3D11RHI: Creating new Direct3DDevice
[2019.09.29-02.48.57:767][  0]LogD3D11RHI:     GPU DeviceId: 0x1187 (for the marketing name, search the web for "GPU Device Id")
[2019.09.29-02.48.57:767][  0]LogWindows: EnumDisplayDevices:
[2019.09.29-02.48.57:767][  0]LogWindows:    0. 'NVIDIA GeForce GTX 760' (P:1 D:1)
[2019.09.29-02.48.57:770][  0]LogWindows:    1. 'NVIDIA GeForce GTX 760' (P:0 D:1)
[2019.09.29-02.48.57:773][  0]LogWindows:    2. 'NVIDIA GeForce GTX 760' (P:0 D:0)
[2019.09.29-02.48.57:776][  0]LogWindows:    3. 'NVIDIA GeForce GTX 760' (P:0 D:0)
[2019.09.29-02.48.57:778][  0]LogWindows: DebugString: FoundDriverCount:4 
[2019.09.29-02.48.57:778][  0]LogD3D11RHI:     Adapter Name: NVIDIA GeForce GTX 760
[2019.09.29-02.48.57:778][  0]LogD3D11RHI:   Driver Version: 416.94 (internal:25.21.14.1694, unified:416.94)
[2019.09.29-02.48.57:778][  0]LogD3D11RHI:      Driver Date: 11-12-2018
[2019.09.29-02.48.57:778][  0]LogRHI: Texture pool is 1361 MB (70% of 1944 MB)
[2019.09.29-02.48.57:855][  0]LogD3D11RHI: Async texture creation enabled
[2019.09.29-02.48.57:881][  0]LogD3D11RHI: GPU Timing Frequency: 1000.000000 (Debug: 2 2)
[2019.09.29-02.48.58:614][  0]LogTemp: Display: Module 'AllDesktopTargetPlatform' loaded TargetPlatform 'AllDesktop'
[2019.09.29-02.48.58:626][  0]LogTemp: Display: Module 'MacClientTargetPlatform' loaded TargetPlatform 'MacClient'
[2019.09.29-02.48.58:636][  0]LogTemp: Display: Module 'MacNoEditorTargetPlatform' loaded TargetPlatform 'MacNoEditor'
[2019.09.29-02.48.58:646][  0]LogTemp: Display: Module 'MacServerTargetPlatform' loaded TargetPlatform 'MacServer'
[2019.09.29-02.48.58:657][  0]LogTemp: Display: Module 'MacTargetPlatform' loaded TargetPlatform 'Mac'
[2019.09.29-02.48.58:667][  0]LogTemp: Display: Module 'WindowsClientTargetPlatform' loaded TargetPlatform 'WindowsClient'
[2019.09.29-02.48.58:678][  0]LogTemp: Display: Module 'WindowsNoEditorTargetPlatform' loaded TargetPlatform 'WindowsNoEditor'
[2019.09.29-02.48.58:689][  0]LogTemp: Display: Module 'WindowsServerTargetPlatform' loaded TargetPlatform 'WindowsServer'
[2019.09.29-02.48.58:695][  0]LogTemp: Display: Module 'WindowsTargetPlatform' loaded TargetPlatform 'Windows'
[2019.09.29-02.48.58:744][  0]LogTemp: Display: Module 'AndroidTargetPlatform' loaded TargetPlatform 'Android'
[2019.09.29-02.48.58:744][  0]LogTemp: Display: Module 'AndroidTargetPlatform' loaded TargetPlatform 'Android_ASTC'
[2019.09.29-02.48.58:744][  0]LogTemp: Display: Module 'AndroidTargetPlatform' loaded TargetPlatform 'Android_ATC'
[2019.09.29-02.48.58:744][  0]LogTemp: Display: Module 'AndroidTargetPlatform' loaded TargetPlatform 'Android_DXT'
[2019.09.29-02.48.58:744][  0]LogTemp: Display: Module 'AndroidTargetPlatform' loaded TargetPlatform 'Android_ETC1'
[2019.09.29-02.48.58:744][  0]LogTemp: Display: Module 'AndroidTargetPlatform' loaded TargetPlatform 'Android_ETC1a'
[2019.09.29-02.48.58:744][  0]LogTemp: Display: Module 'AndroidTargetPlatform' loaded TargetPlatform 'Android_ETC2'
[2019.09.29-02.48.58:744][  0]LogTemp: Display: Module 'AndroidTargetPlatform' loaded TargetPlatform 'Android_PVRTC'
[2019.09.29-02.48.58:744][  0]LogTemp: Display: Module 'AndroidTargetPlatform' loaded TargetPlatform 'AndroidClient'
[2019.09.29-02.48.58:744][  0]LogTemp: Display: Module 'AndroidTargetPlatform' loaded TargetPlatform 'Android_ASTCClient'
[2019.09.29-02.48.58:744][  0]LogTemp: Display: Module 'AndroidTargetPlatform' loaded TargetPlatform 'Android_ATCClient'
[2019.09.29-02.48.58:744][  0]LogTemp: Display: Module 'AndroidTargetPlatform' loaded TargetPlatform 'Android_DXTClient'
[2019.09.29-02.48.58:744][  0]LogTemp: Display: Module 'AndroidTargetPlatform' loaded TargetPlatform 'Android_ETC1Client'
[2019.09.29-02.48.58:744][  0]LogTemp: Display: Module 'AndroidTargetPlatform' loaded TargetPlatform 'Android_ETC1aClient'
[2019.09.29-02.48.58:744][  0]LogTemp: Display: Module 'AndroidTargetPlatform' loaded TargetPlatform 'Android_ETC2Client'
[2019.09.29-02.48.58:744][  0]LogTemp: Display: Module 'AndroidTargetPlatform' loaded TargetPlatform 'Android_PVRTCClient'
[2019.09.29-02.48.58:744][  0]LogTemp: Display: Module 'AndroidTargetPlatform' loaded TargetPlatform 'Android_Multi'
[2019.09.29-02.48.58:744][  0]LogTemp: Display: Module 'AndroidTargetPlatform' loaded TargetPlatform 'Android_MultiClient'
[2019.09.29-02.48.58:750][  0]LogTemp: Display: Module 'HTML5TargetPlatform' loaded TargetPlatform 'HTML5'
[2019.09.29-02.48.58:774][  0]LogTemp: Display: Module 'IOSTargetPlatform' loaded TargetPlatform 'IOSClient'
[2019.09.29-02.48.58:774][  0]LogTemp: Display: Module 'IOSTargetPlatform' loaded TargetPlatform 'IOS'
[2019.09.29-02.48.58:791][  0]LogTemp: Display: Module 'TVOSTargetPlatform' loaded TargetPlatform 'TVOSClient'
[2019.09.29-02.48.58:791][  0]LogTemp: Display: Module 'TVOSTargetPlatform' loaded TargetPlatform 'TVOS'
[2019.09.29-02.48.58:800][  0]LogTemp: Display: Module 'LinuxClientTargetPlatform' loaded TargetPlatform 'LinuxClient'
[2019.09.29-02.48.58:809][  0]LogTemp: Display: Module 'LinuxNoEditorTargetPlatform' loaded TargetPlatform 'LinuxNoEditor'
[2019.09.29-02.48.58:817][  0]LogTemp: Display: Module 'LinuxServerTargetPlatform' loaded TargetPlatform 'LinuxServer'
[2019.09.29-02.48.58:827][  0]LogTemp: Display: Module 'LinuxTargetPlatform' loaded TargetPlatform 'Linux'
[2019.09.29-02.48.58:857][  0]LogTemp: Display: Module 'LuminTargetPlatform' loaded TargetPlatform 'Lumin'
[2019.09.29-02.48.58:857][  0]LogTemp: Display: Module 'LuminTargetPlatform' loaded TargetPlatform 'LuminClient'
[2019.09.29-02.48.58:857][  0]LogTargetPlatformManager: Display: Building Assets For Windows
[2019.09.29-02.48.58:872][  0]LogAudioDebug: Display: Lib vorbis DLL was dynamically loaded.
[2019.09.29-02.48.58:957][  0]LogShaderCompilers: Guid format shader working directory is 22 characters bigger than the processId version (D:/Unreal Projects/Game/Intermediate/Shaders/WorkingDirectory/12704/).
[2019.09.29-02.48.58:957][  0]LogShaderCompilers: Cleaned the shader compiler working directory 'C:/Users/blood/AppData/Local/Temp/UnrealShaderWorkingDir/AE4E83AE4547E168A746D1A6947E968D/'.
[2019.09.29-02.48.58:960][  0]LogXGEController: Cleaning working directory: C:/Users/blood/AppData/Local/Temp/UnrealXGEWorkingDir/
[2019.09.29-02.48.58:960][  0]LogXGEController: Cannot use XGE Controller as Incredibuild is not installed on this machine.
[2019.09.29-02.48.58:961][  0]LogShaderCompilers: Cannot use XGE Shader Compiler as Incredibuild is not installed on this machine.
[2019.09.29-02.48.58:961][  0]LogShaderCompilers: Display: Using Local Shader Compiler.
[2019.09.29-02.48.59:762][  0]LogDerivedDataCache: Display: Max Cache Size: 512 MB
[2019.09.29-02.48.59:818][  0]LogDerivedDataCache: Loaded boot cache 0.06s 73MB C:/Users/blood/AppData/Local/UnrealEngine/4.23/DerivedDataCache/Boot.ddc.
[2019.09.29-02.48.59:818][  0]LogDerivedDataCache: Display: Loaded Boot cache: C:/Users/blood/AppData/Local/UnrealEngine/4.23/DerivedDataCache/Boot.ddc
[2019.09.29-02.48.59:818][  0]LogDerivedDataCache: FDerivedDataBackendGraph:  Pak pak cache file D:/Unreal Projects/Game/DerivedDataCache/DDC.ddp not found, will not use a pak cache.
[2019.09.29-02.48.59:818][  0]LogDerivedDataCache: Unable to find inner node Pak for hierarchical cache Hierarchy.
[2019.09.29-02.48.59:818][  0]LogDerivedDataCache: FDerivedDataBackendGraph:  CompressedPak pak cache file D:/Unreal Projects/Game/DerivedDataCache/Compressed.ddp not found, will not use a pak cache.
[2019.09.29-02.48.59:818][  0]LogDerivedDataCache: Unable to find inner node CompressedPak for hierarchical cache Hierarchy.
[2019.09.29-02.48.59:829][  0]LogDerivedDataCache: Display: Pak cache opened for reading ../../../Engine/DerivedDataCache/Compressed.ddp.
[2019.09.29-02.48.59:829][  0]LogDerivedDataCache: FDerivedDataBackendGraph:  EnterprisePak pak cache file ../../../Enterprise/DerivedDataCache/Compressed.ddp not found, will not use a pak cache.
[2019.09.29-02.48.59:829][  0]LogDerivedDataCache: Unable to find inner node EnterprisePak for hierarchical cache Hierarchy.
[2019.09.29-02.48.59:832][  0]LogDerivedDataCache: Using Local data cache path C:/Users/blood/AppData/Local/UnrealEngine/Common/DerivedDataCache: Writable
[2019.09.29-02.48.59:832][  0]LogDerivedDataCache: Shared data cache path not found in *engine.ini, will not use an Shared cache.
[2019.09.29-02.48.59:832][  0]LogDerivedDataCache: Unable to find inner node Shared for hierarchical cache Hierarchy.
[2019.09.29-02.48.59:855][  0]LogMaterial: Verifying Global Shaders for PCD3D_SM5
[2019.09.29-02.48.59:858][  0]LogSlate: Using FreeType 2.6.0
[2019.09.29-02.48.59:859][  0]LogSlate: SlateFontServices - WITH_FREETYPE: 1, WITH_HARFBUZZ: 1
[2019.09.29-02.48.59:957][  0]LogAssetRegistry: FAssetRegistry took 0.0028 seconds to start up
[2019.09.29-02.49.00:275][  0]LogInit: Selected Device Profile: [Windows]
[2019.09.29-02.49.00:449][  0]LogMeshReduction: Using QuadricMeshReduction for automatic static mesh reduction
[2019.09.29-02.49.00:449][  0]LogMeshReduction: Using SimplygonMeshReduction for automatic skeletal mesh reduction
[2019.09.29-02.49.00:449][  0]LogMeshReduction: Using ProxyLODMeshReduction for automatic mesh merging
[2019.09.29-02.49.00:449][  0]LogMeshReduction: No distributed automatic mesh merging module available
[2019.09.29-02.49.00:449][  0]LogMeshMerging: No distributed automatic mesh merging module available
[2019.09.29-02.49.00:462][  0]LogNetVersion: Game 1.0.0, NetCL: 8386587, EngineNetVer: 11, GameNetVer: 0 (Checksum: 932843807)
[2019.09.29-02.49.00:992][  0]LogPackageLocalizationCache: Processed 12 localized package path(s) for 1 prioritized culture(s) in 0.059313 seconds
[2019.09.29-02.49.00:999][  0]LogUObjectArray: 43444 objects as part of root set at end of initial load.
[2019.09.29-02.49.00:999][  0]LogUObjectAllocator: 7548648 out of 0 bytes used by permanent object pool.
[2019.09.29-02.49.00:999][  0]LogUObjectArray: CloseDisregardForGC: 0/0 objects in disregard for GC pool
[2019.09.29-02.49.02:486][  0]LogTcpMessaging: Initializing TcpMessaging bridge
[2019.09.29-02.49.02:490][  0]LogUdpMessaging: Initializing bridge on interface 0.0.0.0:0 to multicast group 230.0.0.1:6666.
[2019.09.29-02.49.02:612][  0]SourceControl: Source control is disabled
[2019.09.29-02.49.02:612][  0]SourceControl: Source control is disabled
[2019.09.29-02.49.02:615][  0]SourceControl: Source control is disabled
[2019.09.29-02.49.02:619][  0]SourceControl: Source control is disabled
[2019.09.29-02.49.02:779][  0]LogAndroidPermission: UAndroidPermissionCallbackProxy::GetInstance
[2019.09.29-02.49.03:828][  0]LogOcInput: OculusInput pre-init called
[2019.09.29-02.49.03:837][  0]LogWindows: Failed to load 'OVRPlugin.dll' (GetLastError=126)
[2019.09.29-02.49.03:837][  0]LogWindows: File 'OVRPlugin.dll' does not exist
[2019.09.29-02.49.03:916][  0]LogEngine: Initializing Engine...
[2019.09.29-02.49.03:917][  0]LogHMD: Failed to initialize OpenVR with code 110
[2019.09.29-02.49.03:918][  0]LogStats: UGameplayTagsManager::InitializeManager -  0.000 s
[2019.09.29-02.49.04:168][  0]LogInit: Initializing FReadOnlyCVARCache
[2019.09.29-02.49.04:194][  0]LogAIModule: Creating AISystem for world Untitled
[2019.09.29-02.49.04:753][  0]LogInit: XAudio2 using 'PHL 243S7(2- NVIDIA High Definition Audio)' : 2 channels at 48 kHz using 16 bits per sample (channel mask 0x3)
[2019.09.29-02.49.04:830][  0]LogInit: FAudioDevice initialized.
[2019.09.29-02.49.04:831][  0]LogNetVersion: Set ProjectVersion to 1.0.0.0. Version Checksum will be recalculated on next use.
[2019.09.29-02.49.04:932][  0]LogDerivedDataCache: Saved boot cache 0.10s 73MB C:/Users/blood/AppData/Local/UnrealEngine/4.23/DerivedDataCache/Boot.ddc.
[2019.09.29-02.49.04:932][  0]LogInit: Texture streaming: Enabled
[2019.09.29-02.49.04:966][  0]LogEngineSessionManager: EngineSessionManager initialized
[2019.09.29-02.49.04:966][  0]LogEngineSessionManager: EngineSessionManager sent abnormal shutdown report. Type=Crashed, SessionId={370B127F-42E9-394D-1B3A-AAAA2A8CE311}
[2019.09.29-02.49.05:029][  0]LogInit: Transaction tracking system initialized
[2019.09.29-02.49.05:075][  0]BlueprintLog: New page: Editor Load
[2019.09.29-02.49.05:174][  0]LocalizationService: Localization service is disabled
[2019.09.29-02.49.05:511][  0]LogFileCache: Scanning file cache for directory 'D:/Unreal Projects/Game/Content/' took 0.01s
[2019.09.29-02.49.05:511][  0]LogCook: Display: Max memory allowance for cook 16384mb min free memory 0mb
[2019.09.29-02.49.05:512][  0]LogCook: Display: Mobile HDR setting 1
[2019.09.29-02.49.05:788][  0]SourceControl: Source control is disabled
[2019.09.29-02.49.05:789][  0]Cmd: MAP LOAD FILE="D:/Unreal Projects/Game/Content/Map/Basic.umap" TEMPLATE=0 SHOWPROGRESS=1 FEATURELEVEL=3
[2019.09.29-02.49.05:789][  0]LightingResults: New page: Lighting Build
[2019.09.29-02.49.05:792][  0]LogWorld: UWorld::CleanupWorld for Untitled, bSessionEnded=true, bCleanupResources=true
[2019.09.29-02.49.05:792][  0]MapCheck: New page: Map Check
[2019.09.29-02.49.05:792][  0]LightingResults: New page: Lighting Build
[2019.09.29-02.49.05:820][  0]LogUObjectHash: Compacting FUObjectHashTables data took   2.04ms
[2019.09.29-02.49.05:976][  0]LogAIModule: Creating AISystem for world Basic
[2019.09.29-02.49.05:980][  0]LogEditorServer: Finished looking for orphan Actors (0.000 secs)
[2019.09.29-02.49.06:007][  0]LogUObjectHash: Compacting FUObjectHashTables data took   2.03ms
[2019.09.29-02.49.06:008][  0]Cmd: MAP CHECKDEP NOCLEARLOG
[2019.09.29-02.49.06:008][  0]MapCheck: Map check complete: 0 Error(s), 0 Warning(s), took 0.078ms to complete.
[2019.09.29-02.49.06:008][  0]LogFileHelpers: Loading map 'Basic' took 0.220
[2019.09.29-02.49.06:139][  0]LogSlate: Updating window title bar state: overlay mode, drag disabled, window buttons hidden, title bar hidden
[2019.09.29-02.49.06:148][  0]LogSlate: Updating window title bar state: overlay mode, drag disabled, window buttons hidden, title bar hidden
[2019.09.29-02.49.06:155][  0]LogSlate: Updating window title bar state: overlay mode, drag disabled, window buttons hidden, title bar hidden
[2019.09.29-02.49.06:163][  0]LogSlate: Updating window title bar state: overlay mode, drag disabled, window buttons hidden, title bar hidden
[2019.09.29-02.49.06:171][  0]LogCollectionManager: Loaded 0 collections in 0.001930 seconds
[2019.09.29-02.49.06:178][  0]LogFileCache: Scanning file cache for directory 'D:/Unreal Projects/Game/Saved/Collections/' took 0.00s
[2019.09.29-02.49.06:178][  0]LogFileCache: Scanning file cache for directory 'D:/Unreal Projects/Game/Content/Developers/blood/Collections/' took 0.00s
[2019.09.29-02.49.06:178][  0]LogFileCache: Scanning file cache for directory 'D:/Unreal Projects/Game/Content/Collections/' took 0.00s
[2019.09.29-02.49.06:178][  0]LogCollectionManager: Rebuilt the GUID cache for 0 collections in 0.000001 seconds
[2019.09.29-02.49.06:187][  0]LogContentBrowser: Native class hierarchy populated in 0.0088 seconds. Added 2868 classes and 684 folders.
[2019.09.29-02.49.06:194][  0]LogContentBrowser: Native class hierarchy updated for 'WidgetCarousel' in 0.0004 seconds. Added 0 classes and 0 folders.
[2019.09.29-02.49.06:311][  0]LogContentBrowser: Native class hierarchy updated for 'AddContentDialog' in 0.0004 seconds. Added 0 classes and 0 folders.
[2019.09.29-02.49.06:335][  0]LogSlate: Took 0.000383 seconds to synchronously load lazily loaded font '../../../Engine/Content/Slate/Fonts/Roboto-Regular.ttf' (155K)
[2019.09.29-02.49.06:341][  0]LogSlate: Took 0.000421 seconds to synchronously load lazily loaded font '../../../Engine/Content/Slate/Fonts/Roboto-Bold.ttf' (160K)
[2019.09.29-02.49.06:343][  0]LogSlate: Took 0.000436 seconds to synchronously load lazily loaded font '../../../Engine/Content/Editor/Slate/Fonts/FontAwesome.ttf' (139K)
[2019.09.29-02.49.06:344][  0]LogSlate: Took 0.000431 seconds to synchronously load lazily loaded font '../../../Engine/Content/Slate/Fonts/DroidSansMono.ttf' (77K)
[2019.09.29-02.49.06:485][  0]LogRenderer: Reallocating scene render targets to support 980x572 Format 10 NumSamples 1 (Frame:1).
[2019.09.29-02.49.06:717][  0]LogContentBrowser: Native class hierarchy updated for 'HierarchicalLODOutliner' in 0.0004 seconds. Added 0 classes and 0 folders.
[2019.09.29-02.49.06:718][  0]LogLoad: (Engine Initialization) Total time: 13.47 seconds
[2019.09.29-02.49.06:718][  0]LogLoad: (Engine Initialization) Total Blueprint compile time: 0.00 seconds
[2019.09.29-02.49.06:788][  0]LogContentStreaming: Texture pool size now 1000 MB
[2019.09.29-02.49.06:821][  1]LogAssetRegistry: Asset discovery search completed in 6.8649 seconds
[2019.09.29-02.49.06:825][  1]LogCollectionManager: Rebuilt the object cache for 0 collections in 0.000005 seconds (found 0 objects)
[2019.09.29-02.49.06:825][  1]LogCollectionManager: Fixed up redirectors for 0 collections in 0.000251 seconds (updated 0 objects)
[2019.09.29-02.49.32:391][ 78]LogSlate: FSceneViewport::OnFocusLost() reason 0
[2019.09.29-02.49.32:522][ 78]Candidate modules for hot reload:
[2019.09.29-02.49.32:523][ 78]  Game
[2019.09.29-02.49.32:523][ 78]Launching UnrealBuildTool... [H:/Program Files (x86)/UE_4.23/Engine/Binaries/DotNET/UnrealBuildTool.exe  -ModuleWithSuffix=Game,1876 Win64 Development -TargetType=Editor -Project="D:/Unreal Projects/Game/Game.uproject" "D:/Unreal Projects/Game/Game.uproject"  -IgnoreJunk]
[2019.09.29-02.49.32:530][ 78]Warning: Starting HotReload took  0.0s.
[2019.09.29-02.49.49:260][209]CompilerResultsLog: New page: Compilation - Sep 29, 2019, 8:49:49 PM
[2019.09.29-02.49.49:260][209]CompilerResultsLog: Parsing headers for GameEditor
[2019.09.29-02.49.49:261][209]CompilerResultsLog:   Running UnrealHeaderTool "D:\Unreal Projects\Game\Game.uproject" "D:\Unreal Projects\Game\Intermediate\Build\Win64\GameEditor\Development\GameEditor.uhtmanifest" -LogCmds="loginit warning, logexit warning, logdatabase error" -Unattended -WarningsAsErrors -installed
[2019.09.29-02.49.49:261][209]CompilerResultsLog: LogCompile: Error: Circular dependency detected for filename D:\Unreal Projects\Game\Source\Game\PioneerController.h!
[2019.09.29-02.49.49:261][209]CompilerResultsLog: Reflection code generated for GameEditor in 10.0783284 seconds
[2019.09.29-02.49.49:261][209]CompilerResultsLog: Using Visual Studio 2017 14.16.27023 toolchain (C:\Program Files (x86)\Microsoft Visual Studio\2017\Community\VC\Tools\MSVC\14.16.27023) and Windows 10.0.16299.0 SDK (C:\Program Files (x86)\Windows Kits\10).
[2019.09.29-02.49.49:262][209]CompilerResultsLog: Building 4 actions with 8 processes...
[2019.09.29-02.49.49:262][209]CompilerResultsLog:   [1/4] PioneerController.cpp
[2019.09.29-02.49.49:262][209]CompilerResultsLog:   [2/4] UE4Editor-Game-1876.lib
[2019.09.29-02.49.49:263][209]CompilerResultsLog:      D:\Unreal Projects\Game\Intermediate\Build\Win64\UE4Editor\Development\Game\UE4Editor-Game-1876.lib ???̺귯?? ?? D:\Unreal Projects\Game\Intermediate\Build\Win64\UE4Editor\Development\Game\UE4Editor-Game-1876.exp ??ü?? ?????ϰ? ?ֽ??ϴ?.
[2019.09.29-02.49.49:265][209]LogSlate: Took 0.001794 seconds to synchronously load lazily loaded font '../../../Engine/Content/Slate/Fonts/DroidSansFallback.ttf' (3848K)
[2019.09.29-02.49.49:265][209]LogSlate: Last resort fallback font was requested. Font: '../../../Engine/Content/Slate/Fonts/DroidSansFallback.ttf', Character: 'ϰ (U+03f0)'
[2019.09.29-02.49.49:274][209]LogSlate: Took 0.006725 seconds to synchronously load lazily loaded font '../../../Engine/Content/SlateDebug/Fonts/LastResort.ttf' (5269K)
[2019.09.29-02.49.49:275][209]CompilerResultsLog:   [3/4] UE4Editor-Game-1876.dll
[2019.09.29-02.49.49:275][209]CompilerResultsLog:      D:\Unreal Projects\Game\Intermediate\Build\Win64\UE4Editor\Development\Game\UE4Editor-Game-1876.suppressed.lib ???̺귯?? ?? D:\Unreal Projects\Game\Intermediate\Build\Win64\UE4Editor\Development\Game\UE4Editor-Game-1876.suppressed.exp ??ü?? ?????ϰ? ?ֽ??ϴ?.
[2019.09.29-02.49.49:276][209]CompilerResultsLog:   [4/4] GameEditor.target
[2019.09.29-02.49.49:276][209]CompilerResultsLog: Total time in Parallel executor: 4.71 seconds
[2019.09.29-02.49.49:276][209]CompilerResultsLog: Total execution time: 16.48 seconds
[2019.09.29-02.49.49:276][209]LogMainFrame: MainFrame: Module compiling took 16.759 seconds
[2019.09.29-02.49.49:299][209]LogUObjectHash: Compacting FUObjectHashTables data took   1.94ms
[2019.09.29-02.49.49:337][209]LogContentBrowser: Native class hierarchy updated for 'Game' in 0.0006 seconds. Added 4 classes and 2 folders.
[2019.09.29-02.49.49:343][209]Display: HotReload successful (2 functions remapped  0 scriptstructs remapped)
[2019.09.29-02.49.49:450][209]LogUObjectHash: Compacting FUObjectHashTables data took   1.82ms
[2019.09.29-02.49.49:470][209]LogContentBrowser: Native class hierarchy populated in 0.0128 seconds. Added 2868 classes and 684 folders.
[2019.09.29-02.49.49:471][209]Display: HotReload took 17.0s.
[2019.09.29-02.49.50:649][218]LogEditorViewport: Clicking on Actor (LMB): StaticMeshActor (Cube3)
[2019.09.29-02.49.51:299][270]LogSlate: FSceneViewport::OnFocusLost() reason 0
[2019.09.29-02.49.51:372][279]LogTemp: Repeating last play command: Selected Viewport
[2019.09.29-02.49.51:388][279]LogBlueprintUserMessages: Early PlayInEditor Detection: Level '/Game/Map/Basic.Basic:PersistentLevel' has LevelScriptBlueprint '/Game/Map/Basic.Basic:PersistentLevel.Basic' with GeneratedClass '/Game/Map/Basic.Basic_C' with ClassGeneratedBy '/Game/Map/Basic.Basic:PersistentLevel.Basic'
[2019.09.29-02.49.51:389][279]LogPlayLevel: PlayLevel: No blueprints needed recompiling
[2019.09.29-02.49.51:389][279]PIE: New page: PIE session: Basic (Sep 29, 2019, 8:49:51 PM)
[2019.09.29-02.49.51:390][279]LogOnline: OSS: Creating online subsystem instance for: NULL
[2019.09.29-02.49.51:392][279]LogPlayLevel: Creating play world package: /Game/Map/UEDPIE_0_Basic
[2019.09.29-02.49.51:396][279]LogPlayLevel: PIE: StaticDuplicateObject took: (0.003561s)
[2019.09.29-02.49.51:396][279]LogAIModule: Creating AISystem for world Basic
[2019.09.29-02.49.51:397][279]LogPlayLevel: PIE: World Init took: (0.001025s)
[2019.09.29-02.49.51:397][279]LogPlayLevel: PIE: Created PIE world by copying editor world from /Game/Map/Basic.Basic to /Game/Map/UEDPIE_0_Basic.Basic (0.005255s)
[2019.09.29-02.49.51:422][279]LogUObjectHash: Compacting FUObjectHashTables data took   1.53ms
[2019.09.29-02.49.51:979][279]LogInit: XAudio2 using 'PHL 243S7(2- NVIDIA High Definition Audio)' : 2 channels at 48 kHz using 16 bits per sample (channel mask 0x3)
[2019.09.29-02.49.52:064][279]LogInit: FAudioDevice initialized.
[2019.09.29-02.49.52:078][279]LogLoad: Game class is 'MyGameModeBase'
[2019.09.29-02.49.52:080][279]LogWorld: Bringing World /Game/Map/UEDPIE_0_Basic.Basic up for play (max tick rate 0) at 2019.09.29-11.49.52
[2019.09.29-02.49.52:081][279]LogWorld: Bringing up level for play took: 0.001171
[2019.09.29-02.49.52:081][279]LogOnline: OSS: Creating online subsystem instance for: :Context_3
[2019.09.29-02.49.52:139][279]LogContentBrowser: Native class hierarchy updated for 'MovieSceneCapture' in 0.0006 seconds. Added 20 classes and 0 folders.
[2019.09.29-02.49.52:141][279]PIE: Play in editor start time for /Game/Map/UEDPIE_0_Basic 1.054
[2019.09.29-02.49.52:141][279]LogBlueprintUserMessages: Late PlayInEditor Detection: Level '/Game/Map/Basic.Basic:PersistentLevel' has LevelScriptBlueprint '/Game/Map/Basic.Basic:PersistentLevel.Basic' with GeneratedClass '/Game/Map/Basic.Basic_C' with ClassGeneratedBy '/Game/Map/Basic.Basic:PersistentLevel.Basic'
[2019.09.29-02.49.55:458][671]LogOutputDevice: Warning: 

Script Stack (0 frames):

[2019.09.29-02.49.55:459][671]LogWindows: Windows GetLastError: 작업을 완료했습니다. (0)
[2019.09.29-02.49.57:596][671]LogWindows: Error: === Critical error: ===
[2019.09.29-02.49.57:596][671]LogWindows: Error: 
[2019.09.29-02.49.57:596][671]LogWindows: Error: Assertion failed: Pair != nullptr [File:H:\Program Files (x86)\UE_4.23\Engine\Source\Runtime\Core\Public\Containers/Map.h] [Line: 508] 
[2019.09.29-02.49.57:596][671]LogWindows: Error: 
[2019.09.29-02.49.57:596][671]LogWindows: Error: 
[2019.09.29-02.49.57:596][671]LogWindows: Error: 
[2019.09.29-02.49.57:596][671]LogWindows: Error: [Callstack] 0x00007fff129f9129 KERNELBASE.dll!UnknownFunction []
[2019.09.29-02.49.57:596][671]LogWindows: Error: [Callstack] 0x00007ffee6779ef7 UE4Editor-Core.dll!UnknownFunction []
[2019.09.29-02.49.57:596][671]LogWindows: Error: [Callstack] 0x00007ffee677c754 UE4Editor-Core.dll!UnknownFunction []
[2019.09.29-02.49.57:596][671]LogWindows: Error: [Callstack] 0x00007ffee6571afa UE4Editor-Core.dll!UnknownFunction []
[2019.09.29-02.49.57:596][671]LogWindows: Error: [Callstack] 0x00007ffee64c67c3 UE4Editor-Core.dll!UnknownFunction []
[2019.09.29-02.49.57:596][671]LogWindows: Error: [Callstack] 0x00007ffee64c6ed0 UE4Editor-Core.dll!UnknownFunction []
[2019.09.29-02.49.57:596][671]LogWindows: Error: [Callstack] 0x00007ffee8518230 UE4Editor-Game-1876.dll!APioneerController::SwitchingPawn() [d:\unreal projects\game\source\game\pioneercontroller.cpp:173]
[2019.09.29-02.49.57:596][671]LogWindows: Error: [Callstack] 0x00007ffed50c3256 UE4Editor-Engine.dll!UnknownFunction []
[2019.09.29-02.49.57:596][671]LogWindows: Error: [Callstack] 0x00007ffed50ef331 UE4Editor-Engine.dll!UnknownFunction []
[2019.09.29-02.49.57:596][671]LogWindows: Error: [Callstack] 0x00007ffed4c1e729 UE4Editor-Engine.dll!UnknownFunction []
[2019.09.29-02.49.57:596][671]LogWindows: Error: [Callstack] 0x00007ffed4c310bd UE4Editor-Engine.dll!UnknownFunction []
[2019.09.29-02.49.57:596][671]LogWindows: Error: [Callstack] 0x00007ffed4c1ca24 UE4Editor-Engine.dll!UnknownFunction []
[2019.09.29-02.49.57:596][671]LogWindows: Error: [Callstack] 0x00007ffee851792f UE4Editor-Game-1876.dll!APioneerController::PlayerTick() [d:\unreal projects\game\source\game\pioneercontroller.cpp:20]
[2019.09.29-02.49.57:596][671]LogWindows: Error: [Callstack] 0x00007ffed4c30241 UE4Editor-Engine.dll!UnknownFunction []
[2019.09.29-02.49.57:596][671]LogWindows: Error: [Callstack] 0x00007ffed3f28a31 UE4Editor-Engine.dll!UnknownFunction []
[2019.09.29-02.49.57:596][671]LogWindows: Error: [Callstack] 0x00007ffed4fbf9b3 UE4Editor-Engine.dll!UnknownFunction []
[2019.09.29-02.49.57:596][671]LogWindows: Error: [Callstack] 0x00007ffed4fccba7 UE4Editor-Engine.dll!UnknownFunction []
[2019.09.29-02.49.57:596][671]LogWindows: Error: [Callstack] 0x00007ffee6344e4a UE4Editor-Core.dll!UnknownFunction []
[2019.09.29-02.49.57:597][671]LogWindows: Error: [Callstack] 0x00007ffee63451f3 UE4Editor-Core.dll!UnknownFunction []
[2019.09.29-02.49.57:597][671]LogWindows: Error: [Callstack] 0x00007ffee63551f9 UE4Editor-Core.dll!UnknownFunction []
[2019.09.29-02.49.57:597][671]LogWindows: Error: [Callstack] 0x00007ffed4febfa0 UE4Editor-Engine.dll!UnknownFunction []
[2019.09.29-02.49.57:597][671]LogWindows: Error: [Callstack] 0x00007ffed4ff1ed2 UE4Editor-Engine.dll!UnknownFunction []
[2019.09.29-02.49.57:597][671]LogWindows: Error: [Callstack] 0x00007ffed47e6e1f UE4Editor-Engine.dll!UnknownFunction []
[2019.09.29-02.49.57:597][671]LogWindows: Error: [Callstack] 0x00007ffed47f1f38 UE4Editor-Engine.dll!UnknownFunction []
[2019.09.29-02.49.57:597][671]LogWindows: Error: [Callstack] 0x00007ffec520e00b UE4Editor-UnrealEd.dll!UnknownFunction []
[2019.09.29-02.49.57:597][671]LogWindows: Error: [Callstack] 0x00007ffec5a64b16 UE4Editor-UnrealEd.dll!UnknownFunction []
[2019.09.29-02.49.57:597][671]LogWindows: Error: [Callstack] 0x00007ff673217b0a UE4Editor.exe!UnknownFunction []
[2019.09.29-02.49.57:597][671]LogWindows: Error: [Callstack] 0x00007ff67322a91c UE4Editor.exe!UnknownFunction []
[2019.09.29-02.49.57:597][671]LogWindows: Error: [Callstack] 0x00007ff67322a9fa UE4Editor.exe!UnknownFunction []
[2019.09.29-02.49.57:597][671]LogWindows: Error: [Callstack] 0x00007ff67323b92c UE4Editor.exe!UnknownFunction []
[2019.09.29-02.49.57:597][671]LogWindows: Error: [Callstack] 0x00007ff67323e60e UE4Editor.exe!UnknownFunction []
[2019.09.29-02.49.57:597][671]LogWindows: Error: [Callstack] 0x00007fff15607974 KERNEL32.DLL!UnknownFunction []
[2019.09.29-02.49.57:597][671]LogWindows: Error: [Callstack] 0x00007fff15aaa271 ntdll.dll!UnknownFunction []
[2019.09.29-02.49.57:597][671]LogWindows: Error: 
[2019.09.29-02.49.57:610][671]LogExit: Executing StaticShutdownAfterError
[2019.09.29-02.49.57:613][671]LogWindows: FPlatformMisc::RequestExit(1)
[2019.09.29-02.49.57:627][671]Log file closed, 09/29/19 11:49:57
