Log file open, 09/29/19 02:25:08
LogWindows: Failed to load 'aqProf.dll' (GetLastError=126)
LogWindows: File 'aqProf.dll' does not exist
LogWindows: Failed to load 'VtuneApi.dll' (GetLastError=126)
LogWindows: File 'VtuneApi.dll' does not exist
LogWindows: Failed to load 'VtuneApi32e.dll' (GetLastError=126)
LogWindows: File 'VtuneApi32e.dll' does not exist
LogConsoleResponse: Display: Failed to find resolution value strings in scalability ini. Falling back to default.
LogInit: Display: Running engine for game: Game
LogPlatformFile: Not using cached read wrapper
LogTaskGraph: Started task graph with 5 named threads and 23 total threads with 3 sets of task threads.
LogStats: Stats thread started at 0.097640
LogD3D11RHI: Loaded GFSDK_Aftermath_Lib.x64.dll
LogICUInternationalization: ICU TimeZone Detection - Raw Offset: +9:00, Platform Override: ''
LogPluginManager: Mounting plugin Paper2D
LogPluginManager: Mounting plugin AISupport
LogPluginManager: Mounting plugin LightPropagationVolume
LogPluginManager: Mounting plugin ActorLayerUtilities
LogPluginManager: Mounting plugin AnimationSharing
LogPluginManager: Mounting plugin CLionSourceCodeAccess
LogPluginManager: Mounting plugin CodeLiteSourceCodeAccess
LogPluginManager: Mounting plugin GitSourceControl
LogPluginManager: Mounting plugin KDevelopSourceCodeAccess
LogPluginManager: Mounting plugin NullSourceCodeAccess
LogPluginManager: Mounting plugin PerforceSourceControl
LogPluginManager: Mounting plugin SubversionSourceControl
LogPluginManager: Mounting plugin UObjectPlugin
LogPluginManager: Mounting plugin VisualStudioCodeSourceCodeAccess
LogPluginManager: Mounting plugin VisualStudioSourceCodeAccess
LogPluginManager: Mounting plugin XCodeSourceCodeAccess
LogPluginManager: Mounting plugin AssetManagerEditor
LogPluginManager: Mounting plugin CryptoKeys
LogPluginManager: Mounting plugin CurveEditorTools
LogPluginManager: Mounting plugin DataValidation
LogPluginManager: Mounting plugin FacialAnimation
LogPluginManager: Mounting plugin GameplayTagsEditor
LogPluginManager: Mounting plugin MacGraphicsSwitching
LogPluginManager: Mounting plugin MaterialAnalyzer
LogPluginManager: Mounting plugin MobileLauncherProfileWizard
LogPluginManager: Mounting plugin PluginBrowser
LogPluginManager: Mounting plugin SpeedTreeImporter
LogPluginManager: Mounting plugin DatasmithContent
LogPluginManager: Mounting plugin VariantManagerContent
LogPluginManager: Mounting plugin AlembicImporter
LogPluginManager: Mounting plugin AutomationUtils
LogPluginManager: Mounting plugin BackChannel
LogPluginManager: Mounting plugin CharacterAI
LogPluginManager: Mounting plugin GeometryCache
LogPluginManager: Mounting plugin HTML5Networking
LogPluginManager: Mounting plugin PlatformCrypto
LogPluginManager: Mounting plugin ProxyLODPlugin
LogPluginManager: Mounting plugin SkeletalReduction
LogPluginManager: Mounting plugin MagicLeap
LogPluginManager: Mounting plugin MagicLeapMedia
LogPluginManager: Mounting plugin AndroidMedia
LogPluginManager: Mounting plugin AvfMedia
LogPluginManager: Mounting plugin ImgMedia
LogPluginManager: Mounting plugin MediaCompositing
LogPluginManager: Mounting plugin MediaPlayerEditor
LogPluginManager: Mounting plugin WebMMedia
LogPluginManager: Mounting plugin WmfMedia
LogPluginManager: Mounting plugin TcpMessaging
LogPluginManager: Mounting plugin UdpMessaging
LogPluginManager: Mounting plugin ActorSequence
LogPluginManager: Mounting plugin LevelSequenceEditor
LogPluginManager: Mounting plugin MatineeToLevelSequence
LogPluginManager: Mounting plugin NetcodeUnitTest
LogPluginManager: Mounting plugin NUTUnrealEngine4
LogPluginManager: Mounting plugin OnlineSubsystemGooglePlay
LogPluginManager: Mounting plugin OnlineSubsystemIOS
LogPluginManager: Mounting plugin OnlineSubsystem
LogPluginManager: Mounting plugin OnlineSubsystemNull
LogPluginManager: Mounting plugin OnlineSubsystemUtils
LogPluginManager: Mounting plugin LauncherChunkInstaller
LogPluginManager: Mounting plugin AndroidDeviceProfileSelector
LogPluginManager: Mounting plugin AndroidMoviePlayer
LogPluginManager: Mounting plugin AndroidPermission
LogPluginManager: Mounting plugin AppleImageUtils
LogPluginManager: Mounting plugin AppleMoviePlayer
LogPluginManager: Mounting plugin ArchVisCharacter
LogPluginManager: Mounting plugin AudioCapture
LogPluginManager: Mounting plugin CableComponent
LogPluginManager: Mounting plugin CustomMeshComponent
LogPluginManager: Mounting plugin EditableMesh
LogPluginManager: Mounting plugin ExampleDeviceProfileSelector
LogPluginManager: Mounting plugin GoogleCloudMessaging
LogPluginManager: Mounting plugin IOSDeviceProfileSelector
LogPluginManager: Mounting plugin LinuxDeviceProfileSelector
LogPluginManager: Mounting plugin LocationServicesBPLibrary
LogPluginManager: Mounting plugin MobilePatchingUtils
LogPluginManager: Mounting plugin OculusVR
LogPluginManager: Mounting plugin PhysXVehicles
LogPluginManager: Mounting plugin ProceduralMeshComponent
LogPluginManager: Mounting plugin RuntimePhysXCooking
LogPluginManager: Mounting plugin SignificanceManager
LogPluginManager: Mounting plugin SteamVR
LogPluginManager: Mounting plugin WebMMoviePlayer
LogPluginManager: Mounting plugin WindowsMoviePlayer
LogPluginManager: Mounting plugin ScreenshotTools
LogInit: Using libcurl 7.55.1-DEV
LogInit:  - built for x86_64-pc-win32
LogInit:  - supports SSL with OpenSSL/1.1.1
LogInit:  - supports HTTP deflate (compression) using libz 1.2.8
LogInit:  - other features:
LogInit:      CURL_VERSION_SSL
LogInit:      CURL_VERSION_LIBZ
LogInit:      CURL_VERSION_IPV6
LogInit:      CURL_VERSION_ASYNCHDNS
LogInit:      CURL_VERSION_LARGEFILE
LogInit:      CURL_VERSION_IDN
LogInit:  CurlRequestOptions (configurable via config and command line):
LogInit:  - bVerifyPeer = true  - Libcurl will verify peer certificate
LogInit:  - bUseHttpProxy = false  - Libcurl will NOT use HTTP proxy
LogInit:  - bDontReuseConnections = false  - Libcurl will reuse connections
LogInit:  - MaxHostConnections = 16  - Libcurl will limit the number of connections to a host
LogInit:  - LocalHostAddr = Default
LogInit:  - BufferSize = 65536
LogOnline: OSS: Creating online subsystem instance for: NULL
LogInit: WinSock: version 1.1 (2.2), MaxSocks=32767, MaxUdp=65467
LogInit: Build: ++UE4+Release-4.23-CL-8386587
LogInit: Engine Version: 4.23.0-8386587+++UE4+Release-4.23
LogInit: Compatible Engine Version: 4.23.0-8386587+++UE4+Release-4.23
LogInit: Net CL: 8386587
LogInit: OS: Windows 10 (Release 1809) (), CPU: Intel(R) Core(TM) i7-4770 CPU @ 3.40GHz, GPU: NVIDIA GeForce GTX 760
LogInit: Compiled (64-bit): Aug 31 2019 02:04:44
LogInit: Compiled with Visual C++: 19.16.27030.01
LogInit: Build Configuration: Development
LogInit: Branch Name: ++UE4+Release-4.23
LogInit: Command Line: 
LogInit: Base Directory: H:/Program Files (x86)/UE_4.23/Engine/Binaries/Win64/
LogInit: Installed Engine Build: 1
LogDevObjectVersion: Number of dev versions registered: 23
LogDevObjectVersion:   Dev-Blueprints (B0D832E4-1F89-4F0D-ACCF-7EB736FD4AA2): 10
LogDevObjectVersion:   Dev-Build (E1C64328-A22C-4D53-A36C-8E866417BD8C): 0
LogDevObjectVersion:   Dev-Core (375EC13C-06E4-48FB-B500-84F0262A717E): 3
LogDevObjectVersion:   Dev-Editor (E4B068ED-F494-42E9-A231-DA0B2E46BB41): 34
LogDevObjectVersion:   Dev-Framework (CFFC743F-43B0-4480-9391-14DF171D2073): 35
LogDevObjectVersion:   Dev-Mobile (B02B49B5-BB20-44E9-A304-32B752E40360): 2
LogDevObjectVersion:   Dev-Networking (A4E4105C-59A1-49B5-A7C5-40C4547EDFEE): 0
LogDevObjectVersion:   Dev-Online (39C831C9-5AE6-47DC-9A44-9C173E1C8E7C): 0
LogDevObjectVersion:   Dev-Physics (78F01B33-EBEA-4F98-B9B4-84EACCB95AA2): 0
LogDevObjectVersion:   Dev-Platform (6631380F-2D4D-43E0-8009-CF276956A95A): 0
LogDevObjectVersion:   Dev-Rendering (12F88B9F-8875-4AFC-A67C-D90C383ABD29): 31
LogDevObjectVersion:   Dev-Sequencer (7B5AE74C-D270-4C10-A958-57980B212A5A): 11
LogDevObjectVersion:   Dev-VR (D7296918-1DD6-4BDD-9DE2-64A83CC13884): 2
LogDevObjectVersion:   Dev-LoadTimes (C2A15278-BFE7-4AFE-6C17-90FF531DF755): 1
LogDevObjectVersion:   Private-Geometry (6EACA3D4-40EC-4CC1-B786-8BED09428FC5): 3
LogDevObjectVersion:   Dev-AnimPhys (29E575DD-E0A3-4627-9D10-D276232CDCEA): 17
LogDevObjectVersion:   Dev-Anim (AF43A65D-7FD3-4947-9873-3E8ED9C1BB05): 2
LogDevObjectVersion:   Dev-ReflectionCapture (6B266CEC-1EC7-4B8F-A30B-E4D90942FC07): 1
LogDevObjectVersion:   Dev-Automation (0DF73D61-A23F-47EA-B727-89E90C41499A): 1
LogDevObjectVersion:   FortniteMain (601D1886-AC64-4F84-AA16-D3DE0DEAC7D6): 27
LogDevObjectVersion:   Dev-Enterprise (9DFFBCD6-494F-0158-E221-12823C92A888): 6
LogDevObjectVersion:   Dev-Niagara (F2AED0AC-9AFE-416F-8664-AA7FFA26D6FC): 1
LogDevObjectVersion:   Dev-Destruction (174F1F0B-B4C6-45A5-B13F-2EE8D0FB917D): 9
LogInit: Presizing for max 16777216 objects, including 0 objects not considered by GC, pre-allocating 0 bytes for permanent pool.
LogInit: Object subsystem initialized
LogConfig: Setting CVar [[con.DebugEarlyDefault:1]]
LogConfig: Setting CVar [[r.setres:1280x720]]
[2019.09.28-17.25.08:787][  0]LogConfig: Setting CVar [[r.VSync:0]]
[2019.09.28-17.25.08:787][  0]LogConfig: Setting CVar [[r.RHICmdBypass:0]]
[2019.09.28-17.25.08:787][  0]LogConfig: Applying CVar settings from Section [/Script/Engine.RendererSettings] File [D:/Unreal Projects/Game/Saved/Config/Windows/Engine.ini]
[2019.09.28-17.25.08:787][  0]LogConfig: Setting CVar [[r.GPUCrashDebugging:0]]
[2019.09.28-17.25.08:787][  0]LogConfig: Setting CVar [[r.DefaultFeature.AutoExposure.ExtendDefaultLuminanceRange:1]]
[2019.09.28-17.25.08:787][  0]LogConfig: Applying CVar settings from Section [/Script/Engine.RendererOverrideSettings] File [D:/Unreal Projects/Game/Saved/Config/Windows/Engine.ini]
[2019.09.28-17.25.08:787][  0]LogConfig: Applying CVar settings from Section [/Script/Engine.StreamingSettings] File [D:/Unreal Projects/Game/Saved/Config/Windows/Engine.ini]
[2019.09.28-17.25.08:787][  0]LogConfig: Setting CVar [[s.MinBulkDataSizeForAsyncLoading:131072]]
[2019.09.28-17.25.08:787][  0]LogConfig: Setting CVar [[s.AsyncLoadingThreadEnabled:0]]
[2019.09.28-17.25.08:787][  0]LogConfig: Setting CVar [[s.EventDrivenLoaderEnabled:1]]
[2019.09.28-17.25.08:787][  0]LogConfig: Setting CVar [[s.WarnIfTimeLimitExceeded:0]]
[2019.09.28-17.25.08:787][  0]LogConfig: Setting CVar [[s.TimeLimitExceededMultiplier:1.5]]
[2019.09.28-17.25.08:787][  0]LogConfig: Setting CVar [[s.TimeLimitExceededMinTime:0.005]]
[2019.09.28-17.25.08:787][  0]LogConfig: Setting CVar [[s.UseBackgroundLevelStreaming:1]]
[2019.09.28-17.25.08:787][  0]LogConfig: Setting CVar [[s.PriorityAsyncLoadingExtraTime:15.0]]
[2019.09.28-17.25.08:787][  0]LogConfig: Setting CVar [[s.LevelStreamingActorsUpdateTimeLimit:5.0]]
[2019.09.28-17.25.08:787][  0]LogConfig: Setting CVar [[s.PriorityLevelStreamingActorsUpdateExtraTime:5.0]]
[2019.09.28-17.25.08:787][  0]LogConfig: Setting CVar [[s.LevelStreamingComponentsRegistrationGranularity:10]]
[2019.09.28-17.25.08:787][  0]LogConfig: Setting CVar [[s.UnregisterComponentsTimeLimit:1.0]]
[2019.09.28-17.25.08:787][  0]LogConfig: Setting CVar [[s.LevelStreamingComponentsUnregistrationGranularity:5]]
[2019.09.28-17.25.08:787][  0]LogConfig: Applying CVar settings from Section [/Script/Engine.GarbageCollectionSettings] File [D:/Unreal Projects/Game/Saved/Config/Windows/Engine.ini]
[2019.09.28-17.25.08:787][  0]LogConfig: Setting CVar [[gc.MaxObjectsNotConsideredByGC:1]]
[2019.09.28-17.25.08:787][  0]LogConfig: Setting CVar [[gc.SizeOfPermanentObjectPool:0]]
[2019.09.28-17.25.08:787][  0]LogConfig: Setting CVar [[gc.FlushStreamingOnGC:0]]
[2019.09.28-17.25.08:787][  0]LogConfig: Setting CVar [[gc.NumRetriesBeforeForcingGC:10]]
[2019.09.28-17.25.08:787][  0]LogConfig: Setting CVar [[gc.AllowParallelGC:1]]
[2019.09.28-17.25.08:787][  0]LogConfig: Setting CVar [[gc.TimeBetweenPurgingPendingKillObjects:61.1]]
[2019.09.28-17.25.08:788][  0]LogConfig: Setting CVar [[gc.MaxObjectsInEditor:16777216]]
[2019.09.28-17.25.08:788][  0]LogConfig: Setting CVar [[gc.IncrementalBeginDestroyEnabled:1]]
[2019.09.28-17.25.08:788][  0]LogConfig: Setting CVar [[gc.CreateGCClusters:1]]
[2019.09.28-17.25.08:788][  0]LogConfig: Setting CVar [[gc.MinGCClusterSize:5]]
[2019.09.28-17.25.08:788][  0]LogConfig: Setting CVar [[gc.ActorClusteringEnabled:0]]
[2019.09.28-17.25.08:788][  0]LogConfig: Setting CVar [[gc.BlueprintClusteringEnabled:0]]
[2019.09.28-17.25.08:788][  0]LogConfig: Setting CVar [[gc.UseDisregardForGCOnDedicatedServers:0]]
[2019.09.28-17.25.08:788][  0]LogConfig: Applying CVar settings from Section [/Script/Engine.NetworkSettings] File [D:/Unreal Projects/Game/Saved/Config/Windows/Engine.ini]
[2019.09.28-17.25.08:788][  0]LogConfig: Applying CVar settings from Section [/Script/UnrealEd.CookerSettings] File [D:/Unreal Projects/Game/Saved/Config/Windows/Engine.ini]
[2019.09.28-17.25.08:800][  0]LogConfig: Applying CVar settings from Section [ViewDistanceQuality@3] File [D:/Unreal Projects/Game/Saved/Config/Windows/Scalability.ini]
[2019.09.28-17.25.08:800][  0]LogConfig: Setting CVar [[r.SkeletalMeshLODBias:0]]
[2019.09.28-17.25.08:800][  0]LogConfig: Setting CVar [[r.ViewDistanceScale:1.0]]
[2019.09.28-17.25.08:800][  0]LogConfig: Applying CVar settings from Section [AntiAliasingQuality@3] File [D:/Unreal Projects/Game/Saved/Config/Windows/Scalability.ini]
[2019.09.28-17.25.08:800][  0]LogConfig: Setting CVar [[r.PostProcessAAQuality:4]]
[2019.09.28-17.25.08:800][  0]LogConfig: Applying CVar settings from Section [ShadowQuality@3] File [D:/Unreal Projects/Game/Saved/Config/Windows/Scalability.ini]
[2019.09.28-17.25.08:800][  0]LogConfig: Setting CVar [[r.LightFunctionQuality:1]]
[2019.09.28-17.25.08:800][  0]LogConfig: Setting CVar [[r.ShadowQuality:5]]
[2019.09.28-17.25.08:800][  0]LogConfig: Setting CVar [[r.Shadow.CSM.MaxCascades:10]]
[2019.09.28-17.25.08:800][  0]LogConfig: Setting CVar [[r.Shadow.MaxResolution:2048]]
[2019.09.28-17.25.08:800][  0]LogConfig: Setting CVar [[r.Shadow.MaxCSMResolution:2048]]
[2019.09.28-17.25.08:801][  0]LogConfig: Setting CVar [[r.Shadow.RadiusThreshold:0.01]]
[2019.09.28-17.25.08:801][  0]LogConfig: Setting CVar [[r.Shadow.DistanceScale:1.0]]
[2019.09.28-17.25.08:801][  0]LogConfig: Setting CVar [[r.Shadow.CSM.TransitionScale:1.0]]
[2019.09.28-17.25.08:801][  0]LogConfig: Setting CVar [[r.Shadow.PreShadowResolutionFactor:1.0]]
[2019.09.28-17.25.08:801][  0]LogConfig: Setting CVar [[r.DistanceFieldShadowing:1]]
[2019.09.28-17.25.08:801][  0]LogConfig: Setting CVar [[r.DistanceFieldAO:1]]
[2019.09.28-17.25.08:801][  0]LogConfig: Setting CVar [[r.AOQuality:2]]
[2019.09.28-17.25.08:801][  0]LogConfig: Setting CVar [[r.VolumetricFog:1]]
[2019.09.28-17.25.08:801][  0]LogConfig: Setting CVar [[r.VolumetricFog.GridPixelSize:8]]
[2019.09.28-17.25.08:801][  0]LogConfig: Setting CVar [[r.VolumetricFog.GridSizeZ:128]]
[2019.09.28-17.25.08:801][  0]LogConfig: Setting CVar [[r.VolumetricFog.HistoryMissSupersampleCount:4]]
[2019.09.28-17.25.08:801][  0]LogConfig: Setting CVar [[r.LightMaxDrawDistanceScale:1]]
[2019.09.28-17.25.08:801][  0]LogConfig: Setting CVar [[r.CapsuleShadows:1]]
[2019.09.28-17.25.08:801][  0]LogConfig: Applying CVar settings from Section [PostProcessQuality@3] File [D:/Unreal Projects/Game/Saved/Config/Windows/Scalability.ini]
[2019.09.28-17.25.08:801][  0]LogConfig: Setting CVar [[r.MotionBlurQuality:4]]
[2019.09.28-17.25.08:801][  0]LogConfig: Setting CVar [[r.AmbientOcclusionMipLevelFactor:0.4]]
[2019.09.28-17.25.08:801][  0]LogConfig: Setting CVar [[r.AmbientOcclusionMaxQuality:100]]
[2019.09.28-17.25.08:801][  0]LogConfig: Setting CVar [[r.AmbientOcclusionLevels:-1]]
[2019.09.28-17.25.08:801][  0]LogConfig: Setting CVar [[r.AmbientOcclusionRadiusScale:1.0]]
[2019.09.28-17.25.08:801][  0]LogConfig: Setting CVar [[r.DepthOfFieldQuality:2]]
[2019.09.28-17.25.08:801][  0]LogConfig: Setting CVar [[r.RenderTargetPoolMin:400]]
[2019.09.28-17.25.08:801][  0]LogConfig: Setting CVar [[r.LensFlareQuality:2]]
[2019.09.28-17.25.08:801][  0]LogConfig: Setting CVar [[r.SceneColorFringeQuality:1]]
[2019.09.28-17.25.08:801][  0]LogConfig: Setting CVar [[r.EyeAdaptationQuality:2]]
[2019.09.28-17.25.08:801][  0]LogConfig: Setting CVar [[r.BloomQuality:5]]
[2019.09.28-17.25.08:801][  0]LogConfig: Setting CVar [[r.FastBlurThreshold:100]]
[2019.09.28-17.25.08:801][  0]LogConfig: Setting CVar [[r.Upscale.Quality:3]]
[2019.09.28-17.25.08:801][  0]LogConfig: Setting CVar [[r.Tonemapper.GrainQuantization:1]]
[2019.09.28-17.25.08:801][  0]LogConfig: Setting CVar [[r.LightShaftQuality:1]]
[2019.09.28-17.25.08:801][  0]LogConfig: Setting CVar [[r.Filter.SizeScale:1]]
[2019.09.28-17.25.08:801][  0]LogConfig: Setting CVar [[r.Tonemapper.Quality:5]]
[2019.09.28-17.25.08:801][  0]LogConfig: Setting CVar [[r.DOF.Gather.AccumulatorQuality:1        ; higher gathering accumulator quality]]
[2019.09.28-17.25.08:801][  0]LogConfig: Setting CVar [[r.DOF.Gather.PostfilterMethod:1          ; Median3x3 postfilering method]]
[2019.09.28-17.25.08:801][  0]LogConfig: Setting CVar [[r.DOF.Gather.EnableBokehSettings:0       ; no bokeh simulation when gathering]]
[2019.09.28-17.25.08:801][  0]LogConfig: Setting CVar [[r.DOF.Gather.RingCount:4                 ; medium number of samples when gathering]]
[2019.09.28-17.25.08:801][  0]LogConfig: Setting CVar [[r.DOF.Scatter.ForegroundCompositing:1    ; additive foreground scattering]]
[2019.09.28-17.25.08:801][  0]LogConfig: Setting CVar [[r.DOF.Scatter.BackgroundCompositing:2    ; additive background scattering]]
[2019.09.28-17.25.08:801][  0]LogConfig: Setting CVar [[r.DOF.Scatter.EnableBokehSettings:1      ; bokeh simulation when scattering]]
[2019.09.28-17.25.08:801][  0]LogConfig: Setting CVar [[r.DOF.Scatter.MaxSpriteRatio:0.1         ; only a maximum of 10% of scattered bokeh]]
[2019.09.28-17.25.08:801][  0]LogConfig: Setting CVar [[r.DOF.Recombine.Quality:1                ; cheap slight out of focus]]
[2019.09.28-17.25.08:801][  0]LogConfig: Setting CVar [[r.DOF.Recombine.EnableBokehSettings:0    ; no bokeh simulation on slight out of focus]]
[2019.09.28-17.25.08:801][  0]LogConfig: Setting CVar [[r.DOF.TemporalAAQuality:1                ; more stable temporal accumulation]]
[2019.09.28-17.25.08:801][  0]LogConfig: Setting CVar [[r.DOF.Kernel.MaxForegroundRadius:0.025]]
[2019.09.28-17.25.08:801][  0]LogConfig: Setting CVar [[r.DOF.Kernel.MaxBackgroundRadius:0.025]]
[2019.09.28-17.25.08:801][  0]LogConfig: Applying CVar settings from Section [TextureQuality@3] File [D:/Unreal Projects/Game/Saved/Config/Windows/Scalability.ini]
[2019.09.28-17.25.08:801][  0]LogConfig: Setting CVar [[r.Streaming.MipBias:0]]
[2019.09.28-17.25.08:801][  0]LogConfig: Setting CVar [[r.Streaming.AmortizeCPUToGPUCopy:0]]
[2019.09.28-17.25.08:801][  0]LogConfig: Setting CVar [[r.Streaming.MaxNumTexturesToStreamPerFrame:0]]
[2019.09.28-17.25.08:801][  0]LogConfig: Setting CVar [[r.Streaming.Boost:1]]
[2019.09.28-17.25.08:801][  0]LogConfig: Setting CVar [[r.MaxAnisotropy:8]]
[2019.09.28-17.25.08:801][  0]LogConfig: Setting CVar [[r.Streaming.LimitPoolSizeToVRAM:0]]
[2019.09.28-17.25.08:801][  0]LogConfig: Setting CVar [[r.Streaming.PoolSize:1000]]
[2019.09.28-17.25.08:801][  0]LogConfig: Setting CVar [[r.Streaming.MaxEffectiveScreenSize:0]]
[2019.09.28-17.25.08:801][  0]LogConfig: Applying CVar settings from Section [EffectsQuality@3] File [D:/Unreal Projects/Game/Saved/Config/Windows/Scalability.ini]
[2019.09.28-17.25.08:801][  0]LogConfig: Setting CVar [[r.TranslucencyLightingVolumeDim:64]]
[2019.09.28-17.25.08:801][  0]LogConfig: Setting CVar [[r.RefractionQuality:2]]
[2019.09.28-17.25.08:801][  0]LogConfig: Setting CVar [[r.SSR.Quality:3]]
[2019.09.28-17.25.08:801][  0]LogConfig: Setting CVar [[r.SceneColorFormat:4]]
[2019.09.28-17.25.08:801][  0]LogConfig: Setting CVar [[r.DetailMode:2]]
[2019.09.28-17.25.08:801][  0]LogConfig: Setting CVar [[r.TranslucencyVolumeBlur:1]]
[2019.09.28-17.25.08:801][  0]LogConfig: Setting CVar [[r.MaterialQualityLevel:1 ; High quality]]
[2019.09.28-17.25.08:801][  0]LogConfig: Setting CVar [[r.SSS.Scale:1]]
[2019.09.28-17.25.08:801][  0]LogConfig: Setting CVar [[r.SSS.SampleSet:2]]
[2019.09.28-17.25.08:801][  0]LogConfig: Setting CVar [[r.SSS.Quality:1]]
[2019.09.28-17.25.08:801][  0]LogConfig: Setting CVar [[r.SSS.HalfRes:1]]
[2019.09.28-17.25.08:801][  0]LogConfig: Setting CVar [[r.EmitterSpawnRateScale:1.0]]
[2019.09.28-17.25.08:801][  0]LogConfig: Setting CVar [[r.ParticleLightQuality:2]]
[2019.09.28-17.25.08:801][  0]LogConfig: Applying CVar settings from Section [FoliageQuality@3] File [D:/Unreal Projects/Game/Saved/Config/Windows/Scalability.ini]
[2019.09.28-17.25.08:801][  0]LogConfig: Setting CVar [[foliage.DensityScale:1.0]]
[2019.09.28-17.25.08:801][  0]LogConfig: Setting CVar [[grass.DensityScale:1.0]]
[2019.09.28-17.25.08:801][  0]LogInit: Selected Device Profile: [Windows]
[2019.09.28-17.25.08:801][  0]LogInit: Applying CVar settings loaded from the selected device profile: [Windows]
[2019.09.28-17.25.08:805][  0]LogHAL: Display: Platform has ~ 16 GB [17114546176 / 17179869184 / 16], which maps to Larger [LargestMinGB=32, LargerMinGB=12, DefaultMinGB=8, SmallerMinGB=6, SmallestMinGB=0)
[2019.09.28-17.25.08:805][  0]LogInit: Going up to parent DeviceProfile []
[2019.09.28-17.25.08:805][  0]LogConfig: Applying CVar settings from Section [ViewDistanceQuality@3] File [D:/Unreal Projects/Game/Saved/Config/Windows/Scalability.ini]
[2019.09.28-17.25.08:805][  0]LogConfig: Setting CVar [[r.SkeletalMeshLODBias:0]]
[2019.09.28-17.25.08:805][  0]LogConfig: Setting CVar [[r.ViewDistanceScale:1.0]]
[2019.09.28-17.25.08:805][  0]LogConfig: Applying CVar settings from Section [AntiAliasingQuality@3] File [D:/Unreal Projects/Game/Saved/Config/Windows/Scalability.ini]
[2019.09.28-17.25.08:805][  0]LogConfig: Setting CVar [[r.PostProcessAAQuality:4]]
[2019.09.28-17.25.08:805][  0]LogConfig: Applying CVar settings from Section [ShadowQuality@3] File [D:/Unreal Projects/Game/Saved/Config/Windows/Scalability.ini]
[2019.09.28-17.25.08:805][  0]LogConfig: Setting CVar [[r.LightFunctionQuality:1]]
[2019.09.28-17.25.08:805][  0]LogConfig: Setting CVar [[r.ShadowQuality:5]]
[2019.09.28-17.25.08:805][  0]LogConfig: Setting CVar [[r.Shadow.CSM.MaxCascades:10]]
[2019.09.28-17.25.08:805][  0]LogConfig: Setting CVar [[r.Shadow.MaxResolution:2048]]
[2019.09.28-17.25.08:805][  0]LogConfig: Setting CVar [[r.Shadow.MaxCSMResolution:2048]]
[2019.09.28-17.25.08:805][  0]LogConfig: Setting CVar [[r.Shadow.RadiusThreshold:0.01]]
[2019.09.28-17.25.08:805][  0]LogConfig: Setting CVar [[r.Shadow.DistanceScale:1.0]]
[2019.09.28-17.25.08:805][  0]LogConfig: Setting CVar [[r.Shadow.CSM.TransitionScale:1.0]]
[2019.09.28-17.25.08:805][  0]LogConfig: Setting CVar [[r.Shadow.PreShadowResolutionFactor:1.0]]
[2019.09.28-17.25.08:805][  0]LogConfig: Setting CVar [[r.DistanceFieldShadowing:1]]
[2019.09.28-17.25.08:805][  0]LogConfig: Setting CVar [[r.DistanceFieldAO:1]]
[2019.09.28-17.25.08:805][  0]LogConfig: Setting CVar [[r.AOQuality:2]]
[2019.09.28-17.25.08:805][  0]LogConfig: Setting CVar [[r.VolumetricFog:1]]
[2019.09.28-17.25.08:805][  0]LogConfig: Setting CVar [[r.VolumetricFog.GridPixelSize:8]]
[2019.09.28-17.25.08:805][  0]LogConfig: Setting CVar [[r.VolumetricFog.GridSizeZ:128]]
[2019.09.28-17.25.08:805][  0]LogConfig: Setting CVar [[r.VolumetricFog.HistoryMissSupersampleCount:4]]
[2019.09.28-17.25.08:805][  0]LogConfig: Setting CVar [[r.LightMaxDrawDistanceScale:1]]
[2019.09.28-17.25.08:805][  0]LogConfig: Setting CVar [[r.CapsuleShadows:1]]
[2019.09.28-17.25.08:805][  0]LogConfig: Applying CVar settings from Section [PostProcessQuality@3] File [D:/Unreal Projects/Game/Saved/Config/Windows/Scalability.ini]
[2019.09.28-17.25.08:805][  0]LogConfig: Setting CVar [[r.MotionBlurQuality:4]]
[2019.09.28-17.25.08:805][  0]LogConfig: Setting CVar [[r.AmbientOcclusionMipLevelFactor:0.4]]
[2019.09.28-17.25.08:805][  0]LogConfig: Setting CVar [[r.AmbientOcclusionMaxQuality:100]]
[2019.09.28-17.25.08:805][  0]LogConfig: Setting CVar [[r.AmbientOcclusionLevels:-1]]
[2019.09.28-17.25.08:805][  0]LogConfig: Setting CVar [[r.AmbientOcclusionRadiusScale:1.0]]
[2019.09.28-17.25.08:805][  0]LogConfig: Setting CVar [[r.DepthOfFieldQuality:2]]
[2019.09.28-17.25.08:805][  0]LogConfig: Setting CVar [[r.RenderTargetPoolMin:400]]
[2019.09.28-17.25.08:805][  0]LogConfig: Setting CVar [[r.LensFlareQuality:2]]
[2019.09.28-17.25.08:805][  0]LogConfig: Setting CVar [[r.SceneColorFringeQuality:1]]
[2019.09.28-17.25.08:805][  0]LogConfig: Setting CVar [[r.EyeAdaptationQuality:2]]
[2019.09.28-17.25.08:805][  0]LogConfig: Setting CVar [[r.BloomQuality:5]]
[2019.09.28-17.25.08:805][  0]LogConfig: Setting CVar [[r.FastBlurThreshold:100]]
[2019.09.28-17.25.08:805][  0]LogConfig: Setting CVar [[r.Upscale.Quality:3]]
[2019.09.28-17.25.08:805][  0]LogConfig: Setting CVar [[r.Tonemapper.GrainQuantization:1]]
[2019.09.28-17.25.08:805][  0]LogConfig: Setting CVar [[r.LightShaftQuality:1]]
[2019.09.28-17.25.08:805][  0]LogConfig: Setting CVar [[r.Filter.SizeScale:1]]
[2019.09.28-17.25.08:805][  0]LogConfig: Setting CVar [[r.Tonemapper.Quality:5]]
[2019.09.28-17.25.08:805][  0]LogConfig: Setting CVar [[r.DOF.Gather.AccumulatorQuality:1        ; higher gathering accumulator quality]]
[2019.09.28-17.25.08:805][  0]LogConfig: Setting CVar [[r.DOF.Gather.PostfilterMethod:1          ; Median3x3 postfilering method]]
[2019.09.28-17.25.08:805][  0]LogConfig: Setting CVar [[r.DOF.Gather.EnableBokehSettings:0       ; no bokeh simulation when gathering]]
[2019.09.28-17.25.08:805][  0]LogConfig: Setting CVar [[r.DOF.Gather.RingCount:4                 ; medium number of samples when gathering]]
[2019.09.28-17.25.08:805][  0]LogConfig: Setting CVar [[r.DOF.Scatter.ForegroundCompositing:1    ; additive foreground scattering]]
[2019.09.28-17.25.08:805][  0]LogConfig: Setting CVar [[r.DOF.Scatter.BackgroundCompositing:2    ; additive background scattering]]
[2019.09.28-17.25.08:806][  0]LogConfig: Setting CVar [[r.DOF.Scatter.EnableBokehSettings:1      ; bokeh simulation when scattering]]
[2019.09.28-17.25.08:806][  0]LogConfig: Setting CVar [[r.DOF.Scatter.MaxSpriteRatio:0.1         ; only a maximum of 10% of scattered bokeh]]
[2019.09.28-17.25.08:806][  0]LogConfig: Setting CVar [[r.DOF.Recombine.Quality:1                ; cheap slight out of focus]]
[2019.09.28-17.25.08:806][  0]LogConfig: Setting CVar [[r.DOF.Recombine.EnableBokehSettings:0    ; no bokeh simulation on slight out of focus]]
[2019.09.28-17.25.08:806][  0]LogConfig: Setting CVar [[r.DOF.TemporalAAQuality:1                ; more stable temporal accumulation]]
[2019.09.28-17.25.08:806][  0]LogConfig: Setting CVar [[r.DOF.Kernel.MaxForegroundRadius:0.025]]
[2019.09.28-17.25.08:806][  0]LogConfig: Setting CVar [[r.DOF.Kernel.MaxBackgroundRadius:0.025]]
[2019.09.28-17.25.08:806][  0]LogConfig: Applying CVar settings from Section [TextureQuality@3] File [D:/Unreal Projects/Game/Saved/Config/Windows/Scalability.ini]
[2019.09.28-17.25.08:806][  0]LogConfig: Setting CVar [[r.Streaming.MipBias:0]]
[2019.09.28-17.25.08:806][  0]LogConfig: Setting CVar [[r.Streaming.AmortizeCPUToGPUCopy:0]]
[2019.09.28-17.25.08:806][  0]LogConfig: Setting CVar [[r.Streaming.MaxNumTexturesToStreamPerFrame:0]]
[2019.09.28-17.25.08:806][  0]LogConfig: Setting CVar [[r.Streaming.Boost:1]]
[2019.09.28-17.25.08:806][  0]LogConfig: Setting CVar [[r.MaxAnisotropy:8]]
[2019.09.28-17.25.08:806][  0]LogConfig: Setting CVar [[r.Streaming.LimitPoolSizeToVRAM:0]]
[2019.09.28-17.25.08:806][  0]LogConfig: Setting CVar [[r.Streaming.PoolSize:1000]]
[2019.09.28-17.25.08:806][  0]LogConfig: Setting CVar [[r.Streaming.MaxEffectiveScreenSize:0]]
[2019.09.28-17.25.08:806][  0]LogConfig: Applying CVar settings from Section [EffectsQuality@3] File [D:/Unreal Projects/Game/Saved/Config/Windows/Scalability.ini]
[2019.09.28-17.25.08:806][  0]LogConfig: Setting CVar [[r.TranslucencyLightingVolumeDim:64]]
[2019.09.28-17.25.08:806][  0]LogConfig: Setting CVar [[r.RefractionQuality:2]]
[2019.09.28-17.25.08:806][  0]LogConfig: Setting CVar [[r.SSR.Quality:3]]
[2019.09.28-17.25.08:806][  0]LogConfig: Setting CVar [[r.SceneColorFormat:4]]
[2019.09.28-17.25.08:806][  0]LogConfig: Setting CVar [[r.DetailMode:2]]
[2019.09.28-17.25.08:806][  0]LogConfig: Setting CVar [[r.TranslucencyVolumeBlur:1]]
[2019.09.28-17.25.08:806][  0]LogConfig: Setting CVar [[r.MaterialQualityLevel:1 ; High quality]]
[2019.09.28-17.25.08:806][  0]LogConfig: Setting CVar [[r.SSS.Scale:1]]
[2019.09.28-17.25.08:806][  0]LogConfig: Setting CVar [[r.SSS.SampleSet:2]]
[2019.09.28-17.25.08:806][  0]LogConfig: Setting CVar [[r.SSS.Quality:1]]
[2019.09.28-17.25.08:806][  0]LogConfig: Setting CVar [[r.SSS.HalfRes:1]]
[2019.09.28-17.25.08:806][  0]LogConfig: Setting CVar [[r.EmitterSpawnRateScale:1.0]]
[2019.09.28-17.25.08:806][  0]LogConfig: Setting CVar [[r.ParticleLightQuality:2]]
[2019.09.28-17.25.08:806][  0]LogConfig: Applying CVar settings from Section [FoliageQuality@3] File [D:/Unreal Projects/Game/Saved/Config/Windows/Scalability.ini]
[2019.09.28-17.25.08:806][  0]LogConfig: Setting CVar [[foliage.DensityScale:1.0]]
[2019.09.28-17.25.08:806][  0]LogConfig: Setting CVar [[grass.DensityScale:1.0]]
[2019.09.28-17.25.08:806][  0]LogConfig: Applying CVar settings from Section [Startup] File [../../../Engine/Config/ConsoleVariables.ini]
[2019.09.28-17.25.08:807][  0]LogConfig: Setting CVar [[net.UseAdaptiveNetUpdateFrequency:0]]
[2019.09.28-17.25.08:807][  0]LogConfig: Setting CVar [[p.chaos.AllowCreatePhysxBodies:1]]
[2019.09.28-17.25.08:807][  0]LogConfig: Applying CVar settings from Section [ConsoleVariables] File [D:/Unreal Projects/Game/Saved/Config/Windows/Engine.ini]
[2019.09.28-17.25.08:807][  0]LogInit: Computer: DESKTOP-Q83AC7I
[2019.09.28-17.25.08:807][  0]LogInit: User: blood
[2019.09.28-17.25.08:807][  0]LogInit: CPU Page size=4096, Cores=4
[2019.09.28-17.25.08:807][  0]LogInit: High frequency timer resolution =10.000000 MHz
[2019.09.28-17.25.08:807][  0]LogMemory: Memory total: Physical=15.9GB (16GB approx)
[2019.09.28-17.25.08:807][  0]LogMemory: Platform Memory Stats for Windows
[2019.09.28-17.25.08:807][  0]LogMemory: Process Physical Memory: 103.20 MB used, 103.21 MB peak
[2019.09.28-17.25.08:807][  0]LogMemory: Process Virtual Memory: 100.71 MB used, 100.71 MB peak
[2019.09.28-17.25.08:807][  0]LogMemory: Physical Memory: 9623.77 MB used,  6697.93 MB free, 16321.70 MB total
[2019.09.28-17.25.08:807][  0]LogMemory: Virtual Memory: 4683.30 MB used,  134213048.00 MB free, 134217728.00 MB total
[2019.09.28-17.25.08:829][  0]LogWindows: WindowsPlatformFeatures enabled
[2019.09.28-17.25.08:889][  0]LogInit: Overriding language with editor language configuration option (en).
[2019.09.28-17.25.08:889][  0]LogInit: Overriding locale with editor locale configuration option (en).
[2019.09.28-17.25.09:125][  0]LogInit: Setting process to per monitor DPI aware
[2019.09.28-17.25.09:214][  0]LogSlate: New Slate User Created.  User Index 0, Is Virtual User: 0
[2019.09.28-17.25.09:214][  0]LogSlate: Slate User Registered.  User Index 0, Is Virtual User: 0
[2019.09.28-17.25.09:630][  0]LogHMD: Failed to initialize OpenVR with code 110
[2019.09.28-17.25.09:630][  0]LogD3D11RHI: D3D11 adapters:
[2019.09.28-17.25.09:778][  0]LogD3D11RHI:    0. 'NVIDIA GeForce GTX 760' (Feature Level 11_0)
[2019.09.28-17.25.09:778][  0]LogD3D11RHI:       1944/0/8160 MB DedicatedVideo/DedicatedSystem/SharedSystem, Outputs:2, VendorId:0x10de
[2019.09.28-17.25.09:783][  0]LogD3D11RHI:    1. 'Microsoft Basic Render Driver' (Feature Level 11_0)
[2019.09.28-17.25.09:783][  0]LogD3D11RHI:       0/0/8160 MB DedicatedVideo/DedicatedSystem/SharedSystem, Outputs:0, VendorId:0x1414
[2019.09.28-17.25.09:783][  0]LogD3D11RHI: Chosen D3D11 Adapter: 0
[2019.09.28-17.25.09:798][  0]LogD3D11RHI: Creating new Direct3DDevice
[2019.09.28-17.25.09:798][  0]LogD3D11RHI:     GPU DeviceId: 0x1187 (for the marketing name, search the web for "GPU Device Id")
[2019.09.28-17.25.09:798][  0]LogWindows: EnumDisplayDevices:
[2019.09.28-17.25.09:799][  0]LogWindows:    0. 'NVIDIA GeForce GTX 760' (P:1 D:1)
[2019.09.28-17.25.09:801][  0]LogWindows:    1. 'NVIDIA GeForce GTX 760' (P:0 D:1)
[2019.09.28-17.25.09:803][  0]LogWindows:    2. 'NVIDIA GeForce GTX 760' (P:0 D:0)
[2019.09.28-17.25.09:805][  0]LogWindows:    3. 'NVIDIA GeForce GTX 760' (P:0 D:0)
[2019.09.28-17.25.09:807][  0]LogWindows: DebugString: FoundDriverCount:4 
[2019.09.28-17.25.09:807][  0]LogD3D11RHI:     Adapter Name: NVIDIA GeForce GTX 760
[2019.09.28-17.25.09:807][  0]LogD3D11RHI:   Driver Version: 416.94 (internal:25.21.14.1694, unified:416.94)
[2019.09.28-17.25.09:808][  0]LogD3D11RHI:      Driver Date: 11-12-2018
[2019.09.28-17.25.09:808][  0]LogRHI: Texture pool is 1361 MB (70% of 1944 MB)
[2019.09.28-17.25.09:894][  0]LogD3D11RHI: Async texture creation enabled
[2019.09.28-17.25.09:920][  0]LogD3D11RHI: GPU Timing Frequency: 1000.000000 (Debug: 2 2)
[2019.09.28-17.25.10:682][  0]LogTemp: Display: Module 'AllDesktopTargetPlatform' loaded TargetPlatform 'AllDesktop'
[2019.09.28-17.25.10:704][  0]LogTemp: Display: Module 'MacClientTargetPlatform' loaded TargetPlatform 'MacClient'
[2019.09.28-17.25.10:720][  0]LogTemp: Display: Module 'MacNoEditorTargetPlatform' loaded TargetPlatform 'MacNoEditor'
[2019.09.28-17.25.10:732][  0]LogTemp: Display: Module 'MacServerTargetPlatform' loaded TargetPlatform 'MacServer'
[2019.09.28-17.25.10:742][  0]LogTemp: Display: Module 'MacTargetPlatform' loaded TargetPlatform 'Mac'
[2019.09.28-17.25.10:753][  0]LogTemp: Display: Module 'WindowsClientTargetPlatform' loaded TargetPlatform 'WindowsClient'
[2019.09.28-17.25.10:764][  0]LogTemp: Display: Module 'WindowsNoEditorTargetPlatform' loaded TargetPlatform 'WindowsNoEditor'
[2019.09.28-17.25.10:774][  0]LogTemp: Display: Module 'WindowsServerTargetPlatform' loaded TargetPlatform 'WindowsServer'
[2019.09.28-17.25.10:779][  0]LogTemp: Display: Module 'WindowsTargetPlatform' loaded TargetPlatform 'Windows'
[2019.09.28-17.25.10:837][  0]LogTemp: Display: Module 'AndroidTargetPlatform' loaded TargetPlatform 'Android'
[2019.09.28-17.25.10:837][  0]LogTemp: Display: Module 'AndroidTargetPlatform' loaded TargetPlatform 'Android_ASTC'
[2019.09.28-17.25.10:837][  0]LogTemp: Display: Module 'AndroidTargetPlatform' loaded TargetPlatform 'Android_ATC'
[2019.09.28-17.25.10:837][  0]LogTemp: Display: Module 'AndroidTargetPlatform' loaded TargetPlatform 'Android_DXT'
[2019.09.28-17.25.10:837][  0]LogTemp: Display: Module 'AndroidTargetPlatform' loaded TargetPlatform 'Android_ETC1'
[2019.09.28-17.25.10:837][  0]LogTemp: Display: Module 'AndroidTargetPlatform' loaded TargetPlatform 'Android_ETC1a'
[2019.09.28-17.25.10:837][  0]LogTemp: Display: Module 'AndroidTargetPlatform' loaded TargetPlatform 'Android_ETC2'
[2019.09.28-17.25.10:837][  0]LogTemp: Display: Module 'AndroidTargetPlatform' loaded TargetPlatform 'Android_PVRTC'
[2019.09.28-17.25.10:837][  0]LogTemp: Display: Module 'AndroidTargetPlatform' loaded TargetPlatform 'AndroidClient'
[2019.09.28-17.25.10:837][  0]LogTemp: Display: Module 'AndroidTargetPlatform' loaded TargetPlatform 'Android_ASTCClient'
[2019.09.28-17.25.10:837][  0]LogTemp: Display: Module 'AndroidTargetPlatform' loaded TargetPlatform 'Android_ATCClient'
[2019.09.28-17.25.10:837][  0]LogTemp: Display: Module 'AndroidTargetPlatform' loaded TargetPlatform 'Android_DXTClient'
[2019.09.28-17.25.10:837][  0]LogTemp: Display: Module 'AndroidTargetPlatform' loaded TargetPlatform 'Android_ETC1Client'
[2019.09.28-17.25.10:837][  0]LogTemp: Display: Module 'AndroidTargetPlatform' loaded TargetPlatform 'Android_ETC1aClient'
[2019.09.28-17.25.10:837][  0]LogTemp: Display: Module 'AndroidTargetPlatform' loaded TargetPlatform 'Android_ETC2Client'
[2019.09.28-17.25.10:837][  0]LogTemp: Display: Module 'AndroidTargetPlatform' loaded TargetPlatform 'Android_PVRTCClient'
[2019.09.28-17.25.10:837][  0]LogTemp: Display: Module 'AndroidTargetPlatform' loaded TargetPlatform 'Android_Multi'
[2019.09.28-17.25.10:837][  0]LogTemp: Display: Module 'AndroidTargetPlatform' loaded TargetPlatform 'Android_MultiClient'
[2019.09.28-17.25.10:841][  0]LogTemp: Display: Module 'HTML5TargetPlatform' loaded TargetPlatform 'HTML5'
[2019.09.28-17.25.10:865][  0]LogTemp: Display: Module 'IOSTargetPlatform' loaded TargetPlatform 'IOSClient'
[2019.09.28-17.25.10:865][  0]LogTemp: Display: Module 'IOSTargetPlatform' loaded TargetPlatform 'IOS'
[2019.09.28-17.25.10:884][  0]LogTemp: Display: Module 'TVOSTargetPlatform' loaded TargetPlatform 'TVOSClient'
[2019.09.28-17.25.10:884][  0]LogTemp: Display: Module 'TVOSTargetPlatform' loaded TargetPlatform 'TVOS'
[2019.09.28-17.25.10:892][  0]LogTemp: Display: Module 'LinuxClientTargetPlatform' loaded TargetPlatform 'LinuxClient'
[2019.09.28-17.25.10:902][  0]LogTemp: Display: Module 'LinuxNoEditorTargetPlatform' loaded TargetPlatform 'LinuxNoEditor'
[2019.09.28-17.25.10:912][  0]LogTemp: Display: Module 'LinuxServerTargetPlatform' loaded TargetPlatform 'LinuxServer'
[2019.09.28-17.25.10:926][  0]LogTemp: Display: Module 'LinuxTargetPlatform' loaded TargetPlatform 'Linux'
[2019.09.28-17.25.10:957][  0]LogTemp: Display: Module 'LuminTargetPlatform' loaded TargetPlatform 'Lumin'
[2019.09.28-17.25.10:957][  0]LogTemp: Display: Module 'LuminTargetPlatform' loaded TargetPlatform 'LuminClient'
[2019.09.28-17.25.10:957][  0]LogTargetPlatformManager: Display: Building Assets For Windows
[2019.09.28-17.25.10:972][  0]LogAudioDebug: Display: Lib vorbis DLL was dynamically loaded.
[2019.09.28-17.25.11:063][  0]LogShaderCompilers: Guid format shader working directory is 23 characters bigger than the processId version (D:/Unreal Projects/Game/Intermediate/Shaders/WorkingDirectory/8600/).
[2019.09.28-17.25.11:063][  0]LogShaderCompilers: Cleaned the shader compiler working directory 'C:/Users/blood/AppData/Local/Temp/UnrealShaderWorkingDir/5615D83045003BA8568562B56F30C615/'.
[2019.09.28-17.25.11:066][  0]LogXGEController: Cleaning working directory: C:/Users/blood/AppData/Local/Temp/UnrealXGEWorkingDir/
[2019.09.28-17.25.11:067][  0]LogXGEController: Cannot use XGE Controller as Incredibuild is not installed on this machine.
[2019.09.28-17.25.11:067][  0]LogShaderCompilers: Cannot use XGE Shader Compiler as Incredibuild is not installed on this machine.
[2019.09.28-17.25.11:067][  0]LogShaderCompilers: Display: Using Local Shader Compiler.
[2019.09.28-17.25.11:845][  0]LogDerivedDataCache: Display: Max Cache Size: 512 MB
[2019.09.28-17.25.11:907][  0]LogDerivedDataCache: Loaded boot cache 0.06s 73MB C:/Users/blood/AppData/Local/UnrealEngine/4.23/DerivedDataCache/Boot.ddc.
[2019.09.28-17.25.11:907][  0]LogDerivedDataCache: Display: Loaded Boot cache: C:/Users/blood/AppData/Local/UnrealEngine/4.23/DerivedDataCache/Boot.ddc
[2019.09.28-17.25.11:907][  0]LogDerivedDataCache: FDerivedDataBackendGraph:  Pak pak cache file D:/Unreal Projects/Game/DerivedDataCache/DDC.ddp not found, will not use a pak cache.
[2019.09.28-17.25.11:907][  0]LogDerivedDataCache: Unable to find inner node Pak for hierarchical cache Hierarchy.
[2019.09.28-17.25.11:907][  0]LogDerivedDataCache: FDerivedDataBackendGraph:  CompressedPak pak cache file D:/Unreal Projects/Game/DerivedDataCache/Compressed.ddp not found, will not use a pak cache.
[2019.09.28-17.25.11:907][  0]LogDerivedDataCache: Unable to find inner node CompressedPak for hierarchical cache Hierarchy.
[2019.09.28-17.25.11:928][  0]LogDerivedDataCache: Display: Pak cache opened for reading ../../../Engine/DerivedDataCache/Compressed.ddp.
[2019.09.28-17.25.11:928][  0]LogDerivedDataCache: FDerivedDataBackendGraph:  EnterprisePak pak cache file ../../../Enterprise/DerivedDataCache/Compressed.ddp not found, will not use a pak cache.
[2019.09.28-17.25.11:928][  0]LogDerivedDataCache: Unable to find inner node EnterprisePak for hierarchical cache Hierarchy.
[2019.09.28-17.25.11:931][  0]LogDerivedDataCache: Using Local data cache path C:/Users/blood/AppData/Local/UnrealEngine/Common/DerivedDataCache: Writable
[2019.09.28-17.25.11:931][  0]LogDerivedDataCache: Shared data cache path not found in *engine.ini, will not use an Shared cache.
[2019.09.28-17.25.11:931][  0]LogDerivedDataCache: Unable to find inner node Shared for hierarchical cache Hierarchy.
[2019.09.28-17.25.11:965][  0]LogMaterial: Verifying Global Shaders for PCD3D_SM5
[2019.09.28-17.25.11:970][  0]LogSlate: Using FreeType 2.6.0
[2019.09.28-17.25.11:972][  0]LogSlate: SlateFontServices - WITH_FREETYPE: 1, WITH_HARFBUZZ: 1
[2019.09.28-17.25.12:099][  0]LogAssetRegistry: FAssetRegistry took 0.0026 seconds to start up
[2019.09.28-17.25.12:477][  0]LogInit: Selected Device Profile: [Windows]
[2019.09.28-17.25.12:701][  0]LogMeshReduction: Using QuadricMeshReduction for automatic static mesh reduction
[2019.09.28-17.25.12:701][  0]LogMeshReduction: Using SimplygonMeshReduction for automatic skeletal mesh reduction
[2019.09.28-17.25.12:701][  0]LogMeshReduction: Using ProxyLODMeshReduction for automatic mesh merging
[2019.09.28-17.25.12:701][  0]LogMeshReduction: No distributed automatic mesh merging module available
[2019.09.28-17.25.12:701][  0]LogMeshMerging: No distributed automatic mesh merging module available
[2019.09.28-17.25.12:716][  0]LogNetVersion: Game 1.0.0, NetCL: 8386587, EngineNetVer: 11, GameNetVer: 0 (Checksum: 932843807)
[2019.09.28-17.25.13:271][  0]LogPackageLocalizationCache: Processed 12 localized package path(s) for 1 prioritized culture(s) in 0.058022 seconds
[2019.09.28-17.25.13:278][  0]LogUObjectArray: 43444 objects as part of root set at end of initial load.
[2019.09.28-17.25.13:278][  0]LogUObjectAllocator: 7548648 out of 0 bytes used by permanent object pool.
[2019.09.28-17.25.13:278][  0]LogUObjectArray: CloseDisregardForGC: 0/0 objects in disregard for GC pool
[2019.09.28-17.25.14:669][  0]LogTcpMessaging: Initializing TcpMessaging bridge
[2019.09.28-17.25.14:673][  0]LogUdpMessaging: Initializing bridge on interface 0.0.0.0:0 to multicast group 230.0.0.1:6666.
[2019.09.28-17.25.14:777][  0]SourceControl: Source control is disabled
[2019.09.28-17.25.14:777][  0]SourceControl: Source control is disabled
[2019.09.28-17.25.14:780][  0]SourceControl: Source control is disabled
[2019.09.28-17.25.14:782][  0]SourceControl: Source control is disabled
[2019.09.28-17.25.14:932][  0]LogAndroidPermission: UAndroidPermissionCallbackProxy::GetInstance
[2019.09.28-17.25.15:959][  0]LogOcInput: OculusInput pre-init called
[2019.09.28-17.25.15:969][  0]LogWindows: Failed to load 'OVRPlugin.dll' (GetLastError=126)
[2019.09.28-17.25.15:969][  0]LogWindows: File 'OVRPlugin.dll' does not exist
[2019.09.28-17.25.16:053][  0]LogEngine: Initializing Engine...
[2019.09.28-17.25.16:055][  0]LogHMD: Failed to initialize OpenVR with code 110
[2019.09.28-17.25.16:056][  0]LogStats: UGameplayTagsManager::InitializeManager -  0.000 s
[2019.09.28-17.25.16:291][  0]LogInit: Initializing FReadOnlyCVARCache
[2019.09.28-17.25.16:309][  0]LogAIModule: Creating AISystem for world Untitled
[2019.09.28-17.25.16:861][  0]LogInit: XAudio2 using 'PHL 243S7(2- NVIDIA High Definition Audio)' : 2 channels at 48 kHz using 16 bits per sample (channel mask 0x3)
[2019.09.28-17.25.16:996][  0]LogInit: FAudioDevice initialized.
[2019.09.28-17.25.16:996][  0]LogNetVersion: Set ProjectVersion to 1.0.0.0. Version Checksum will be recalculated on next use.
[2019.09.28-17.25.17:116][  0]LogDerivedDataCache: Saved boot cache 0.12s 73MB C:/Users/blood/AppData/Local/UnrealEngine/4.23/DerivedDataCache/Boot.ddc.
[2019.09.28-17.25.17:117][  0]LogInit: Texture streaming: Enabled
[2019.09.28-17.25.17:151][  0]LogEngineSessionManager: EngineSessionManager initialized
[2019.09.28-17.25.17:151][  0]LogEngineSessionManager: EngineSessionManager sent abnormal shutdown report. Type=Crashed, SessionId={F070CDB7-499C-BE28-33C5-B2A073CE337D}
[2019.09.28-17.25.17:226][  0]LogInit: Transaction tracking system initialized
[2019.09.28-17.25.17:269][  0]BlueprintLog: New page: Editor Load
[2019.09.28-17.25.17:370][  0]LocalizationService: Localization service is disabled
[2019.09.28-17.25.17:669][  0]LogFileCache: Scanning file cache for directory 'D:/Unreal Projects/Game/Content/' took 0.01s
[2019.09.28-17.25.17:669][  0]LogCook: Display: Max memory allowance for cook 16384mb min free memory 0mb
[2019.09.28-17.25.17:669][  0]LogCook: Display: Mobile HDR setting 1
[2019.09.28-17.25.17:951][  0]SourceControl: Source control is disabled
[2019.09.28-17.25.17:951][  0]Cmd: MAP LOAD FILE="D:/Unreal Projects/Game/Content/Map/Basic.umap" TEMPLATE=0 SHOWPROGRESS=1 FEATURELEVEL=3
[2019.09.28-17.25.17:951][  0]LightingResults: New page: Lighting Build
[2019.09.28-17.25.17:954][  0]LogWorld: UWorld::CleanupWorld for Untitled, bSessionEnded=true, bCleanupResources=true
[2019.09.28-17.25.17:954][  0]MapCheck: New page: Map Check
[2019.09.28-17.25.17:954][  0]LightingResults: New page: Lighting Build
[2019.09.28-17.25.17:985][  0]LogUObjectHash: Compacting FUObjectHashTables data took   1.66ms
[2019.09.28-17.25.18:129][  0]LogAIModule: Creating AISystem for world Basic
[2019.09.28-17.25.18:134][  0]LogEditorServer: Finished looking for orphan Actors (0.000 secs)
[2019.09.28-17.25.18:170][  0]LogUObjectHash: Compacting FUObjectHashTables data took   2.06ms
[2019.09.28-17.25.18:171][  0]Cmd: MAP CHECKDEP NOCLEARLOG
[2019.09.28-17.25.18:171][  0]MapCheck: Map check complete: 0 Error(s), 0 Warning(s), took 0.076ms to complete.
[2019.09.28-17.25.18:171][  0]LogFileHelpers: Loading map 'Basic' took 0.220
[2019.09.28-17.25.18:296][  0]LogSlate: Updating window title bar state: overlay mode, drag disabled, window buttons hidden, title bar hidden
[2019.09.28-17.25.18:304][  0]LogSlate: Updating window title bar state: overlay mode, drag disabled, window buttons hidden, title bar hidden
[2019.09.28-17.25.18:314][  0]LogSlate: Updating window title bar state: overlay mode, drag disabled, window buttons hidden, title bar hidden
[2019.09.28-17.25.18:321][  0]LogSlate: Updating window title bar state: overlay mode, drag disabled, window buttons hidden, title bar hidden
[2019.09.28-17.25.18:332][  0]LogCollectionManager: Loaded 0 collections in 0.001970 seconds
[2019.09.28-17.25.18:338][  0]LogFileCache: Scanning file cache for directory 'D:/Unreal Projects/Game/Saved/Collections/' took 0.00s
[2019.09.28-17.25.18:338][  0]LogFileCache: Scanning file cache for directory 'D:/Unreal Projects/Game/Content/Developers/blood/Collections/' took 0.00s
[2019.09.28-17.25.18:338][  0]LogFileCache: Scanning file cache for directory 'D:/Unreal Projects/Game/Content/Collections/' took 0.00s
[2019.09.28-17.25.18:338][  0]LogCollectionManager: Rebuilt the GUID cache for 0 collections in 0.000002 seconds
[2019.09.28-17.25.18:349][  0]LogContentBrowser: Native class hierarchy populated in 0.0106 seconds. Added 2868 classes and 684 folders.
[2019.09.28-17.25.18:356][  0]LogContentBrowser: Native class hierarchy updated for 'WidgetCarousel' in 0.0004 seconds. Added 0 classes and 0 folders.
[2019.09.28-17.25.18:470][  0]LogContentBrowser: Native class hierarchy updated for 'AddContentDialog' in 0.0006 seconds. Added 0 classes and 0 folders.
[2019.09.28-17.25.18:499][  0]LogSlate: Took 0.000438 seconds to synchronously load lazily loaded font '../../../Engine/Content/Slate/Fonts/Roboto-Regular.ttf' (155K)
[2019.09.28-17.25.18:503][  0]LogSlate: Took 0.000372 seconds to synchronously load lazily loaded font '../../../Engine/Content/Slate/Fonts/Roboto-Bold.ttf' (160K)
[2019.09.28-17.25.18:506][  0]LogSlate: Took 0.000373 seconds to synchronously load lazily loaded font '../../../Engine/Content/Editor/Slate/Fonts/FontAwesome.ttf' (139K)
[2019.09.28-17.25.18:506][  0]LogSlate: Took 0.000307 seconds to synchronously load lazily loaded font '../../../Engine/Content/Slate/Fonts/DroidSansMono.ttf' (77K)
[2019.09.28-17.25.18:621][  0]LogRenderer: Reallocating scene render targets to support 980x572 Format 10 NumSamples 1 (Frame:1).
[2019.09.28-17.25.18:865][  0]LogContentBrowser: Native class hierarchy updated for 'HierarchicalLODOutliner' in 0.0007 seconds. Added 0 classes and 0 folders.
[2019.09.28-17.25.18:866][  0]LogLoad: (Engine Initialization) Total time: 14.05 seconds
[2019.09.28-17.25.18:866][  0]LogLoad: (Engine Initialization) Total Blueprint compile time: 0.00 seconds
[2019.09.28-17.25.18:936][  0]LogContentStreaming: Texture pool size now 1000 MB
[2019.09.28-17.25.18:970][  1]LogAssetRegistry: Asset discovery search completed in 6.8716 seconds
[2019.09.28-17.25.18:978][  1]LogCollectionManager: Rebuilt the object cache for 0 collections in 0.000004 seconds (found 0 objects)
[2019.09.28-17.25.18:978][  1]LogCollectionManager: Fixed up redirectors for 0 collections in 0.000202 seconds (updated 0 objects)
[2019.09.28-17.25.21:617][  9]LogEditorViewport: Clicking on Actor (LMB): StaticMeshActor (Cube3)
[2019.09.28-17.25.22:942][136]LogSlate: FSceneViewport::OnFocusLost() reason 0
[2019.09.28-17.25.23:069][146]Candidate modules for hot reload:
[2019.09.28-17.25.23:069][146]  Game
[2019.09.28-17.25.23:069][146]Launching UnrealBuildTool... [H:/Program Files (x86)/UE_4.23/Engine/Binaries/DotNET/UnrealBuildTool.exe  -ModuleWithSuffix=Game,8156 Win64 Development -TargetType=Editor -Project="D:/Unreal Projects/Game/Game.uproject" "D:/Unreal Projects/Game/Game.uproject"  -IgnoreJunk]
[2019.09.28-17.25.23:075][146]Warning: Starting HotReload took  0.0s.
[2019.09.28-17.25.39:946][312]CompilerResultsLog: New page: Compilation - Sep 29, 2019, 11:25:39 AM
[2019.09.28-17.25.39:947][312]CompilerResultsLog: Parsing headers for GameEditor
[2019.09.28-17.25.39:947][312]CompilerResultsLog:   Running UnrealHeaderTool "D:\Unreal Projects\Game\Game.uproject" "D:\Unreal Projects\Game\Intermediate\Build\Win64\GameEditor\Development\GameEditor.uhtmanifest" -LogCmds="loginit warning, logexit warning, logdatabase error" -Unattended -WarningsAsErrors -installed
[2019.09.28-17.25.39:947][312]CompilerResultsLog: Reflection code generated for GameEditor in 10.4606446 seconds
[2019.09.28-17.25.39:947][312]CompilerResultsLog: Using Visual Studio 2017 14.16.27023 toolchain (C:\Program Files (x86)\Microsoft Visual Studio\2017\Community\VC\Tools\MSVC\14.16.27023) and Windows 10.0.16299.0 SDK (C:\Program Files (x86)\Windows Kits\10).
[2019.09.28-17.25.39:948][312]CompilerResultsLog: Building 4 actions with 8 processes...
[2019.09.28-17.25.39:948][312]CompilerResultsLog:   [1/4] PioneerManager.cpp
[2019.09.28-17.25.39:948][312]CompilerResultsLog:   [2/4] UE4Editor-Game-8156.lib
[2019.09.28-17.25.39:948][312]CompilerResultsLog:      D:\Unreal Projects\Game\Intermediate\Build\Win64\UE4Editor\Development\Game\UE4Editor-Game-8156.lib ???̺귯?? ?? D:\Unreal Projects\Game\Intermediate\Build\Win64\UE4Editor\Development\Game\UE4Editor-Game-8156.exp ??ü?? ?????ϰ? ?ֽ??ϴ?.
[2019.09.28-17.25.39:950][312]LogSlate: Took 0.001835 seconds to synchronously load lazily loaded font '../../../Engine/Content/Slate/Fonts/DroidSansFallback.ttf' (3848K)
[2019.09.28-17.25.39:950][312]LogSlate: Last resort fallback font was requested. Font: '../../../Engine/Content/Slate/Fonts/DroidSansFallback.ttf', Character: 'ϰ (U+03f0)'
[2019.09.28-17.25.39:955][312]LogSlate: Took 0.002696 seconds to synchronously load lazily loaded font '../../../Engine/Content/SlateDebug/Fonts/LastResort.ttf' (5269K)
[2019.09.28-17.25.39:956][312]CompilerResultsLog:   [3/4] UE4Editor-Game-8156.dll
[2019.09.28-17.25.39:956][312]CompilerResultsLog:      D:\Unreal Projects\Game\Intermediate\Build\Win64\UE4Editor\Development\Game\UE4Editor-Game-8156.suppressed.lib ???̺귯?? ?? D:\Unreal Projects\Game\Intermediate\Build\Win64\UE4Editor\Development\Game\UE4Editor-Game-8156.suppressed.exp ??ü?? ?????ϰ? ?ֽ??ϴ?.
[2019.09.28-17.25.39:957][312]CompilerResultsLog:   [4/4] GameEditor.target
[2019.09.28-17.25.39:957][312]CompilerResultsLog: Total time in Parallel executor: 3.93 seconds
[2019.09.28-17.25.39:957][312]CompilerResultsLog: Total execution time: 16.38 seconds
[2019.09.28-17.25.39:957][312]LogMainFrame: MainFrame: Module compiling took 16.892 seconds
[2019.09.28-17.25.39:980][312]LogUObjectHash: Compacting FUObjectHashTables data took   0.69ms
[2019.09.28-17.25.40:020][312]LogContentBrowser: Native class hierarchy updated for 'Game' in 0.0006 seconds. Added 4 classes and 2 folders.
[2019.09.28-17.25.40:025][312]Display: HotReload successful (2 functions remapped  0 scriptstructs remapped)
[2019.09.28-17.25.40:090][312]LogUObjectHash: Compacting FUObjectHashTables data took   1.27ms
[2019.09.28-17.25.40:109][312]LogContentBrowser: Native class hierarchy populated in 0.0113 seconds. Added 2868 classes and 684 folders.
[2019.09.28-17.25.40:109][312]Display: HotReload took 17.1s.
[2019.09.28-17.25.41:645][320]LogEditorViewport: Clicking on Actor (LMB): StaticMeshActor (Cube3)
[2019.09.28-17.25.42:583][426]LogSlate: FSceneViewport::OnFocusLost() reason 0
[2019.09.28-17.25.42:624][431]LogTemp: Repeating last play command: Selected Viewport
[2019.09.28-17.25.42:639][431]LogBlueprintUserMessages: Early PlayInEditor Detection: Level '/Game/Map/Basic.Basic:PersistentLevel' has LevelScriptBlueprint '/Game/Map/Basic.Basic:PersistentLevel.Basic' with GeneratedClass '/Game/Map/Basic.Basic_C' with ClassGeneratedBy '/Game/Map/Basic.Basic:PersistentLevel.Basic'
[2019.09.28-17.25.42:640][431]LogPlayLevel: PlayLevel: No blueprints needed recompiling
[2019.09.28-17.25.42:640][431]PIE: New page: PIE session: Basic (Sep 29, 2019, 11:25:42 AM)
[2019.09.28-17.25.42:641][431]LogOnline: OSS: Creating online subsystem instance for: NULL
[2019.09.28-17.25.42:643][431]LogPlayLevel: Creating play world package: /Game/Map/UEDPIE_0_Basic
[2019.09.28-17.25.42:646][431]LogPlayLevel: PIE: StaticDuplicateObject took: (0.002830s)
[2019.09.28-17.25.42:647][431]LogAIModule: Creating AISystem for world Basic
[2019.09.28-17.25.42:647][431]LogPlayLevel: PIE: World Init took: (0.000908s)
[2019.09.28-17.25.42:647][431]LogPlayLevel: PIE: Created PIE world by copying editor world from /Game/Map/Basic.Basic to /Game/Map/UEDPIE_0_Basic.Basic (0.004172s)
[2019.09.28-17.25.42:671][431]LogUObjectHash: Compacting FUObjectHashTables data took   1.36ms
[2019.09.28-17.25.43:239][431]LogInit: XAudio2 using 'PHL 243S7(2- NVIDIA High Definition Audio)' : 2 channels at 48 kHz using 16 bits per sample (channel mask 0x3)
[2019.09.28-17.25.43:325][431]LogInit: FAudioDevice initialized.
[2019.09.28-17.25.43:341][431]LogLoad: Game class is 'MyGameModeBase'
[2019.09.28-17.25.43:342][431]LogWorld: Bringing World /Game/Map/UEDPIE_0_Basic.Basic up for play (max tick rate 0) at 2019.09.29-02.25.43
[2019.09.28-17.25.43:343][431]LogWorld: Bringing up level for play took: 0.000818
[2019.09.28-17.25.43:343][431]LogOnline: OSS: Creating online subsystem instance for: :Context_3
[2019.09.28-17.25.43:406][431]LogContentBrowser: Native class hierarchy updated for 'MovieSceneCapture' in 0.0006 seconds. Added 20 classes and 0 folders.
[2019.09.28-17.25.43:408][431]PIE: Play in editor start time for /Game/Map/UEDPIE_0_Basic 1.211
[2019.09.28-17.25.43:409][431]LogBlueprintUserMessages: Late PlayInEditor Detection: Level '/Game/Map/Basic.Basic:PersistentLevel' has LevelScriptBlueprint '/Game/Map/Basic.Basic:PersistentLevel.Basic' with GeneratedClass '/Game/Map/Basic.Basic_C' with ClassGeneratedBy '/Game/Map/Basic.Basic:PersistentLevel.Basic'
[2019.09.28-17.25.55:749][904]LogSlate: FSceneViewport::OnFocusLost() reason 0
[2019.09.28-17.25.55:808][911]LogBlueprintUserMessages: Early EndPlayMap Detection: Level '/Game/Map/Basic.Basic:PersistentLevel' has LevelScriptBlueprint '/Game/Map/Basic.Basic:PersistentLevel.Basic' with GeneratedClass '/Game/Map/Basic.Basic_C' with ClassGeneratedBy '/Game/Map/Basic.Basic:PersistentLevel.Basic'
[2019.09.28-17.25.55:808][911]LogSlate: Updating window title bar state: overlay mode, drag disabled, window buttons hidden, title bar hidden
[2019.09.28-17.25.55:809][911]LogWorld: BeginTearingDown for /Game/Map/UEDPIE_0_Basic
[2019.09.28-17.25.55:809][911]LogWorld: UWorld::CleanupWorld for Basic, bSessionEnded=true, bCleanupResources=true
[2019.09.28-17.25.55:819][911]LogPlayLevel: Display: Shutting down PIE online subsystems
[2019.09.28-17.25.55:819][911]LogBlueprintUserMessages: Late EndPlayMap Detection: Level '/Game/Map/Basic.Basic:PersistentLevel' has LevelScriptBlueprint '/Game/Map/Basic.Basic:PersistentLevel.Basic' with GeneratedClass '/Game/Map/Basic.Basic_C' with ClassGeneratedBy '/Game/Map/Basic.Basic:PersistentLevel.Basic'
[2019.09.28-17.25.55:844][911]LogSlate: Updating window title bar state: overlay mode, drag disabled, window buttons hidden, title bar hidden
[2019.09.28-17.25.55:847][911]LogUObjectHash: Compacting FUObjectHashTables data took   1.56ms
[2019.09.28-17.25.55:911][917]LogPlayLevel: Display: Destroying online subsystem :Context_3
[2019.09.28-17.29.41:165][667]Candidate modules for hot reload:
[2019.09.28-17.29.41:165][667]  Game
[2019.09.28-17.29.41:165][667]Launching UnrealBuildTool... [H:/Program Files (x86)/UE_4.23/Engine/Binaries/DotNET/UnrealBuildTool.exe  -ModuleWithSuffix=Game,6810 Win64 Development -TargetType=Editor -Project="D:/Unreal Projects/Game/Game.uproject" "D:/Unreal Projects/Game/Game.uproject"  -IgnoreJunk]
[2019.09.28-17.29.41:172][667]Warning: Starting HotReload took  0.0s.
[2019.09.28-17.29.56:658][776]CompilerResultsLog: New page: Compilation - Sep 29, 2019, 11:29:56 AM
[2019.09.28-17.29.56:659][776]CompilerResultsLog: Parsing headers for GameEditor
[2019.09.28-17.29.56:659][776]CompilerResultsLog:   Running UnrealHeaderTool "D:\Unreal Projects\Game\Game.uproject" "D:\Unreal Projects\Game\Intermediate\Build\Win64\GameEditor\Development\GameEditor.uhtmanifest" -LogCmds="loginit warning, logexit warning, logdatabase error" -Unattended -WarningsAsErrors -installed
[2019.09.28-17.29.56:660][776]CompilerResultsLog: Reflection code generated for GameEditor in 9.7257702 seconds
[2019.09.28-17.29.56:660][776]CompilerResultsLog: Using Visual Studio 2017 14.16.27023 toolchain (C:\Program Files (x86)\Microsoft Visual Studio\2017\Community\VC\Tools\MSVC\14.16.27023) and Windows 10.0.16299.0 SDK (C:\Program Files (x86)\Windows Kits\10).
[2019.09.28-17.29.56:661][776]CompilerResultsLog: Building 4 actions with 8 processes...
[2019.09.28-17.29.56:661][776]CompilerResultsLog:   [1/4] PioneerManager.cpp
[2019.09.28-17.29.56:661][776]CompilerResultsLog:   [2/4] UE4Editor-Game-6810.lib
[2019.09.28-17.29.56:661][776]CompilerResultsLog:      D:\Unreal Projects\Game\Intermediate\Build\Win64\UE4Editor\Development\Game\UE4Editor-Game-6810.lib ???̺귯?? ?? D:\Unreal Projects\Game\Intermediate\Build\Win64\UE4Editor\Development\Game\UE4Editor-Game-6810.exp ??ü?? ?????ϰ? ?ֽ??ϴ?.
[2019.09.28-17.29.56:662][776]CompilerResultsLog:   [3/4] UE4Editor-Game-6810.dll
[2019.09.28-17.29.56:663][776]CompilerResultsLog:      D:\Unreal Projects\Game\Intermediate\Build\Win64\UE4Editor\Development\Game\UE4Editor-Game-6810.suppressed.lib ???̺귯?? ?? D:\Unreal Projects\Game\Intermediate\Build\Win64\UE4Editor\Development\Game\UE4Editor-Game-6810.suppressed.exp ??ü?? ?????ϰ? ?ֽ??ϴ?.
[2019.09.28-17.29.56:664][776]CompilerResultsLog:   [4/4] GameEditor.target
[2019.09.28-17.29.56:664][776]CompilerResultsLog: Total time in Parallel executor: 3.77 seconds
[2019.09.28-17.29.56:664][776]CompilerResultsLog: Total execution time: 15.09 seconds
[2019.09.28-17.29.56:664][776]LogMainFrame: MainFrame: Module compiling took 15.506 seconds
[2019.09.28-17.29.56:707][776]LogUObjectHash: Compacting FUObjectHashTables data took   0.74ms
[2019.09.28-17.29.56:735][776]LogHotReload: Re-instancing Pioneer after hot-reload.
[2019.09.28-17.29.56:814][776]LogContentBrowser: Native class hierarchy updated for 'Game' in 0.0007 seconds. Added 4 classes and 2 folders.
[2019.09.28-17.29.56:816][776]Display: HotReload successful (2 functions remapped  0 scriptstructs remapped)
[2019.09.28-17.29.56:873][776]LogUObjectHash: Compacting FUObjectHashTables data took   1.39ms
[2019.09.28-17.29.56:890][776]LogContentBrowser: Native class hierarchy populated in 0.0110 seconds. Added 2868 classes and 684 folders.
[2019.09.28-17.29.56:890][776]Display: HotReload took 15.7s.
[2019.09.28-17.30.23:402][855]LogTemp: Repeating last play command: Selected Viewport
[2019.09.28-17.30.23:417][855]LogBlueprintUserMessages: Early PlayInEditor Detection: Level '/Game/Map/Basic.Basic:PersistentLevel' has LevelScriptBlueprint '/Game/Map/Basic.Basic:PersistentLevel.Basic' with GeneratedClass '/Game/Map/Basic.Basic_C' with ClassGeneratedBy '/Game/Map/Basic.Basic:PersistentLevel.Basic'
[2019.09.28-17.30.23:417][855]LogPlayLevel: PlayLevel: No blueprints needed recompiling
[2019.09.28-17.30.23:417][855]PIE: New page: PIE session: Basic (Sep 29, 2019, 11:30:23 AM)
[2019.09.28-17.30.23:417][855]LogPlayLevel: Creating play world package: /Game/Map/UEDPIE_0_Basic
[2019.09.28-17.30.23:420][855]LogPlayLevel: PIE: StaticDuplicateObject took: (0.002869s)
[2019.09.28-17.30.23:421][855]LogAIModule: Creating AISystem for world Basic
[2019.09.28-17.30.23:421][855]LogPlayLevel: PIE: World Init took: (0.001034s)
[2019.09.28-17.30.23:422][855]LogPlayLevel: PIE: Created PIE world by copying editor world from /Game/Map/Basic.Basic to /Game/Map/UEDPIE_0_Basic.Basic (0.004257s)
[2019.09.28-17.30.23:445][855]LogUObjectHash: Compacting FUObjectHashTables data took   1.41ms
[2019.09.28-17.30.23:984][855]LogInit: XAudio2 using 'PHL 243S7(2- NVIDIA High Definition Audio)' : 2 channels at 48 kHz using 16 bits per sample (channel mask 0x3)
[2019.09.28-17.30.24:064][855]LogInit: FAudioDevice initialized.
[2019.09.28-17.30.24:077][855]LogLoad: Game class is 'MyGameModeBase'
[2019.09.28-17.30.24:078][855]LogWorld: Bringing World /Game/Map/UEDPIE_0_Basic.Basic up for play (max tick rate 0) at 2019.09.29-02.30.24
[2019.09.28-17.30.24:079][855]LogWorld: Bringing up level for play took: 0.000761
[2019.09.28-17.30.24:079][855]LogOnline: OSS: Creating online subsystem instance for: :Context_4
[2019.09.28-17.30.24:082][855]PIE: Play in editor start time for /Game/Map/UEDPIE_0_Basic -0.115
[2019.09.28-17.30.24:083][855]LogBlueprintUserMessages: Late PlayInEditor Detection: Level '/Game/Map/Basic.Basic:PersistentLevel' has LevelScriptBlueprint '/Game/Map/Basic.Basic:PersistentLevel.Basic' with GeneratedClass '/Game/Map/Basic.Basic_C' with ClassGeneratedBy '/Game/Map/Basic.Basic:PersistentLevel.Basic'
[2019.09.28-17.30.34:581][ 80]LogSlate: FSceneViewport::OnFocusLost() reason 0
[2019.09.28-17.30.34:623][ 85]LogBlueprintUserMessages: Early EndPlayMap Detection: Level '/Game/Map/Basic.Basic:PersistentLevel' has LevelScriptBlueprint '/Game/Map/Basic.Basic:PersistentLevel.Basic' with GeneratedClass '/Game/Map/Basic.Basic_C' with ClassGeneratedBy '/Game/Map/Basic.Basic:PersistentLevel.Basic'
[2019.09.28-17.30.34:624][ 85]LogSlate: Updating window title bar state: overlay mode, drag disabled, window buttons hidden, title bar hidden
[2019.09.28-17.30.34:624][ 85]LogWorld: BeginTearingDown for /Game/Map/UEDPIE_0_Basic
[2019.09.28-17.30.34:624][ 85]LogWorld: UWorld::CleanupWorld for Basic, bSessionEnded=true, bCleanupResources=true
[2019.09.28-17.30.34:631][ 85]LogPlayLevel: Display: Shutting down PIE online subsystems
[2019.09.28-17.30.34:631][ 85]LogBlueprintUserMessages: Late EndPlayMap Detection: Level '/Game/Map/Basic.Basic:PersistentLevel' has LevelScriptBlueprint '/Game/Map/Basic.Basic:PersistentLevel.Basic' with GeneratedClass '/Game/Map/Basic.Basic_C' with ClassGeneratedBy '/Game/Map/Basic.Basic:PersistentLevel.Basic'
[2019.09.28-17.30.34:660][ 85]LogSlate: Updating window title bar state: overlay mode, drag disabled, window buttons hidden, title bar hidden
[2019.09.28-17.30.34:663][ 85]LogUObjectHash: Compacting FUObjectHashTables data took   1.76ms
[2019.09.28-17.30.34:727][ 92]LogPlayLevel: Display: Destroying online subsystem :Context_4
[2019.09.28-17.32.22:926][458]Candidate modules for hot reload:
[2019.09.28-17.32.22:926][458]  Game
[2019.09.28-17.32.22:926][458]Launching UnrealBuildTool... [H:/Program Files (x86)/UE_4.23/Engine/Binaries/DotNET/UnrealBuildTool.exe  -ModuleWithSuffix=Game,2609 Win64 Development -TargetType=Editor -Project="D:/Unreal Projects/Game/Game.uproject" "D:/Unreal Projects/Game/Game.uproject"  -IgnoreJunk]
[2019.09.28-17.32.22:933][458]Warning: Starting HotReload took  0.0s.
[2019.09.28-17.32.37:777][542]CompilerResultsLog: New page: Compilation - Sep 29, 2019, 11:32:37 AM
[2019.09.28-17.32.37:777][542]CompilerResultsLog: Parsing headers for GameEditor
[2019.09.28-17.32.37:777][542]CompilerResultsLog:   Running UnrealHeaderTool "D:\Unreal Projects\Game\Game.uproject" "D:\Unreal Projects\Game\Intermediate\Build\Win64\GameEditor\Development\GameEditor.uhtmanifest" -LogCmds="loginit warning, logexit warning, logdatabase error" -Unattended -WarningsAsErrors -installed
[2019.09.28-17.32.37:778][542]CompilerResultsLog: Reflection code generated for GameEditor in 9.1619609 seconds
[2019.09.28-17.32.37:778][542]CompilerResultsLog: Using Visual Studio 2017 14.16.27023 toolchain (C:\Program Files (x86)\Microsoft Visual Studio\2017\Community\VC\Tools\MSVC\14.16.27023) and Windows 10.0.16299.0 SDK (C:\Program Files (x86)\Windows Kits\10).
[2019.09.28-17.32.37:778][542]CompilerResultsLog: Building 4 actions with 8 processes...
[2019.09.28-17.32.37:778][542]CompilerResultsLog:   [1/4] PioneerManager.cpp
[2019.09.28-17.32.37:778][542]CompilerResultsLog:   [2/4] UE4Editor-Game-2609.lib
[2019.09.28-17.32.37:778][542]CompilerResultsLog:      D:\Unreal Projects\Game\Intermediate\Build\Win64\UE4Editor\Development\Game\UE4Editor-Game-2609.lib ???̺귯?? ?? D:\Unreal Projects\Game\Intermediate\Build\Win64\UE4Editor\Development\Game\UE4Editor-Game-2609.exp ??ü?? ?????ϰ? ?ֽ??ϴ?.
[2019.09.28-17.32.37:779][542]CompilerResultsLog:   [3/4] UE4Editor-Game-2609.dll
[2019.09.28-17.32.37:779][542]CompilerResultsLog:      D:\Unreal Projects\Game\Intermediate\Build\Win64\UE4Editor\Development\Game\UE4Editor-Game-2609.suppressed.lib ???̺귯?? ?? D:\Unreal Projects\Game\Intermediate\Build\Win64\UE4Editor\Development\Game\UE4Editor-Game-2609.suppressed.exp ??ü?? ?????ϰ? ?ֽ??ϴ?.
[2019.09.28-17.32.37:780][542]CompilerResultsLog:   [4/4] GameEditor.target
[2019.09.28-17.32.37:780][542]CompilerResultsLog: Total time in Parallel executor: 3.65 seconds
[2019.09.28-17.32.37:780][542]CompilerResultsLog: Total execution time: 14.35 seconds
[2019.09.28-17.32.37:780][542]LogMainFrame: MainFrame: Module compiling took 14.860 seconds
[2019.09.28-17.32.37:802][542]LogUObjectHash: Compacting FUObjectHashTables data took   0.84ms
[2019.09.28-17.32.37:832][542]LogHotReload: Re-instancing Pioneer after hot-reload.
[2019.09.28-17.32.37:912][542]LogContentBrowser: Native class hierarchy updated for 'Game' in 0.0006 seconds. Added 4 classes and 2 folders.
[2019.09.28-17.32.37:915][542]Display: HotReload successful (2 functions remapped  0 scriptstructs remapped)
[2019.09.28-17.32.37:969][542]LogUObjectHash: Compacting FUObjectHashTables data took   1.31ms
[2019.09.28-17.32.37:982][542]LogContentBrowser: Native class hierarchy populated in 0.0085 seconds. Added 2868 classes and 684 folders.
[2019.09.28-17.32.37:982][542]Display: HotReload took 15.1s.
[2019.09.28-17.33.07:246][629]Candidate modules for hot reload:
[2019.09.28-17.33.07:246][629]  Game
[2019.09.28-17.33.07:246][629]Launching UnrealBuildTool... [H:/Program Files (x86)/UE_4.23/Engine/Binaries/DotNET/UnrealBuildTool.exe  -ModuleWithSuffix=Game,1475 Win64 Development -TargetType=Editor -Project="D:/Unreal Projects/Game/Game.uproject" "D:/Unreal Projects/Game/Game.uproject"  -IgnoreJunk]
[2019.09.28-17.33.07:251][629]Warning: Starting HotReload took  0.0s.
[2019.09.28-17.33.21:994][704]CompilerResultsLog: New page: Compilation - Sep 29, 2019, 11:33:21 AM
[2019.09.28-17.33.21:994][704]CompilerResultsLog: Parsing headers for GameEditor
[2019.09.28-17.33.21:994][704]CompilerResultsLog:   Running UnrealHeaderTool "D:\Unreal Projects\Game\Game.uproject" "D:\Unreal Projects\Game\Intermediate\Build\Win64\GameEditor\Development\GameEditor.uhtmanifest" -LogCmds="loginit warning, logexit warning, logdatabase error" -Unattended -WarningsAsErrors -installed
[2019.09.28-17.33.21:994][704]CompilerResultsLog: Reflection code generated for GameEditor in 9.2687005 seconds
[2019.09.28-17.33.21:995][704]CompilerResultsLog: Using Visual Studio 2017 14.16.27023 toolchain (C:\Program Files (x86)\Microsoft Visual Studio\2017\Community\VC\Tools\MSVC\14.16.27023) and Windows 10.0.16299.0 SDK (C:\Program Files (x86)\Windows Kits\10).
[2019.09.28-17.33.21:995][704]CompilerResultsLog: Building 4 actions with 8 processes...
[2019.09.28-17.33.21:995][704]CompilerResultsLog:   [1/4] PioneerManager.cpp
[2019.09.28-17.33.21:995][704]CompilerResultsLog:   [2/4] UE4Editor-Game-1475.lib
[2019.09.28-17.33.21:995][704]CompilerResultsLog:      D:\Unreal Projects\Game\Intermediate\Build\Win64\UE4Editor\Development\Game\UE4Editor-Game-1475.lib ???̺귯?? ?? D:\Unreal Projects\Game\Intermediate\Build\Win64\UE4Editor\Development\Game\UE4Editor-Game-1475.exp ??ü?? ?????ϰ? ?ֽ??ϴ?.
[2019.09.28-17.33.21:996][704]CompilerResultsLog:   [3/4] UE4Editor-Game-1475.dll
[2019.09.28-17.33.21:996][704]CompilerResultsLog:      D:\Unreal Projects\Game\Intermediate\Build\Win64\UE4Editor\Development\Game\UE4Editor-Game-1475.suppressed.lib ???̺귯?? ?? D:\Unreal Projects\Game\Intermediate\Build\Win64\UE4Editor\Development\Game\UE4Editor-Game-1475.suppressed.exp ??ü?? ?????ϰ? ?ֽ??ϴ?.
[2019.09.28-17.33.21:996][704]CompilerResultsLog:   [4/4] GameEditor.target
[2019.09.28-17.33.21:996][704]CompilerResultsLog: Total time in Parallel executor: 3.62 seconds
[2019.09.28-17.33.21:997][704]CompilerResultsLog: Total execution time: 14.44 seconds
[2019.09.28-17.33.21:997][704]LogMainFrame: MainFrame: Module compiling took 14.755 seconds
[2019.09.28-17.33.22:019][704]LogUObjectHash: Compacting FUObjectHashTables data took   0.70ms
[2019.09.28-17.33.22:032][704]LogContentBrowser: Native class hierarchy updated for 'Game' in 0.0007 seconds. Added 4 classes and 2 folders.
[2019.09.28-17.33.22:035][704]Display: HotReload successful (2 functions remapped  0 scriptstructs remapped)
[2019.09.28-17.33.22:091][704]LogUObjectHash: Compacting FUObjectHashTables data took   1.50ms
[2019.09.28-17.33.22:104][704]LogContentBrowser: Native class hierarchy populated in 0.0085 seconds. Added 2868 classes and 684 folders.
[2019.09.28-17.33.22:104][704]Display: HotReload took 14.9s.
[2019.09.28-17.33.24:334][710]LogEditorViewport: Clicking on Actor (LMB): StaticMeshActor (Cube3)
[2019.09.28-17.33.24:978][769]LogSlate: FSceneViewport::OnFocusLost() reason 0
[2019.09.28-17.33.25:035][776]LogTemp: Repeating last play command: Selected Viewport
[2019.09.28-17.33.25:046][776]LogBlueprintUserMessages: Early PlayInEditor Detection: Level '/Game/Map/Basic.Basic:PersistentLevel' has LevelScriptBlueprint '/Game/Map/Basic.Basic:PersistentLevel.Basic' with GeneratedClass '/Game/Map/Basic.Basic_C' with ClassGeneratedBy '/Game/Map/Basic.Basic:PersistentLevel.Basic'
[2019.09.28-17.33.25:046][776]LogPlayLevel: PlayLevel: No blueprints needed recompiling
[2019.09.28-17.33.25:046][776]PIE: New page: PIE session: Basic (Sep 29, 2019, 11:33:25 AM)
[2019.09.28-17.33.25:047][776]LogPlayLevel: Creating play world package: /Game/Map/UEDPIE_0_Basic
[2019.09.28-17.33.25:049][776]LogPlayLevel: PIE: StaticDuplicateObject took: (0.002627s)
[2019.09.28-17.33.25:050][776]LogAIModule: Creating AISystem for world Basic
[2019.09.28-17.33.25:050][776]LogPlayLevel: PIE: World Init took: (0.000898s)
[2019.09.28-17.33.25:051][776]LogPlayLevel: PIE: Created PIE world by copying editor world from /Game/Map/Basic.Basic to /Game/Map/UEDPIE_0_Basic.Basic (0.003889s)
[2019.09.28-17.33.25:073][776]LogUObjectHash: Compacting FUObjectHashTables data took   1.49ms
[2019.09.28-17.33.25:597][776]LogInit: XAudio2 using 'PHL 243S7(2- NVIDIA High Definition Audio)' : 2 channels at 48 kHz using 16 bits per sample (channel mask 0x3)
[2019.09.28-17.33.25:676][776]LogInit: FAudioDevice initialized.
[2019.09.28-17.33.25:689][776]LogLoad: Game class is 'MyGameModeBase'
[2019.09.28-17.33.25:690][776]LogWorld: Bringing World /Game/Map/UEDPIE_0_Basic.Basic up for play (max tick rate 0) at 2019.09.29-02.33.25
[2019.09.28-17.33.25:690][776]LogWorld: Bringing up level for play took: 0.000581
[2019.09.28-17.33.25:690][776]LogOnline: OSS: Creating online subsystem instance for: :Context_5
[2019.09.28-17.33.25:693][776]PIE: Play in editor start time for /Game/Map/UEDPIE_0_Basic 1.497
[2019.09.28-17.33.25:695][776]LogBlueprintUserMessages: Late PlayInEditor Detection: Level '/Game/Map/Basic.Basic:PersistentLevel' has LevelScriptBlueprint '/Game/Map/Basic.Basic:PersistentLevel.Basic' with GeneratedClass '/Game/Map/Basic.Basic_C' with ClassGeneratedBy '/Game/Map/Basic.Basic:PersistentLevel.Basic'
[2019.09.28-17.33.30:488][ 86]LogWindows: Error: === Critical error: ===
[2019.09.28-17.33.30:488][ 86]LogWindows: Error: 
[2019.09.28-17.33.30:488][ 86]LogWindows: Error: Fatal error!
[2019.09.28-17.33.30:488][ 86]LogWindows: Error: 
[2019.09.28-17.33.30:488][ 86]LogWindows: Error: Unhandled Exception: EXCEPTION_ACCESS_VIOLATION reading address 0x00000340
[2019.09.28-17.33.30:488][ 86]LogWindows: Error: 
[2019.09.28-17.33.30:488][ 86]LogWindows: Error: [Callstack] 0x00007ffe7e99846b UE4Editor-Game-1475.dll!APioneerManager::Tick() [d:\unreal projects\game\source\game\pioneermanager.cpp:38]
[2019.09.28-17.33.30:488][ 86]LogWindows: Error: [Callstack] 0x00007ffe63171872 UE4Editor-Engine.dll!UnknownFunction []
[2019.09.28-17.33.30:488][ 86]LogWindows: Error: [Callstack] 0x00007ffe63138a31 UE4Editor-Engine.dll!UnknownFunction []
[2019.09.28-17.33.30:488][ 86]LogWindows: Error: [Callstack] 0x00007ffe641cf9b3 UE4Editor-Engine.dll!UnknownFunction []
[2019.09.28-17.33.30:488][ 86]LogWindows: Error: [Callstack] 0x00007ffe641dcba7 UE4Editor-Engine.dll!UnknownFunction []
[2019.09.28-17.33.30:488][ 86]LogWindows: Error: [Callstack] 0x00007ffe6a044e4a UE4Editor-Core.dll!UnknownFunction []
[2019.09.28-17.33.30:488][ 86]LogWindows: Error: [Callstack] 0x00007ffe6a0451f3 UE4Editor-Core.dll!UnknownFunction []
[2019.09.28-17.33.30:488][ 86]LogWindows: Error: [Callstack] 0x00007ffe6a0551f9 UE4Editor-Core.dll!UnknownFunction []
[2019.09.28-17.33.30:488][ 86]LogWindows: Error: [Callstack] 0x00007ffe641fbfa0 UE4Editor-Engine.dll!UnknownFunction []
[2019.09.28-17.33.30:488][ 86]LogWindows: Error: [Callstack] 0x00007ffe64201ed2 UE4Editor-Engine.dll!UnknownFunction []
[2019.09.28-17.33.30:488][ 86]LogWindows: Error: [Callstack] 0x00007ffe639f6e1f UE4Editor-Engine.dll!UnknownFunction []
[2019.09.28-17.33.30:488][ 86]LogWindows: Error: [Callstack] 0x00007ffe63a01f38 UE4Editor-Engine.dll!UnknownFunction []
[2019.09.28-17.33.30:488][ 86]LogWindows: Error: [Callstack] 0x00007ffe61c0e00b UE4Editor-UnrealEd.dll!UnknownFunction []
[2019.09.28-17.33.30:488][ 86]LogWindows: Error: [Callstack] 0x00007ffe62464b16 UE4Editor-UnrealEd.dll!UnknownFunction []
[2019.09.28-17.33.30:488][ 86]LogWindows: Error: [Callstack] 0x00007ff65e547b0a UE4Editor.exe!UnknownFunction []
[2019.09.28-17.33.30:488][ 86]LogWindows: Error: [Callstack] 0x00007ff65e55a91c UE4Editor.exe!UnknownFunction []
[2019.09.28-17.33.30:488][ 86]LogWindows: Error: [Callstack] 0x00007ff65e55a9fa UE4Editor.exe!UnknownFunction []
[2019.09.28-17.33.30:488][ 86]LogWindows: Error: [Callstack] 0x00007ff65e56b92c UE4Editor.exe!UnknownFunction []
[2019.09.28-17.33.30:488][ 86]LogWindows: Error: [Callstack] 0x00007ff65e56e60e UE4Editor.exe!UnknownFunction []
[2019.09.28-17.33.30:488][ 86]LogWindows: Error: [Callstack] 0x00007ffeabdf7974 KERNEL32.DLL!UnknownFunction []
[2019.09.28-17.33.30:488][ 86]LogWindows: Error: [Callstack] 0x00007ffead35a271 ntdll.dll!UnknownFunction []
[2019.09.28-17.33.30:488][ 86]LogWindows: Error: 
[2019.09.28-17.33.30:502][ 86]LogExit: Executing StaticShutdownAfterError
[2019.09.28-17.33.30:506][ 86]LogWindows: FPlatformMisc::RequestExit(1)
[2019.09.28-17.33.30:516][ 86]Log file closed, 09/29/19 02:33:30
