Log file open, 09/29/19 02:44:55
LogWindows: Failed to load 'aqProf.dll' (GetLastError=126)
LogWindows: File 'aqProf.dll' does not exist
LogWindows: Failed to load 'VtuneApi.dll' (GetLastError=126)
LogWindows: File 'VtuneApi.dll' does not exist
LogWindows: Failed to load 'VtuneApi32e.dll' (GetLastError=126)
LogWindows: File 'VtuneApi32e.dll' does not exist
LogConsoleResponse: Display: Failed to find resolution value strings in scalability ini. Falling back to default.
LogInit: Display: Running engine for game: Game
LogPlatformFile: Not using cached read wrapper
LogTaskGraph: Started task graph with 5 named threads and 23 total threads with 3 sets of task threads.
LogStats: Stats thread started at 0.100070
LogD3D11RHI: Loaded GFSDK_Aftermath_Lib.x64.dll
LogICUInternationalization: ICU TimeZone Detection - Raw Offset: +9:00, Platform Override: ''
LogPluginManager: Mounting plugin Paper2D
LogPluginManager: Mounting plugin AISupport
LogPluginManager: Mounting plugin LightPropagationVolume
LogPluginManager: Mounting plugin ActorLayerUtilities
LogPluginManager: Mounting plugin AnimationSharing
LogPluginManager: Mounting plugin CLionSourceCodeAccess
LogPluginManager: Mounting plugin CodeLiteSourceCodeAccess
LogPluginManager: Mounting plugin GitSourceControl
LogPluginManager: Mounting plugin KDevelopSourceCodeAccess
LogPluginManager: Mounting plugin NullSourceCodeAccess
LogPluginManager: Mounting plugin PerforceSourceControl
LogPluginManager: Mounting plugin SubversionSourceControl
LogPluginManager: Mounting plugin UObjectPlugin
LogPluginManager: Mounting plugin VisualStudioCodeSourceCodeAccess
LogPluginManager: Mounting plugin VisualStudioSourceCodeAccess
LogPluginManager: Mounting plugin XCodeSourceCodeAccess
LogPluginManager: Mounting plugin AssetManagerEditor
LogPluginManager: Mounting plugin CryptoKeys
LogPluginManager: Mounting plugin CurveEditorTools
LogPluginManager: Mounting plugin DataValidation
LogPluginManager: Mounting plugin FacialAnimation
LogPluginManager: Mounting plugin GameplayTagsEditor
LogPluginManager: Mounting plugin MacGraphicsSwitching
LogPluginManager: Mounting plugin MaterialAnalyzer
LogPluginManager: Mounting plugin MobileLauncherProfileWizard
LogPluginManager: Mounting plugin PluginBrowser
LogPluginManager: Mounting plugin SpeedTreeImporter
LogPluginManager: Mounting plugin DatasmithContent
LogPluginManager: Mounting plugin VariantManagerContent
LogPluginManager: Mounting plugin AlembicImporter
LogPluginManager: Mounting plugin AutomationUtils
LogPluginManager: Mounting plugin BackChannel
LogPluginManager: Mounting plugin CharacterAI
LogPluginManager: Mounting plugin GeometryCache
LogPluginManager: Mounting plugin HTML5Networking
LogPluginManager: Mounting plugin PlatformCrypto
LogPluginManager: Mounting plugin ProxyLODPlugin
LogPluginManager: Mounting plugin SkeletalReduction
LogPluginManager: Mounting plugin MagicLeap
LogPluginManager: Mounting plugin MagicLeapMedia
LogPluginManager: Mounting plugin AndroidMedia
LogPluginManager: Mounting plugin AvfMedia
LogPluginManager: Mounting plugin ImgMedia
LogPluginManager: Mounting plugin MediaCompositing
LogPluginManager: Mounting plugin MediaPlayerEditor
LogPluginManager: Mounting plugin WebMMedia
LogPluginManager: Mounting plugin WmfMedia
LogPluginManager: Mounting plugin TcpMessaging
LogPluginManager: Mounting plugin UdpMessaging
LogPluginManager: Mounting plugin ActorSequence
LogPluginManager: Mounting plugin LevelSequenceEditor
LogPluginManager: Mounting plugin MatineeToLevelSequence
LogPluginManager: Mounting plugin NetcodeUnitTest
LogPluginManager: Mounting plugin NUTUnrealEngine4
LogPluginManager: Mounting plugin OnlineSubsystemGooglePlay
LogPluginManager: Mounting plugin OnlineSubsystemIOS
LogPluginManager: Mounting plugin OnlineSubsystem
LogPluginManager: Mounting plugin OnlineSubsystemNull
LogPluginManager: Mounting plugin OnlineSubsystemUtils
LogPluginManager: Mounting plugin LauncherChunkInstaller
LogPluginManager: Mounting plugin AndroidDeviceProfileSelector
LogPluginManager: Mounting plugin AndroidMoviePlayer
LogPluginManager: Mounting plugin AndroidPermission
LogPluginManager: Mounting plugin AppleImageUtils
LogPluginManager: Mounting plugin AppleMoviePlayer
LogPluginManager: Mounting plugin ArchVisCharacter
LogPluginManager: Mounting plugin AudioCapture
LogPluginManager: Mounting plugin CableComponent
LogPluginManager: Mounting plugin CustomMeshComponent
LogPluginManager: Mounting plugin EditableMesh
LogPluginManager: Mounting plugin ExampleDeviceProfileSelector
LogPluginManager: Mounting plugin GoogleCloudMessaging
LogPluginManager: Mounting plugin IOSDeviceProfileSelector
LogPluginManager: Mounting plugin LinuxDeviceProfileSelector
LogPluginManager: Mounting plugin LocationServicesBPLibrary
LogPluginManager: Mounting plugin MobilePatchingUtils
LogPluginManager: Mounting plugin OculusVR
LogPluginManager: Mounting plugin PhysXVehicles
LogPluginManager: Mounting plugin ProceduralMeshComponent
LogPluginManager: Mounting plugin RuntimePhysXCooking
LogPluginManager: Mounting plugin SignificanceManager
LogPluginManager: Mounting plugin SteamVR
LogPluginManager: Mounting plugin WebMMoviePlayer
LogPluginManager: Mounting plugin WindowsMoviePlayer
LogPluginManager: Mounting plugin ScreenshotTools
LogInit: Using libcurl 7.55.1-DEV
LogInit:  - built for x86_64-pc-win32
LogInit:  - supports SSL with OpenSSL/1.1.1
LogInit:  - supports HTTP deflate (compression) using libz 1.2.8
LogInit:  - other features:
LogInit:      CURL_VERSION_SSL
LogInit:      CURL_VERSION_LIBZ
LogInit:      CURL_VERSION_IPV6
LogInit:      CURL_VERSION_ASYNCHDNS
LogInit:      CURL_VERSION_LARGEFILE
LogInit:      CURL_VERSION_IDN
LogInit:  CurlRequestOptions (configurable via config and command line):
LogInit:  - bVerifyPeer = true  - Libcurl will verify peer certificate
LogInit:  - bUseHttpProxy = false  - Libcurl will NOT use HTTP proxy
LogInit:  - bDontReuseConnections = false  - Libcurl will reuse connections
LogInit:  - MaxHostConnections = 16  - Libcurl will limit the number of connections to a host
LogInit:  - LocalHostAddr = Default
LogInit:  - BufferSize = 65536
LogOnline: OSS: Creating online subsystem instance for: NULL
LogInit: WinSock: version 1.1 (2.2), MaxSocks=32767, MaxUdp=65467
LogInit: Build: ++UE4+Release-4.23-CL-8386587
LogInit: Engine Version: 4.23.0-8386587+++UE4+Release-4.23
LogInit: Compatible Engine Version: 4.23.0-8386587+++UE4+Release-4.23
LogInit: Net CL: 8386587
LogInit: OS: Windows 10 (Release 1809) (), CPU: Intel(R) Core(TM) i7-4770 CPU @ 3.40GHz, GPU: NVIDIA GeForce GTX 760
LogInit: Compiled (64-bit): Aug 31 2019 02:04:44
LogInit: Compiled with Visual C++: 19.16.27030.01
LogInit: Build Configuration: Development
LogInit: Branch Name: ++UE4+Release-4.23
LogInit: Command Line: 
LogInit: Base Directory: H:/Program Files (x86)/UE_4.23/Engine/Binaries/Win64/
LogInit: Installed Engine Build: 1
LogDevObjectVersion: Number of dev versions registered: 23
LogDevObjectVersion:   Dev-Blueprints (B0D832E4-1F89-4F0D-ACCF-7EB736FD4AA2): 10
LogDevObjectVersion:   Dev-Build (E1C64328-A22C-4D53-A36C-8E866417BD8C): 0
LogDevObjectVersion:   Dev-Core (375EC13C-06E4-48FB-B500-84F0262A717E): 3
LogDevObjectVersion:   Dev-Editor (E4B068ED-F494-42E9-A231-DA0B2E46BB41): 34
LogDevObjectVersion:   Dev-Framework (CFFC743F-43B0-4480-9391-14DF171D2073): 35
LogDevObjectVersion:   Dev-Mobile (B02B49B5-BB20-44E9-A304-32B752E40360): 2
LogDevObjectVersion:   Dev-Networking (A4E4105C-59A1-49B5-A7C5-40C4547EDFEE): 0
LogDevObjectVersion:   Dev-Online (39C831C9-5AE6-47DC-9A44-9C173E1C8E7C): 0
LogDevObjectVersion:   Dev-Physics (78F01B33-EBEA-4F98-B9B4-84EACCB95AA2): 0
LogDevObjectVersion:   Dev-Platform (6631380F-2D4D-43E0-8009-CF276956A95A): 0
LogDevObjectVersion:   Dev-Rendering (12F88B9F-8875-4AFC-A67C-D90C383ABD29): 31
LogDevObjectVersion:   Dev-Sequencer (7B5AE74C-D270-4C10-A958-57980B212A5A): 11
LogDevObjectVersion:   Dev-VR (D7296918-1DD6-4BDD-9DE2-64A83CC13884): 2
LogDevObjectVersion:   Dev-LoadTimes (C2A15278-BFE7-4AFE-6C17-90FF531DF755): 1
LogDevObjectVersion:   Private-Geometry (6EACA3D4-40EC-4CC1-B786-8BED09428FC5): 3
LogDevObjectVersion:   Dev-AnimPhys (29E575DD-E0A3-4627-9D10-D276232CDCEA): 17
LogDevObjectVersion:   Dev-Anim (AF43A65D-7FD3-4947-9873-3E8ED9C1BB05): 2
LogDevObjectVersion:   Dev-ReflectionCapture (6B266CEC-1EC7-4B8F-A30B-E4D90942FC07): 1
LogDevObjectVersion:   Dev-Automation (0DF73D61-A23F-47EA-B727-89E90C41499A): 1
LogDevObjectVersion:   FortniteMain (601D1886-AC64-4F84-AA16-D3DE0DEAC7D6): 27
LogDevObjectVersion:   Dev-Enterprise (9DFFBCD6-494F-0158-E221-12823C92A888): 6
LogDevObjectVersion:   Dev-Niagara (F2AED0AC-9AFE-416F-8664-AA7FFA26D6FC): 1
LogDevObjectVersion:   Dev-Destruction (174F1F0B-B4C6-45A5-B13F-2EE8D0FB917D): 9
LogInit: Presizing for max 16777216 objects, including 0 objects not considered by GC, pre-allocating 0 bytes for permanent pool.
LogInit: Object subsystem initialized
LogConfig: Setting CVar [[con.DebugEarlyDefault:1]]
LogConfig: Setting CVar [[r.setres:1280x720]]
[2019.09.28-17.44.55:359][  0]LogConfig: Setting CVar [[r.VSync:0]]
[2019.09.28-17.44.55:359][  0]LogConfig: Setting CVar [[r.RHICmdBypass:0]]
[2019.09.28-17.44.55:359][  0]LogConfig: Applying CVar settings from Section [/Script/Engine.RendererSettings] File [D:/Unreal Projects/Game/Saved/Config/Windows/Engine.ini]
[2019.09.28-17.44.55:359][  0]LogConfig: Setting CVar [[r.GPUCrashDebugging:0]]
[2019.09.28-17.44.55:359][  0]LogConfig: Setting CVar [[r.DefaultFeature.AutoExposure.ExtendDefaultLuminanceRange:1]]
[2019.09.28-17.44.55:359][  0]LogConfig: Applying CVar settings from Section [/Script/Engine.RendererOverrideSettings] File [D:/Unreal Projects/Game/Saved/Config/Windows/Engine.ini]
[2019.09.28-17.44.55:359][  0]LogConfig: Applying CVar settings from Section [/Script/Engine.StreamingSettings] File [D:/Unreal Projects/Game/Saved/Config/Windows/Engine.ini]
[2019.09.28-17.44.55:359][  0]LogConfig: Setting CVar [[s.MinBulkDataSizeForAsyncLoading:131072]]
[2019.09.28-17.44.55:359][  0]LogConfig: Setting CVar [[s.AsyncLoadingThreadEnabled:0]]
[2019.09.28-17.44.55:359][  0]LogConfig: Setting CVar [[s.EventDrivenLoaderEnabled:1]]
[2019.09.28-17.44.55:359][  0]LogConfig: Setting CVar [[s.WarnIfTimeLimitExceeded:0]]
[2019.09.28-17.44.55:359][  0]LogConfig: Setting CVar [[s.TimeLimitExceededMultiplier:1.5]]
[2019.09.28-17.44.55:359][  0]LogConfig: Setting CVar [[s.TimeLimitExceededMinTime:0.005]]
[2019.09.28-17.44.55:359][  0]LogConfig: Setting CVar [[s.UseBackgroundLevelStreaming:1]]
[2019.09.28-17.44.55:359][  0]LogConfig: Setting CVar [[s.PriorityAsyncLoadingExtraTime:15.0]]
[2019.09.28-17.44.55:359][  0]LogConfig: Setting CVar [[s.LevelStreamingActorsUpdateTimeLimit:5.0]]
[2019.09.28-17.44.55:359][  0]LogConfig: Setting CVar [[s.PriorityLevelStreamingActorsUpdateExtraTime:5.0]]
[2019.09.28-17.44.55:359][  0]LogConfig: Setting CVar [[s.LevelStreamingComponentsRegistrationGranularity:10]]
[2019.09.28-17.44.55:359][  0]LogConfig: Setting CVar [[s.UnregisterComponentsTimeLimit:1.0]]
[2019.09.28-17.44.55:359][  0]LogConfig: Setting CVar [[s.LevelStreamingComponentsUnregistrationGranularity:5]]
[2019.09.28-17.44.55:359][  0]LogConfig: Applying CVar settings from Section [/Script/Engine.GarbageCollectionSettings] File [D:/Unreal Projects/Game/Saved/Config/Windows/Engine.ini]
[2019.09.28-17.44.55:359][  0]LogConfig: Setting CVar [[gc.MaxObjectsNotConsideredByGC:1]]
[2019.09.28-17.44.55:359][  0]LogConfig: Setting CVar [[gc.SizeOfPermanentObjectPool:0]]
[2019.09.28-17.44.55:359][  0]LogConfig: Setting CVar [[gc.FlushStreamingOnGC:0]]
[2019.09.28-17.44.55:359][  0]LogConfig: Setting CVar [[gc.NumRetriesBeforeForcingGC:10]]
[2019.09.28-17.44.55:359][  0]LogConfig: Setting CVar [[gc.AllowParallelGC:1]]
[2019.09.28-17.44.55:359][  0]LogConfig: Setting CVar [[gc.TimeBetweenPurgingPendingKillObjects:61.1]]
[2019.09.28-17.44.55:359][  0]LogConfig: Setting CVar [[gc.MaxObjectsInEditor:16777216]]
[2019.09.28-17.44.55:359][  0]LogConfig: Setting CVar [[gc.IncrementalBeginDestroyEnabled:1]]
[2019.09.28-17.44.55:359][  0]LogConfig: Setting CVar [[gc.CreateGCClusters:1]]
[2019.09.28-17.44.55:359][  0]LogConfig: Setting CVar [[gc.MinGCClusterSize:5]]
[2019.09.28-17.44.55:359][  0]LogConfig: Setting CVar [[gc.ActorClusteringEnabled:0]]
[2019.09.28-17.44.55:359][  0]LogConfig: Setting CVar [[gc.BlueprintClusteringEnabled:0]]
[2019.09.28-17.44.55:359][  0]LogConfig: Setting CVar [[gc.UseDisregardForGCOnDedicatedServers:0]]
[2019.09.28-17.44.55:359][  0]LogConfig: Applying CVar settings from Section [/Script/Engine.NetworkSettings] File [D:/Unreal Projects/Game/Saved/Config/Windows/Engine.ini]
[2019.09.28-17.44.55:359][  0]LogConfig: Applying CVar settings from Section [/Script/UnrealEd.CookerSettings] File [D:/Unreal Projects/Game/Saved/Config/Windows/Engine.ini]
[2019.09.28-17.44.55:373][  0]LogConfig: Applying CVar settings from Section [ViewDistanceQuality@3] File [D:/Unreal Projects/Game/Saved/Config/Windows/Scalability.ini]
[2019.09.28-17.44.55:373][  0]LogConfig: Setting CVar [[r.SkeletalMeshLODBias:0]]
[2019.09.28-17.44.55:373][  0]LogConfig: Setting CVar [[r.ViewDistanceScale:1.0]]
[2019.09.28-17.44.55:373][  0]LogConfig: Applying CVar settings from Section [AntiAliasingQuality@3] File [D:/Unreal Projects/Game/Saved/Config/Windows/Scalability.ini]
[2019.09.28-17.44.55:373][  0]LogConfig: Setting CVar [[r.PostProcessAAQuality:4]]
[2019.09.28-17.44.55:373][  0]LogConfig: Applying CVar settings from Section [ShadowQuality@3] File [D:/Unreal Projects/Game/Saved/Config/Windows/Scalability.ini]
[2019.09.28-17.44.55:373][  0]LogConfig: Setting CVar [[r.LightFunctionQuality:1]]
[2019.09.28-17.44.55:373][  0]LogConfig: Setting CVar [[r.ShadowQuality:5]]
[2019.09.28-17.44.55:373][  0]LogConfig: Setting CVar [[r.Shadow.CSM.MaxCascades:10]]
[2019.09.28-17.44.55:373][  0]LogConfig: Setting CVar [[r.Shadow.MaxResolution:2048]]
[2019.09.28-17.44.55:373][  0]LogConfig: Setting CVar [[r.Shadow.MaxCSMResolution:2048]]
[2019.09.28-17.44.55:373][  0]LogConfig: Setting CVar [[r.Shadow.RadiusThreshold:0.01]]
[2019.09.28-17.44.55:373][  0]LogConfig: Setting CVar [[r.Shadow.DistanceScale:1.0]]
[2019.09.28-17.44.55:373][  0]LogConfig: Setting CVar [[r.Shadow.CSM.TransitionScale:1.0]]
[2019.09.28-17.44.55:373][  0]LogConfig: Setting CVar [[r.Shadow.PreShadowResolutionFactor:1.0]]
[2019.09.28-17.44.55:373][  0]LogConfig: Setting CVar [[r.DistanceFieldShadowing:1]]
[2019.09.28-17.44.55:373][  0]LogConfig: Setting CVar [[r.DistanceFieldAO:1]]
[2019.09.28-17.44.55:373][  0]LogConfig: Setting CVar [[r.AOQuality:2]]
[2019.09.28-17.44.55:373][  0]LogConfig: Setting CVar [[r.VolumetricFog:1]]
[2019.09.28-17.44.55:373][  0]LogConfig: Setting CVar [[r.VolumetricFog.GridPixelSize:8]]
[2019.09.28-17.44.55:373][  0]LogConfig: Setting CVar [[r.VolumetricFog.GridSizeZ:128]]
[2019.09.28-17.44.55:373][  0]LogConfig: Setting CVar [[r.VolumetricFog.HistoryMissSupersampleCount:4]]
[2019.09.28-17.44.55:373][  0]LogConfig: Setting CVar [[r.LightMaxDrawDistanceScale:1]]
[2019.09.28-17.44.55:373][  0]LogConfig: Setting CVar [[r.CapsuleShadows:1]]
[2019.09.28-17.44.55:373][  0]LogConfig: Applying CVar settings from Section [PostProcessQuality@3] File [D:/Unreal Projects/Game/Saved/Config/Windows/Scalability.ini]
[2019.09.28-17.44.55:373][  0]LogConfig: Setting CVar [[r.MotionBlurQuality:4]]
[2019.09.28-17.44.55:373][  0]LogConfig: Setting CVar [[r.AmbientOcclusionMipLevelFactor:0.4]]
[2019.09.28-17.44.55:373][  0]LogConfig: Setting CVar [[r.AmbientOcclusionMaxQuality:100]]
[2019.09.28-17.44.55:373][  0]LogConfig: Setting CVar [[r.AmbientOcclusionLevels:-1]]
[2019.09.28-17.44.55:373][  0]LogConfig: Setting CVar [[r.AmbientOcclusionRadiusScale:1.0]]
[2019.09.28-17.44.55:373][  0]LogConfig: Setting CVar [[r.DepthOfFieldQuality:2]]
[2019.09.28-17.44.55:373][  0]LogConfig: Setting CVar [[r.RenderTargetPoolMin:400]]
[2019.09.28-17.44.55:373][  0]LogConfig: Setting CVar [[r.LensFlareQuality:2]]
[2019.09.28-17.44.55:373][  0]LogConfig: Setting CVar [[r.SceneColorFringeQuality:1]]
[2019.09.28-17.44.55:373][  0]LogConfig: Setting CVar [[r.EyeAdaptationQuality:2]]
[2019.09.28-17.44.55:373][  0]LogConfig: Setting CVar [[r.BloomQuality:5]]
[2019.09.28-17.44.55:373][  0]LogConfig: Setting CVar [[r.FastBlurThreshold:100]]
[2019.09.28-17.44.55:373][  0]LogConfig: Setting CVar [[r.Upscale.Quality:3]]
[2019.09.28-17.44.55:373][  0]LogConfig: Setting CVar [[r.Tonemapper.GrainQuantization:1]]
[2019.09.28-17.44.55:373][  0]LogConfig: Setting CVar [[r.LightShaftQuality:1]]
[2019.09.28-17.44.55:373][  0]LogConfig: Setting CVar [[r.Filter.SizeScale:1]]
[2019.09.28-17.44.55:373][  0]LogConfig: Setting CVar [[r.Tonemapper.Quality:5]]
[2019.09.28-17.44.55:373][  0]LogConfig: Setting CVar [[r.DOF.Gather.AccumulatorQuality:1        ; higher gathering accumulator quality]]
[2019.09.28-17.44.55:373][  0]LogConfig: Setting CVar [[r.DOF.Gather.PostfilterMethod:1          ; Median3x3 postfilering method]]
[2019.09.28-17.44.55:373][  0]LogConfig: Setting CVar [[r.DOF.Gather.EnableBokehSettings:0       ; no bokeh simulation when gathering]]
[2019.09.28-17.44.55:373][  0]LogConfig: Setting CVar [[r.DOF.Gather.RingCount:4                 ; medium number of samples when gathering]]
[2019.09.28-17.44.55:373][  0]LogConfig: Setting CVar [[r.DOF.Scatter.ForegroundCompositing:1    ; additive foreground scattering]]
[2019.09.28-17.44.55:373][  0]LogConfig: Setting CVar [[r.DOF.Scatter.BackgroundCompositing:2    ; additive background scattering]]
[2019.09.28-17.44.55:373][  0]LogConfig: Setting CVar [[r.DOF.Scatter.EnableBokehSettings:1      ; bokeh simulation when scattering]]
[2019.09.28-17.44.55:373][  0]LogConfig: Setting CVar [[r.DOF.Scatter.MaxSpriteRatio:0.1         ; only a maximum of 10% of scattered bokeh]]
[2019.09.28-17.44.55:373][  0]LogConfig: Setting CVar [[r.DOF.Recombine.Quality:1                ; cheap slight out of focus]]
[2019.09.28-17.44.55:373][  0]LogConfig: Setting CVar [[r.DOF.Recombine.EnableBokehSettings:0    ; no bokeh simulation on slight out of focus]]
[2019.09.28-17.44.55:373][  0]LogConfig: Setting CVar [[r.DOF.TemporalAAQuality:1                ; more stable temporal accumulation]]
[2019.09.28-17.44.55:373][  0]LogConfig: Setting CVar [[r.DOF.Kernel.MaxForegroundRadius:0.025]]
[2019.09.28-17.44.55:373][  0]LogConfig: Setting CVar [[r.DOF.Kernel.MaxBackgroundRadius:0.025]]
[2019.09.28-17.44.55:373][  0]LogConfig: Applying CVar settings from Section [TextureQuality@3] File [D:/Unreal Projects/Game/Saved/Config/Windows/Scalability.ini]
[2019.09.28-17.44.55:373][  0]LogConfig: Setting CVar [[r.Streaming.MipBias:0]]
[2019.09.28-17.44.55:373][  0]LogConfig: Setting CVar [[r.Streaming.AmortizeCPUToGPUCopy:0]]
[2019.09.28-17.44.55:373][  0]LogConfig: Setting CVar [[r.Streaming.MaxNumTexturesToStreamPerFrame:0]]
[2019.09.28-17.44.55:373][  0]LogConfig: Setting CVar [[r.Streaming.Boost:1]]
[2019.09.28-17.44.55:373][  0]LogConfig: Setting CVar [[r.MaxAnisotropy:8]]
[2019.09.28-17.44.55:373][  0]LogConfig: Setting CVar [[r.Streaming.LimitPoolSizeToVRAM:0]]
[2019.09.28-17.44.55:373][  0]LogConfig: Setting CVar [[r.Streaming.PoolSize:1000]]
[2019.09.28-17.44.55:373][  0]LogConfig: Setting CVar [[r.Streaming.MaxEffectiveScreenSize:0]]
[2019.09.28-17.44.55:373][  0]LogConfig: Applying CVar settings from Section [EffectsQuality@3] File [D:/Unreal Projects/Game/Saved/Config/Windows/Scalability.ini]
[2019.09.28-17.44.55:373][  0]LogConfig: Setting CVar [[r.TranslucencyLightingVolumeDim:64]]
[2019.09.28-17.44.55:373][  0]LogConfig: Setting CVar [[r.RefractionQuality:2]]
[2019.09.28-17.44.55:373][  0]LogConfig: Setting CVar [[r.SSR.Quality:3]]
[2019.09.28-17.44.55:373][  0]LogConfig: Setting CVar [[r.SceneColorFormat:4]]
[2019.09.28-17.44.55:373][  0]LogConfig: Setting CVar [[r.DetailMode:2]]
[2019.09.28-17.44.55:373][  0]LogConfig: Setting CVar [[r.TranslucencyVolumeBlur:1]]
[2019.09.28-17.44.55:373][  0]LogConfig: Setting CVar [[r.MaterialQualityLevel:1 ; High quality]]
[2019.09.28-17.44.55:373][  0]LogConfig: Setting CVar [[r.SSS.Scale:1]]
[2019.09.28-17.44.55:373][  0]LogConfig: Setting CVar [[r.SSS.SampleSet:2]]
[2019.09.28-17.44.55:374][  0]LogConfig: Setting CVar [[r.SSS.Quality:1]]
[2019.09.28-17.44.55:374][  0]LogConfig: Setting CVar [[r.SSS.HalfRes:1]]
[2019.09.28-17.44.55:374][  0]LogConfig: Setting CVar [[r.EmitterSpawnRateScale:1.0]]
[2019.09.28-17.44.55:374][  0]LogConfig: Setting CVar [[r.ParticleLightQuality:2]]
[2019.09.28-17.44.55:374][  0]LogConfig: Applying CVar settings from Section [FoliageQuality@3] File [D:/Unreal Projects/Game/Saved/Config/Windows/Scalability.ini]
[2019.09.28-17.44.55:374][  0]LogConfig: Setting CVar [[foliage.DensityScale:1.0]]
[2019.09.28-17.44.55:374][  0]LogConfig: Setting CVar [[grass.DensityScale:1.0]]
[2019.09.28-17.44.55:374][  0]LogInit: Selected Device Profile: [Windows]
[2019.09.28-17.44.55:374][  0]LogInit: Applying CVar settings loaded from the selected device profile: [Windows]
[2019.09.28-17.44.55:377][  0]LogHAL: Display: Platform has ~ 16 GB [17114546176 / 17179869184 / 16], which maps to Larger [LargestMinGB=32, LargerMinGB=12, DefaultMinGB=8, SmallerMinGB=6, SmallestMinGB=0)
[2019.09.28-17.44.55:377][  0]LogInit: Going up to parent DeviceProfile []
[2019.09.28-17.44.55:377][  0]LogConfig: Applying CVar settings from Section [ViewDistanceQuality@3] File [D:/Unreal Projects/Game/Saved/Config/Windows/Scalability.ini]
[2019.09.28-17.44.55:377][  0]LogConfig: Setting CVar [[r.SkeletalMeshLODBias:0]]
[2019.09.28-17.44.55:377][  0]LogConfig: Setting CVar [[r.ViewDistanceScale:1.0]]
[2019.09.28-17.44.55:377][  0]LogConfig: Applying CVar settings from Section [AntiAliasingQuality@3] File [D:/Unreal Projects/Game/Saved/Config/Windows/Scalability.ini]
[2019.09.28-17.44.55:377][  0]LogConfig: Setting CVar [[r.PostProcessAAQuality:4]]
[2019.09.28-17.44.55:377][  0]LogConfig: Applying CVar settings from Section [ShadowQuality@3] File [D:/Unreal Projects/Game/Saved/Config/Windows/Scalability.ini]
[2019.09.28-17.44.55:377][  0]LogConfig: Setting CVar [[r.LightFunctionQuality:1]]
[2019.09.28-17.44.55:377][  0]LogConfig: Setting CVar [[r.ShadowQuality:5]]
[2019.09.28-17.44.55:377][  0]LogConfig: Setting CVar [[r.Shadow.CSM.MaxCascades:10]]
[2019.09.28-17.44.55:377][  0]LogConfig: Setting CVar [[r.Shadow.MaxResolution:2048]]
[2019.09.28-17.44.55:377][  0]LogConfig: Setting CVar [[r.Shadow.MaxCSMResolution:2048]]
[2019.09.28-17.44.55:377][  0]LogConfig: Setting CVar [[r.Shadow.RadiusThreshold:0.01]]
[2019.09.28-17.44.55:377][  0]LogConfig: Setting CVar [[r.Shadow.DistanceScale:1.0]]
[2019.09.28-17.44.55:377][  0]LogConfig: Setting CVar [[r.Shadow.CSM.TransitionScale:1.0]]
[2019.09.28-17.44.55:377][  0]LogConfig: Setting CVar [[r.Shadow.PreShadowResolutionFactor:1.0]]
[2019.09.28-17.44.55:377][  0]LogConfig: Setting CVar [[r.DistanceFieldShadowing:1]]
[2019.09.28-17.44.55:377][  0]LogConfig: Setting CVar [[r.DistanceFieldAO:1]]
[2019.09.28-17.44.55:377][  0]LogConfig: Setting CVar [[r.AOQuality:2]]
[2019.09.28-17.44.55:377][  0]LogConfig: Setting CVar [[r.VolumetricFog:1]]
[2019.09.28-17.44.55:377][  0]LogConfig: Setting CVar [[r.VolumetricFog.GridPixelSize:8]]
[2019.09.28-17.44.55:377][  0]LogConfig: Setting CVar [[r.VolumetricFog.GridSizeZ:128]]
[2019.09.28-17.44.55:377][  0]LogConfig: Setting CVar [[r.VolumetricFog.HistoryMissSupersampleCount:4]]
[2019.09.28-17.44.55:377][  0]LogConfig: Setting CVar [[r.LightMaxDrawDistanceScale:1]]
[2019.09.28-17.44.55:377][  0]LogConfig: Setting CVar [[r.CapsuleShadows:1]]
[2019.09.28-17.44.55:377][  0]LogConfig: Applying CVar settings from Section [PostProcessQuality@3] File [D:/Unreal Projects/Game/Saved/Config/Windows/Scalability.ini]
[2019.09.28-17.44.55:377][  0]LogConfig: Setting CVar [[r.MotionBlurQuality:4]]
[2019.09.28-17.44.55:377][  0]LogConfig: Setting CVar [[r.AmbientOcclusionMipLevelFactor:0.4]]
[2019.09.28-17.44.55:377][  0]LogConfig: Setting CVar [[r.AmbientOcclusionMaxQuality:100]]
[2019.09.28-17.44.55:377][  0]LogConfig: Setting CVar [[r.AmbientOcclusionLevels:-1]]
[2019.09.28-17.44.55:377][  0]LogConfig: Setting CVar [[r.AmbientOcclusionRadiusScale:1.0]]
[2019.09.28-17.44.55:377][  0]LogConfig: Setting CVar [[r.DepthOfFieldQuality:2]]
[2019.09.28-17.44.55:377][  0]LogConfig: Setting CVar [[r.RenderTargetPoolMin:400]]
[2019.09.28-17.44.55:377][  0]LogConfig: Setting CVar [[r.LensFlareQuality:2]]
[2019.09.28-17.44.55:377][  0]LogConfig: Setting CVar [[r.SceneColorFringeQuality:1]]
[2019.09.28-17.44.55:377][  0]LogConfig: Setting CVar [[r.EyeAdaptationQuality:2]]
[2019.09.28-17.44.55:377][  0]LogConfig: Setting CVar [[r.BloomQuality:5]]
[2019.09.28-17.44.55:377][  0]LogConfig: Setting CVar [[r.FastBlurThreshold:100]]
[2019.09.28-17.44.55:377][  0]LogConfig: Setting CVar [[r.Upscale.Quality:3]]
[2019.09.28-17.44.55:377][  0]LogConfig: Setting CVar [[r.Tonemapper.GrainQuantization:1]]
[2019.09.28-17.44.55:377][  0]LogConfig: Setting CVar [[r.LightShaftQuality:1]]
[2019.09.28-17.44.55:377][  0]LogConfig: Setting CVar [[r.Filter.SizeScale:1]]
[2019.09.28-17.44.55:377][  0]LogConfig: Setting CVar [[r.Tonemapper.Quality:5]]
[2019.09.28-17.44.55:377][  0]LogConfig: Setting CVar [[r.DOF.Gather.AccumulatorQuality:1        ; higher gathering accumulator quality]]
[2019.09.28-17.44.55:377][  0]LogConfig: Setting CVar [[r.DOF.Gather.PostfilterMethod:1          ; Median3x3 postfilering method]]
[2019.09.28-17.44.55:377][  0]LogConfig: Setting CVar [[r.DOF.Gather.EnableBokehSettings:0       ; no bokeh simulation when gathering]]
[2019.09.28-17.44.55:377][  0]LogConfig: Setting CVar [[r.DOF.Gather.RingCount:4                 ; medium number of samples when gathering]]
[2019.09.28-17.44.55:377][  0]LogConfig: Setting CVar [[r.DOF.Scatter.ForegroundCompositing:1    ; additive foreground scattering]]
[2019.09.28-17.44.55:377][  0]LogConfig: Setting CVar [[r.DOF.Scatter.BackgroundCompositing:2    ; additive background scattering]]
[2019.09.28-17.44.55:377][  0]LogConfig: Setting CVar [[r.DOF.Scatter.EnableBokehSettings:1      ; bokeh simulation when scattering]]
[2019.09.28-17.44.55:377][  0]LogConfig: Setting CVar [[r.DOF.Scatter.MaxSpriteRatio:0.1         ; only a maximum of 10% of scattered bokeh]]
[2019.09.28-17.44.55:377][  0]LogConfig: Setting CVar [[r.DOF.Recombine.Quality:1                ; cheap slight out of focus]]
[2019.09.28-17.44.55:377][  0]LogConfig: Setting CVar [[r.DOF.Recombine.EnableBokehSettings:0    ; no bokeh simulation on slight out of focus]]
[2019.09.28-17.44.55:377][  0]LogConfig: Setting CVar [[r.DOF.TemporalAAQuality:1                ; more stable temporal accumulation]]
[2019.09.28-17.44.55:377][  0]LogConfig: Setting CVar [[r.DOF.Kernel.MaxForegroundRadius:0.025]]
[2019.09.28-17.44.55:377][  0]LogConfig: Setting CVar [[r.DOF.Kernel.MaxBackgroundRadius:0.025]]
[2019.09.28-17.44.55:377][  0]LogConfig: Applying CVar settings from Section [TextureQuality@3] File [D:/Unreal Projects/Game/Saved/Config/Windows/Scalability.ini]
[2019.09.28-17.44.55:377][  0]LogConfig: Setting CVar [[r.Streaming.MipBias:0]]
[2019.09.28-17.44.55:377][  0]LogConfig: Setting CVar [[r.Streaming.AmortizeCPUToGPUCopy:0]]
[2019.09.28-17.44.55:377][  0]LogConfig: Setting CVar [[r.Streaming.MaxNumTexturesToStreamPerFrame:0]]
[2019.09.28-17.44.55:377][  0]LogConfig: Setting CVar [[r.Streaming.Boost:1]]
[2019.09.28-17.44.55:377][  0]LogConfig: Setting CVar [[r.MaxAnisotropy:8]]
[2019.09.28-17.44.55:377][  0]LogConfig: Setting CVar [[r.Streaming.LimitPoolSizeToVRAM:0]]
[2019.09.28-17.44.55:377][  0]LogConfig: Setting CVar [[r.Streaming.PoolSize:1000]]
[2019.09.28-17.44.55:377][  0]LogConfig: Setting CVar [[r.Streaming.MaxEffectiveScreenSize:0]]
[2019.09.28-17.44.55:377][  0]LogConfig: Applying CVar settings from Section [EffectsQuality@3] File [D:/Unreal Projects/Game/Saved/Config/Windows/Scalability.ini]
[2019.09.28-17.44.55:377][  0]LogConfig: Setting CVar [[r.TranslucencyLightingVolumeDim:64]]
[2019.09.28-17.44.55:377][  0]LogConfig: Setting CVar [[r.RefractionQuality:2]]
[2019.09.28-17.44.55:377][  0]LogConfig: Setting CVar [[r.SSR.Quality:3]]
[2019.09.28-17.44.55:377][  0]LogConfig: Setting CVar [[r.SceneColorFormat:4]]
[2019.09.28-17.44.55:377][  0]LogConfig: Setting CVar [[r.DetailMode:2]]
[2019.09.28-17.44.55:377][  0]LogConfig: Setting CVar [[r.TranslucencyVolumeBlur:1]]
[2019.09.28-17.44.55:377][  0]LogConfig: Setting CVar [[r.MaterialQualityLevel:1 ; High quality]]
[2019.09.28-17.44.55:378][  0]LogConfig: Setting CVar [[r.SSS.Scale:1]]
[2019.09.28-17.44.55:378][  0]LogConfig: Setting CVar [[r.SSS.SampleSet:2]]
[2019.09.28-17.44.55:378][  0]LogConfig: Setting CVar [[r.SSS.Quality:1]]
[2019.09.28-17.44.55:378][  0]LogConfig: Setting CVar [[r.SSS.HalfRes:1]]
[2019.09.28-17.44.55:378][  0]LogConfig: Setting CVar [[r.EmitterSpawnRateScale:1.0]]
[2019.09.28-17.44.55:378][  0]LogConfig: Setting CVar [[r.ParticleLightQuality:2]]
[2019.09.28-17.44.55:378][  0]LogConfig: Applying CVar settings from Section [FoliageQuality@3] File [D:/Unreal Projects/Game/Saved/Config/Windows/Scalability.ini]
[2019.09.28-17.44.55:378][  0]LogConfig: Setting CVar [[foliage.DensityScale:1.0]]
[2019.09.28-17.44.55:378][  0]LogConfig: Setting CVar [[grass.DensityScale:1.0]]
[2019.09.28-17.44.55:378][  0]LogConfig: Applying CVar settings from Section [Startup] File [../../../Engine/Config/ConsoleVariables.ini]
[2019.09.28-17.44.55:378][  0]LogConfig: Setting CVar [[net.UseAdaptiveNetUpdateFrequency:0]]
[2019.09.28-17.44.55:378][  0]LogConfig: Setting CVar [[p.chaos.AllowCreatePhysxBodies:1]]
[2019.09.28-17.44.55:378][  0]LogConfig: Applying CVar settings from Section [ConsoleVariables] File [D:/Unreal Projects/Game/Saved/Config/Windows/Engine.ini]
[2019.09.28-17.44.55:378][  0]LogInit: Computer: DESKTOP-Q83AC7I
[2019.09.28-17.44.55:378][  0]LogInit: User: blood
[2019.09.28-17.44.55:378][  0]LogInit: CPU Page size=4096, Cores=4
[2019.09.28-17.44.55:378][  0]LogInit: High frequency timer resolution =10.000000 MHz
[2019.09.28-17.44.55:378][  0]LogMemory: Memory total: Physical=15.9GB (16GB approx)
[2019.09.28-17.44.55:378][  0]LogMemory: Platform Memory Stats for Windows
[2019.09.28-17.44.55:378][  0]LogMemory: Process Physical Memory: 103.21 MB used, 103.21 MB peak
[2019.09.28-17.44.55:378][  0]LogMemory: Process Virtual Memory: 100.68 MB used, 100.68 MB peak
[2019.09.28-17.44.55:378][  0]LogMemory: Physical Memory: 9172.25 MB used,  7149.45 MB free, 16321.70 MB total
[2019.09.28-17.44.55:378][  0]LogMemory: Virtual Memory: 4683.30 MB used,  134213048.00 MB free, 134217728.00 MB total
[2019.09.28-17.44.55:396][  0]LogWindows: WindowsPlatformFeatures enabled
[2019.09.28-17.44.55:444][  0]LogInit: Overriding language with editor language configuration option (en).
[2019.09.28-17.44.55:444][  0]LogInit: Overriding locale with editor locale configuration option (en).
[2019.09.28-17.44.55:640][  0]LogInit: Setting process to per monitor DPI aware
[2019.09.28-17.44.55:735][  0]LogSlate: New Slate User Created.  User Index 0, Is Virtual User: 0
[2019.09.28-17.44.55:735][  0]LogSlate: Slate User Registered.  User Index 0, Is Virtual User: 0
[2019.09.28-17.44.56:115][  0]LogHMD: Failed to initialize OpenVR with code 110
[2019.09.28-17.44.56:115][  0]LogD3D11RHI: D3D11 adapters:
[2019.09.28-17.44.56:253][  0]LogD3D11RHI:    0. 'NVIDIA GeForce GTX 760' (Feature Level 11_0)
[2019.09.28-17.44.56:253][  0]LogD3D11RHI:       1944/0/8160 MB DedicatedVideo/DedicatedSystem/SharedSystem, Outputs:2, VendorId:0x10de
[2019.09.28-17.44.56:258][  0]LogD3D11RHI:    1. 'Microsoft Basic Render Driver' (Feature Level 11_0)
[2019.09.28-17.44.56:258][  0]LogD3D11RHI:       0/0/8160 MB DedicatedVideo/DedicatedSystem/SharedSystem, Outputs:0, VendorId:0x1414
[2019.09.28-17.44.56:258][  0]LogD3D11RHI: Chosen D3D11 Adapter: 0
[2019.09.28-17.44.56:269][  0]LogD3D11RHI: Creating new Direct3DDevice
[2019.09.28-17.44.56:269][  0]LogD3D11RHI:     GPU DeviceId: 0x1187 (for the marketing name, search the web for "GPU Device Id")
[2019.09.28-17.44.56:269][  0]LogWindows: EnumDisplayDevices:
[2019.09.28-17.44.56:270][  0]LogWindows:    0. 'NVIDIA GeForce GTX 760' (P:1 D:1)
[2019.09.28-17.44.56:272][  0]LogWindows:    1. 'NVIDIA GeForce GTX 760' (P:0 D:1)
[2019.09.28-17.44.56:274][  0]LogWindows:    2. 'NVIDIA GeForce GTX 760' (P:0 D:0)
[2019.09.28-17.44.56:277][  0]LogWindows:    3. 'NVIDIA GeForce GTX 760' (P:0 D:0)
[2019.09.28-17.44.56:278][  0]LogWindows: DebugString: FoundDriverCount:4 
[2019.09.28-17.44.56:278][  0]LogD3D11RHI:     Adapter Name: NVIDIA GeForce GTX 760
[2019.09.28-17.44.56:278][  0]LogD3D11RHI:   Driver Version: 416.94 (internal:25.21.14.1694, unified:416.94)
[2019.09.28-17.44.56:278][  0]LogD3D11RHI:      Driver Date: 11-12-2018
[2019.09.28-17.44.56:278][  0]LogRHI: Texture pool is 1361 MB (70% of 1944 MB)
[2019.09.28-17.44.56:355][  0]LogD3D11RHI: Async texture creation enabled
[2019.09.28-17.44.56:378][  0]LogD3D11RHI: GPU Timing Frequency: 1000.000000 (Debug: 2 2)
[2019.09.28-17.44.57:092][  0]LogTemp: Display: Module 'AllDesktopTargetPlatform' loaded TargetPlatform 'AllDesktop'
[2019.09.28-17.44.57:104][  0]LogTemp: Display: Module 'MacClientTargetPlatform' loaded TargetPlatform 'MacClient'
[2019.09.28-17.44.57:115][  0]LogTemp: Display: Module 'MacNoEditorTargetPlatform' loaded TargetPlatform 'MacNoEditor'
[2019.09.28-17.44.57:125][  0]LogTemp: Display: Module 'MacServerTargetPlatform' loaded TargetPlatform 'MacServer'
[2019.09.28-17.44.57:136][  0]LogTemp: Display: Module 'MacTargetPlatform' loaded TargetPlatform 'Mac'
[2019.09.28-17.44.57:147][  0]LogTemp: Display: Module 'WindowsClientTargetPlatform' loaded TargetPlatform 'WindowsClient'
[2019.09.28-17.44.57:156][  0]LogTemp: Display: Module 'WindowsNoEditorTargetPlatform' loaded TargetPlatform 'WindowsNoEditor'
[2019.09.28-17.44.57:170][  0]LogTemp: Display: Module 'WindowsServerTargetPlatform' loaded TargetPlatform 'WindowsServer'
[2019.09.28-17.44.57:175][  0]LogTemp: Display: Module 'WindowsTargetPlatform' loaded TargetPlatform 'Windows'
[2019.09.28-17.44.57:208][  0]LogTemp: Display: Module 'AndroidTargetPlatform' loaded TargetPlatform 'Android'
[2019.09.28-17.44.57:208][  0]LogTemp: Display: Module 'AndroidTargetPlatform' loaded TargetPlatform 'Android_ASTC'
[2019.09.28-17.44.57:208][  0]LogTemp: Display: Module 'AndroidTargetPlatform' loaded TargetPlatform 'Android_ATC'
[2019.09.28-17.44.57:208][  0]LogTemp: Display: Module 'AndroidTargetPlatform' loaded TargetPlatform 'Android_DXT'
[2019.09.28-17.44.57:208][  0]LogTemp: Display: Module 'AndroidTargetPlatform' loaded TargetPlatform 'Android_ETC1'
[2019.09.28-17.44.57:208][  0]LogTemp: Display: Module 'AndroidTargetPlatform' loaded TargetPlatform 'Android_ETC1a'
[2019.09.28-17.44.57:208][  0]LogTemp: Display: Module 'AndroidTargetPlatform' loaded TargetPlatform 'Android_ETC2'
[2019.09.28-17.44.57:208][  0]LogTemp: Display: Module 'AndroidTargetPlatform' loaded TargetPlatform 'Android_PVRTC'
[2019.09.28-17.44.57:208][  0]LogTemp: Display: Module 'AndroidTargetPlatform' loaded TargetPlatform 'AndroidClient'
[2019.09.28-17.44.57:208][  0]LogTemp: Display: Module 'AndroidTargetPlatform' loaded TargetPlatform 'Android_ASTCClient'
[2019.09.28-17.44.57:208][  0]LogTemp: Display: Module 'AndroidTargetPlatform' loaded TargetPlatform 'Android_ATCClient'
[2019.09.28-17.44.57:208][  0]LogTemp: Display: Module 'AndroidTargetPlatform' loaded TargetPlatform 'Android_DXTClient'
[2019.09.28-17.44.57:209][  0]LogTemp: Display: Module 'AndroidTargetPlatform' loaded TargetPlatform 'Android_ETC1Client'
[2019.09.28-17.44.57:209][  0]LogTemp: Display: Module 'AndroidTargetPlatform' loaded TargetPlatform 'Android_ETC1aClient'
[2019.09.28-17.44.57:209][  0]LogTemp: Display: Module 'AndroidTargetPlatform' loaded TargetPlatform 'Android_ETC2Client'
[2019.09.28-17.44.57:209][  0]LogTemp: Display: Module 'AndroidTargetPlatform' loaded TargetPlatform 'Android_PVRTCClient'
[2019.09.28-17.44.57:209][  0]LogTemp: Display: Module 'AndroidTargetPlatform' loaded TargetPlatform 'Android_Multi'
[2019.09.28-17.44.57:209][  0]LogTemp: Display: Module 'AndroidTargetPlatform' loaded TargetPlatform 'Android_MultiClient'
[2019.09.28-17.44.57:213][  0]LogTemp: Display: Module 'HTML5TargetPlatform' loaded TargetPlatform 'HTML5'
[2019.09.28-17.44.57:235][  0]LogTemp: Display: Module 'IOSTargetPlatform' loaded TargetPlatform 'IOSClient'
[2019.09.28-17.44.57:235][  0]LogTemp: Display: Module 'IOSTargetPlatform' loaded TargetPlatform 'IOS'
[2019.09.28-17.44.57:252][  0]LogTemp: Display: Module 'TVOSTargetPlatform' loaded TargetPlatform 'TVOSClient'
[2019.09.28-17.44.57:252][  0]LogTemp: Display: Module 'TVOSTargetPlatform' loaded TargetPlatform 'TVOS'
[2019.09.28-17.44.57:261][  0]LogTemp: Display: Module 'LinuxClientTargetPlatform' loaded TargetPlatform 'LinuxClient'
[2019.09.28-17.44.57:271][  0]LogTemp: Display: Module 'LinuxNoEditorTargetPlatform' loaded TargetPlatform 'LinuxNoEditor'
[2019.09.28-17.44.57:279][  0]LogTemp: Display: Module 'LinuxServerTargetPlatform' loaded TargetPlatform 'LinuxServer'
[2019.09.28-17.44.57:289][  0]LogTemp: Display: Module 'LinuxTargetPlatform' loaded TargetPlatform 'Linux'
[2019.09.28-17.44.57:320][  0]LogTemp: Display: Module 'LuminTargetPlatform' loaded TargetPlatform 'Lumin'
[2019.09.28-17.44.57:320][  0]LogTemp: Display: Module 'LuminTargetPlatform' loaded TargetPlatform 'LuminClient'
[2019.09.28-17.44.57:320][  0]LogTargetPlatformManager: Display: Building Assets For Windows
[2019.09.28-17.44.57:338][  0]LogAudioDebug: Display: Lib vorbis DLL was dynamically loaded.
[2019.09.28-17.44.57:412][  0]LogShaderCompilers: Guid format shader working directory is 22 characters bigger than the processId version (D:/Unreal Projects/Game/Intermediate/Shaders/WorkingDirectory/32732/).
[2019.09.28-17.44.57:413][  0]LogShaderCompilers: Cleaned the shader compiler working directory 'C:/Users/blood/AppData/Local/Temp/UnrealShaderWorkingDir/6D79718A477F469842261E8A006387FB/'.
[2019.09.28-17.44.57:415][  0]LogXGEController: Cannot use XGE Controller as Incredibuild is not installed on this machine.
[2019.09.28-17.44.57:416][  0]LogShaderCompilers: Cannot use XGE Shader Compiler as Incredibuild is not installed on this machine.
[2019.09.28-17.44.57:416][  0]LogShaderCompilers: Display: Using Local Shader Compiler.
[2019.09.28-17.44.58:131][  0]LogDerivedDataCache: Display: Max Cache Size: 512 MB
[2019.09.28-17.44.58:187][  0]LogDerivedDataCache: Loaded boot cache 0.06s 73MB C:/Users/blood/AppData/Local/UnrealEngine/4.23/DerivedDataCache/Boot.ddc.
[2019.09.28-17.44.58:187][  0]LogDerivedDataCache: Display: Loaded Boot cache: C:/Users/blood/AppData/Local/UnrealEngine/4.23/DerivedDataCache/Boot.ddc
[2019.09.28-17.44.58:187][  0]LogDerivedDataCache: FDerivedDataBackendGraph:  Pak pak cache file D:/Unreal Projects/Game/DerivedDataCache/DDC.ddp not found, will not use a pak cache.
[2019.09.28-17.44.58:187][  0]LogDerivedDataCache: Unable to find inner node Pak for hierarchical cache Hierarchy.
[2019.09.28-17.44.58:187][  0]LogDerivedDataCache: FDerivedDataBackendGraph:  CompressedPak pak cache file D:/Unreal Projects/Game/DerivedDataCache/Compressed.ddp not found, will not use a pak cache.
[2019.09.28-17.44.58:187][  0]LogDerivedDataCache: Unable to find inner node CompressedPak for hierarchical cache Hierarchy.
[2019.09.28-17.44.58:198][  0]LogDerivedDataCache: Display: Pak cache opened for reading ../../../Engine/DerivedDataCache/Compressed.ddp.
[2019.09.28-17.44.58:198][  0]LogDerivedDataCache: FDerivedDataBackendGraph:  EnterprisePak pak cache file ../../../Enterprise/DerivedDataCache/Compressed.ddp not found, will not use a pak cache.
[2019.09.28-17.44.58:198][  0]LogDerivedDataCache: Unable to find inner node EnterprisePak for hierarchical cache Hierarchy.
[2019.09.28-17.44.58:200][  0]LogDerivedDataCache: Using Local data cache path C:/Users/blood/AppData/Local/UnrealEngine/Common/DerivedDataCache: Writable
[2019.09.28-17.44.58:200][  0]LogDerivedDataCache: Shared data cache path not found in *engine.ini, will not use an Shared cache.
[2019.09.28-17.44.58:200][  0]LogDerivedDataCache: Unable to find inner node Shared for hierarchical cache Hierarchy.
[2019.09.28-17.44.58:221][  0]LogMaterial: Verifying Global Shaders for PCD3D_SM5
[2019.09.28-17.44.58:223][  0]LogSlate: Using FreeType 2.6.0
[2019.09.28-17.44.58:225][  0]LogSlate: SlateFontServices - WITH_FREETYPE: 1, WITH_HARFBUZZ: 1
[2019.09.28-17.44.58:321][  0]LogAssetRegistry: FAssetRegistry took 0.0028 seconds to start up
[2019.09.28-17.44.58:601][  0]LogInit: Selected Device Profile: [Windows]
[2019.09.28-17.44.58:772][  0]LogMeshReduction: Using QuadricMeshReduction for automatic static mesh reduction
[2019.09.28-17.44.58:772][  0]LogMeshReduction: Using SimplygonMeshReduction for automatic skeletal mesh reduction
[2019.09.28-17.44.58:772][  0]LogMeshReduction: Using ProxyLODMeshReduction for automatic mesh merging
[2019.09.28-17.44.58:772][  0]LogMeshReduction: No distributed automatic mesh merging module available
[2019.09.28-17.44.58:772][  0]LogMeshMerging: No distributed automatic mesh merging module available
[2019.09.28-17.44.58:784][  0]LogNetVersion: Game 1.0.0, NetCL: 8386587, EngineNetVer: 11, GameNetVer: 0 (Checksum: 932843807)
[2019.09.28-17.44.59:275][  0]LogPackageLocalizationCache: Processed 12 localized package path(s) for 1 prioritized culture(s) in 0.049460 seconds
[2019.09.28-17.44.59:283][  0]LogUObjectArray: 43444 objects as part of root set at end of initial load.
[2019.09.28-17.44.59:283][  0]LogUObjectAllocator: 7548648 out of 0 bytes used by permanent object pool.
[2019.09.28-17.44.59:283][  0]LogUObjectArray: CloseDisregardForGC: 0/0 objects in disregard for GC pool
[2019.09.28-17.45.00:634][  0]LogTcpMessaging: Initializing TcpMessaging bridge
[2019.09.28-17.45.00:638][  0]LogUdpMessaging: Initializing bridge on interface 0.0.0.0:0 to multicast group 230.0.0.1:6666.
[2019.09.28-17.45.00:744][  0]SourceControl: Source control is disabled
[2019.09.28-17.45.00:744][  0]SourceControl: Source control is disabled
[2019.09.28-17.45.00:746][  0]SourceControl: Source control is disabled
[2019.09.28-17.45.00:749][  0]SourceControl: Source control is disabled
[2019.09.28-17.45.00:903][  0]LogAndroidPermission: UAndroidPermissionCallbackProxy::GetInstance
[2019.09.28-17.45.01:901][  0]LogOcInput: OculusInput pre-init called
[2019.09.28-17.45.01:911][  0]LogWindows: Failed to load 'OVRPlugin.dll' (GetLastError=126)
[2019.09.28-17.45.01:912][  0]LogWindows: File 'OVRPlugin.dll' does not exist
[2019.09.28-17.45.01:986][  0]LogEngine: Initializing Engine...
[2019.09.28-17.45.01:987][  0]LogHMD: Failed to initialize OpenVR with code 110
[2019.09.28-17.45.01:988][  0]LogStats: UGameplayTagsManager::InitializeManager -  0.000 s
[2019.09.28-17.45.02:229][  0]LogInit: Initializing FReadOnlyCVARCache
[2019.09.28-17.45.02:246][  0]LogAIModule: Creating AISystem for world Untitled
[2019.09.28-17.45.02:774][  0]LogInit: XAudio2 using 'PHL 243S7(2- NVIDIA High Definition Audio)' : 2 channels at 48 kHz using 16 bits per sample (channel mask 0x3)
[2019.09.28-17.45.02:898][  0]LogInit: FAudioDevice initialized.
[2019.09.28-17.45.02:898][  0]LogNetVersion: Set ProjectVersion to 1.0.0.0. Version Checksum will be recalculated on next use.
[2019.09.28-17.45.02:990][  0]LogDerivedDataCache: Saved boot cache 0.09s 73MB C:/Users/blood/AppData/Local/UnrealEngine/4.23/DerivedDataCache/Boot.ddc.
[2019.09.28-17.45.02:991][  0]LogInit: Texture streaming: Enabled
[2019.09.28-17.45.03:018][  0]LogEngineSessionManager: EngineSessionManager initialized
[2019.09.28-17.45.03:078][  0]LogInit: Transaction tracking system initialized
[2019.09.28-17.45.03:120][  0]BlueprintLog: New page: Editor Load
[2019.09.28-17.45.03:232][  0]LocalizationService: Localization service is disabled
[2019.09.28-17.45.03:537][  0]LogFileCache: Scanning file cache for directory 'D:/Unreal Projects/Game/Content/' took 0.01s
[2019.09.28-17.45.03:537][  0]LogCook: Display: Max memory allowance for cook 16384mb min free memory 0mb
[2019.09.28-17.45.03:537][  0]LogCook: Display: Mobile HDR setting 1
[2019.09.28-17.45.03:819][  0]SourceControl: Source control is disabled
[2019.09.28-17.45.03:819][  0]Cmd: MAP LOAD FILE="D:/Unreal Projects/Game/Content/Map/Basic.umap" TEMPLATE=0 SHOWPROGRESS=1 FEATURELEVEL=3
[2019.09.28-17.45.03:820][  0]LightingResults: New page: Lighting Build
[2019.09.28-17.45.03:822][  0]LogWorld: UWorld::CleanupWorld for Untitled, bSessionEnded=true, bCleanupResources=true
[2019.09.28-17.45.03:823][  0]MapCheck: New page: Map Check
[2019.09.28-17.45.03:823][  0]LightingResults: New page: Lighting Build
[2019.09.28-17.45.03:850][  0]LogUObjectHash: Compacting FUObjectHashTables data took   2.40ms
[2019.09.28-17.45.03:990][  0]LogAIModule: Creating AISystem for world Basic
[2019.09.28-17.45.03:994][  0]LogEditorServer: Finished looking for orphan Actors (0.000 secs)
[2019.09.28-17.45.04:022][  0]LogUObjectHash: Compacting FUObjectHashTables data took   5.24ms
[2019.09.28-17.45.04:022][  0]Cmd: MAP CHECKDEP NOCLEARLOG
[2019.09.28-17.45.04:022][  0]MapCheck: Map check complete: 0 Error(s), 0 Warning(s), took 0.072ms to complete.
[2019.09.28-17.45.04:022][  0]LogFileHelpers: Loading map 'Basic' took 0.204
[2019.09.28-17.45.04:156][  0]LogSlate: Updating window title bar state: overlay mode, drag disabled, window buttons hidden, title bar hidden
[2019.09.28-17.45.04:164][  0]LogSlate: Updating window title bar state: overlay mode, drag disabled, window buttons hidden, title bar hidden
[2019.09.28-17.45.04:172][  0]LogSlate: Updating window title bar state: overlay mode, drag disabled, window buttons hidden, title bar hidden
[2019.09.28-17.45.04:179][  0]LogSlate: Updating window title bar state: overlay mode, drag disabled, window buttons hidden, title bar hidden
[2019.09.28-17.45.04:187][  0]LogCollectionManager: Loaded 0 collections in 0.001965 seconds
[2019.09.28-17.45.04:194][  0]LogFileCache: Scanning file cache for directory 'D:/Unreal Projects/Game/Saved/Collections/' took 0.00s
[2019.09.28-17.45.04:194][  0]LogFileCache: Scanning file cache for directory 'D:/Unreal Projects/Game/Content/Developers/blood/Collections/' took 0.00s
[2019.09.28-17.45.04:194][  0]LogFileCache: Scanning file cache for directory 'D:/Unreal Projects/Game/Content/Collections/' took 0.00s
[2019.09.28-17.45.04:194][  0]LogCollectionManager: Rebuilt the GUID cache for 0 collections in 0.000002 seconds
[2019.09.28-17.45.04:203][  0]LogContentBrowser: Native class hierarchy populated in 0.0092 seconds. Added 2868 classes and 684 folders.
[2019.09.28-17.45.04:210][  0]LogContentBrowser: Native class hierarchy updated for 'WidgetCarousel' in 0.0004 seconds. Added 0 classes and 0 folders.
[2019.09.28-17.45.04:323][  0]LogContentBrowser: Native class hierarchy updated for 'AddContentDialog' in 0.0005 seconds. Added 0 classes and 0 folders.
[2019.09.28-17.45.04:348][  0]LogSlate: Took 0.000461 seconds to synchronously load lazily loaded font '../../../Engine/Content/Slate/Fonts/Roboto-Regular.ttf' (155K)
[2019.09.28-17.45.04:353][  0]LogSlate: Took 0.000444 seconds to synchronously load lazily loaded font '../../../Engine/Content/Slate/Fonts/Roboto-Bold.ttf' (160K)
[2019.09.28-17.45.04:355][  0]LogSlate: Took 0.000423 seconds to synchronously load lazily loaded font '../../../Engine/Content/Editor/Slate/Fonts/FontAwesome.ttf' (139K)
[2019.09.28-17.45.04:355][  0]LogSlate: Took 0.000357 seconds to synchronously load lazily loaded font '../../../Engine/Content/Slate/Fonts/DroidSansMono.ttf' (77K)
[2019.09.28-17.45.04:463][  0]LogRenderer: Reallocating scene render targets to support 980x572 Format 10 NumSamples 1 (Frame:1).
[2019.09.28-17.45.04:644][  0]LogContentBrowser: Native class hierarchy updated for 'HierarchicalLODOutliner' in 0.0005 seconds. Added 0 classes and 0 folders.
[2019.09.28-17.45.04:645][  0]LogLoad: (Engine Initialization) Total time: 13.11 seconds
[2019.09.28-17.45.04:645][  0]LogLoad: (Engine Initialization) Total Blueprint compile time: 0.00 seconds
[2019.09.28-17.45.04:709][  0]LogContentStreaming: Texture pool size now 1000 MB
[2019.09.28-17.45.04:738][  1]LogAssetRegistry: Asset discovery search completed in 6.4176 seconds
[2019.09.28-17.45.04:741][  1]LogCollectionManager: Rebuilt the object cache for 0 collections in 0.000004 seconds (found 0 objects)
[2019.09.28-17.45.04:741][  1]LogCollectionManager: Fixed up redirectors for 0 collections in 0.000178 seconds (updated 0 objects)
[2019.09.28-17.45.05:721][  4]LogEditorViewport: Clicking on Actor (LMB): StaticMeshActor (Cube3)
[2019.09.28-17.45.06:414][ 62]LogSlate: FSceneViewport::OnFocusLost() reason 0
[2019.09.28-17.45.06:518][ 70]Candidate modules for hot reload:
[2019.09.28-17.45.06:518][ 70]  Game
[2019.09.28-17.45.06:518][ 70]Launching UnrealBuildTool... [H:/Program Files (x86)/UE_4.23/Engine/Binaries/DotNET/UnrealBuildTool.exe  -ModuleWithSuffix=Game,9987 Win64 Development -TargetType=Editor -Project="D:/Unreal Projects/Game/Game.uproject" "D:/Unreal Projects/Game/Game.uproject"  -IgnoreJunk]
[2019.09.28-17.45.06:524][ 70]Warning: Starting HotReload took  0.0s.
[2019.09.28-17.45.31:209][175]CompilerResultsLog: New page: Compilation - Sep 29, 2019, 11:45:31 AM
[2019.09.28-17.45.31:209][175]CompilerResultsLog: Parsing headers for GameEditor
[2019.09.28-17.45.31:209][175]CompilerResultsLog:   Running UnrealHeaderTool "D:\Unreal Projects\Game\Game.uproject" "D:\Unreal Projects\Game\Intermediate\Build\Win64\GameEditor\Development\GameEditor.uhtmanifest" -LogCmds="loginit warning, logexit warning, logdatabase error" -Unattended -WarningsAsErrors -installed
[2019.09.28-17.45.31:210][175]CompilerResultsLog: Reflection code generated for GameEditor in 9.4171583 seconds
[2019.09.28-17.45.31:210][175]CompilerResultsLog: Using Visual Studio 2017 14.16.27023 toolchain (C:\Program Files (x86)\Microsoft Visual Studio\2017\Community\VC\Tools\MSVC\14.16.27023) and Windows 10.0.16299.0 SDK (C:\Program Files (x86)\Windows Kits\10).
[2019.09.28-17.45.31:210][175]CompilerResultsLog: Building 7 actions with 8 processes...
[2019.09.28-17.45.31:210][175]CompilerResultsLog:   [1/7] PioneerManager.cpp
[2019.09.28-17.45.31:210][175]CompilerResultsLog:   [2/7] PioneerManager.gen.cpp
[2019.09.28-17.45.31:210][175]CompilerResultsLog:   [3/7] MyGameModeBase.gen.cpp
[2019.09.28-17.45.31:211][175]CompilerResultsLog:   [4/7] MyGameModeBase.cpp
[2019.09.28-17.45.31:211][175]CompilerResultsLog:   [5/7] UE4Editor-Game-9987.lib
[2019.09.28-17.45.31:211][175]CompilerResultsLog:      D:\Unreal Projects\Game\Intermediate\Build\Win64\UE4Editor\Development\Game\UE4Editor-Game-9987.lib ???̺귯?? ?? D:\Unreal Projects\Game\Intermediate\Build\Win64\UE4Editor\Development\Game\UE4Editor-Game-9987.exp ??ü?? ?????ϰ? ?ֽ??ϴ?.
[2019.09.28-17.45.31:213][175]LogSlate: Took 0.002269 seconds to synchronously load lazily loaded font '../../../Engine/Content/Slate/Fonts/DroidSansFallback.ttf' (3848K)
[2019.09.28-17.45.31:214][175]LogSlate: Last resort fallback font was requested. Font: '../../../Engine/Content/Slate/Fonts/DroidSansFallback.ttf', Character: 'ϰ (U+03f0)'
[2019.09.28-17.45.31:219][175]LogSlate: Took 0.003477 seconds to synchronously load lazily loaded font '../../../Engine/Content/SlateDebug/Fonts/LastResort.ttf' (5269K)
[2019.09.28-17.45.31:220][175]CompilerResultsLog:   [6/7] UE4Editor-Game-9987.dll
[2019.09.28-17.45.31:220][175]CompilerResultsLog:      D:\Unreal Projects\Game\Intermediate\Build\Win64\UE4Editor\Development\Game\UE4Editor-Game-9987.suppressed.lib ???̺귯?? ?? D:\Unreal Projects\Game\Intermediate\Build\Win64\UE4Editor\Development\Game\UE4Editor-Game-9987.suppressed.exp ??ü?? ?????ϰ? ?ֽ??ϴ?.
[2019.09.28-17.45.31:221][175]CompilerResultsLog:   [7/7] GameEditor.target
[2019.09.28-17.45.31:221][175]CompilerResultsLog: Total time in Parallel executor: 13.20 seconds
[2019.09.28-17.45.31:221][175]CompilerResultsLog: Total execution time: 24.27 seconds
[2019.09.28-17.45.31:221][175]LogMainFrame: MainFrame: Module compiling took 24.707 seconds
[2019.09.28-17.45.31:246][175]LogUObjectHash: Compacting FUObjectHashTables data took   0.61ms
[2019.09.28-17.45.31:267][175]LogClass: Could not find existing class MyGameModeBase in package /Script/Game for HotReload, assuming new class
[2019.09.28-17.45.31:272][175]LogClass: Could not find existing class PioneerManager in package /Script/Game for HotReload, assuming new class
[2019.09.28-17.45.31:275][175]LogHotReload: Re-instancing MyGameModeBase after hot-reload.
[2019.09.28-17.45.31:367][175]LogHotReload: Re-instancing PioneerManager after hot-reload.
[2019.09.28-17.45.31:454][175]LogContentBrowser: Native class hierarchy updated for 'Game' in 0.0007 seconds. Added 4 classes and 2 folders.
[2019.09.28-17.45.31:458][175]Display: HotReload successful (2 functions remapped  0 scriptstructs remapped)
[2019.09.28-17.45.31:522][175]LogUObjectHash: Compacting FUObjectHashTables data took   1.28ms
[2019.09.28-17.45.31:538][175]LogContentBrowser: Native class hierarchy populated in 0.0104 seconds. Added 2868 classes and 684 folders.
[2019.09.28-17.45.31:538][175]Display: HotReload took 25.1s.
[2019.09.28-17.45.33:215][180]LogTemp: Repeating last play command: Selected Viewport
[2019.09.28-17.45.33:232][180]LogBlueprintUserMessages: Early PlayInEditor Detection: Level '/Game/Map/Basic.Basic:PersistentLevel' has LevelScriptBlueprint '/Game/Map/Basic.Basic:PersistentLevel.Basic' with GeneratedClass '/Game/Map/Basic.Basic_C' with ClassGeneratedBy '/Game/Map/Basic.Basic:PersistentLevel.Basic'
[2019.09.28-17.45.33:233][180]LogPlayLevel: PlayLevel: No blueprints needed recompiling
[2019.09.28-17.45.33:233][180]PIE: New page: PIE session: Basic (Sep 29, 2019, 11:45:33 AM)
[2019.09.28-17.45.33:234][180]LogOnline: OSS: Creating online subsystem instance for: NULL
[2019.09.28-17.45.33:237][180]LogPlayLevel: Creating play world package: /Game/Map/UEDPIE_0_Basic
[2019.09.28-17.45.33:239][180]LogPlayLevel: PIE: StaticDuplicateObject took: (0.002545s)
[2019.09.28-17.45.33:240][180]LogAIModule: Creating AISystem for world Basic
[2019.09.28-17.45.33:241][180]LogPlayLevel: PIE: World Init took: (0.001239s)
[2019.09.28-17.45.33:241][180]LogPlayLevel: PIE: Created PIE world by copying editor world from /Game/Map/Basic.Basic to /Game/Map/UEDPIE_0_Basic.Basic (0.004310s)
[2019.09.28-17.45.33:265][180]LogUObjectHash: Compacting FUObjectHashTables data took   2.20ms
[2019.09.28-17.45.33:884][180]LogInit: XAudio2 using 'PHL 243S7(2- NVIDIA High Definition Audio)' : 2 channels at 48 kHz using 16 bits per sample (channel mask 0x3)
[2019.09.28-17.45.33:973][180]LogInit: FAudioDevice initialized.
[2019.09.28-17.45.33:982][180]LogLoad: Game class is 'MyGameModeBase'
[2019.09.28-17.45.33:984][180]LogWorld: Bringing World /Game/Map/UEDPIE_0_Basic.Basic up for play (max tick rate 0) at 2019.09.29-02.45.33
[2019.09.28-17.45.33:985][180]LogWorld: Bringing up level for play took: 0.001048
[2019.09.28-17.45.33:985][180]LogOnline: OSS: Creating online subsystem instance for: :Context_3
[2019.09.28-17.45.34:053][180]LogContentBrowser: Native class hierarchy updated for 'MovieSceneCapture' in 0.0005 seconds. Added 20 classes and 0 folders.
[2019.09.28-17.45.34:055][180]PIE: Play in editor start time for /Game/Map/UEDPIE_0_Basic -0.142
[2019.09.28-17.45.34:055][180]LogBlueprintUserMessages: Late PlayInEditor Detection: Level '/Game/Map/Basic.Basic:PersistentLevel' has LevelScriptBlueprint '/Game/Map/Basic.Basic:PersistentLevel.Basic' with GeneratedClass '/Game/Map/Basic.Basic_C' with ClassGeneratedBy '/Game/Map/Basic.Basic:PersistentLevel.Basic'
[2019.09.28-17.45.51:958][113]LogSlate: FSceneViewport::OnFocusLost() reason 0
[2019.09.28-17.45.52:010][113]LogBlueprintUserMessages: Early EndPlayMap Detection: Level '/Game/Map/Basic.Basic:PersistentLevel' has LevelScriptBlueprint '/Game/Map/Basic.Basic:PersistentLevel.Basic' with GeneratedClass '/Game/Map/Basic.Basic_C' with ClassGeneratedBy '/Game/Map/Basic.Basic:PersistentLevel.Basic'
[2019.09.28-17.45.52:010][113]LogSlate: Updating window title bar state: overlay mode, drag disabled, window buttons hidden, title bar hidden
[2019.09.28-17.45.52:011][113]LogWorld: BeginTearingDown for /Game/Map/UEDPIE_0_Basic
[2019.09.28-17.45.52:011][113]LogWorld: UWorld::CleanupWorld for Basic, bSessionEnded=true, bCleanupResources=true
[2019.09.28-17.45.52:020][113]LogPlayLevel: Display: Shutting down PIE online subsystems
[2019.09.28-17.45.52:021][113]LogBlueprintUserMessages: Late EndPlayMap Detection: Level '/Game/Map/Basic.Basic:PersistentLevel' has LevelScriptBlueprint '/Game/Map/Basic.Basic:PersistentLevel.Basic' with GeneratedClass '/Game/Map/Basic.Basic_C' with ClassGeneratedBy '/Game/Map/Basic.Basic:PersistentLevel.Basic'
[2019.09.28-17.45.52:051][113]LogSlate: Updating window title bar state: overlay mode, drag disabled, window buttons hidden, title bar hidden
[2019.09.28-17.45.52:055][113]LogUObjectHash: Compacting FUObjectHashTables data took   2.05ms
[2019.09.28-17.45.52:110][119]LogPlayLevel: Display: Destroying online subsystem :Context_3
[2019.09.28-17.47.22:293][543]Candidate modules for hot reload:
[2019.09.28-17.47.22:294][543]  Game
[2019.09.28-17.47.22:294][543]Launching UnrealBuildTool... [H:/Program Files (x86)/UE_4.23/Engine/Binaries/DotNET/UnrealBuildTool.exe  -ModuleWithSuffix=Game,4627 Win64 Development -TargetType=Editor -Project="D:/Unreal Projects/Game/Game.uproject" "D:/Unreal Projects/Game/Game.uproject"  -IgnoreJunk]
[2019.09.28-17.47.22:302][543]Warning: Starting HotReload took  0.0s.
[2019.09.28-17.47.46:566][ 66]CompilerResultsLog: New page: Compilation - Sep 29, 2019, 11:47:46 AM
[2019.09.28-17.47.46:566][ 66]CompilerResultsLog: Parsing headers for GameEditor
[2019.09.28-17.47.46:566][ 66]CompilerResultsLog:   Running UnrealHeaderTool "D:\Unreal Projects\Game\Game.uproject" "D:\Unreal Projects\Game\Intermediate\Build\Win64\GameEditor\Development\GameEditor.uhtmanifest" -LogCmds="loginit warning, logexit warning, logdatabase error" -Unattended -WarningsAsErrors -installed
[2019.09.28-17.47.46:567][ 66]CompilerResultsLog: Reflection code generated for GameEditor in 9.5671394 seconds
[2019.09.28-17.47.46:567][ 66]CompilerResultsLog: Using Visual Studio 2017 14.16.27023 toolchain (C:\Program Files (x86)\Microsoft Visual Studio\2017\Community\VC\Tools\MSVC\14.16.27023) and Windows 10.0.16299.0 SDK (C:\Program Files (x86)\Windows Kits\10).
[2019.09.28-17.47.46:567][ 66]CompilerResultsLog: Building 4 actions with 8 processes...
[2019.09.28-17.47.46:567][ 66]CompilerResultsLog:   [1/4] MyGameModeBase.cpp
[2019.09.28-17.47.46:567][ 66]CompilerResultsLog:   [2/4] UE4Editor-Game-4627.lib
[2019.09.28-17.47.46:567][ 66]CompilerResultsLog:      D:\Unreal Projects\Game\Intermediate\Build\Win64\UE4Editor\Development\Game\UE4Editor-Game-4627.lib ???̺귯?? ?? D:\Unreal Projects\Game\Intermediate\Build\Win64\UE4Editor\Development\Game\UE4Editor-Game-4627.exp ??ü?? ?????ϰ? ?ֽ??ϴ?.
[2019.09.28-17.47.46:568][ 66]CompilerResultsLog:   [3/4] UE4Editor-Game-4627.dll
[2019.09.28-17.47.46:568][ 66]CompilerResultsLog:      D:\Unreal Projects\Game\Intermediate\Build\Win64\UE4Editor\Development\Game\UE4Editor-Game-4627.suppressed.lib ???̺귯?? ?? D:\Unreal Projects\Game\Intermediate\Build\Win64\UE4Editor\Development\Game\UE4Editor-Game-4627.suppressed.exp ??ü?? ?????ϰ? ?ֽ??ϴ?.
[2019.09.28-17.47.46:569][ 66]CompilerResultsLog:   [4/4] GameEditor.target
[2019.09.28-17.47.46:569][ 66]CompilerResultsLog: Total time in Parallel executor: 12.40 seconds
[2019.09.28-17.47.46:569][ 66]CompilerResultsLog: Total execution time: 23.72 seconds
[2019.09.28-17.47.46:569][ 66]LogMainFrame: MainFrame: Module compiling took 24.282 seconds
[2019.09.28-17.47.46:591][ 66]LogUObjectHash: Compacting FUObjectHashTables data took   0.65ms
[2019.09.28-17.47.46:621][ 66]LogHotReload: Re-instancing Pioneer after hot-reload.
[2019.09.28-17.47.46:708][ 66]LogContentBrowser: Native class hierarchy updated for 'Game' in 0.0006 seconds. Added 4 classes and 2 folders.
[2019.09.28-17.47.46:711][ 66]Display: HotReload successful (2 functions remapped  0 scriptstructs remapped)
[2019.09.28-17.47.46:768][ 66]LogUObjectHash: Compacting FUObjectHashTables data took   1.27ms
[2019.09.28-17.47.46:783][ 66]LogContentBrowser: Native class hierarchy populated in 0.0108 seconds. Added 2868 classes and 684 folders.
[2019.09.28-17.47.46:784][ 66]Display: HotReload took 24.5s.
[2019.09.28-17.47.48:229][ 70]LogTemp: Repeating last play command: Selected Viewport
[2019.09.28-17.47.48:243][ 70]LogBlueprintUserMessages: Early PlayInEditor Detection: Level '/Game/Map/Basic.Basic:PersistentLevel' has LevelScriptBlueprint '/Game/Map/Basic.Basic:PersistentLevel.Basic' with GeneratedClass '/Game/Map/Basic.Basic_C' with ClassGeneratedBy '/Game/Map/Basic.Basic:PersistentLevel.Basic'
[2019.09.28-17.47.48:243][ 70]LogPlayLevel: PlayLevel: No blueprints needed recompiling
[2019.09.28-17.47.48:243][ 70]PIE: New page: PIE session: Basic (Sep 29, 2019, 11:47:48 AM)
[2019.09.28-17.47.48:244][ 70]LogPlayLevel: Creating play world package: /Game/Map/UEDPIE_0_Basic
[2019.09.28-17.47.48:246][ 70]LogPlayLevel: PIE: StaticDuplicateObject took: (0.002688s)
[2019.09.28-17.47.48:247][ 70]LogAIModule: Creating AISystem for world Basic
[2019.09.28-17.47.48:247][ 70]LogPlayLevel: PIE: World Init took: (0.000883s)
[2019.09.28-17.47.48:248][ 70]LogPlayLevel: PIE: Created PIE world by copying editor world from /Game/Map/Basic.Basic to /Game/Map/UEDPIE_0_Basic.Basic (0.003945s)
[2019.09.28-17.47.48:270][ 70]LogUObjectHash: Compacting FUObjectHashTables data took   1.35ms
[2019.09.28-17.47.48:821][ 70]LogInit: XAudio2 using 'PHL 243S7(2- NVIDIA High Definition Audio)' : 2 channels at 48 kHz using 16 bits per sample (channel mask 0x3)
[2019.09.28-17.47.48:907][ 70]LogInit: FAudioDevice initialized.
[2019.09.28-17.47.48:915][ 70]LogLoad: Game class is 'MyGameModeBase'
[2019.09.28-17.47.48:916][ 70]LogWorld: Bringing World /Game/Map/UEDPIE_0_Basic.Basic up for play (max tick rate 0) at 2019.09.29-02.47.48
[2019.09.28-17.47.48:916][ 70]LogWorld: Bringing up level for play took: 0.000584
[2019.09.28-17.47.48:917][ 70]LogOnline: OSS: Creating online subsystem instance for: :Context_4
[2019.09.28-17.47.48:920][ 70]PIE: Play in editor start time for /Game/Map/UEDPIE_0_Basic 0.723
[2019.09.28-17.47.48:920][ 70]LogBlueprintUserMessages: Late PlayInEditor Detection: Level '/Game/Map/Basic.Basic:PersistentLevel' has LevelScriptBlueprint '/Game/Map/Basic.Basic:PersistentLevel.Basic' with GeneratedClass '/Game/Map/Basic.Basic_C' with ClassGeneratedBy '/Game/Map/Basic.Basic:PersistentLevel.Basic'
[2019.09.28-17.47.55:741][868]LogSlate: FSceneViewport::OnFocusLost() reason 0
[2019.09.28-17.47.55:808][876]LogBlueprintUserMessages: Early EndPlayMap Detection: Level '/Game/Map/Basic.Basic:PersistentLevel' has LevelScriptBlueprint '/Game/Map/Basic.Basic:PersistentLevel.Basic' with GeneratedClass '/Game/Map/Basic.Basic_C' with ClassGeneratedBy '/Game/Map/Basic.Basic:PersistentLevel.Basic'
[2019.09.28-17.47.55:808][876]LogSlate: Updating window title bar state: overlay mode, drag disabled, window buttons hidden, title bar hidden
[2019.09.28-17.47.55:808][876]LogWorld: BeginTearingDown for /Game/Map/UEDPIE_0_Basic
[2019.09.28-17.47.55:809][876]LogWorld: UWorld::CleanupWorld for Basic, bSessionEnded=true, bCleanupResources=true
[2019.09.28-17.47.55:817][876]LogPlayLevel: Display: Shutting down PIE online subsystems
[2019.09.28-17.47.55:818][876]LogBlueprintUserMessages: Late EndPlayMap Detection: Level '/Game/Map/Basic.Basic:PersistentLevel' has LevelScriptBlueprint '/Game/Map/Basic.Basic:PersistentLevel.Basic' with GeneratedClass '/Game/Map/Basic.Basic_C' with ClassGeneratedBy '/Game/Map/Basic.Basic:PersistentLevel.Basic'
[2019.09.28-17.47.55:844][876]LogSlate: Updating window title bar state: overlay mode, drag disabled, window buttons hidden, title bar hidden
[2019.09.28-17.47.55:846][876]LogUObjectHash: Compacting FUObjectHashTables data took   1.61ms
[2019.09.28-17.47.55:909][883]LogPlayLevel: Display: Destroying online subsystem :Context_4
[2019.09.28-17.48.10:357][ 12]Candidate modules for hot reload:
[2019.09.28-17.48.10:357][ 12]  Game
[2019.09.28-17.48.10:358][ 12]Launching UnrealBuildTool... [H:/Program Files (x86)/UE_4.23/Engine/Binaries/DotNET/UnrealBuildTool.exe  -ModuleWithSuffix=Game,6366 Win64 Development -TargetType=Editor -Project="D:/Unreal Projects/Game/Game.uproject" "D:/Unreal Projects/Game/Game.uproject"  -IgnoreJunk]
[2019.09.28-17.48.10:366][ 12]Warning: Starting HotReload took  0.0s.
[2019.09.28-17.48.36:798][134]CompilerResultsLog: New page: Compilation - Sep 29, 2019, 11:48:36 AM
[2019.09.28-17.48.36:798][134]CompilerResultsLog: Parsing headers for GameEditor
[2019.09.28-17.48.36:798][134]CompilerResultsLog:   Running UnrealHeaderTool "D:\Unreal Projects\Game\Game.uproject" "D:\Unreal Projects\Game\Intermediate\Build\Win64\GameEditor\Development\GameEditor.uhtmanifest" -LogCmds="loginit warning, logexit warning, logdatabase error" -Unattended -WarningsAsErrors -installed
[2019.09.28-17.48.36:799][134]CompilerResultsLog: Reflection code generated for GameEditor in 9.936292 seconds
[2019.09.28-17.48.36:799][134]CompilerResultsLog: Using Visual Studio 2017 14.16.27023 toolchain (C:\Program Files (x86)\Microsoft Visual Studio\2017\Community\VC\Tools\MSVC\14.16.27023) and Windows 10.0.16299.0 SDK (C:\Program Files (x86)\Windows Kits\10).
[2019.09.28-17.48.36:800][134]CompilerResultsLog: Building 4 actions with 8 processes...
[2019.09.28-17.48.36:800][134]CompilerResultsLog:   [1/4] MyGameModeBase.cpp
[2019.09.28-17.48.36:800][134]CompilerResultsLog:   [2/4] UE4Editor-Game-6366.lib
[2019.09.28-17.48.36:800][134]CompilerResultsLog:      D:\Unreal Projects\Game\Intermediate\Build\Win64\UE4Editor\Development\Game\UE4Editor-Game-6366.lib ???̺귯?? ?? D:\Unreal Projects\Game\Intermediate\Build\Win64\UE4Editor\Development\Game\UE4Editor-Game-6366.exp ??ü?? ?????ϰ? ?ֽ??ϴ?.
[2019.09.28-17.48.36:801][134]CompilerResultsLog:   [3/4] UE4Editor-Game-6366.dll
[2019.09.28-17.48.36:801][134]CompilerResultsLog:      D:\Unreal Projects\Game\Intermediate\Build\Win64\UE4Editor\Development\Game\UE4Editor-Game-6366.suppressed.lib ???̺귯?? ?? D:\Unreal Projects\Game\Intermediate\Build\Win64\UE4Editor\Development\Game\UE4Editor-Game-6366.suppressed.exp ??ü?? ?????ϰ? ?ֽ??ϴ?.
[2019.09.28-17.48.36:802][134]CompilerResultsLog:   [4/4] GameEditor.target
[2019.09.28-17.48.36:802][134]CompilerResultsLog: Total time in Parallel executor: 14.53 seconds
[2019.09.28-17.48.36:802][134]CompilerResultsLog: Total execution time: 26.07 seconds
[2019.09.28-17.48.36:802][134]LogMainFrame: MainFrame: Module compiling took 26.449 seconds
[2019.09.28-17.48.36:826][134]LogUObjectHash: Compacting FUObjectHashTables data took   0.78ms
[2019.09.28-17.48.36:860][134]LogHotReload: Re-instancing Pioneer after hot-reload.
[2019.09.28-17.48.36:958][134]LogContentBrowser: Native class hierarchy updated for 'Game' in 0.0007 seconds. Added 4 classes and 2 folders.
[2019.09.28-17.48.36:961][134]Display: HotReload successful (2 functions remapped  0 scriptstructs remapped)
[2019.09.28-17.48.37:023][134]LogUObjectHash: Compacting FUObjectHashTables data took   1.35ms
[2019.09.28-17.48.37:038][134]LogContentBrowser: Native class hierarchy populated in 0.0095 seconds. Added 2868 classes and 684 folders.
[2019.09.28-17.48.37:038][134]Display: HotReload took 26.7s.
[2019.09.28-17.48.39:459][141]LogTemp: Repeating last play command: Selected Viewport
[2019.09.28-17.48.39:473][141]LogBlueprintUserMessages: Early PlayInEditor Detection: Level '/Game/Map/Basic.Basic:PersistentLevel' has LevelScriptBlueprint '/Game/Map/Basic.Basic:PersistentLevel.Basic' with GeneratedClass '/Game/Map/Basic.Basic_C' with ClassGeneratedBy '/Game/Map/Basic.Basic:PersistentLevel.Basic'
[2019.09.28-17.48.39:474][141]LogPlayLevel: PlayLevel: No blueprints needed recompiling
[2019.09.28-17.48.39:474][141]PIE: New page: PIE session: Basic (Sep 29, 2019, 11:48:39 AM)
[2019.09.28-17.48.39:474][141]LogPlayLevel: Creating play world package: /Game/Map/UEDPIE_0_Basic
[2019.09.28-17.48.39:478][141]LogPlayLevel: PIE: StaticDuplicateObject took: (0.003549s)
[2019.09.28-17.48.39:479][141]LogAIModule: Creating AISystem for world Basic
[2019.09.28-17.48.39:479][141]LogPlayLevel: PIE: World Init took: (0.001206s)
[2019.09.28-17.48.39:479][141]LogPlayLevel: PIE: Created PIE world by copying editor world from /Game/Map/Basic.Basic to /Game/Map/UEDPIE_0_Basic.Basic (0.005176s)
[2019.09.28-17.48.39:504][141]LogUObjectHash: Compacting FUObjectHashTables data took   1.53ms
[2019.09.28-17.48.40:052][141]LogInit: XAudio2 using 'PHL 243S7(2- NVIDIA High Definition Audio)' : 2 channels at 48 kHz using 16 bits per sample (channel mask 0x3)
[2019.09.28-17.48.40:133][141]LogInit: FAudioDevice initialized.
[2019.09.28-17.48.40:143][141]LogLoad: Game class is 'MyGameModeBase'
[2019.09.28-17.48.40:144][141]LogWorld: Bringing World /Game/Map/UEDPIE_0_Basic.Basic up for play (max tick rate 0) at 2019.09.29-02.48.40
[2019.09.28-17.48.40:144][141]LogWorld: Bringing up level for play took: 0.000601
[2019.09.28-17.48.40:144][141]LogOnline: OSS: Creating online subsystem instance for: :Context_5
[2019.09.28-17.48.40:148][141]LogTemp: SibalSibalSibalSibalSibal
[2019.09.28-17.48.42:443][141]LogWindows: Error: === Critical error: ===
[2019.09.28-17.48.42:443][141]LogWindows: Error: 
[2019.09.28-17.48.42:443][141]LogWindows: Error: Fatal error!
[2019.09.28-17.48.42:443][141]LogWindows: Error: 
[2019.09.28-17.48.42:443][141]LogWindows: Error: Unhandled Exception: EXCEPTION_ACCESS_VIOLATION reading address 0x00000000
[2019.09.28-17.48.42:443][141]LogWindows: Error: 
[2019.09.28-17.48.42:443][141]LogWindows: Error: [Callstack] 0x00007ffe6369d35a UE4Editor-Engine.dll!UnknownFunction []
[2019.09.28-17.48.42:443][141]LogWindows: Error: [Callstack] 0x00007ffe2e9a3d23 UE4Editor-Game-6366.dll!AMyGameModeBase::StartPlay() [d:\unreal projects\game\source\game\mygamemodebase.cpp:77]
[2019.09.28-17.48.42:443][141]LogWindows: Error: [Callstack] 0x00007ffe6433adfe UE4Editor-Engine.dll!UnknownFunction []
[2019.09.28-17.48.42:443][141]LogWindows: Error: [Callstack] 0x00007ffe637e4389 UE4Editor-Engine.dll!UnknownFunction []
[2019.09.28-17.48.42:443][141]LogWindows: Error: [Callstack] 0x00007ffe62114953 UE4Editor-UnrealEd.dll!UnknownFunction []
[2019.09.28-17.48.42:443][141]LogWindows: Error: [Callstack] 0x00007ffe62133c01 UE4Editor-UnrealEd.dll!UnknownFunction []
[2019.09.28-17.48.42:443][141]LogWindows: Error: [Callstack] 0x00007ffe6214daf5 UE4Editor-UnrealEd.dll!UnknownFunction []
[2019.09.28-17.48.42:443][141]LogWindows: Error: [Callstack] 0x00007ffe61c0d9b4 UE4Editor-UnrealEd.dll!UnknownFunction []
[2019.09.28-17.48.42:443][141]LogWindows: Error: [Callstack] 0x00007ffe62464b16 UE4Editor-UnrealEd.dll!UnknownFunction []
[2019.09.28-17.48.42:443][141]LogWindows: Error: [Callstack] 0x00007ff65e547b0a UE4Editor.exe!UnknownFunction []
[2019.09.28-17.48.42:443][141]LogWindows: Error: [Callstack] 0x00007ff65e55a91c UE4Editor.exe!UnknownFunction []
[2019.09.28-17.48.42:443][141]LogWindows: Error: [Callstack] 0x00007ff65e55a9fa UE4Editor.exe!UnknownFunction []
[2019.09.28-17.48.42:443][141]LogWindows: Error: [Callstack] 0x00007ff65e56b92c UE4Editor.exe!UnknownFunction []
[2019.09.28-17.48.42:443][141]LogWindows: Error: [Callstack] 0x00007ff65e56e60e UE4Editor.exe!UnknownFunction []
[2019.09.28-17.48.42:443][141]LogWindows: Error: [Callstack] 0x00007ffeabdf7974 KERNEL32.DLL!UnknownFunction []
[2019.09.28-17.48.42:443][141]LogWindows: Error: [Callstack] 0x00007ffead35a271 ntdll.dll!UnknownFunction []
[2019.09.28-17.48.42:443][141]LogWindows: Error: 
[2019.09.28-17.48.42:457][141]LogExit: Executing StaticShutdownAfterError
[2019.09.28-17.48.42:460][141]LogWindows: FPlatformMisc::RequestExit(1)
[2019.09.28-17.48.42:471][141]Log file closed, 09/29/19 02:48:42
