Log file open, 09/29/19 02:23:56
LogWindows: Failed to load 'aqProf.dll' (GetLastError=126)
LogWindows: File 'aqProf.dll' does not exist
LogWindows: Failed to load 'VtuneApi.dll' (GetLastError=126)
LogWindows: File 'VtuneApi.dll' does not exist
LogWindows: Failed to load 'VtuneApi32e.dll' (GetLastError=126)
LogWindows: File 'VtuneApi32e.dll' does not exist
LogConsoleResponse: Display: Failed to find resolution value strings in scalability ini. Falling back to default.
LogInit: Display: Running engine for game: Game
LogPlatformFile: Not using cached read wrapper
LogTaskGraph: Started task graph with 5 named threads and 23 total threads with 3 sets of task threads.
LogStats: Stats thread started at 0.091663
LogD3D11RHI: Loaded GFSDK_Aftermath_Lib.x64.dll
LogICUInternationalization: ICU TimeZone Detection - Raw Offset: +9:00, Platform Override: ''
LogPluginManager: Mounting plugin Paper2D
LogPluginManager: Mounting plugin AISupport
LogPluginManager: Mounting plugin LightPropagationVolume
LogPluginManager: Mounting plugin ActorLayerUtilities
LogPluginManager: Mounting plugin AnimationSharing
LogPluginManager: Mounting plugin CLionSourceCodeAccess
LogPluginManager: Mounting plugin CodeLiteSourceCodeAccess
LogPluginManager: Mounting plugin GitSourceControl
LogPluginManager: Mounting plugin KDevelopSourceCodeAccess
LogPluginManager: Mounting plugin NullSourceCodeAccess
LogPluginManager: Mounting plugin PerforceSourceControl
LogPluginManager: Mounting plugin SubversionSourceControl
LogPluginManager: Mounting plugin UObjectPlugin
LogPluginManager: Mounting plugin VisualStudioCodeSourceCodeAccess
LogPluginManager: Mounting plugin VisualStudioSourceCodeAccess
LogPluginManager: Mounting plugin XCodeSourceCodeAccess
LogPluginManager: Mounting plugin AssetManagerEditor
LogPluginManager: Mounting plugin CryptoKeys
LogPluginManager: Mounting plugin CurveEditorTools
LogPluginManager: Mounting plugin DataValidation
LogPluginManager: Mounting plugin FacialAnimation
LogPluginManager: Mounting plugin GameplayTagsEditor
LogPluginManager: Mounting plugin MacGraphicsSwitching
LogPluginManager: Mounting plugin MaterialAnalyzer
LogPluginManager: Mounting plugin MobileLauncherProfileWizard
LogPluginManager: Mounting plugin PluginBrowser
LogPluginManager: Mounting plugin SpeedTreeImporter
LogPluginManager: Mounting plugin DatasmithContent
LogPluginManager: Mounting plugin VariantManagerContent
LogPluginManager: Mounting plugin AlembicImporter
LogPluginManager: Mounting plugin AutomationUtils
LogPluginManager: Mounting plugin BackChannel
LogPluginManager: Mounting plugin CharacterAI
LogPluginManager: Mounting plugin GeometryCache
LogPluginManager: Mounting plugin HTML5Networking
LogPluginManager: Mounting plugin PlatformCrypto
LogPluginManager: Mounting plugin ProxyLODPlugin
LogPluginManager: Mounting plugin SkeletalReduction
LogPluginManager: Mounting plugin MagicLeap
LogPluginManager: Mounting plugin MagicLeapMedia
LogPluginManager: Mounting plugin AndroidMedia
LogPluginManager: Mounting plugin AvfMedia
LogPluginManager: Mounting plugin ImgMedia
LogPluginManager: Mounting plugin MediaCompositing
LogPluginManager: Mounting plugin MediaPlayerEditor
LogPluginManager: Mounting plugin WebMMedia
LogPluginManager: Mounting plugin WmfMedia
LogPluginManager: Mounting plugin TcpMessaging
LogPluginManager: Mounting plugin UdpMessaging
LogPluginManager: Mounting plugin ActorSequence
LogPluginManager: Mounting plugin LevelSequenceEditor
LogPluginManager: Mounting plugin MatineeToLevelSequence
LogPluginManager: Mounting plugin NetcodeUnitTest
LogPluginManager: Mounting plugin NUTUnrealEngine4
LogPluginManager: Mounting plugin OnlineSubsystemGooglePlay
LogPluginManager: Mounting plugin OnlineSubsystemIOS
LogPluginManager: Mounting plugin OnlineSubsystem
LogPluginManager: Mounting plugin OnlineSubsystemNull
LogPluginManager: Mounting plugin OnlineSubsystemUtils
LogPluginManager: Mounting plugin LauncherChunkInstaller
LogPluginManager: Mounting plugin AndroidDeviceProfileSelector
LogPluginManager: Mounting plugin AndroidMoviePlayer
LogPluginManager: Mounting plugin AndroidPermission
LogPluginManager: Mounting plugin AppleImageUtils
LogPluginManager: Mounting plugin AppleMoviePlayer
LogPluginManager: Mounting plugin ArchVisCharacter
LogPluginManager: Mounting plugin AudioCapture
LogPluginManager: Mounting plugin CableComponent
LogPluginManager: Mounting plugin CustomMeshComponent
LogPluginManager: Mounting plugin EditableMesh
LogPluginManager: Mounting plugin ExampleDeviceProfileSelector
LogPluginManager: Mounting plugin GoogleCloudMessaging
LogPluginManager: Mounting plugin IOSDeviceProfileSelector
LogPluginManager: Mounting plugin LinuxDeviceProfileSelector
LogPluginManager: Mounting plugin LocationServicesBPLibrary
LogPluginManager: Mounting plugin MobilePatchingUtils
LogPluginManager: Mounting plugin OculusVR
LogPluginManager: Mounting plugin PhysXVehicles
LogPluginManager: Mounting plugin ProceduralMeshComponent
LogPluginManager: Mounting plugin RuntimePhysXCooking
LogPluginManager: Mounting plugin SignificanceManager
LogPluginManager: Mounting plugin SteamVR
LogPluginManager: Mounting plugin WebMMoviePlayer
LogPluginManager: Mounting plugin WindowsMoviePlayer
LogPluginManager: Mounting plugin ScreenshotTools
LogInit: Using libcurl 7.55.1-DEV
LogInit:  - built for x86_64-pc-win32
LogInit:  - supports SSL with OpenSSL/1.1.1
LogInit:  - supports HTTP deflate (compression) using libz 1.2.8
LogInit:  - other features:
LogInit:      CURL_VERSION_SSL
LogInit:      CURL_VERSION_LIBZ
LogInit:      CURL_VERSION_IPV6
LogInit:      CURL_VERSION_ASYNCHDNS
LogInit:      CURL_VERSION_LARGEFILE
LogInit:      CURL_VERSION_IDN
LogInit:  CurlRequestOptions (configurable via config and command line):
LogInit:  - bVerifyPeer = true  - Libcurl will verify peer certificate
LogInit:  - bUseHttpProxy = false  - Libcurl will NOT use HTTP proxy
LogInit:  - bDontReuseConnections = false  - Libcurl will reuse connections
LogInit:  - MaxHostConnections = 16  - Libcurl will limit the number of connections to a host
LogInit:  - LocalHostAddr = Default
LogInit:  - BufferSize = 65536
LogOnline: OSS: Creating online subsystem instance for: NULL
LogInit: WinSock: version 1.1 (2.2), MaxSocks=32767, MaxUdp=65467
LogInit: Build: ++UE4+Release-4.23-CL-8386587
LogInit: Engine Version: 4.23.0-8386587+++UE4+Release-4.23
LogInit: Compatible Engine Version: 4.23.0-8386587+++UE4+Release-4.23
LogInit: Net CL: 8386587
LogInit: OS: Windows 10 (Release 1809) (), CPU: Intel(R) Core(TM) i7-4770 CPU @ 3.40GHz, GPU: NVIDIA GeForce GTX 760
LogInit: Compiled (64-bit): Aug 31 2019 02:04:44
LogInit: Compiled with Visual C++: 19.16.27030.01
LogInit: Build Configuration: Development
LogInit: Branch Name: ++UE4+Release-4.23
LogInit: Command Line: 
LogInit: Base Directory: H:/Program Files (x86)/UE_4.23/Engine/Binaries/Win64/
LogInit: Installed Engine Build: 1
LogDevObjectVersion: Number of dev versions registered: 23
LogDevObjectVersion:   Dev-Blueprints (B0D832E4-1F89-4F0D-ACCF-7EB736FD4AA2): 10
LogDevObjectVersion:   Dev-Build (E1C64328-A22C-4D53-A36C-8E866417BD8C): 0
LogDevObjectVersion:   Dev-Core (375EC13C-06E4-48FB-B500-84F0262A717E): 3
LogDevObjectVersion:   Dev-Editor (E4B068ED-F494-42E9-A231-DA0B2E46BB41): 34
LogDevObjectVersion:   Dev-Framework (CFFC743F-43B0-4480-9391-14DF171D2073): 35
LogDevObjectVersion:   Dev-Mobile (B02B49B5-BB20-44E9-A304-32B752E40360): 2
LogDevObjectVersion:   Dev-Networking (A4E4105C-59A1-49B5-A7C5-40C4547EDFEE): 0
LogDevObjectVersion:   Dev-Online (39C831C9-5AE6-47DC-9A44-9C173E1C8E7C): 0
LogDevObjectVersion:   Dev-Physics (78F01B33-EBEA-4F98-B9B4-84EACCB95AA2): 0
LogDevObjectVersion:   Dev-Platform (6631380F-2D4D-43E0-8009-CF276956A95A): 0
LogDevObjectVersion:   Dev-Rendering (12F88B9F-8875-4AFC-A67C-D90C383ABD29): 31
LogDevObjectVersion:   Dev-Sequencer (7B5AE74C-D270-4C10-A958-57980B212A5A): 11
LogDevObjectVersion:   Dev-VR (D7296918-1DD6-4BDD-9DE2-64A83CC13884): 2
LogDevObjectVersion:   Dev-LoadTimes (C2A15278-BFE7-4AFE-6C17-90FF531DF755): 1
LogDevObjectVersion:   Private-Geometry (6EACA3D4-40EC-4CC1-B786-8BED09428FC5): 3
LogDevObjectVersion:   Dev-AnimPhys (29E575DD-E0A3-4627-9D10-D276232CDCEA): 17
LogDevObjectVersion:   Dev-Anim (AF43A65D-7FD3-4947-9873-3E8ED9C1BB05): 2
LogDevObjectVersion:   Dev-ReflectionCapture (6B266CEC-1EC7-4B8F-A30B-E4D90942FC07): 1
LogDevObjectVersion:   Dev-Automation (0DF73D61-A23F-47EA-B727-89E90C41499A): 1
LogDevObjectVersion:   FortniteMain (601D1886-AC64-4F84-AA16-D3DE0DEAC7D6): 27
LogDevObjectVersion:   Dev-Enterprise (9DFFBCD6-494F-0158-E221-12823C92A888): 6
LogDevObjectVersion:   Dev-Niagara (F2AED0AC-9AFE-416F-8664-AA7FFA26D6FC): 1
LogDevObjectVersion:   Dev-Destruction (174F1F0B-B4C6-45A5-B13F-2EE8D0FB917D): 9
LogInit: Presizing for max 16777216 objects, including 0 objects not considered by GC, pre-allocating 0 bytes for permanent pool.
LogInit: Object subsystem initialized
LogConfig: Setting CVar [[con.DebugEarlyDefault:1]]
LogConfig: Setting CVar [[r.setres:1280x720]]
[2019.09.28-17.23.57:248][  0]LogConfig: Setting CVar [[r.VSync:0]]
[2019.09.28-17.23.57:248][  0]LogConfig: Setting CVar [[r.RHICmdBypass:0]]
[2019.09.28-17.23.57:248][  0]LogConfig: Applying CVar settings from Section [/Script/Engine.RendererSettings] File [D:/Unreal Projects/Game/Saved/Config/Windows/Engine.ini]
[2019.09.28-17.23.57:248][  0]LogConfig: Setting CVar [[r.GPUCrashDebugging:0]]
[2019.09.28-17.23.57:248][  0]LogConfig: Setting CVar [[r.DefaultFeature.AutoExposure.ExtendDefaultLuminanceRange:1]]
[2019.09.28-17.23.57:248][  0]LogConfig: Applying CVar settings from Section [/Script/Engine.RendererOverrideSettings] File [D:/Unreal Projects/Game/Saved/Config/Windows/Engine.ini]
[2019.09.28-17.23.57:248][  0]LogConfig: Applying CVar settings from Section [/Script/Engine.StreamingSettings] File [D:/Unreal Projects/Game/Saved/Config/Windows/Engine.ini]
[2019.09.28-17.23.57:248][  0]LogConfig: Setting CVar [[s.MinBulkDataSizeForAsyncLoading:131072]]
[2019.09.28-17.23.57:248][  0]LogConfig: Setting CVar [[s.AsyncLoadingThreadEnabled:0]]
[2019.09.28-17.23.57:248][  0]LogConfig: Setting CVar [[s.EventDrivenLoaderEnabled:1]]
[2019.09.28-17.23.57:248][  0]LogConfig: Setting CVar [[s.WarnIfTimeLimitExceeded:0]]
[2019.09.28-17.23.57:248][  0]LogConfig: Setting CVar [[s.TimeLimitExceededMultiplier:1.5]]
[2019.09.28-17.23.57:248][  0]LogConfig: Setting CVar [[s.TimeLimitExceededMinTime:0.005]]
[2019.09.28-17.23.57:248][  0]LogConfig: Setting CVar [[s.UseBackgroundLevelStreaming:1]]
[2019.09.28-17.23.57:248][  0]LogConfig: Setting CVar [[s.PriorityAsyncLoadingExtraTime:15.0]]
[2019.09.28-17.23.57:248][  0]LogConfig: Setting CVar [[s.LevelStreamingActorsUpdateTimeLimit:5.0]]
[2019.09.28-17.23.57:248][  0]LogConfig: Setting CVar [[s.PriorityLevelStreamingActorsUpdateExtraTime:5.0]]
[2019.09.28-17.23.57:248][  0]LogConfig: Setting CVar [[s.LevelStreamingComponentsRegistrationGranularity:10]]
[2019.09.28-17.23.57:248][  0]LogConfig: Setting CVar [[s.UnregisterComponentsTimeLimit:1.0]]
[2019.09.28-17.23.57:248][  0]LogConfig: Setting CVar [[s.LevelStreamingComponentsUnregistrationGranularity:5]]
[2019.09.28-17.23.57:248][  0]LogConfig: Applying CVar settings from Section [/Script/Engine.GarbageCollectionSettings] File [D:/Unreal Projects/Game/Saved/Config/Windows/Engine.ini]
[2019.09.28-17.23.57:248][  0]LogConfig: Setting CVar [[gc.MaxObjectsNotConsideredByGC:1]]
[2019.09.28-17.23.57:248][  0]LogConfig: Setting CVar [[gc.SizeOfPermanentObjectPool:0]]
[2019.09.28-17.23.57:248][  0]LogConfig: Setting CVar [[gc.FlushStreamingOnGC:0]]
[2019.09.28-17.23.57:248][  0]LogConfig: Setting CVar [[gc.NumRetriesBeforeForcingGC:10]]
[2019.09.28-17.23.57:248][  0]LogConfig: Setting CVar [[gc.AllowParallelGC:1]]
[2019.09.28-17.23.57:248][  0]LogConfig: Setting CVar [[gc.TimeBetweenPurgingPendingKillObjects:61.1]]
[2019.09.28-17.23.57:248][  0]LogConfig: Setting CVar [[gc.MaxObjectsInEditor:16777216]]
[2019.09.28-17.23.57:248][  0]LogConfig: Setting CVar [[gc.IncrementalBeginDestroyEnabled:1]]
[2019.09.28-17.23.57:249][  0]LogConfig: Setting CVar [[gc.CreateGCClusters:1]]
[2019.09.28-17.23.57:249][  0]LogConfig: Setting CVar [[gc.MinGCClusterSize:5]]
[2019.09.28-17.23.57:249][  0]LogConfig: Setting CVar [[gc.ActorClusteringEnabled:0]]
[2019.09.28-17.23.57:249][  0]LogConfig: Setting CVar [[gc.BlueprintClusteringEnabled:0]]
[2019.09.28-17.23.57:249][  0]LogConfig: Setting CVar [[gc.UseDisregardForGCOnDedicatedServers:0]]
[2019.09.28-17.23.57:249][  0]LogConfig: Applying CVar settings from Section [/Script/Engine.NetworkSettings] File [D:/Unreal Projects/Game/Saved/Config/Windows/Engine.ini]
[2019.09.28-17.23.57:249][  0]LogConfig: Applying CVar settings from Section [/Script/UnrealEd.CookerSettings] File [D:/Unreal Projects/Game/Saved/Config/Windows/Engine.ini]
[2019.09.28-17.23.57:261][  0]LogConfig: Applying CVar settings from Section [ViewDistanceQuality@3] File [D:/Unreal Projects/Game/Saved/Config/Windows/Scalability.ini]
[2019.09.28-17.23.57:261][  0]LogConfig: Setting CVar [[r.SkeletalMeshLODBias:0]]
[2019.09.28-17.23.57:261][  0]LogConfig: Setting CVar [[r.ViewDistanceScale:1.0]]
[2019.09.28-17.23.57:261][  0]LogConfig: Applying CVar settings from Section [AntiAliasingQuality@3] File [D:/Unreal Projects/Game/Saved/Config/Windows/Scalability.ini]
[2019.09.28-17.23.57:261][  0]LogConfig: Setting CVar [[r.PostProcessAAQuality:4]]
[2019.09.28-17.23.57:261][  0]LogConfig: Applying CVar settings from Section [ShadowQuality@3] File [D:/Unreal Projects/Game/Saved/Config/Windows/Scalability.ini]
[2019.09.28-17.23.57:261][  0]LogConfig: Setting CVar [[r.LightFunctionQuality:1]]
[2019.09.28-17.23.57:261][  0]LogConfig: Setting CVar [[r.ShadowQuality:5]]
[2019.09.28-17.23.57:261][  0]LogConfig: Setting CVar [[r.Shadow.CSM.MaxCascades:10]]
[2019.09.28-17.23.57:261][  0]LogConfig: Setting CVar [[r.Shadow.MaxResolution:2048]]
[2019.09.28-17.23.57:261][  0]LogConfig: Setting CVar [[r.Shadow.MaxCSMResolution:2048]]
[2019.09.28-17.23.57:261][  0]LogConfig: Setting CVar [[r.Shadow.RadiusThreshold:0.01]]
[2019.09.28-17.23.57:261][  0]LogConfig: Setting CVar [[r.Shadow.DistanceScale:1.0]]
[2019.09.28-17.23.57:261][  0]LogConfig: Setting CVar [[r.Shadow.CSM.TransitionScale:1.0]]
[2019.09.28-17.23.57:261][  0]LogConfig: Setting CVar [[r.Shadow.PreShadowResolutionFactor:1.0]]
[2019.09.28-17.23.57:261][  0]LogConfig: Setting CVar [[r.DistanceFieldShadowing:1]]
[2019.09.28-17.23.57:261][  0]LogConfig: Setting CVar [[r.DistanceFieldAO:1]]
[2019.09.28-17.23.57:261][  0]LogConfig: Setting CVar [[r.AOQuality:2]]
[2019.09.28-17.23.57:261][  0]LogConfig: Setting CVar [[r.VolumetricFog:1]]
[2019.09.28-17.23.57:261][  0]LogConfig: Setting CVar [[r.VolumetricFog.GridPixelSize:8]]
[2019.09.28-17.23.57:261][  0]LogConfig: Setting CVar [[r.VolumetricFog.GridSizeZ:128]]
[2019.09.28-17.23.57:261][  0]LogConfig: Setting CVar [[r.VolumetricFog.HistoryMissSupersampleCount:4]]
[2019.09.28-17.23.57:261][  0]LogConfig: Setting CVar [[r.LightMaxDrawDistanceScale:1]]
[2019.09.28-17.23.57:261][  0]LogConfig: Setting CVar [[r.CapsuleShadows:1]]
[2019.09.28-17.23.57:261][  0]LogConfig: Applying CVar settings from Section [PostProcessQuality@3] File [D:/Unreal Projects/Game/Saved/Config/Windows/Scalability.ini]
[2019.09.28-17.23.57:261][  0]LogConfig: Setting CVar [[r.MotionBlurQuality:4]]
[2019.09.28-17.23.57:261][  0]LogConfig: Setting CVar [[r.AmbientOcclusionMipLevelFactor:0.4]]
[2019.09.28-17.23.57:261][  0]LogConfig: Setting CVar [[r.AmbientOcclusionMaxQuality:100]]
[2019.09.28-17.23.57:261][  0]LogConfig: Setting CVar [[r.AmbientOcclusionLevels:-1]]
[2019.09.28-17.23.57:261][  0]LogConfig: Setting CVar [[r.AmbientOcclusionRadiusScale:1.0]]
[2019.09.28-17.23.57:261][  0]LogConfig: Setting CVar [[r.DepthOfFieldQuality:2]]
[2019.09.28-17.23.57:261][  0]LogConfig: Setting CVar [[r.RenderTargetPoolMin:400]]
[2019.09.28-17.23.57:261][  0]LogConfig: Setting CVar [[r.LensFlareQuality:2]]
[2019.09.28-17.23.57:261][  0]LogConfig: Setting CVar [[r.SceneColorFringeQuality:1]]
[2019.09.28-17.23.57:261][  0]LogConfig: Setting CVar [[r.EyeAdaptationQuality:2]]
[2019.09.28-17.23.57:261][  0]LogConfig: Setting CVar [[r.BloomQuality:5]]
[2019.09.28-17.23.57:261][  0]LogConfig: Setting CVar [[r.FastBlurThreshold:100]]
[2019.09.28-17.23.57:261][  0]LogConfig: Setting CVar [[r.Upscale.Quality:3]]
[2019.09.28-17.23.57:261][  0]LogConfig: Setting CVar [[r.Tonemapper.GrainQuantization:1]]
[2019.09.28-17.23.57:261][  0]LogConfig: Setting CVar [[r.LightShaftQuality:1]]
[2019.09.28-17.23.57:261][  0]LogConfig: Setting CVar [[r.Filter.SizeScale:1]]
[2019.09.28-17.23.57:261][  0]LogConfig: Setting CVar [[r.Tonemapper.Quality:5]]
[2019.09.28-17.23.57:261][  0]LogConfig: Setting CVar [[r.DOF.Gather.AccumulatorQuality:1        ; higher gathering accumulator quality]]
[2019.09.28-17.23.57:261][  0]LogConfig: Setting CVar [[r.DOF.Gather.PostfilterMethod:1          ; Median3x3 postfilering method]]
[2019.09.28-17.23.57:261][  0]LogConfig: Setting CVar [[r.DOF.Gather.EnableBokehSettings:0       ; no bokeh simulation when gathering]]
[2019.09.28-17.23.57:261][  0]LogConfig: Setting CVar [[r.DOF.Gather.RingCount:4                 ; medium number of samples when gathering]]
[2019.09.28-17.23.57:261][  0]LogConfig: Setting CVar [[r.DOF.Scatter.ForegroundCompositing:1    ; additive foreground scattering]]
[2019.09.28-17.23.57:261][  0]LogConfig: Setting CVar [[r.DOF.Scatter.BackgroundCompositing:2    ; additive background scattering]]
[2019.09.28-17.23.57:261][  0]LogConfig: Setting CVar [[r.DOF.Scatter.EnableBokehSettings:1      ; bokeh simulation when scattering]]
[2019.09.28-17.23.57:261][  0]LogConfig: Setting CVar [[r.DOF.Scatter.MaxSpriteRatio:0.1         ; only a maximum of 10% of scattered bokeh]]
[2019.09.28-17.23.57:261][  0]LogConfig: Setting CVar [[r.DOF.Recombine.Quality:1                ; cheap slight out of focus]]
[2019.09.28-17.23.57:261][  0]LogConfig: Setting CVar [[r.DOF.Recombine.EnableBokehSettings:0    ; no bokeh simulation on slight out of focus]]
[2019.09.28-17.23.57:261][  0]LogConfig: Setting CVar [[r.DOF.TemporalAAQuality:1                ; more stable temporal accumulation]]
[2019.09.28-17.23.57:261][  0]LogConfig: Setting CVar [[r.DOF.Kernel.MaxForegroundRadius:0.025]]
[2019.09.28-17.23.57:261][  0]LogConfig: Setting CVar [[r.DOF.Kernel.MaxBackgroundRadius:0.025]]
[2019.09.28-17.23.57:262][  0]LogConfig: Applying CVar settings from Section [TextureQuality@3] File [D:/Unreal Projects/Game/Saved/Config/Windows/Scalability.ini]
[2019.09.28-17.23.57:262][  0]LogConfig: Setting CVar [[r.Streaming.MipBias:0]]
[2019.09.28-17.23.57:262][  0]LogConfig: Setting CVar [[r.Streaming.AmortizeCPUToGPUCopy:0]]
[2019.09.28-17.23.57:262][  0]LogConfig: Setting CVar [[r.Streaming.MaxNumTexturesToStreamPerFrame:0]]
[2019.09.28-17.23.57:262][  0]LogConfig: Setting CVar [[r.Streaming.Boost:1]]
[2019.09.28-17.23.57:262][  0]LogConfig: Setting CVar [[r.MaxAnisotropy:8]]
[2019.09.28-17.23.57:262][  0]LogConfig: Setting CVar [[r.Streaming.LimitPoolSizeToVRAM:0]]
[2019.09.28-17.23.57:262][  0]LogConfig: Setting CVar [[r.Streaming.PoolSize:1000]]
[2019.09.28-17.23.57:262][  0]LogConfig: Setting CVar [[r.Streaming.MaxEffectiveScreenSize:0]]
[2019.09.28-17.23.57:262][  0]LogConfig: Applying CVar settings from Section [EffectsQuality@3] File [D:/Unreal Projects/Game/Saved/Config/Windows/Scalability.ini]
[2019.09.28-17.23.57:262][  0]LogConfig: Setting CVar [[r.TranslucencyLightingVolumeDim:64]]
[2019.09.28-17.23.57:262][  0]LogConfig: Setting CVar [[r.RefractionQuality:2]]
[2019.09.28-17.23.57:262][  0]LogConfig: Setting CVar [[r.SSR.Quality:3]]
[2019.09.28-17.23.57:262][  0]LogConfig: Setting CVar [[r.SceneColorFormat:4]]
[2019.09.28-17.23.57:262][  0]LogConfig: Setting CVar [[r.DetailMode:2]]
[2019.09.28-17.23.57:262][  0]LogConfig: Setting CVar [[r.TranslucencyVolumeBlur:1]]
[2019.09.28-17.23.57:262][  0]LogConfig: Setting CVar [[r.MaterialQualityLevel:1 ; High quality]]
[2019.09.28-17.23.57:262][  0]LogConfig: Setting CVar [[r.SSS.Scale:1]]
[2019.09.28-17.23.57:262][  0]LogConfig: Setting CVar [[r.SSS.SampleSet:2]]
[2019.09.28-17.23.57:262][  0]LogConfig: Setting CVar [[r.SSS.Quality:1]]
[2019.09.28-17.23.57:262][  0]LogConfig: Setting CVar [[r.SSS.HalfRes:1]]
[2019.09.28-17.23.57:262][  0]LogConfig: Setting CVar [[r.EmitterSpawnRateScale:1.0]]
[2019.09.28-17.23.57:262][  0]LogConfig: Setting CVar [[r.ParticleLightQuality:2]]
[2019.09.28-17.23.57:262][  0]LogConfig: Applying CVar settings from Section [FoliageQuality@3] File [D:/Unreal Projects/Game/Saved/Config/Windows/Scalability.ini]
[2019.09.28-17.23.57:262][  0]LogConfig: Setting CVar [[foliage.DensityScale:1.0]]
[2019.09.28-17.23.57:262][  0]LogConfig: Setting CVar [[grass.DensityScale:1.0]]
[2019.09.28-17.23.57:262][  0]LogInit: Selected Device Profile: [Windows]
[2019.09.28-17.23.57:262][  0]LogInit: Applying CVar settings loaded from the selected device profile: [Windows]
[2019.09.28-17.23.57:266][  0]LogHAL: Display: Platform has ~ 16 GB [17114546176 / 17179869184 / 16], which maps to Larger [LargestMinGB=32, LargerMinGB=12, DefaultMinGB=8, SmallerMinGB=6, SmallestMinGB=0)
[2019.09.28-17.23.57:266][  0]LogInit: Going up to parent DeviceProfile []
[2019.09.28-17.23.57:266][  0]LogConfig: Applying CVar settings from Section [ViewDistanceQuality@3] File [D:/Unreal Projects/Game/Saved/Config/Windows/Scalability.ini]
[2019.09.28-17.23.57:266][  0]LogConfig: Setting CVar [[r.SkeletalMeshLODBias:0]]
[2019.09.28-17.23.57:266][  0]LogConfig: Setting CVar [[r.ViewDistanceScale:1.0]]
[2019.09.28-17.23.57:266][  0]LogConfig: Applying CVar settings from Section [AntiAliasingQuality@3] File [D:/Unreal Projects/Game/Saved/Config/Windows/Scalability.ini]
[2019.09.28-17.23.57:266][  0]LogConfig: Setting CVar [[r.PostProcessAAQuality:4]]
[2019.09.28-17.23.57:266][  0]LogConfig: Applying CVar settings from Section [ShadowQuality@3] File [D:/Unreal Projects/Game/Saved/Config/Windows/Scalability.ini]
[2019.09.28-17.23.57:266][  0]LogConfig: Setting CVar [[r.LightFunctionQuality:1]]
[2019.09.28-17.23.57:266][  0]LogConfig: Setting CVar [[r.ShadowQuality:5]]
[2019.09.28-17.23.57:266][  0]LogConfig: Setting CVar [[r.Shadow.CSM.MaxCascades:10]]
[2019.09.28-17.23.57:266][  0]LogConfig: Setting CVar [[r.Shadow.MaxResolution:2048]]
[2019.09.28-17.23.57:266][  0]LogConfig: Setting CVar [[r.Shadow.MaxCSMResolution:2048]]
[2019.09.28-17.23.57:266][  0]LogConfig: Setting CVar [[r.Shadow.RadiusThreshold:0.01]]
[2019.09.28-17.23.57:266][  0]LogConfig: Setting CVar [[r.Shadow.DistanceScale:1.0]]
[2019.09.28-17.23.57:266][  0]LogConfig: Setting CVar [[r.Shadow.CSM.TransitionScale:1.0]]
[2019.09.28-17.23.57:266][  0]LogConfig: Setting CVar [[r.Shadow.PreShadowResolutionFactor:1.0]]
[2019.09.28-17.23.57:266][  0]LogConfig: Setting CVar [[r.DistanceFieldShadowing:1]]
[2019.09.28-17.23.57:266][  0]LogConfig: Setting CVar [[r.DistanceFieldAO:1]]
[2019.09.28-17.23.57:266][  0]LogConfig: Setting CVar [[r.AOQuality:2]]
[2019.09.28-17.23.57:266][  0]LogConfig: Setting CVar [[r.VolumetricFog:1]]
[2019.09.28-17.23.57:266][  0]LogConfig: Setting CVar [[r.VolumetricFog.GridPixelSize:8]]
[2019.09.28-17.23.57:266][  0]LogConfig: Setting CVar [[r.VolumetricFog.GridSizeZ:128]]
[2019.09.28-17.23.57:266][  0]LogConfig: Setting CVar [[r.VolumetricFog.HistoryMissSupersampleCount:4]]
[2019.09.28-17.23.57:266][  0]LogConfig: Setting CVar [[r.LightMaxDrawDistanceScale:1]]
[2019.09.28-17.23.57:266][  0]LogConfig: Setting CVar [[r.CapsuleShadows:1]]
[2019.09.28-17.23.57:266][  0]LogConfig: Applying CVar settings from Section [PostProcessQuality@3] File [D:/Unreal Projects/Game/Saved/Config/Windows/Scalability.ini]
[2019.09.28-17.23.57:266][  0]LogConfig: Setting CVar [[r.MotionBlurQuality:4]]
[2019.09.28-17.23.57:266][  0]LogConfig: Setting CVar [[r.AmbientOcclusionMipLevelFactor:0.4]]
[2019.09.28-17.23.57:266][  0]LogConfig: Setting CVar [[r.AmbientOcclusionMaxQuality:100]]
[2019.09.28-17.23.57:266][  0]LogConfig: Setting CVar [[r.AmbientOcclusionLevels:-1]]
[2019.09.28-17.23.57:266][  0]LogConfig: Setting CVar [[r.AmbientOcclusionRadiusScale:1.0]]
[2019.09.28-17.23.57:266][  0]LogConfig: Setting CVar [[r.DepthOfFieldQuality:2]]
[2019.09.28-17.23.57:266][  0]LogConfig: Setting CVar [[r.RenderTargetPoolMin:400]]
[2019.09.28-17.23.57:266][  0]LogConfig: Setting CVar [[r.LensFlareQuality:2]]
[2019.09.28-17.23.57:266][  0]LogConfig: Setting CVar [[r.SceneColorFringeQuality:1]]
[2019.09.28-17.23.57:266][  0]LogConfig: Setting CVar [[r.EyeAdaptationQuality:2]]
[2019.09.28-17.23.57:266][  0]LogConfig: Setting CVar [[r.BloomQuality:5]]
[2019.09.28-17.23.57:266][  0]LogConfig: Setting CVar [[r.FastBlurThreshold:100]]
[2019.09.28-17.23.57:266][  0]LogConfig: Setting CVar [[r.Upscale.Quality:3]]
[2019.09.28-17.23.57:266][  0]LogConfig: Setting CVar [[r.Tonemapper.GrainQuantization:1]]
[2019.09.28-17.23.57:266][  0]LogConfig: Setting CVar [[r.LightShaftQuality:1]]
[2019.09.28-17.23.57:266][  0]LogConfig: Setting CVar [[r.Filter.SizeScale:1]]
[2019.09.28-17.23.57:266][  0]LogConfig: Setting CVar [[r.Tonemapper.Quality:5]]
[2019.09.28-17.23.57:266][  0]LogConfig: Setting CVar [[r.DOF.Gather.AccumulatorQuality:1        ; higher gathering accumulator quality]]
[2019.09.28-17.23.57:266][  0]LogConfig: Setting CVar [[r.DOF.Gather.PostfilterMethod:1          ; Median3x3 postfilering method]]
[2019.09.28-17.23.57:266][  0]LogConfig: Setting CVar [[r.DOF.Gather.EnableBokehSettings:0       ; no bokeh simulation when gathering]]
[2019.09.28-17.23.57:266][  0]LogConfig: Setting CVar [[r.DOF.Gather.RingCount:4                 ; medium number of samples when gathering]]
[2019.09.28-17.23.57:266][  0]LogConfig: Setting CVar [[r.DOF.Scatter.ForegroundCompositing:1    ; additive foreground scattering]]
[2019.09.28-17.23.57:266][  0]LogConfig: Setting CVar [[r.DOF.Scatter.BackgroundCompositing:2    ; additive background scattering]]
[2019.09.28-17.23.57:266][  0]LogConfig: Setting CVar [[r.DOF.Scatter.EnableBokehSettings:1      ; bokeh simulation when scattering]]
[2019.09.28-17.23.57:266][  0]LogConfig: Setting CVar [[r.DOF.Scatter.MaxSpriteRatio:0.1         ; only a maximum of 10% of scattered bokeh]]
[2019.09.28-17.23.57:267][  0]LogConfig: Setting CVar [[r.DOF.Recombine.Quality:1                ; cheap slight out of focus]]
[2019.09.28-17.23.57:267][  0]LogConfig: Setting CVar [[r.DOF.Recombine.EnableBokehSettings:0    ; no bokeh simulation on slight out of focus]]
[2019.09.28-17.23.57:267][  0]LogConfig: Setting CVar [[r.DOF.TemporalAAQuality:1                ; more stable temporal accumulation]]
[2019.09.28-17.23.57:267][  0]LogConfig: Setting CVar [[r.DOF.Kernel.MaxForegroundRadius:0.025]]
[2019.09.28-17.23.57:267][  0]LogConfig: Setting CVar [[r.DOF.Kernel.MaxBackgroundRadius:0.025]]
[2019.09.28-17.23.57:267][  0]LogConfig: Applying CVar settings from Section [TextureQuality@3] File [D:/Unreal Projects/Game/Saved/Config/Windows/Scalability.ini]
[2019.09.28-17.23.57:267][  0]LogConfig: Setting CVar [[r.Streaming.MipBias:0]]
[2019.09.28-17.23.57:267][  0]LogConfig: Setting CVar [[r.Streaming.AmortizeCPUToGPUCopy:0]]
[2019.09.28-17.23.57:267][  0]LogConfig: Setting CVar [[r.Streaming.MaxNumTexturesToStreamPerFrame:0]]
[2019.09.28-17.23.57:267][  0]LogConfig: Setting CVar [[r.Streaming.Boost:1]]
[2019.09.28-17.23.57:267][  0]LogConfig: Setting CVar [[r.MaxAnisotropy:8]]
[2019.09.28-17.23.57:267][  0]LogConfig: Setting CVar [[r.Streaming.LimitPoolSizeToVRAM:0]]
[2019.09.28-17.23.57:267][  0]LogConfig: Setting CVar [[r.Streaming.PoolSize:1000]]
[2019.09.28-17.23.57:267][  0]LogConfig: Setting CVar [[r.Streaming.MaxEffectiveScreenSize:0]]
[2019.09.28-17.23.57:267][  0]LogConfig: Applying CVar settings from Section [EffectsQuality@3] File [D:/Unreal Projects/Game/Saved/Config/Windows/Scalability.ini]
[2019.09.28-17.23.57:267][  0]LogConfig: Setting CVar [[r.TranslucencyLightingVolumeDim:64]]
[2019.09.28-17.23.57:267][  0]LogConfig: Setting CVar [[r.RefractionQuality:2]]
[2019.09.28-17.23.57:267][  0]LogConfig: Setting CVar [[r.SSR.Quality:3]]
[2019.09.28-17.23.57:267][  0]LogConfig: Setting CVar [[r.SceneColorFormat:4]]
[2019.09.28-17.23.57:267][  0]LogConfig: Setting CVar [[r.DetailMode:2]]
[2019.09.28-17.23.57:267][  0]LogConfig: Setting CVar [[r.TranslucencyVolumeBlur:1]]
[2019.09.28-17.23.57:267][  0]LogConfig: Setting CVar [[r.MaterialQualityLevel:1 ; High quality]]
[2019.09.28-17.23.57:267][  0]LogConfig: Setting CVar [[r.SSS.Scale:1]]
[2019.09.28-17.23.57:267][  0]LogConfig: Setting CVar [[r.SSS.SampleSet:2]]
[2019.09.28-17.23.57:267][  0]LogConfig: Setting CVar [[r.SSS.Quality:1]]
[2019.09.28-17.23.57:267][  0]LogConfig: Setting CVar [[r.SSS.HalfRes:1]]
[2019.09.28-17.23.57:267][  0]LogConfig: Setting CVar [[r.EmitterSpawnRateScale:1.0]]
[2019.09.28-17.23.57:267][  0]LogConfig: Setting CVar [[r.ParticleLightQuality:2]]
[2019.09.28-17.23.57:267][  0]LogConfig: Applying CVar settings from Section [FoliageQuality@3] File [D:/Unreal Projects/Game/Saved/Config/Windows/Scalability.ini]
[2019.09.28-17.23.57:267][  0]LogConfig: Setting CVar [[foliage.DensityScale:1.0]]
[2019.09.28-17.23.57:267][  0]LogConfig: Setting CVar [[grass.DensityScale:1.0]]
[2019.09.28-17.23.57:267][  0]LogConfig: Applying CVar settings from Section [Startup] File [../../../Engine/Config/ConsoleVariables.ini]
[2019.09.28-17.23.57:267][  0]LogConfig: Setting CVar [[net.UseAdaptiveNetUpdateFrequency:0]]
[2019.09.28-17.23.57:267][  0]LogConfig: Setting CVar [[p.chaos.AllowCreatePhysxBodies:1]]
[2019.09.28-17.23.57:267][  0]LogConfig: Applying CVar settings from Section [ConsoleVariables] File [D:/Unreal Projects/Game/Saved/Config/Windows/Engine.ini]
[2019.09.28-17.23.57:267][  0]LogInit: Computer: DESKTOP-Q83AC7I
[2019.09.28-17.23.57:267][  0]LogInit: User: blood
[2019.09.28-17.23.57:267][  0]LogInit: CPU Page size=4096, Cores=4
[2019.09.28-17.23.57:267][  0]LogInit: High frequency timer resolution =10.000000 MHz
[2019.09.28-17.23.57:268][  0]LogMemory: Memory total: Physical=15.9GB (16GB approx)
[2019.09.28-17.23.57:268][  0]LogMemory: Platform Memory Stats for Windows
[2019.09.28-17.23.57:268][  0]LogMemory: Process Physical Memory: 103.23 MB used, 103.23 MB peak
[2019.09.28-17.23.57:268][  0]LogMemory: Process Virtual Memory: 100.71 MB used, 100.71 MB peak
[2019.09.28-17.23.57:268][  0]LogMemory: Physical Memory: 9597.57 MB used,  6724.14 MB free, 16321.70 MB total
[2019.09.28-17.23.57:268][  0]LogMemory: Virtual Memory: 4683.30 MB used,  134213048.00 MB free, 134217728.00 MB total
[2019.09.28-17.23.57:287][  0]LogWindows: WindowsPlatformFeatures enabled
[2019.09.28-17.23.57:352][  0]LogInit: Overriding language with editor language configuration option (en).
[2019.09.28-17.23.57:352][  0]LogInit: Overriding locale with editor locale configuration option (en).
[2019.09.28-17.23.57:626][  0]LogInit: Setting process to per monitor DPI aware
[2019.09.28-17.23.57:727][  0]LogSlate: New Slate User Created.  User Index 0, Is Virtual User: 0
[2019.09.28-17.23.57:727][  0]LogSlate: Slate User Registered.  User Index 0, Is Virtual User: 0
[2019.09.28-17.23.58:309][  0]LogHMD: Failed to initialize OpenVR with code 110
[2019.09.28-17.23.58:309][  0]LogD3D11RHI: D3D11 adapters:
[2019.09.28-17.23.58:457][  0]LogD3D11RHI:    0. 'NVIDIA GeForce GTX 760' (Feature Level 11_0)
[2019.09.28-17.23.58:457][  0]LogD3D11RHI:       1944/0/8160 MB DedicatedVideo/DedicatedSystem/SharedSystem, Outputs:2, VendorId:0x10de
[2019.09.28-17.23.58:464][  0]LogD3D11RHI:    1. 'Microsoft Basic Render Driver' (Feature Level 11_0)
[2019.09.28-17.23.58:464][  0]LogD3D11RHI:       0/0/8160 MB DedicatedVideo/DedicatedSystem/SharedSystem, Outputs:0, VendorId:0x1414
[2019.09.28-17.23.58:464][  0]LogD3D11RHI: Chosen D3D11 Adapter: 0
[2019.09.28-17.23.58:475][  0]LogD3D11RHI: Creating new Direct3DDevice
[2019.09.28-17.23.58:475][  0]LogD3D11RHI:     GPU DeviceId: 0x1187 (for the marketing name, search the web for "GPU Device Id")
[2019.09.28-17.23.58:475][  0]LogWindows: EnumDisplayDevices:
[2019.09.28-17.23.58:475][  0]LogWindows:    0. 'NVIDIA GeForce GTX 760' (P:1 D:1)
[2019.09.28-17.23.58:478][  0]LogWindows:    1. 'NVIDIA GeForce GTX 760' (P:0 D:1)
[2019.09.28-17.23.58:481][  0]LogWindows:    2. 'NVIDIA GeForce GTX 760' (P:0 D:0)
[2019.09.28-17.23.58:483][  0]LogWindows:    3. 'NVIDIA GeForce GTX 760' (P:0 D:0)
[2019.09.28-17.23.58:484][  0]LogWindows: DebugString: FoundDriverCount:4 
[2019.09.28-17.23.58:484][  0]LogD3D11RHI:     Adapter Name: NVIDIA GeForce GTX 760
[2019.09.28-17.23.58:484][  0]LogD3D11RHI:   Driver Version: 416.94 (internal:25.21.14.1694, unified:416.94)
[2019.09.28-17.23.58:485][  0]LogD3D11RHI:      Driver Date: 11-12-2018
[2019.09.28-17.23.58:485][  0]LogRHI: Texture pool is 1361 MB (70% of 1944 MB)
[2019.09.28-17.23.58:562][  0]LogD3D11RHI: Async texture creation enabled
[2019.09.28-17.23.58:585][  0]LogD3D11RHI: GPU Timing Frequency: 1000.000000 (Debug: 2 2)
[2019.09.28-17.23.59:357][  0]LogTemp: Display: Module 'AllDesktopTargetPlatform' loaded TargetPlatform 'AllDesktop'
[2019.09.28-17.23.59:370][  0]LogTemp: Display: Module 'MacClientTargetPlatform' loaded TargetPlatform 'MacClient'
[2019.09.28-17.23.59:381][  0]LogTemp: Display: Module 'MacNoEditorTargetPlatform' loaded TargetPlatform 'MacNoEditor'
[2019.09.28-17.23.59:391][  0]LogTemp: Display: Module 'MacServerTargetPlatform' loaded TargetPlatform 'MacServer'
[2019.09.28-17.23.59:403][  0]LogTemp: Display: Module 'MacTargetPlatform' loaded TargetPlatform 'Mac'
[2019.09.28-17.23.59:413][  0]LogTemp: Display: Module 'WindowsClientTargetPlatform' loaded TargetPlatform 'WindowsClient'
[2019.09.28-17.23.59:424][  0]LogTemp: Display: Module 'WindowsNoEditorTargetPlatform' loaded TargetPlatform 'WindowsNoEditor'
[2019.09.28-17.23.59:435][  0]LogTemp: Display: Module 'WindowsServerTargetPlatform' loaded TargetPlatform 'WindowsServer'
[2019.09.28-17.23.59:441][  0]LogTemp: Display: Module 'WindowsTargetPlatform' loaded TargetPlatform 'Windows'
[2019.09.28-17.23.59:478][  0]LogTemp: Display: Module 'AndroidTargetPlatform' loaded TargetPlatform 'Android'
[2019.09.28-17.23.59:478][  0]LogTemp: Display: Module 'AndroidTargetPlatform' loaded TargetPlatform 'Android_ASTC'
[2019.09.28-17.23.59:478][  0]LogTemp: Display: Module 'AndroidTargetPlatform' loaded TargetPlatform 'Android_ATC'
[2019.09.28-17.23.59:478][  0]LogTemp: Display: Module 'AndroidTargetPlatform' loaded TargetPlatform 'Android_DXT'
[2019.09.28-17.23.59:478][  0]LogTemp: Display: Module 'AndroidTargetPlatform' loaded TargetPlatform 'Android_ETC1'
[2019.09.28-17.23.59:478][  0]LogTemp: Display: Module 'AndroidTargetPlatform' loaded TargetPlatform 'Android_ETC1a'
[2019.09.28-17.23.59:478][  0]LogTemp: Display: Module 'AndroidTargetPlatform' loaded TargetPlatform 'Android_ETC2'
[2019.09.28-17.23.59:478][  0]LogTemp: Display: Module 'AndroidTargetPlatform' loaded TargetPlatform 'Android_PVRTC'
[2019.09.28-17.23.59:478][  0]LogTemp: Display: Module 'AndroidTargetPlatform' loaded TargetPlatform 'AndroidClient'
[2019.09.28-17.23.59:478][  0]LogTemp: Display: Module 'AndroidTargetPlatform' loaded TargetPlatform 'Android_ASTCClient'
[2019.09.28-17.23.59:478][  0]LogTemp: Display: Module 'AndroidTargetPlatform' loaded TargetPlatform 'Android_ATCClient'
[2019.09.28-17.23.59:478][  0]LogTemp: Display: Module 'AndroidTargetPlatform' loaded TargetPlatform 'Android_DXTClient'
[2019.09.28-17.23.59:478][  0]LogTemp: Display: Module 'AndroidTargetPlatform' loaded TargetPlatform 'Android_ETC1Client'
[2019.09.28-17.23.59:478][  0]LogTemp: Display: Module 'AndroidTargetPlatform' loaded TargetPlatform 'Android_ETC1aClient'
[2019.09.28-17.23.59:478][  0]LogTemp: Display: Module 'AndroidTargetPlatform' loaded TargetPlatform 'Android_ETC2Client'
[2019.09.28-17.23.59:478][  0]LogTemp: Display: Module 'AndroidTargetPlatform' loaded TargetPlatform 'Android_PVRTCClient'
[2019.09.28-17.23.59:478][  0]LogTemp: Display: Module 'AndroidTargetPlatform' loaded TargetPlatform 'Android_Multi'
[2019.09.28-17.23.59:478][  0]LogTemp: Display: Module 'AndroidTargetPlatform' loaded TargetPlatform 'Android_MultiClient'
[2019.09.28-17.23.59:482][  0]LogTemp: Display: Module 'HTML5TargetPlatform' loaded TargetPlatform 'HTML5'
[2019.09.28-17.23.59:506][  0]LogTemp: Display: Module 'IOSTargetPlatform' loaded TargetPlatform 'IOSClient'
[2019.09.28-17.23.59:506][  0]LogTemp: Display: Module 'IOSTargetPlatform' loaded TargetPlatform 'IOS'
[2019.09.28-17.23.59:523][  0]LogTemp: Display: Module 'TVOSTargetPlatform' loaded TargetPlatform 'TVOSClient'
[2019.09.28-17.23.59:523][  0]LogTemp: Display: Module 'TVOSTargetPlatform' loaded TargetPlatform 'TVOS'
[2019.09.28-17.23.59:534][  0]LogTemp: Display: Module 'LinuxClientTargetPlatform' loaded TargetPlatform 'LinuxClient'
[2019.09.28-17.23.59:542][  0]LogTemp: Display: Module 'LinuxNoEditorTargetPlatform' loaded TargetPlatform 'LinuxNoEditor'
[2019.09.28-17.23.59:551][  0]LogTemp: Display: Module 'LinuxServerTargetPlatform' loaded TargetPlatform 'LinuxServer'
[2019.09.28-17.23.59:563][  0]LogTemp: Display: Module 'LinuxTargetPlatform' loaded TargetPlatform 'Linux'
[2019.09.28-17.23.59:596][  0]LogTemp: Display: Module 'LuminTargetPlatform' loaded TargetPlatform 'Lumin'
[2019.09.28-17.23.59:596][  0]LogTemp: Display: Module 'LuminTargetPlatform' loaded TargetPlatform 'LuminClient'
[2019.09.28-17.23.59:596][  0]LogTargetPlatformManager: Display: Building Assets For Windows
[2019.09.28-17.23.59:614][  0]LogAudioDebug: Display: Lib vorbis DLL was dynamically loaded.
[2019.09.28-17.23.59:696][  0]LogShaderCompilers: Guid format shader working directory is 22 characters bigger than the processId version (D:/Unreal Projects/Game/Intermediate/Shaders/WorkingDirectory/32612/).
[2019.09.28-17.23.59:697][  0]LogShaderCompilers: Cleaned the shader compiler working directory 'C:/Users/blood/AppData/Local/Temp/UnrealShaderWorkingDir/0D5915F34F6D12466BEDF38648C2F960/'.
[2019.09.28-17.23.59:701][  0]LogXGEController: Cleaning working directory: C:/Users/blood/AppData/Local/Temp/UnrealXGEWorkingDir/
[2019.09.28-17.23.59:702][  0]LogXGEController: Cannot use XGE Controller as Incredibuild is not installed on this machine.
[2019.09.28-17.23.59:702][  0]LogShaderCompilers: Cannot use XGE Shader Compiler as Incredibuild is not installed on this machine.
[2019.09.28-17.23.59:702][  0]LogShaderCompilers: Display: Using Local Shader Compiler.
[2019.09.28-17.24.00:611][  0]LogDerivedDataCache: Display: Max Cache Size: 512 MB
[2019.09.28-17.24.00:829][  0]LogDerivedDataCache: Loaded boot cache 0.22s 73MB C:/Users/blood/AppData/Local/UnrealEngine/4.23/DerivedDataCache/Boot.ddc.
[2019.09.28-17.24.00:829][  0]LogDerivedDataCache: Display: Loaded Boot cache: C:/Users/blood/AppData/Local/UnrealEngine/4.23/DerivedDataCache/Boot.ddc
[2019.09.28-17.24.00:829][  0]LogDerivedDataCache: FDerivedDataBackendGraph:  Pak pak cache file D:/Unreal Projects/Game/DerivedDataCache/DDC.ddp not found, will not use a pak cache.
[2019.09.28-17.24.00:829][  0]LogDerivedDataCache: Unable to find inner node Pak for hierarchical cache Hierarchy.
[2019.09.28-17.24.00:829][  0]LogDerivedDataCache: FDerivedDataBackendGraph:  CompressedPak pak cache file D:/Unreal Projects/Game/DerivedDataCache/Compressed.ddp not found, will not use a pak cache.
[2019.09.28-17.24.00:829][  0]LogDerivedDataCache: Unable to find inner node CompressedPak for hierarchical cache Hierarchy.
[2019.09.28-17.24.00:843][  0]LogDerivedDataCache: Display: Pak cache opened for reading ../../../Engine/DerivedDataCache/Compressed.ddp.
[2019.09.28-17.24.00:843][  0]LogDerivedDataCache: FDerivedDataBackendGraph:  EnterprisePak pak cache file ../../../Enterprise/DerivedDataCache/Compressed.ddp not found, will not use a pak cache.
[2019.09.28-17.24.00:843][  0]LogDerivedDataCache: Unable to find inner node EnterprisePak for hierarchical cache Hierarchy.
[2019.09.28-17.24.00:846][  0]LogDerivedDataCache: Using Local data cache path C:/Users/blood/AppData/Local/UnrealEngine/Common/DerivedDataCache: Writable
[2019.09.28-17.24.00:846][  0]LogDerivedDataCache: Shared data cache path not found in *engine.ini, will not use an Shared cache.
[2019.09.28-17.24.00:846][  0]LogDerivedDataCache: Unable to find inner node Shared for hierarchical cache Hierarchy.
[2019.09.28-17.24.00:874][  0]LogMaterial: Verifying Global Shaders for PCD3D_SM5
[2019.09.28-17.24.00:877][  0]LogSlate: Using FreeType 2.6.0
[2019.09.28-17.24.00:878][  0]LogSlate: SlateFontServices - WITH_FREETYPE: 1, WITH_HARFBUZZ: 1
[2019.09.28-17.24.01:005][  0]LogAssetRegistry: FAssetRegistry took 0.0035 seconds to start up
[2019.09.28-17.24.01:338][  0]LogInit: Selected Device Profile: [Windows]
[2019.09.28-17.24.01:522][  0]LogMeshReduction: Using QuadricMeshReduction for automatic static mesh reduction
[2019.09.28-17.24.01:522][  0]LogMeshReduction: Using SimplygonMeshReduction for automatic skeletal mesh reduction
[2019.09.28-17.24.01:522][  0]LogMeshReduction: Using ProxyLODMeshReduction for automatic mesh merging
[2019.09.28-17.24.01:522][  0]LogMeshReduction: No distributed automatic mesh merging module available
[2019.09.28-17.24.01:522][  0]LogMeshMerging: No distributed automatic mesh merging module available
[2019.09.28-17.24.01:536][  0]LogNetVersion: Game 1.0.0, NetCL: 8386587, EngineNetVer: 11, GameNetVer: 0 (Checksum: 932843807)
[2019.09.28-17.24.02:043][  0]LogPackageLocalizationCache: Processed 12 localized package path(s) for 1 prioritized culture(s) in 0.057468 seconds
[2019.09.28-17.24.02:050][  0]LogUObjectArray: 43444 objects as part of root set at end of initial load.
[2019.09.28-17.24.02:050][  0]LogUObjectAllocator: 7548648 out of 0 bytes used by permanent object pool.
[2019.09.28-17.24.02:050][  0]LogUObjectArray: CloseDisregardForGC: 0/0 objects in disregard for GC pool
[2019.09.28-17.24.04:230][  0]LogTcpMessaging: Initializing TcpMessaging bridge
[2019.09.28-17.24.04:235][  0]LogUdpMessaging: Initializing bridge on interface 0.0.0.0:0 to multicast group 230.0.0.1:6666.
[2019.09.28-17.24.04:376][  0]SourceControl: Source control is disabled
[2019.09.28-17.24.04:376][  0]SourceControl: Source control is disabled
[2019.09.28-17.24.04:380][  0]SourceControl: Source control is disabled
[2019.09.28-17.24.04:383][  0]SourceControl: Source control is disabled
[2019.09.28-17.24.04:571][  0]LogAndroidPermission: UAndroidPermissionCallbackProxy::GetInstance
[2019.09.28-17.24.05:614][  0]LogOcInput: OculusInput pre-init called
[2019.09.28-17.24.05:625][  0]LogWindows: Failed to load 'OVRPlugin.dll' (GetLastError=126)
[2019.09.28-17.24.05:625][  0]LogWindows: File 'OVRPlugin.dll' does not exist
[2019.09.28-17.24.05:723][  0]LogEngine: Initializing Engine...
[2019.09.28-17.24.05:725][  0]LogHMD: Failed to initialize OpenVR with code 110
[2019.09.28-17.24.05:726][  0]LogStats: UGameplayTagsManager::InitializeManager -  0.000 s
[2019.09.28-17.24.06:004][  0]LogInit: Initializing FReadOnlyCVARCache
[2019.09.28-17.24.06:029][  0]LogAIModule: Creating AISystem for world Untitled
[2019.09.28-17.24.06:578][  0]LogInit: XAudio2 using 'PHL 243S7(2- NVIDIA High Definition Audio)' : 2 channels at 48 kHz using 16 bits per sample (channel mask 0x3)
[2019.09.28-17.24.06:709][  0]LogInit: FAudioDevice initialized.
[2019.09.28-17.24.06:709][  0]LogNetVersion: Set ProjectVersion to 1.0.0.0. Version Checksum will be recalculated on next use.
[2019.09.28-17.24.06:826][  0]LogDerivedDataCache: Saved boot cache 0.12s 73MB C:/Users/blood/AppData/Local/UnrealEngine/4.23/DerivedDataCache/Boot.ddc.
[2019.09.28-17.24.06:827][  0]LogInit: Texture streaming: Enabled
[2019.09.28-17.24.06:869][  0]LogEngineSessionManager: EngineSessionManager initialized
[2019.09.28-17.24.06:869][  0]LogEngineSessionManager: EngineSessionManager sent abnormal shutdown report. Type=Crashed, SessionId={1F409DDC-4091-D260-1803-68A0C2A8ED91}
[2019.09.28-17.24.06:941][  0]LogInit: Transaction tracking system initialized
[2019.09.28-17.24.07:003][  0]BlueprintLog: New page: Editor Load
[2019.09.28-17.24.07:122][  0]LocalizationService: Localization service is disabled
[2019.09.28-17.24.07:441][  0]LogFileCache: Scanning file cache for directory 'D:/Unreal Projects/Game/Content/' took 0.01s
[2019.09.28-17.24.07:441][  0]LogCook: Display: Max memory allowance for cook 16384mb min free memory 0mb
[2019.09.28-17.24.07:441][  0]LogCook: Display: Mobile HDR setting 1
[2019.09.28-17.24.07:767][  0]SourceControl: Source control is disabled
[2019.09.28-17.24.07:768][  0]Cmd: MAP LOAD FILE="D:/Unreal Projects/Game/Content/Map/Basic.umap" TEMPLATE=0 SHOWPROGRESS=1 FEATURELEVEL=3
[2019.09.28-17.24.07:768][  0]LightingResults: New page: Lighting Build
[2019.09.28-17.24.07:771][  0]LogWorld: UWorld::CleanupWorld for Untitled, bSessionEnded=true, bCleanupResources=true
[2019.09.28-17.24.07:771][  0]MapCheck: New page: Map Check
[2019.09.28-17.24.07:771][  0]LightingResults: New page: Lighting Build
[2019.09.28-17.24.07:799][  0]LogUObjectHash: Compacting FUObjectHashTables data took   1.90ms
[2019.09.28-17.24.07:941][  0]LogAIModule: Creating AISystem for world Basic
[2019.09.28-17.24.07:945][  0]LogEditorServer: Finished looking for orphan Actors (0.000 secs)
[2019.09.28-17.24.07:977][  0]LogUObjectHash: Compacting FUObjectHashTables data took   2.84ms
[2019.09.28-17.24.07:977][  0]Cmd: MAP CHECKDEP NOCLEARLOG
[2019.09.28-17.24.07:977][  0]MapCheck: Map check complete: 0 Error(s), 0 Warning(s), took 0.113ms to complete.
[2019.09.28-17.24.07:978][  0]LogFileHelpers: Loading map 'Basic' took 0.210
[2019.09.28-17.24.08:119][  0]LogSlate: Updating window title bar state: overlay mode, drag disabled, window buttons hidden, title bar hidden
[2019.09.28-17.24.08:126][  0]LogSlate: Updating window title bar state: overlay mode, drag disabled, window buttons hidden, title bar hidden
[2019.09.28-17.24.08:134][  0]LogSlate: Updating window title bar state: overlay mode, drag disabled, window buttons hidden, title bar hidden
[2019.09.28-17.24.08:142][  0]LogSlate: Updating window title bar state: overlay mode, drag disabled, window buttons hidden, title bar hidden
[2019.09.28-17.24.08:153][  0]LogCollectionManager: Loaded 0 collections in 0.001922 seconds
[2019.09.28-17.24.08:161][  0]LogFileCache: Scanning file cache for directory 'D:/Unreal Projects/Game/Saved/Collections/' took 0.00s
[2019.09.28-17.24.08:161][  0]LogFileCache: Scanning file cache for directory 'D:/Unreal Projects/Game/Content/Developers/blood/Collections/' took 0.00s
[2019.09.28-17.24.08:161][  0]LogFileCache: Scanning file cache for directory 'D:/Unreal Projects/Game/Content/Collections/' took 0.00s
[2019.09.28-17.24.08:161][  0]LogCollectionManager: Rebuilt the GUID cache for 0 collections in 0.000001 seconds
[2019.09.28-17.24.08:170][  0]LogContentBrowser: Native class hierarchy populated in 0.0091 seconds. Added 2868 classes and 684 folders.
[2019.09.28-17.24.08:179][  0]LogContentBrowser: Native class hierarchy updated for 'WidgetCarousel' in 0.0008 seconds. Added 0 classes and 0 folders.
[2019.09.28-17.24.08:381][  0]LogContentBrowser: Native class hierarchy updated for 'AddContentDialog' in 0.0005 seconds. Added 0 classes and 0 folders.
[2019.09.28-17.24.08:437][  0]LogSlate: Took 0.000483 seconds to synchronously load lazily loaded font '../../../Engine/Content/Slate/Fonts/Roboto-Regular.ttf' (155K)
[2019.09.28-17.24.08:441][  0]LogSlate: Took 0.000490 seconds to synchronously load lazily loaded font '../../../Engine/Content/Slate/Fonts/Roboto-Bold.ttf' (160K)
[2019.09.28-17.24.08:445][  0]LogSlate: Took 0.001284 seconds to synchronously load lazily loaded font '../../../Engine/Content/Editor/Slate/Fonts/FontAwesome.ttf' (139K)
[2019.09.28-17.24.08:446][  0]LogSlate: Took 0.001059 seconds to synchronously load lazily loaded font '../../../Engine/Content/Slate/Fonts/DroidSansMono.ttf' (77K)
[2019.09.28-17.24.08:562][  0]LogRenderer: Reallocating scene render targets to support 980x572 Format 10 NumSamples 1 (Frame:1).
[2019.09.28-17.24.08:801][  0]LogContentBrowser: Native class hierarchy updated for 'HierarchicalLODOutliner' in 0.0005 seconds. Added 0 classes and 0 folders.
[2019.09.28-17.24.08:802][  0]LogLoad: (Engine Initialization) Total time: 15.72 seconds
[2019.09.28-17.24.08:802][  0]LogLoad: (Engine Initialization) Total Blueprint compile time: 0.00 seconds
[2019.09.28-17.24.08:866][  0]LogContentStreaming: Texture pool size now 1000 MB
[2019.09.28-17.24.08:994][  2]LogAssetRegistry: Asset discovery search completed in 7.9906 seconds
[2019.09.28-17.24.08:998][  2]LogCollectionManager: Rebuilt the object cache for 0 collections in 0.000005 seconds (found 0 objects)
[2019.09.28-17.24.08:998][  2]LogCollectionManager: Fixed up redirectors for 0 collections in 0.000269 seconds (updated 0 objects)
[2019.09.28-17.24.10:294][  6]LogSlate: FSceneViewport::OnFocusLost() reason 0
[2019.09.28-17.24.10:998][ 85]LogTemp: Repeating last play command: Selected Viewport
[2019.09.28-17.24.11:007][ 85]LogBlueprintUserMessages: Early PlayInEditor Detection: Level '/Game/Map/Basic.Basic:PersistentLevel' has LevelScriptBlueprint '/Game/Map/Basic.Basic:PersistentLevel.Basic' with GeneratedClass '/Game/Map/Basic.Basic_C' with ClassGeneratedBy '/Game/Map/Basic.Basic:PersistentLevel.Basic'
[2019.09.28-17.24.11:007][ 85]LogPlayLevel: PlayLevel: No blueprints needed recompiling
[2019.09.28-17.24.11:008][ 85]PIE: New page: PIE session: Basic (Sep 29, 2019, 11:24:11 AM)
[2019.09.28-17.24.11:008][ 85]LogOnline: OSS: Creating online subsystem instance for: NULL
[2019.09.28-17.24.11:010][ 85]LogPlayLevel: Creating play world package: /Game/Map/UEDPIE_0_Basic
[2019.09.28-17.24.11:013][ 85]LogPlayLevel: PIE: StaticDuplicateObject took: (0.003383s)
[2019.09.28-17.24.11:015][ 85]LogAIModule: Creating AISystem for world Basic
[2019.09.28-17.24.11:015][ 85]LogPlayLevel: PIE: World Init took: (0.001330s)
[2019.09.28-17.24.11:015][ 85]LogPlayLevel: PIE: Created PIE world by copying editor world from /Game/Map/Basic.Basic to /Game/Map/UEDPIE_0_Basic.Basic (0.005199s)
[2019.09.28-17.24.11:039][ 85]LogUObjectHash: Compacting FUObjectHashTables data took   1.36ms
[2019.09.28-17.24.11:591][ 85]LogInit: XAudio2 using 'PHL 243S7(2- NVIDIA High Definition Audio)' : 2 channels at 48 kHz using 16 bits per sample (channel mask 0x3)
[2019.09.28-17.24.11:668][ 85]LogInit: FAudioDevice initialized.
[2019.09.28-17.24.11:678][ 85]LogLoad: Game class is 'MyGameModeBase'
[2019.09.28-17.24.11:679][ 85]LogWorld: Bringing World /Game/Map/UEDPIE_0_Basic.Basic up for play (max tick rate 0) at 2019.09.29-02.24.11
[2019.09.28-17.24.11:681][ 85]LogWorld: Bringing up level for play took: 0.000651
[2019.09.28-17.24.11:681][ 85]LogOnline: OSS: Creating online subsystem instance for: :Context_1
[2019.09.28-17.24.11:688][ 85]LogContentBrowser: Native class hierarchy updated for 'MovieSceneCapture' in 0.0005 seconds. Added 20 classes and 0 folders.
[2019.09.28-17.24.11:690][ 85]PIE: Play in editor start time for /Game/Map/UEDPIE_0_Basic 1.493
[2019.09.28-17.24.11:690][ 85]LogBlueprintUserMessages: Late PlayInEditor Detection: Level '/Game/Map/Basic.Basic:PersistentLevel' has LevelScriptBlueprint '/Game/Map/Basic.Basic:PersistentLevel.Basic' with GeneratedClass '/Game/Map/Basic.Basic_C' with ClassGeneratedBy '/Game/Map/Basic.Basic:PersistentLevel.Basic'
[2019.09.28-17.24.11:692][ 85]LogTemp: TickTickTickTickTickTickTickTickTickTickTick
[2019.09.28-17.24.11:717][ 86]LogTemp: TickTickTickTickTickTickTickTickTickTickTick
[2019.09.28-17.24.11:771][ 87]LogTemp: TickTickTickTickTickTickTickTickTickTickTick
[2019.09.28-17.24.11:778][ 88]LogTemp: TickTickTickTickTickTickTickTickTickTickTick
[2019.09.28-17.24.11:786][ 89]LogTemp: TickTickTickTickTickTickTickTickTickTickTick
[2019.09.28-17.24.11:795][ 90]LogTemp: TickTickTickTickTickTickTickTickTickTickTick
[2019.09.28-17.24.11:803][ 91]LogTemp: TickTickTickTickTickTickTickTickTickTickTick
[2019.09.28-17.24.11:812][ 92]LogTemp: TickTickTickTickTickTickTickTickTickTickTick
[2019.09.28-17.24.11:820][ 93]LogTemp: TickTickTickTickTickTickTickTickTickTickTick
[2019.09.28-17.24.11:829][ 94]LogTemp: TickTickTickTickTickTickTickTickTickTickTick
[2019.09.28-17.24.11:836][ 95]LogTemp: TickTickTickTickTickTickTickTickTickTickTick
[2019.09.28-17.24.11:845][ 96]LogTemp: TickTickTickTickTickTickTickTickTickTickTick
[2019.09.28-17.24.11:853][ 97]LogTemp: TickTickTickTickTickTickTickTickTickTickTick
[2019.09.28-17.24.11:862][ 98]LogTemp: TickTickTickTickTickTickTickTickTickTickTick
[2019.09.28-17.24.11:870][ 99]LogTemp: TickTickTickTickTickTickTickTickTickTickTick
[2019.09.28-17.24.11:878][100]LogTemp: TickTickTickTickTickTickTickTickTickTickTick
[2019.09.28-17.24.11:886][101]LogTemp: TickTickTickTickTickTickTickTickTickTickTick
[2019.09.28-17.24.11:895][102]LogTemp: TickTickTickTickTickTickTickTickTickTickTick
[2019.09.28-17.24.11:903][103]LogTemp: TickTickTickTickTickTickTickTickTickTickTick
[2019.09.28-17.24.11:912][104]LogTemp: TickTickTickTickTickTickTickTickTickTickTick
[2019.09.28-17.24.11:920][105]LogTemp: TickTickTickTickTickTickTickTickTickTickTick
[2019.09.28-17.24.11:928][106]LogTemp: TickTickTickTickTickTickTickTickTickTickTick
[2019.09.28-17.24.11:937][107]LogTemp: TickTickTickTickTickTickTickTickTickTickTick
[2019.09.28-17.24.11:945][108]LogTemp: TickTickTickTickTickTickTickTickTickTickTick
[2019.09.28-17.24.11:953][109]LogTemp: TickTickTickTickTickTickTickTickTickTickTick
[2019.09.28-17.24.11:962][110]LogTemp: TickTickTickTickTickTickTickTickTickTickTick
[2019.09.28-17.24.11:970][111]LogTemp: TickTickTickTickTickTickTickTickTickTickTick
[2019.09.28-17.24.11:978][112]LogTemp: TickTickTickTickTickTickTickTickTickTickTick
[2019.09.28-17.24.11:987][113]LogTemp: TickTickTickTickTickTickTickTickTickTickTick
[2019.09.28-17.24.11:995][114]LogTemp: TickTickTickTickTickTickTickTickTickTickTick
[2019.09.28-17.24.12:003][115]LogTemp: TickTickTickTickTickTickTickTickTickTickTick
[2019.09.28-17.24.12:012][116]LogTemp: TickTickTickTickTickTickTickTickTickTickTick
[2019.09.28-17.24.12:020][117]LogTemp: TickTickTickTickTickTickTickTickTickTickTick
[2019.09.28-17.24.12:028][118]LogTemp: TickTickTickTickTickTickTickTickTickTickTick
[2019.09.28-17.24.12:037][119]LogTemp: TickTickTickTickTickTickTickTickTickTickTick
[2019.09.28-17.24.12:045][120]LogTemp: TickTickTickTickTickTickTickTickTickTickTick
[2019.09.28-17.24.12:056][121]LogTemp: TickTickTickTickTickTickTickTickTickTickTick
[2019.09.28-17.24.12:064][122]LogTemp: TickTickTickTickTickTickTickTickTickTickTick
[2019.09.28-17.24.12:072][123]LogTemp: TickTickTickTickTickTickTickTickTickTickTick
[2019.09.28-17.24.12:080][124]LogTemp: TickTickTickTickTickTickTickTickTickTickTick
[2019.09.28-17.24.12:088][125]LogTemp: TickTickTickTickTickTickTickTickTickTickTick
[2019.09.28-17.24.12:097][126]LogTemp: TickTickTickTickTickTickTickTickTickTickTick
[2019.09.28-17.24.12:105][127]LogTemp: TickTickTickTickTickTickTickTickTickTickTick
[2019.09.28-17.24.12:113][128]LogTemp: TickTickTickTickTickTickTickTickTickTickTick
[2019.09.28-17.24.12:122][129]LogTemp: TickTickTickTickTickTickTickTickTickTickTick
[2019.09.28-17.24.12:130][130]LogTemp: TickTickTickTickTickTickTickTickTickTickTick
[2019.09.28-17.24.12:138][131]LogTemp: TickTickTickTickTickTickTickTickTickTickTick
[2019.09.28-17.24.12:147][132]LogTemp: TickTickTickTickTickTickTickTickTickTickTick
[2019.09.28-17.24.12:155][133]LogTemp: TickTickTickTickTickTickTickTickTickTickTick
[2019.09.28-17.24.12:164][134]LogTemp: TickTickTickTickTickTickTickTickTickTickTick
[2019.09.28-17.24.12:172][135]LogTemp: TickTickTickTickTickTickTickTickTickTickTick
[2019.09.28-17.24.12:180][136]LogTemp: TickTickTickTickTickTickTickTickTickTickTick
[2019.09.28-17.24.12:189][137]LogTemp: TickTickTickTickTickTickTickTickTickTickTick
[2019.09.28-17.24.12:197][138]LogTemp: TickTickTickTickTickTickTickTickTickTickTick
[2019.09.28-17.24.12:206][139]LogTemp: TickTickTickTickTickTickTickTickTickTickTick
[2019.09.28-17.24.12:214][140]LogTemp: TickTickTickTickTickTickTickTickTickTickTick
[2019.09.28-17.24.12:222][141]LogTemp: TickTickTickTickTickTickTickTickTickTickTick
[2019.09.28-17.24.12:230][142]LogTemp: TickTickTickTickTickTickTickTickTickTickTick
[2019.09.28-17.24.12:239][143]LogTemp: TickTickTickTickTickTickTickTickTickTickTick
[2019.09.28-17.24.12:247][144]LogTemp: TickTickTickTickTickTickTickTickTickTickTick
[2019.09.28-17.24.12:256][145]LogTemp: TickTickTickTickTickTickTickTickTickTickTick
[2019.09.28-17.24.12:264][146]LogTemp: TickTickTickTickTickTickTickTickTickTickTick
[2019.09.28-17.24.12:272][147]LogTemp: TickTickTickTickTickTickTickTickTickTickTick
[2019.09.28-17.24.12:280][148]LogTemp: TickTickTickTickTickTickTickTickTickTickTick
[2019.09.28-17.24.12:289][149]LogTemp: TickTickTickTickTickTickTickTickTickTickTick
[2019.09.28-17.24.12:297][150]LogTemp: TickTickTickTickTickTickTickTickTickTickTick
[2019.09.28-17.24.12:305][151]LogTemp: TickTickTickTickTickTickTickTickTickTickTick
[2019.09.28-17.24.12:314][152]LogTemp: TickTickTickTickTickTickTickTickTickTickTick
[2019.09.28-17.24.12:322][153]LogTemp: TickTickTickTickTickTickTickTickTickTickTick
[2019.09.28-17.24.12:330][154]LogTemp: TickTickTickTickTickTickTickTickTickTickTick
[2019.09.28-17.24.12:338][155]LogTemp: TickTickTickTickTickTickTickTickTickTickTick
[2019.09.28-17.24.12:347][156]LogTemp: TickTickTickTickTickTickTickTickTickTickTick
[2019.09.28-17.24.12:355][157]LogTemp: TickTickTickTickTickTickTickTickTickTickTick
[2019.09.28-17.24.12:363][158]LogTemp: TickTickTickTickTickTickTickTickTickTickTick
[2019.09.28-17.24.12:372][159]LogTemp: TickTickTickTickTickTickTickTickTickTickTick
[2019.09.28-17.24.12:380][160]LogTemp: TickTickTickTickTickTickTickTickTickTickTick
[2019.09.28-17.24.12:388][161]LogTemp: TickTickTickTickTickTickTickTickTickTickTick
[2019.09.28-17.24.12:397][162]LogTemp: TickTickTickTickTickTickTickTickTickTickTick
[2019.09.28-17.24.12:405][163]LogTemp: TickTickTickTickTickTickTickTickTickTickTick
[2019.09.28-17.24.12:414][164]LogTemp: TickTickTickTickTickTickTickTickTickTickTick
[2019.09.28-17.24.12:422][165]LogTemp: TickTickTickTickTickTickTickTickTickTickTick
[2019.09.28-17.24.12:430][166]LogTemp: TickTickTickTickTickTickTickTickTickTickTick
[2019.09.28-17.24.12:439][167]LogTemp: TickTickTickTickTickTickTickTickTickTickTick
[2019.09.28-17.24.12:447][168]LogTemp: TickTickTickTickTickTickTickTickTickTickTick
[2019.09.28-17.24.12:455][169]LogTemp: TickTickTickTickTickTickTickTickTickTickTick
[2019.09.28-17.24.12:464][170]LogTemp: TickTickTickTickTickTickTickTickTickTickTick
[2019.09.28-17.24.12:472][171]LogTemp: TickTickTickTickTickTickTickTickTickTickTick
[2019.09.28-17.24.12:480][172]LogTemp: TickTickTickTickTickTickTickTickTickTickTick
[2019.09.28-17.24.12:489][173]LogTemp: TickTickTickTickTickTickTickTickTickTickTick
[2019.09.28-17.24.12:497][174]LogTemp: TickTickTickTickTickTickTickTickTickTickTick
[2019.09.28-17.24.12:506][175]LogTemp: TickTickTickTickTickTickTickTickTickTickTick
[2019.09.28-17.24.12:514][176]LogTemp: TickTickTickTickTickTickTickTickTickTickTick
[2019.09.28-17.24.12:522][177]LogTemp: TickTickTickTickTickTickTickTickTickTickTick
[2019.09.28-17.24.12:531][178]LogTemp: TickTickTickTickTickTickTickTickTickTickTick
[2019.09.28-17.24.12:539][179]LogTemp: TickTickTickTickTickTickTickTickTickTickTick
[2019.09.28-17.24.12:547][180]LogTemp: TickTickTickTickTickTickTickTickTickTickTick
[2019.09.28-17.24.12:556][181]LogTemp: TickTickTickTickTickTickTickTickTickTickTick
[2019.09.28-17.24.12:564][182]LogTemp: TickTickTickTickTickTickTickTickTickTickTick
[2019.09.28-17.24.12:572][183]LogTemp: TickTickTickTickTickTickTickTickTickTickTick
[2019.09.28-17.24.12:580][184]LogTemp: TickTickTickTickTickTickTickTickTickTickTick
[2019.09.28-17.24.12:589][185]LogTemp: TickTickTickTickTickTickTickTickTickTickTick
[2019.09.28-17.24.12:597][186]LogTemp: TickTickTickTickTickTickTickTickTickTickTick
[2019.09.28-17.24.12:605][187]LogTemp: TickTickTickTickTickTickTickTickTickTickTick
[2019.09.28-17.24.12:614][188]LogTemp: TickTickTickTickTickTickTickTickTickTickTick
[2019.09.28-17.24.12:622][189]LogTemp: TickTickTickTickTickTickTickTickTickTickTick
[2019.09.28-17.24.12:631][190]LogTemp: TickTickTickTickTickTickTickTickTickTickTick
[2019.09.28-17.24.12:639][191]LogTemp: TickTickTickTickTickTickTickTickTickTickTick
[2019.09.28-17.24.12:648][192]LogTemp: TickTickTickTickTickTickTickTickTickTickTick
[2019.09.28-17.24.12:656][193]LogTemp: TickTickTickTickTickTickTickTickTickTickTick
[2019.09.28-17.24.12:664][194]LogTemp: TickTickTickTickTickTickTickTickTickTickTick
[2019.09.28-17.24.12:672][195]LogTemp: TickTickTickTickTickTickTickTickTickTickTick
[2019.09.28-17.24.12:681][196]LogTemp: TickTickTickTickTickTickTickTickTickTickTick
[2019.09.28-17.24.12:689][197]LogTemp: TickTickTickTickTickTickTickTickTickTickTick
[2019.09.28-17.24.12:697][198]LogTemp: TickTickTickTickTickTickTickTickTickTickTick
[2019.09.28-17.24.12:706][199]LogTemp: TickTickTickTickTickTickTickTickTickTickTick
[2019.09.28-17.24.12:714][200]LogTemp: TickTickTickTickTickTickTickTickTickTickTick
[2019.09.28-17.24.12:722][201]LogTemp: TickTickTickTickTickTickTickTickTickTickTick
[2019.09.28-17.24.12:730][202]LogTemp: TickTickTickTickTickTickTickTickTickTickTick
[2019.09.28-17.24.12:739][203]LogTemp: TickTickTickTickTickTickTickTickTickTickTick
[2019.09.28-17.24.12:747][204]LogTemp: TickTickTickTickTickTickTickTickTickTickTick
[2019.09.28-17.24.12:755][205]LogTemp: TickTickTickTickTickTickTickTickTickTickTick
[2019.09.28-17.24.12:764][206]LogTemp: TickTickTickTickTickTickTickTickTickTickTick
[2019.09.28-17.24.12:772][207]LogTemp: TickTickTickTickTickTickTickTickTickTickTick
[2019.09.28-17.24.12:780][208]LogTemp: TickTickTickTickTickTickTickTickTickTickTick
[2019.09.28-17.24.12:789][209]LogTemp: TickTickTickTickTickTickTickTickTickTickTick
[2019.09.28-17.24.12:797][210]LogTemp: TickTickTickTickTickTickTickTickTickTickTick
[2019.09.28-17.24.12:805][211]LogTemp: TickTickTickTickTickTickTickTickTickTickTick
[2019.09.28-17.24.12:815][212]LogTemp: TickTickTickTickTickTickTickTickTickTickTick
[2019.09.28-17.24.12:822][213]LogTemp: TickTickTickTickTickTickTickTickTickTickTick
[2019.09.28-17.24.12:831][214]LogTemp: TickTickTickTickTickTickTickTickTickTickTick
[2019.09.28-17.24.12:839][215]LogTemp: TickTickTickTickTickTickTickTickTickTickTick
[2019.09.28-17.24.12:847][216]LogTemp: TickTickTickTickTickTickTickTickTickTickTick
[2019.09.28-17.24.12:856][217]LogTemp: TickTickTickTickTickTickTickTickTickTickTick
[2019.09.28-17.24.12:864][218]LogTemp: TickTickTickTickTickTickTickTickTickTickTick
[2019.09.28-17.24.12:872][219]LogTemp: TickTickTickTickTickTickTickTickTickTickTick
[2019.09.28-17.24.12:881][220]LogTemp: TickTickTickTickTickTickTickTickTickTickTick
[2019.09.28-17.24.12:889][221]LogTemp: TickTickTickTickTickTickTickTickTickTickTick
[2019.09.28-17.24.12:897][222]LogTemp: TickTickTickTickTickTickTickTickTickTickTick
[2019.09.28-17.24.12:906][223]LogTemp: TickTickTickTickTickTickTickTickTickTickTick
[2019.09.28-17.24.12:914][224]LogTemp: TickTickTickTickTickTickTickTickTickTickTick
[2019.09.28-17.24.12:922][225]LogTemp: TickTickTickTickTickTickTickTickTickTickTick
[2019.09.28-17.24.12:931][226]LogTemp: TickTickTickTickTickTickTickTickTickTickTick
[2019.09.28-17.24.12:939][227]LogTemp: TickTickTickTickTickTickTickTickTickTickTick
[2019.09.28-17.24.12:948][228]LogTemp: TickTickTickTickTickTickTickTickTickTickTick
[2019.09.28-17.24.12:956][229]LogTemp: TickTickTickTickTickTickTickTickTickTickTick
[2019.09.28-17.24.12:964][230]LogTemp: TickTickTickTickTickTickTickTickTickTickTick
[2019.09.28-17.24.12:972][231]LogTemp: TickTickTickTickTickTickTickTickTickTickTick
[2019.09.28-17.24.12:981][232]LogTemp: TickTickTickTickTickTickTickTickTickTickTick
[2019.09.28-17.24.12:989][233]LogTemp: TickTickTickTickTickTickTickTickTickTickTick
[2019.09.28-17.24.12:998][234]LogTemp: TickTickTickTickTickTickTickTickTickTickTick
[2019.09.28-17.24.13:006][235]LogTemp: TickTickTickTickTickTickTickTickTickTickTick
[2019.09.28-17.24.13:015][236]LogTemp: TickTickTickTickTickTickTickTickTickTickTick
[2019.09.28-17.24.13:023][237]LogTemp: TickTickTickTickTickTickTickTickTickTickTick
[2019.09.28-17.24.13:031][238]LogTemp: TickTickTickTickTickTickTickTickTickTickTick
[2019.09.28-17.24.13:039][239]LogTemp: TickTickTickTickTickTickTickTickTickTickTick
[2019.09.28-17.24.13:048][240]LogTemp: TickTickTickTickTickTickTickTickTickTickTick
[2019.09.28-17.24.13:056][241]LogTemp: TickTickTickTickTickTickTickTickTickTickTick
[2019.09.28-17.24.13:064][242]LogTemp: TickTickTickTickTickTickTickTickTickTickTick
[2019.09.28-17.24.13:073][243]LogTemp: TickTickTickTickTickTickTickTickTickTickTick
[2019.09.28-17.24.13:081][244]LogTemp: TickTickTickTickTickTickTickTickTickTickTick
[2019.09.28-17.24.13:089][245]LogTemp: TickTickTickTickTickTickTickTickTickTickTick
[2019.09.28-17.24.13:098][246]LogTemp: TickTickTickTickTickTickTickTickTickTickTick
[2019.09.28-17.24.13:106][247]LogTemp: TickTickTickTickTickTickTickTickTickTickTick
[2019.09.28-17.24.13:114][248]LogTemp: TickTickTickTickTickTickTickTickTickTickTick
[2019.09.28-17.24.13:123][249]LogTemp: TickTickTickTickTickTickTickTickTickTickTick
[2019.09.28-17.24.13:131][250]LogTemp: TickTickTickTickTickTickTickTickTickTickTick
[2019.09.28-17.24.13:139][251]LogTemp: TickTickTickTickTickTickTickTickTickTickTick
[2019.09.28-17.24.13:148][252]LogTemp: TickTickTickTickTickTickTickTickTickTickTick
[2019.09.28-17.24.13:156][253]LogTemp: TickTickTickTickTickTickTickTickTickTickTick
[2019.09.28-17.24.13:164][254]LogTemp: TickTickTickTickTickTickTickTickTickTickTick
[2019.09.28-17.24.13:173][255]LogTemp: TickTickTickTickTickTickTickTickTickTickTick
[2019.09.28-17.24.13:181][256]LogTemp: TickTickTickTickTickTickTickTickTickTickTick
[2019.09.28-17.24.13:189][257]LogTemp: TickTickTickTickTickTickTickTickTickTickTick
[2019.09.28-17.24.13:198][258]LogTemp: TickTickTickTickTickTickTickTickTickTickTick
[2019.09.28-17.24.13:206][259]LogTemp: TickTickTickTickTickTickTickTickTickTickTick
[2019.09.28-17.24.13:214][260]LogTemp: TickTickTickTickTickTickTickTickTickTickTick
[2019.09.28-17.24.13:223][261]LogTemp: TickTickTickTickTickTickTickTickTickTickTick
[2019.09.28-17.24.13:231][262]LogTemp: TickTickTickTickTickTickTickTickTickTickTick
[2019.09.28-17.24.13:239][263]LogTemp: TickTickTickTickTickTickTickTickTickTickTick
[2019.09.28-17.24.13:247][264]LogTemp: TickTickTickTickTickTickTickTickTickTickTick
[2019.09.28-17.24.13:256][265]LogTemp: TickTickTickTickTickTickTickTickTickTickTick
[2019.09.28-17.24.13:264][266]LogTemp: TickTickTickTickTickTickTickTickTickTickTick
[2019.09.28-17.24.13:273][267]LogTemp: TickTickTickTickTickTickTickTickTickTickTick
[2019.09.28-17.24.13:281][268]LogTemp: TickTickTickTickTickTickTickTickTickTickTick
[2019.09.28-17.24.13:289][269]LogTemp: TickTickTickTickTickTickTickTickTickTickTick
[2019.09.28-17.24.13:298][270]LogTemp: TickTickTickTickTickTickTickTickTickTickTick
[2019.09.28-17.24.13:306][271]LogTemp: TickTickTickTickTickTickTickTickTickTickTick
[2019.09.28-17.24.13:314][272]LogTemp: TickTickTickTickTickTickTickTickTickTickTick
[2019.09.28-17.24.13:323][273]LogTemp: TickTickTickTickTickTickTickTickTickTickTick
[2019.09.28-17.24.13:331][274]LogTemp: TickTickTickTickTickTickTickTickTickTickTick
[2019.09.28-17.24.13:339][275]LogTemp: TickTickTickTickTickTickTickTickTickTickTick
[2019.09.28-17.24.13:348][276]LogTemp: TickTickTickTickTickTickTickTickTickTickTick
[2019.09.28-17.24.13:357][277]LogTemp: TickTickTickTickTickTickTickTickTickTickTick
[2019.09.28-17.24.13:364][278]LogTemp: TickTickTickTickTickTickTickTickTickTickTick
[2019.09.28-17.24.13:373][279]LogTemp: TickTickTickTickTickTickTickTickTickTickTick
[2019.09.28-17.24.13:381][280]LogTemp: TickTickTickTickTickTickTickTickTickTickTick
[2019.09.28-17.24.13:389][281]LogTemp: TickTickTickTickTickTickTickTickTickTickTick
[2019.09.28-17.24.13:398][282]LogTemp: TickTickTickTickTickTickTickTickTickTickTick
[2019.09.28-17.24.13:406][283]LogTemp: TickTickTickTickTickTickTickTickTickTickTick
[2019.09.28-17.24.13:414][284]LogTemp: TickTickTickTickTickTickTickTickTickTickTick
[2019.09.28-17.24.13:423][285]LogTemp: TickTickTickTickTickTickTickTickTickTickTick
[2019.09.28-17.24.13:431][286]LogTemp: TickTickTickTickTickTickTickTickTickTickTick
[2019.09.28-17.24.13:439][287]LogTemp: TickTickTickTickTickTickTickTickTickTickTick
[2019.09.28-17.24.13:447][288]LogTemp: TickTickTickTickTickTickTickTickTickTickTick
[2019.09.28-17.24.13:456][289]LogTemp: TickTickTickTickTickTickTickTickTickTickTick
[2019.09.28-17.24.13:464][290]LogTemp: TickTickTickTickTickTickTickTickTickTickTick
[2019.09.28-17.24.13:473][291]LogTemp: TickTickTickTickTickTickTickTickTickTickTick
[2019.09.28-17.24.13:481][292]LogTemp: TickTickTickTickTickTickTickTickTickTickTick
[2019.09.28-17.24.13:489][293]LogTemp: TickTickTickTickTickTickTickTickTickTickTick
[2019.09.28-17.24.13:498][294]LogTemp: TickTickTickTickTickTickTickTickTickTickTick
[2019.09.28-17.24.13:506][295]LogTemp: TickTickTickTickTickTickTickTickTickTickTick
[2019.09.28-17.24.13:515][296]LogTemp: TickTickTickTickTickTickTickTickTickTickTick
[2019.09.28-17.24.13:523][297]LogTemp: TickTickTickTickTickTickTickTickTickTickTick
[2019.09.28-17.24.13:531][298]LogTemp: TickTickTickTickTickTickTickTickTickTickTick
[2019.09.28-17.24.13:540][299]LogTemp: TickTickTickTickTickTickTickTickTickTickTick
[2019.09.28-17.24.13:548][300]LogTemp: TickTickTickTickTickTickTickTickTickTickTick
[2019.09.28-17.24.13:556][301]LogTemp: TickTickTickTickTickTickTickTickTickTickTick
[2019.09.28-17.24.13:564][302]LogTemp: TickTickTickTickTickTickTickTickTickTickTick
[2019.09.28-17.24.13:572][303]LogTemp: TickTickTickTickTickTickTickTickTickTickTick
[2019.09.28-17.24.13:581][304]LogTemp: TickTickTickTickTickTickTickTickTickTickTick
[2019.09.28-17.24.13:589][305]LogTemp: TickTickTickTickTickTickTickTickTickTickTick
[2019.09.28-17.24.13:598][306]LogTemp: TickTickTickTickTickTickTickTickTickTickTick
[2019.09.28-17.24.13:606][307]LogTemp: TickTickTickTickTickTickTickTickTickTickTick
[2019.09.28-17.24.13:614][308]LogTemp: TickTickTickTickTickTickTickTickTickTickTick
[2019.09.28-17.24.13:622][309]LogTemp: TickTickTickTickTickTickTickTickTickTickTick
[2019.09.28-17.24.13:631][310]LogTemp: TickTickTickTickTickTickTickTickTickTickTick
[2019.09.28-17.24.13:639][311]LogTemp: TickTickTickTickTickTickTickTickTickTickTick
[2019.09.28-17.24.13:648][312]LogTemp: TickTickTickTickTickTickTickTickTickTickTick
[2019.09.28-17.24.13:656][313]LogTemp: TickTickTickTickTickTickTickTickTickTickTick
[2019.09.28-17.24.13:664][314]LogTemp: TickTickTickTickTickTickTickTickTickTickTick
[2019.09.28-17.24.13:672][315]LogTemp: TickTickTickTickTickTickTickTickTickTickTick
[2019.09.28-17.24.13:681][316]LogTemp: TickTickTickTickTickTickTickTickTickTickTick
[2019.09.28-17.24.13:689][317]LogTemp: TickTickTickTickTickTickTickTickTickTickTick
[2019.09.28-17.24.13:698][318]LogTemp: TickTickTickTickTickTickTickTickTickTickTick
[2019.09.28-17.24.13:706][319]LogTemp: TickTickTickTickTickTickTickTickTickTickTick
[2019.09.28-17.24.13:714][320]LogTemp: TickTickTickTickTickTickTickTickTickTickTick
[2019.09.28-17.24.13:723][321]LogTemp: TickTickTickTickTickTickTickTickTickTickTick
[2019.09.28-17.24.13:731][322]LogTemp: TickTickTickTickTickTickTickTickTickTickTick
[2019.09.28-17.24.13:740][323]LogTemp: TickTickTickTickTickTickTickTickTickTickTick
[2019.09.28-17.24.13:748][324]LogTemp: TickTickTickTickTickTickTickTickTickTickTick
[2019.09.28-17.24.13:756][325]LogTemp: TickTickTickTickTickTickTickTickTickTickTick
[2019.09.28-17.24.13:765][326]LogTemp: TickTickTickTickTickTickTickTickTickTickTick
[2019.09.28-17.24.13:773][327]LogTemp: TickTickTickTickTickTickTickTickTickTickTick
[2019.09.28-17.24.13:782][328]LogTemp: TickTickTickTickTickTickTickTickTickTickTick
[2019.09.28-17.24.13:790][329]LogTemp: TickTickTickTickTickTickTickTickTickTickTick
[2019.09.28-17.24.13:798][330]LogTemp: TickTickTickTickTickTickTickTickTickTickTick
[2019.09.28-17.24.13:806][331]LogTemp: TickTickTickTickTickTickTickTickTickTickTick
[2019.09.28-17.24.13:815][332]LogTemp: TickTickTickTickTickTickTickTickTickTickTick
[2019.09.28-17.24.13:823][333]LogTemp: TickTickTickTickTickTickTickTickTickTickTick
[2019.09.28-17.24.13:831][334]LogTemp: TickTickTickTickTickTickTickTickTickTickTick
[2019.09.28-17.24.13:840][335]LogTemp: TickTickTickTickTickTickTickTickTickTickTick
[2019.09.28-17.24.13:849][336]LogTemp: TickTickTickTickTickTickTickTickTickTickTick
[2019.09.28-17.24.13:857][337]LogTemp: TickTickTickTickTickTickTickTickTickTickTick
[2019.09.28-17.24.13:865][338]LogTemp: TickTickTickTickTickTickTickTickTickTickTick
[2019.09.28-17.24.13:873][339]LogTemp: TickTickTickTickTickTickTickTickTickTickTick
[2019.09.28-17.24.13:882][340]LogTemp: TickTickTickTickTickTickTickTickTickTickTick
[2019.09.28-17.24.13:890][341]LogTemp: TickTickTickTickTickTickTickTickTickTickTick
[2019.09.28-17.24.13:898][342]LogTemp: TickTickTickTickTickTickTickTickTickTickTick
[2019.09.28-17.24.13:907][343]LogTemp: TickTickTickTickTickTickTickTickTickTickTick
[2019.09.28-17.24.13:915][344]LogTemp: TickTickTickTickTickTickTickTickTickTickTick
[2019.09.28-17.24.13:923][345]LogTemp: TickTickTickTickTickTickTickTickTickTickTick
[2019.09.28-17.24.13:931][346]LogTemp: TickTickTickTickTickTickTickTickTickTickTick
[2019.09.28-17.24.13:940][347]LogTemp: TickTickTickTickTickTickTickTickTickTickTick
[2019.09.28-17.24.13:948][348]LogTemp: TickTickTickTickTickTickTickTickTickTickTick
[2019.09.28-17.24.13:957][349]LogTemp: TickTickTickTickTickTickTickTickTickTickTick
[2019.09.28-17.24.13:965][350]LogTemp: TickTickTickTickTickTickTickTickTickTickTick
[2019.09.28-17.24.13:973][351]LogTemp: TickTickTickTickTickTickTickTickTickTickTick
[2019.09.28-17.24.13:981][352]LogTemp: TickTickTickTickTickTickTickTickTickTickTick
[2019.09.28-17.24.13:989][353]LogTemp: TickTickTickTickTickTickTickTickTickTickTick
[2019.09.28-17.24.13:998][354]LogTemp: TickTickTickTickTickTickTickTickTickTickTick
[2019.09.28-17.24.14:006][355]LogTemp: TickTickTickTickTickTickTickTickTickTickTick
[2019.09.28-17.24.14:015][356]LogTemp: TickTickTickTickTickTickTickTickTickTickTick
[2019.09.28-17.24.14:023][357]LogTemp: TickTickTickTickTickTickTickTickTickTickTick
[2019.09.28-17.24.14:031][358]LogTemp: TickTickTickTickTickTickTickTickTickTickTick
[2019.09.28-17.24.14:040][359]LogTemp: TickTickTickTickTickTickTickTickTickTickTick
[2019.09.28-17.24.14:048][360]LogTemp: TickTickTickTickTickTickTickTickTickTickTick
[2019.09.28-17.24.14:057][361]LogTemp: TickTickTickTickTickTickTickTickTickTickTick
[2019.09.28-17.24.14:065][362]LogTemp: TickTickTickTickTickTickTickTickTickTickTick
[2019.09.28-17.24.14:073][363]LogTemp: TickTickTickTickTickTickTickTickTickTickTick
[2019.09.28-17.24.14:081][364]LogTemp: TickTickTickTickTickTickTickTickTickTickTick
[2019.09.28-17.24.14:090][365]LogTemp: TickTickTickTickTickTickTickTickTickTickTick
[2019.09.28-17.24.14:098][366]LogTemp: TickTickTickTickTickTickTickTickTickTickTick
[2019.09.28-17.24.14:106][367]LogTemp: TickTickTickTickTickTickTickTickTickTickTick
[2019.09.28-17.24.14:115][368]LogTemp: TickTickTickTickTickTickTickTickTickTickTick
[2019.09.28-17.24.14:123][369]LogTemp: TickTickTickTickTickTickTickTickTickTickTick
[2019.09.28-17.24.14:131][370]LogTemp: TickTickTickTickTickTickTickTickTickTickTick
[2019.09.28-17.24.14:140][371]LogTemp: TickTickTickTickTickTickTickTickTickTickTick
[2019.09.28-17.24.14:149][372]LogTemp: TickTickTickTickTickTickTickTickTickTickTick
[2019.09.28-17.24.14:157][373]LogTemp: TickTickTickTickTickTickTickTickTickTickTick
[2019.09.28-17.24.14:165][374]LogTemp: TickTickTickTickTickTickTickTickTickTickTick
[2019.09.28-17.24.14:174][375]LogTemp: TickTickTickTickTickTickTickTickTickTickTick
[2019.09.28-17.24.14:181][376]LogTemp: TickTickTickTickTickTickTickTickTickTickTick
[2019.09.28-17.24.14:190][377]LogTemp: TickTickTickTickTickTickTickTickTickTickTick
[2019.09.28-17.24.14:198][378]LogTemp: TickTickTickTickTickTickTickTickTickTickTick
[2019.09.28-17.24.14:206][379]LogTemp: TickTickTickTickTickTickTickTickTickTickTick
[2019.09.28-17.24.14:215][380]LogTemp: TickTickTickTickTickTickTickTickTickTickTick
[2019.09.28-17.24.14:223][381]LogTemp: TickTickTickTickTickTickTickTickTickTickTick
[2019.09.28-17.24.14:232][382]LogTemp: TickTickTickTickTickTickTickTickTickTickTick
[2019.09.28-17.24.14:240][383]LogTemp: TickTickTickTickTickTickTickTickTickTickTick
[2019.09.28-17.24.14:248][384]LogTemp: TickTickTickTickTickTickTickTickTickTickTick
[2019.09.28-17.24.14:257][385]LogTemp: TickTickTickTickTickTickTickTickTickTickTick
[2019.09.28-17.24.14:264][386]LogTemp: TickTickTickTickTickTickTickTickTickTickTick
[2019.09.28-17.24.14:273][387]LogTemp: TickTickTickTickTickTickTickTickTickTickTick
[2019.09.28-17.24.14:281][388]LogTemp: TickTickTickTickTickTickTickTickTickTickTick
[2019.09.28-17.24.14:289][389]LogTemp: TickTickTickTickTickTickTickTickTickTickTick
[2019.09.28-17.24.14:299][390]LogTemp: TickTickTickTickTickTickTickTickTickTickTick
[2019.09.28-17.24.14:306][391]LogTemp: TickTickTickTickTickTickTickTickTickTickTick
[2019.09.28-17.24.16:535][391]LogWindows: Error: === Critical error: ===
[2019.09.28-17.24.16:535][391]LogWindows: Error: 
[2019.09.28-17.24.16:535][391]LogWindows: Error: Fatal error!
[2019.09.28-17.24.16:535][391]LogWindows: Error: 
[2019.09.28-17.24.16:535][391]LogWindows: Error: Unhandled Exception: EXCEPTION_ACCESS_VIOLATION reading address 0x00000384
[2019.09.28-17.24.16:535][391]LogWindows: Error: 
[2019.09.28-17.24.16:535][391]LogWindows: Error: [Callstack] 0x00007ffe63679fd4 UE4Editor-Engine.dll!UnknownFunction []
[2019.09.28-17.24.16:535][391]LogWindows: Error: [Callstack] 0x00007ffe437c85e0 UE4Editor-Game-1728.dll!APioneerManager::Tick() [d:\unreal projects\game\source\game\pioneermanager.cpp:43]
[2019.09.28-17.24.16:535][391]LogWindows: Error: [Callstack] 0x00007ffe63171872 UE4Editor-Engine.dll!UnknownFunction []
[2019.09.28-17.24.16:536][391]LogWindows: Error: [Callstack] 0x00007ffe63138a31 UE4Editor-Engine.dll!UnknownFunction []
[2019.09.28-17.24.16:536][391]LogWindows: Error: [Callstack] 0x00007ffe641cf9b3 UE4Editor-Engine.dll!UnknownFunction []
[2019.09.28-17.24.16:536][391]LogWindows: Error: [Callstack] 0x00007ffe641dcba7 UE4Editor-Engine.dll!UnknownFunction []
[2019.09.28-17.24.16:536][391]LogWindows: Error: [Callstack] 0x00007ffe6a044e4a UE4Editor-Core.dll!UnknownFunction []
[2019.09.28-17.24.16:536][391]LogWindows: Error: [Callstack] 0x00007ffe6a0451f3 UE4Editor-Core.dll!UnknownFunction []
[2019.09.28-17.24.16:536][391]LogWindows: Error: [Callstack] 0x00007ffe6a0551f9 UE4Editor-Core.dll!UnknownFunction []
[2019.09.28-17.24.16:536][391]LogWindows: Error: [Callstack] 0x00007ffe641fbfa0 UE4Editor-Engine.dll!UnknownFunction []
[2019.09.28-17.24.16:536][391]LogWindows: Error: [Callstack] 0x00007ffe64201ed2 UE4Editor-Engine.dll!UnknownFunction []
[2019.09.28-17.24.16:536][391]LogWindows: Error: [Callstack] 0x00007ffe639f6e1f UE4Editor-Engine.dll!UnknownFunction []
[2019.09.28-17.24.16:536][391]LogWindows: Error: [Callstack] 0x00007ffe63a01f38 UE4Editor-Engine.dll!UnknownFunction []
[2019.09.28-17.24.16:536][391]LogWindows: Error: [Callstack] 0x00007ffe61c0e00b UE4Editor-UnrealEd.dll!UnknownFunction []
[2019.09.28-17.24.16:536][391]LogWindows: Error: [Callstack] 0x00007ffe62464b16 UE4Editor-UnrealEd.dll!UnknownFunction []
[2019.09.28-17.24.16:536][391]LogWindows: Error: [Callstack] 0x00007ff65e547b0a UE4Editor.exe!UnknownFunction []
[2019.09.28-17.24.16:536][391]LogWindows: Error: [Callstack] 0x00007ff65e55a91c UE4Editor.exe!UnknownFunction []
[2019.09.28-17.24.16:536][391]LogWindows: Error: [Callstack] 0x00007ff65e55a9fa UE4Editor.exe!UnknownFunction []
[2019.09.28-17.24.16:536][391]LogWindows: Error: [Callstack] 0x00007ff65e56b92c UE4Editor.exe!UnknownFunction []
[2019.09.28-17.24.16:536][391]LogWindows: Error: [Callstack] 0x00007ff65e56e60e UE4Editor.exe!UnknownFunction []
[2019.09.28-17.24.16:536][391]LogWindows: Error: [Callstack] 0x00007ffeabdf7974 KERNEL32.DLL!UnknownFunction []
[2019.09.28-17.24.16:536][391]LogWindows: Error: [Callstack] 0x00007ffead35a271 ntdll.dll!UnknownFunction []
[2019.09.28-17.24.16:536][391]LogWindows: Error: 
[2019.09.28-17.24.16:549][391]LogExit: Executing StaticShutdownAfterError
[2019.09.28-17.24.16:552][391]LogWindows: FPlatformMisc::RequestExit(1)
[2019.09.28-17.24.16:562][391]Log file closed, 09/29/19 02:24:16
