"../../../Engine/Content/EngineFonts/Faces/RobotoBold.uasset" 0
"../../../Engine/Content/EngineFonts/Faces/RobotoBoldItalic.uasset" 1
"../../../Engine/Content/EngineFonts/Faces/RobotoItalic.uasset" 2
"../../../Engine/Content/EngineFonts/Faces/RobotoLight.uasset" 3
"../../../Engine/Content/EngineFonts/Faces/RobotoRegular.uasset" 4
"../../../Engine/Content/EngineFonts/Roboto.uasset" 5
"D:/Unreal Projects/Game/Content/UMG/Online/Online.uasset" 6
"D:/Unreal Projects/Game/Content/UMG/Online/WaitingRoom.uasset" 7
"../../../Engine/Content/Functions/Engine_MaterialFunctions01/Opacity/CameraDepthFade.uasset" 8
"../../../Engine/Content/EngineMaterials/T_Default_Material_Grid_M.uasset" 9
"../../../Engine/Content/EngineMaterials/T_Default_Material_Grid_N.uasset" 10
"../../../Engine/Content/EngineMaterials/WorldGridMaterial.uasset" 11
"../../../Engine/Content/ArtTools/RenderToTexture/Meshes/S_1_Unit_Plane.uasset" 12
"../../../Engine/Content/EngineMaterials/DefaultMaterial.uasset" 13
"../../../Engine/Content/BasicShapes/Cone.uasset" 14
"../../../Engine/Content/BasicShapes/Cube.uasset" 15
"../../../Engine/Content/BasicShapes/Cylinder.uasset" 16
"../../../Engine/Content/BasicShapes/Plane.uasset" 17
"../../../Engine/Content/BasicShapes/Sphere.uasset" 18
"../../../Engine/Content/EngineMaterials/DefaultPhysicalMaterial.uasset" 19
"../../../Engine/Content/BufferVisualization/AmbientOcclusion.uasset" 20
"../../../Engine/Content/BufferVisualization/BaseColor.uasset" 21
"../../../Engine/Content/BufferVisualization/CustomDepth.uasset" 22
"../../../Engine/Content/Functions/Engine_MaterialFunctions02/Utility/VectorLength.uasset" 23
"../../../Engine/Content/BufferVisualization/CustomDepthWorldUnits.uasset" 24
"../../../Engine/Content/Functions/Engine_MaterialFunctions02/Utility/BreakOutFloat2Components.uasset" 25
"../../../Engine/Content/Functions/Engine_MaterialFunctions01/Texturing/ScaleUVsByCenter.uasset" 26
"../../../Engine/Content/Functions/Engine_MaterialFunctions02/ScreenResolution.uasset" 27
"../../../Engine/Content/Functions/Engine_MaterialFunctions02/Texturing/ScreenAlignedUVs.uasset" 28
"../../../Engine/Content/Functions/Engine_MaterialFunctions02/Utility/MakeFloat2.uasset" 29
"../../../Engine/Content/Functions/Engine_MaterialFunctions02/Utility/MakeFloat3.uasset" 30
"../../../Engine/Content/EngineMaterials/MiniFont.uasset" 31
"../../../Engine/Content/BufferVisualization/CustomStencil.uasset" 32
"../../../Engine/Content/BufferVisualization/FinalImage.uasset" 33
"../../../Engine/Content/BufferVisualization/LightingModel.uasset" 34
"../../../Engine/Content/BufferVisualization/MaterialAO.uasset" 35
"../../../Engine/Content/BufferVisualization/Metallic.uasset" 36
"../../../Engine/Content/BufferVisualization/Opacity.uasset" 37
"../../../Engine/Content/BufferVisualization/PostTonemapHDRColor.uasset" 38
"../../../Engine/Content/BufferVisualization/PreTonemapHDRColor.uasset" 39
"../../../Engine/Content/BufferVisualization/Roughness.uasset" 40
"../../../Engine/Content/BufferVisualization/SceneColor.uasset" 41
"../../../Engine/Content/BufferVisualization/SceneDepth.uasset" 42
"../../../Engine/Content/BufferVisualization/SceneDepthWorldUnits.uasset" 43
"../../../Engine/Content/BufferVisualization/SeparateTranslucencyA.uasset" 44
"../../../Engine/Content/BufferVisualization/SeparateTranslucencyRGB.uasset" 45
"../../../Engine/Content/BufferVisualization/Specular.uasset" 46
"../../../Engine/Content/BufferVisualization/SubsurfaceColor.uasset" 47
"../../../Engine/Content/BufferVisualization/Velocity.uasset" 48
"../../../Engine/Content/BufferVisualization/WorldNormal.uasset" 49
"../../../Engine/Content/EditorLandscapeResources/DataLayer.uasset" 50
"../../../Engine/Content/EditorLandscapeResources/DefaultAlphaTexture.uasset" 51
"../../../Engine/Content/EditorLandscapeResources/LandscapeGizmoHeight_Mat.uasset" 52
"../../../Engine/Content/EditorLandscapeResources/LandscapeGizmo_Mat.uasset" 53
"../../../Engine/Content/EditorLandscapeResources/LandscapeGizmo_Mat_Copied.uasset" 54
"../../../Engine/Content/EditorLandscapeResources/SplineEditorMeshMat.uasset" 55
"../../../Engine/Content/EditorLandscapeResources/SplineEditorMesh.uasset" 56
"../../../Engine/Content/EditorMaterials/Cross.uasset" 57
"../../../Engine/Content/EditorMaterials/Cross_Mat.uasset" 58
"../../../Engine/Content/EditorMaterials/GizmoMaterial.uasset" 59
"../../../Engine/Content/Functions/Engine_MaterialFunctions02/ExampleContent/Textures/flipbook.uasset" 60
"../../../Engine/Content/Functions/Engine_MaterialFunctions02/Texturing/FlipBook.uasset" 61
"../../../Engine/Content/Functions/Engine_MaterialFunctions02/Utility/Sign.uasset" 62
"../../../Engine/Content/Functions/Engine_MaterialFunctions02/Utility/Round.uasset" 63
"../../../Engine/Content/EditorResources/T_EditorHelp.uasset" 64
"../../../Engine/Content/EditorMaterials/HelpActorMaterial.uasset" 65
"../../../Engine/Content/EditorMaterials/CompositeARGBLayer.uasset" 66
"../../../Engine/Content/EditorMaterials/TilingAALineIntegral.uasset" 67
"../../../Engine/Content/EditorMaterials/TilingAALineBoxFiltered.uasset" 68
"../../../Engine/Content/Functions/Engine_MaterialFunctions03/Procedurals/ComputeFilterWidth.uasset" 69
"../../../Engine/Content/EditorMaterials/TilingAADots.uasset" 70
"../../../Engine/Content/EngineMaterials/BlendFunc_DefBase.uasset" 71
"../../../Engine/Content/EngineMaterials/BlendFunc_DefBlend.uasset" 72
"../../../Engine/Content/Functions/Engine_MaterialFunctions03/Blends/Blend_Screen.uasset" 73
"../../../Engine/Content/EditorMaterials/TilingAAGrid.uasset" 74
"../../../Engine/Content/EditorMaterials/LevelGridMaterial.uasset" 75
"../../../Engine/Content/EditorMaterials/MakeCompositeARGBLayer.uasset" 76
"../../../Engine/Content/EditorResources/LevelGrid1DStripes.uasset" 77
"../../../Engine/Content/EditorMaterials/TextureGridCascaded1D.uasset" 78
"../../../Engine/Content/EditorMaterials/TextureGridCascaded2D.uasset" 79
"../../../Engine/Content/EditorMaterials/LevelGridMaterial2.uasset" 80
"../../../Engine/Content/EditorMaterials/MAT_Groups_Toggle.uasset" 81
"../../../Engine/Content/EditorMaterials/MAT_Groups_Visibility.uasset" 82
"../../../Engine/Content/EditorMaterials/PhAT_BoneSelectedMaterial.uasset" 83
"../../../Engine/Content/EditorMaterials/PhAT_ElemSelectedMaterial.uasset" 84
"../../../Engine/Content/EditorMaterials/PhAT_NoCollisionMaterial.uasset" 85
"../../../Engine/Content/EditorMaterials/PhAT_UnselectedMaterial.uasset" 86
"../../../Engine/Content/EditorMaterials/PreviewShadowIndicator.uasset" 87
"../../../Engine/Content/EditorMaterials/PreviewShadowIndicatorMaterial.uasset" 88
"../../../Engine/Content/EditorMaterials/TargetIcon.uasset" 89
"../../../Engine/Content/EditorMaterials/Tick.uasset" 90
"../../../Engine/Content/EditorMaterials/Tick_Mat.uasset" 91
"../../../Engine/Content/EditorMaterials/WidgetGridVertexColorMaterial.uasset" 92
"../../../Engine/Content/EditorMaterials/WidgetGridVertexColorMaterial_Ma.uasset" 93
"../../../Engine/Content/EditorMaterials/WidgetMaterial.uasset" 94
"../../../Engine/Content/EditorMaterials/WidgetMaterial_Current.uasset" 95
"../../../Engine/Content/EditorMaterials/WidgetMaterial_X.uasset" 96
"../../../Engine/Content/EditorMaterials/WidgetMaterial_Y.uasset" 97
"../../../Engine/Content/EditorMaterials/WidgetMaterial_Z.uasset" 98
"../../../Engine/Content/EditorMaterials/WidgetVertexColorMaterial.uasset" 99
"../../../Engine/Content/EditorMaterials/MatineeGroups/MAT_ColorTrack.uasset" 100
"../../../Engine/Content/EditorMaterials/MatineeGroups/MAT_Groups_Anim.uasset" 101
"../../../Engine/Content/EditorMaterials/MatineeGroups/MAT_Groups_AudioMaster.uasset" 102
"../../../Engine/Content/EditorMaterials/MatineeGroups/MAT_Groups_Director.uasset" 103
"../../../Engine/Content/EditorMaterials/MatineeGroups/MAT_Groups_Event.uasset" 104
"../../../Engine/Content/EditorMaterials/MatineeGroups/MAT_Groups_Fade.uasset" 105
"../../../Engine/Content/EditorMaterials/MatineeGroups/MAT_Groups_Float.uasset" 106
"../../../Engine/Content/EditorMaterials/MatineeGroups/MAT_Groups_Move.uasset" 107
"../../../Engine/Content/EditorMaterials/MatineeGroups/MAT_Groups_Slomo.uasset" 108
"../../../Engine/Content/EditorMaterials/MatineeGroups/MAT_Groups_Sound.uasset" 109
"../../../Engine/Content/EditorMaterials/MatineeGroups/MAT_Groups_Vector.uasset" 110
"../../../Engine/Content/EditorMaterials/ParticleSystems/PSysThumbnail_NoImage.uasset" 111
"../../../Engine/Content/EditorMaterials/ParticleSystems/PSysThumbnail_OOD.uasset" 112
"../../../Engine/Content/EngineMaterials/Grid.uasset" 113
"../../../Engine/Content/EditorMaterials/Thumbnails/FloorPlaneMaterial.uasset" 114
"../../../Engine/Content/EditorMeshes/EditorCube.uasset" 115
"../../../Engine/Content/EditorMeshes/EditorCylinder.uasset" 116
"../../../Engine/Content/EditorMeshes/EditorPlane.uasset" 117
"../../../Engine/Content/EditorMaterials/Thumbnails/SkySphereMaterial.uasset" 118
"../../../Engine/Content/EditorMeshes/EditorSkySphere.uasset" 119
"../../../Engine/Content/EditorMeshes/EditorSphere.uasset" 120
"../../../Engine/Content/EditorResources/MatineeCam_D.uasset" 121
"../../../Engine/Content/EditorMaterials/MatineeCam_mat.uasset" 122
"../../../Engine/Content/EditorMeshes/MatineeCam_SM.uasset" 123
"../../../Engine/Content/EditorMeshes/PlanarReflectionPlane.uasset" 124
"../../../Engine/Content/EditorMaterials/Camera/CineMat.uasset" 125
"../../../Engine/Content/EditorMaterials/Camera/MI_CineMat_CameraBody.uasset" 126
"../../../Engine/Content/EngineDebugMaterials/M_SimpleOpaque.uasset" 127
"../../../Engine/Content/EditorMaterials/Camera/MI_CineMat_CamViewFinder.uasset" 128
"../../../Engine/Content/EditorMeshes/Camera/SM_CineCam.uasset" 129
"../../../Engine/Content/EditorMaterials/Camera/MI_CineMat_Rig.uasset" 130
"../../../Engine/Content/EditorMeshes/Camera/SM_CraneRig_Arm.uasset" 131
"../../../Engine/Content/EditorMeshes/Camera/SM_CraneRig_Base.uasset" 132
"../../../Engine/Content/EditorMeshes/Camera/SM_CraneRig_Body.uasset" 133
"../../../Engine/Content/EditorMeshes/Camera/SM_CraneRig_Mount.uasset" 134
"../../../Engine/Content/EditorMeshes/Camera/SM_RailRig_Mount.uasset" 135
"../../../Engine/Content/EditorMeshes/Camera/SM_RailRig_Track.uasset" 136
"../../../Engine/Content/EditorMeshes/ColorCalibrator/M_ChromeBall.uasset" 137
"../../../Engine/Content/EditorResources/Bad.uasset" 138
"../../../Engine/Content/EditorResources/BSPVertex.uasset" 139
"../../../Engine/Content/EditorResources/EmptyActor.uasset" 140
"../../../Engine/Content/EditorResources/MatInstActSprite.uasset" 141
"../../../Engine/Content/EditorResources/SceneManager.uasset" 142
"../../../Engine/Content/EditorResources/SmallFont.uasset" 143
"../../../Engine/Content/EditorResources/S_Actor.uasset" 144
"../../../Engine/Content/EditorResources/S_DecalActorIcon.uasset" 145
"../../../Engine/Content/EditorResources/S_Emitter.uasset" 146
"../../../Engine/Content/EditorResources/S_ExpoHeightFog.uasset" 147
"../../../Engine/Content/EditorResources/S_FTest.uasset" 148
"../../../Engine/Content/EditorResources/S_KBSJoint.uasset" 149
"../../../Engine/Content/EditorResources/S_KHinge.uasset" 150
"../../../Engine/Content/EditorResources/S_KPrismatic.uasset" 151
"../../../Engine/Content/EditorResources/S_LevelSequence.uasset" 152
"../../../Engine/Content/EditorResources/S_NavP.uasset" 153
"../../../Engine/Content/EditorResources/S_Note.uasset" 154
"../../../Engine/Content/EditorResources/S_Player.uasset" 155
"../../../Engine/Content/EditorResources/S_PortalActorIcon2.uasset" 156
"../../../Engine/Content/EditorResources/S_RadForce.uasset" 157
"../../../Engine/Content/EditorResources/S_ReflActorIcon.uasset" 158
"../../../Engine/Content/EditorResources/S_Solver.uasset" 159
"../../../Engine/Content/EditorResources/S_Terrain.uasset" 160
"../../../Engine/Content/EditorResources/S_TextRenderActorIcon.uasset" 161
"../../../Engine/Content/EditorResources/S_Thruster.uasset" 162
"../../../Engine/Content/EditorResources/S_Trigger.uasset" 163
"../../../Engine/Content/EditorResources/S_VectorFieldVol.uasset" 164
"../../../Engine/Content/EditorResources/S_WindDirectional.uasset" 165
"../../../Engine/Content/EditorResources/AI/S_NavLink.uasset" 166
"../../../Engine/Content/EditorResources/LightIcons/SkyLight.uasset" 167
"../../../Engine/Content/EditorResources/LightIcons/S_LightDirectional.uasset" 168
"../../../Engine/Content/EditorResources/LightIcons/S_LightDirectionalMove.uasset" 169
"../../../Engine/Content/EditorResources/LightIcons/S_LightError.uasset" 170
"../../../Engine/Content/EditorResources/LightIcons/S_LightPoint.uasset" 171
"../../../Engine/Content/EditorResources/LightIcons/S_LightPointMove.uasset" 172
"../../../Engine/Content/EditorResources/LightIcons/S_LightSpot.uasset" 173
"../../../Engine/Content/EditorResources/LightIcons/S_LightSpotMove.uasset" 174
"../../../Engine/Content/EditorResources/SequenceRecorder/Countdown.uasset" 175
"../../../Engine/Content/EditorResources/SequenceRecorder/RecordingIndicator.uasset" 176
"../../../Engine/Content/EditorResources/Spline/T_Loft_Spline.uasset" 177
"../../../Engine/Content/EditorSounds/Notifications/CompileFailed.uasset" 178
"../../../Engine/Content/EditorSounds/Notifications/CompileFailed_Cue.uasset" 179
"../../../Engine/Content/EditorSounds/Notifications/CompileSuccess.uasset" 180
"../../../Engine/Content/EditorSounds/Notifications/CompileStart_Cue.uasset" 181
"../../../Engine/Content/EditorSounds/Notifications/CompileSuccess_Cue.uasset" 182
"../../../Engine/Content/EngineDamageTypes/DmgTypeBP_Environmental.uasset" 183
"../../../Engine/Content/EngineDebugMaterials/HeatmapGradient.uasset" 184
"../../../Engine/Content/EngineDebugMaterials/BoneWeightMaterial.uasset" 185
"../../../Engine/Content/EngineDebugMaterials/ClothMaterial.uasset" 186
"../../../Engine/Content/EngineDebugMaterials/ClothMaterial_WF.uasset" 187
"../../../Engine/Content/EngineDebugMaterials/DebugEditorMaterial.uasset" 188
"../../../Engine/Content/EngineDebugMaterials/DebugMeshMaterial.uasset" 189
"../../../Engine/Content/EngineDebugMaterials/GeomMaterial.uasset" 190
"../../../Engine/Content/Functions/Engine_MaterialFunctions01/Shading/ConvertFromDiffSpec.uasset" 191
"../../../Engine/Content/EngineDebugMaterials/LevelColorationLitMaterial.uasset" 192
"../../../Engine/Content/EngineDebugMaterials/LevelColorationUnlitMaterial.uasset" 193
"../../../Engine/Content/EngineMaterials/DefaultWhiteGrid.uasset" 194
"../../../Engine/Content/EngineDebugMaterials/MAT_LevelColorationLitLightmapUV.uasset" 195
"../../../Engine/Content/EngineDebugMaterials/M_SimpleTranslucent.uasset" 196
"../../../Engine/Content/Functions/Engine_MaterialFunctions02/Utility/CameraDirectionVector.uasset" 197
"../../../Engine/Content/EngineDebugMaterials/VolumeToRender.uasset" 198
"../../../Engine/Content/EngineDebugMaterials/M_VolumeRenderSphereTracePP.uasset" 199
"../../../Engine/Content/EngineDebugMaterials/ShadedLevelColorationLitMaterial.uasset" 200
"../../../Engine/Content/EngineDebugMaterials/ShadedLevelColorationUnlitMateri.uasset" 201
"../../../Engine/Content/EngineDebugMaterials/VertexColorMaterial.uasset" 202
"../../../Engine/Content/EngineDebugMaterials/VertexColorViewMode_AlphaAsColor.uasset" 203
"../../../Engine/Content/EngineDebugMaterials/VertexColorViewMode_BlueOnly.uasset" 204
"../../../Engine/Content/EngineDebugMaterials/VertexColorViewMode_ColorOnly.uasset" 205
"../../../Engine/Content/EngineDebugMaterials/VertexColorViewMode_GreenOnly.uasset" 206
"../../../Engine/Content/EngineDebugMaterials/VertexColorViewMode_RedOnly.uasset" 207
"../../../Engine/Content/EngineDebugMaterials/WireframeMaterial.uasset" 208
"../../../Engine/Content/EngineFonts/Faces/RobotoTiny.uasset" 209
"../../../Engine/Content/EngineFonts/RobotoTiny.uasset" 210
"../../../Engine/Content/EngineFonts/SmallFont.uasset" 211
"../../../Engine/Content/EngineFonts/TinyFont.uasset" 212
"../../../Engine/Content/EngineMaterials/BaseFlattenDiffuseMap.uasset" 213
"../../../Engine/Content/EngineMaterials/BaseFlattenEmissiveMap.uasset" 214
"../../../Engine/Content/EngineMaterials/BaseFlattenGrayscaleMap.uasset" 215
"../../../Engine/Content/EngineMaterials/BaseFlattenNormalMap.uasset" 216
"../../../Engine/Content/EngineMaterials/BaseFlattenMaterial.uasset" 217
"../../../Engine/Content/EngineResources/WhiteSquareTexture.uasset" 218
"../../../Engine/Content/EngineMaterials/BlinkingCaret.uasset" 219
"../../../Engine/Content/EngineMaterials/BlueNoise.uasset" 220
"../../../Engine/Content/EngineMaterials/DefaultBloomKernel.uasset" 221
"../../../Engine/Content/EngineMaterials/DefaultBokeh.uasset" 222
"../../../Engine/Content/EngineMaterials/DefaultDiffuse.uasset" 223
"../../../Engine/Content/EngineMaterials/DefaultDeferredDecalMaterial.uasset" 224
"../../../Engine/Content/EngineMaterials/DefaultLightFunctionMaterial.uasset" 225
"../../../Engine/Content/EngineMaterials/DefaultNormal.uasset" 226
"../../../Engine/Content/EngineMaterials/DefaultPostProcessMaterial.uasset" 227
"../../../Engine/Content/EngineFonts/RobotoDistanceField.uasset" 228
"../../../Engine/Content/EngineMaterials/DefaultTextMaterialOpaque.uasset" 229
"../../../Engine/Content/EngineMaterials/DefaultVirtualTextureMaterial.uasset" 230
"../../../Engine/Content/EngineMaterials/EditorBrushMaterial.uasset" 231
"../../../Engine/Content/EngineMaterials/DefaultWhiteGrid_Low.uasset" 232
"../../../Engine/Content/EngineMaterials/EmissiveMeshMaterial.uasset" 233
"../../../Engine/Content/EngineMaterials/Good64x64TilingNoiseHighFreq.uasset" 234
"../../../Engine/Content/EngineMaterials/Grid_N.uasset" 235
"../../../Engine/Content/EngineMaterials/HighResolutionScreenshotMaskFunction.uasset" 236
"../../../Engine/Content/EngineMaterials/HighResScreenshot.uasset" 237
"../../../Engine/Content/EngineMaterials/HighResScreenshotCaptureRegion.uasset" 238
"../../../Engine/Content/EngineMaterials/HighResScreenshotMask.uasset" 239
"../../../Engine/Content/EngineMaterials/LandscapeHolePhysicalMaterial.uasset" 240
"../../../Engine/Content/EngineMaterials/InvalidLightmapSettings.uasset" 241
"../../../Engine/Content/EngineMaterials/M_InvalidLightmapSettings.uasset" 242
"../../../Engine/Content/EngineMaterials/PaperDiffuse.uasset" 243
"../../../Engine/Content/EngineMaterials/PaperNormal.uasset" 244
"../../../Engine/Content/Functions/Engine_MaterialFunctions02/WorldPositionOffset/CameraOffset.uasset" 245
"../../../Engine/Content/EngineMaterials/PhAT_JointLimitMaterial.uasset" 246
"../../../Engine/Content/EngineMaterials/PhysMat_Rubber.uasset" 247
"../../../Engine/Content/EngineMaterials/PreintegratedSkinBRDF.uasset" 248
"../../../Engine/Content/EngineMaterials/RemoveSurfaceMaterial.uasset" 249
"../../../Engine/Content/EngineMaterials/WeightMapPlaceholderTexture.uasset" 250
"../../../Engine/Content/EngineMaterials/Widget3DPassThrough.uasset" 251
"../../../Engine/Content/EngineMaterials/Widget3DPassThrough_Masked.uasset" 252
"../../../Engine/Content/EngineMaterials/Widget3DPassThrough_Opaque.uasset" 253
"../../../Engine/Content/EngineMaterials/Widget3DPassThrough_Masked_OneSided.uasset" 254
"../../../Engine/Content/EngineMaterials/Widget3DPassThrough_Opaque_OneSided.uasset" 255
"../../../Engine/Content/EngineMaterials/Widget3DPassThrough_Translucent.uasset" 256
"../../../Engine/Content/EngineMaterials/Widget3DPassThrough_Translucent_OneSided.uasset" 257
"../../../Engine/Content/EngineMeshes/Cylinder.uasset" 258
"../../../Engine/Content/EngineMeshes/Sphere.uasset" 259
"../../../Engine/Content/EngineResources/Black.uasset" 260
"../../../Engine/Content/EngineResources/DefaultTexture.uasset" 261
"../../../Engine/Content/EngineResources/DefaultTextureCube.uasset" 262
"../../../Engine/Content/EngineResources/DefaultVolumeTexture2D.uasset" 263
"../../../Engine/Content/EngineResources/DefaultVolumeTexture.uasset" 264
"../../../Engine/Content/EngineResources/GradientTexture0.uasset" 265
"../../../Engine/Content/EngineResources/StreamingPauseIcon.uasset" 266
"../../../Engine/Content/EngineResources/M_StreamingPause.uasset" 267
"../../../Engine/Content/EngineSounds/Master.uasset" 268
"../../../Engine/Content/Functions/Engine_MaterialFunctions01/Shading/PowerToRoughness.uasset" 269
"../../../Engine/Content/Maps/Templates/Thumbnails/Default.uasset" 270
"../../../Engine/Content/Maps/Templates/Thumbnails/VR-Basic.uasset" 271
"../../../Engine/Content/MapTemplates/Sky/DaylightAmbientCubemap.uasset" 272
"../../../Engine/Content/MobileResources/T_MobileControls_texture.uasset" 273
"../../../Engine/Content/MobileResources/T_MobileMenu2.uasset" 274
"../../../Engine/Content/MobileResources/HUD/AnalogHat.uasset" 275
"../../../Engine/Content/MobileResources/HUD/VirtualJoystick_Background.uasset" 276
"../../../Engine/Content/MobileResources/HUD/VirtualJoystick_Thumb.uasset" 277
"../../../Engine/Content/MobileResources/HUD/DefaultVirtualJoysticks.uasset" 278
"../../../Engine/Content/MobileResources/HUD/LeftVirtualJoystickOnly.uasset" 279
"../../../Engine/Content/MobileResources/HUD/MobileHUDButton1_off.uasset" 280
"../../../Engine/Content/MobileResources/HUD/MobileHUDButton1_on.uasset" 281
"../../../Engine/Content/MobileResources/HUD/MobileHUDButton2_off.uasset" 282
"../../../Engine/Content/MobileResources/HUD/MobileHUDButton2_on.uasset" 283
"../../../Engine/Content/MobileResources/HUD/MobileHUDButton3.uasset" 284
"../../../Engine/Content/MobileResources/HUD/MobileHUDButtonFire.uasset" 285
"../../../Engine/Content/MobileResources/HUD/MobileHUDDirectionPad.uasset" 286
"../../../Engine/Content/MobileResources/HUD/MobileHUDDirectionPad2.uasset" 287
"../../../Engine/Content/MobileResources/HUD/MobileHUDDirectionPad3.uasset" 288
"../../../Engine/Content/MobileResources/HUD/MobileHUDDirectionStick.uasset" 289
"../../../Engine/Content/MobileResources/HUD/T_Castle_ThumbstickInner.uasset" 290
"../../../Engine/Content/MobileResources/HUD/T_Castle_ThumbstickOutter.uasset" 291
"../../../Engine/Content/Tutorial/ContentIntroCurve.uasset" 292
"../../../Engine/Content/Tutorial/Basics/LevelEditorAttract.uasset" 293
"../../../Engine/Content/Tutorial/Basics/TutorialAssets/icon_tab_Levels_40x.uasset" 294
"../../../Engine/Content/Tutorial/Basics/LevelEditorOverview.uasset" 295
"../../../Engine/Content/VREditor/LaserPointer/VR_LaserPower_01.uasset" 296
"../../../Engine/Content/VREditor/TransformGizmo/TransformGizmoMaterial.uasset" 297
"../../../Engine/Content/VREditor/TransformGizmo/TranslucentTransformGizmoMaterial.uasset" 298
"../../../Engine/Content/VREditor/TransformGizmo/BoundingBoxCorner.uasset" 299
"../../../Engine/Content/VREditor/TransformGizmo/BoundingBoxEdge.uasset" 300
"../../../Engine/Content/VREditor/TransformGizmo/PlaneTranslationHandle.uasset" 301
"../../../Engine/Content/VREditor/TransformGizmo/Main.uasset" 302
"../../../Engine/Content/VREditor/TransformGizmo/Xray.uasset" 303
"../../../Engine/Content/VREditor/TransformGizmo/SM_Sequencer_Key.uasset" 304
"../../../Engine/Content/VREditor/TransformGizmo/SM_Sequencer_Node.uasset" 305
"../../../Engine/Content/Functions/Engine_MaterialFunctions01/Density/ExponentialDensity.uasset" 306
"../../../Engine/Content/Functions/Engine_MaterialFunctions01/Gradient/RadialGradientExponential.uasset" 307
"D:/Unreal Projects/Game/Content/BluePrints/M_Cursor_Decal.uasset" 308
"D:/Unreal Projects/Game/Content/Buildings/Constructable.uasset" 309
"D:/Unreal Projects/Game/Content/Buildings/UnConstructable.uasset" 310
"../../../Engine/Content/Functions/Engine_MaterialFunctions01/ImageAdjustment/CheapContrast_RGB.uasset" 311
"D:/Unreal Projects/Game/Content/ModularSciFiSeason2/ModSciInteriors/Textures/T_Metal_Brushed_N.uasset" 312
"D:/Unreal Projects/Game/Content/ModularSciFiSeason2/ModSciInteriors/Textures/Wires/T_Wire_Diff.uasset" 313
"D:/Unreal Projects/Game/Content/ModularSciFiSeason2/ModSciInteriors/Textures/Wires/T_Wire_Rough.uasset" 314
"D:/Unreal Projects/Game/Content/ModularSciFiSeason2/ModSciInteriors/Materials/M_Base_RegUV1.uasset" 315
"D:/Unreal Projects/Game/Content/ModularSciFiSeason2/ModSciInteriors/Textures/Wall_A/T_Wall_A_Diff.uasset" 316
"D:/Unreal Projects/Game/Content/ModularSciFiSeason2/ModSciInteriors/Textures/Wall_A/T_Wall_A_N_Normals.uasset" 317
"D:/Unreal Projects/Game/Content/ModularSciFiSeason2/ModSciInteriors/Textures/Wall_A/T_Wall_A_Rough.uasset" 318
"D:/Unreal Projects/Game/Content/ModularSciFiSeason2/ModSciInteriors/Materials/Wall_A/MI_Wall_A.uasset" 319
"D:/Unreal Projects/Game/Content/Buildings/Floors/SM_Floor_Below.uasset" 320
"../../../Engine/Content/Functions/Engine_MaterialFunctions02/Utility/BlendAngleCorrectedNormals.uasset" 321
"D:/Unreal Projects/Game/Content/ModularSciFiSeason2/ModSci_Engineer/Textures/Base/BrushedMetal/T_BrushedMetal_Diff.uasset" 322
"D:/Unreal Projects/Game/Content/ModularSciFiSeason2/ModSci_Engineer/Textures/Base/BrushedMetal/T_BrushedMetal_Normal.uasset" 323
"D:/Unreal Projects/Game/Content/ModularSciFiSeason2/ModSci_Engineer/Textures/Base/BrushedMetal/T_BrushedMetal_Rough.uasset" 324
"D:/Unreal Projects/Game/Content/ModularSciFiSeason2/ModSci_Engineer/Textures/T_Trims_A_Diffuse.uasset" 325
"D:/Unreal Projects/Game/Content/ModularSciFiSeason2/ModSci_Engineer/Textures/T_Trims_A_M.uasset" 326
"D:/Unreal Projects/Game/Content/ModularSciFiSeason2/ModSci_Engineer/Textures/T_Trims_A_normals.uasset" 327
"D:/Unreal Projects/Game/Content/ModularSciFiSeason2/ModSci_Engineer/Materials/M_Base_Trim.uasset" 328
"D:/Unreal Projects/Game/Content/ModularSciFiSeason2/ModSci_Engineer/Textures/Base/ScratchedMetal/T_ScratchedMetal_Diff.uasset" 329
"D:/Unreal Projects/Game/Content/ModularSciFiSeason2/ModSci_Engineer/Textures/Base/ScratchedMetal/T_ScratchedMetal_Normal.uasset" 330
"D:/Unreal Projects/Game/Content/ModularSciFiSeason2/ModSci_Engineer/Textures/Base/ScratchedMetal/T_ScratchedMetal_Rough.uasset" 331
"D:/Unreal Projects/Game/Content/ModularSciFiSeason2/ModSci_Engineer/Materials/MI_Trim_A_DarkGray.uasset" 332
"D:/Unreal Projects/Game/Content/ModularSciFiSeason2/ModSci_Engineer/Materials/MI_Trim_A_Shiny2.uasset" 333
"D:/Unreal Projects/Game/Content/Buildings/Floors/SM_Intersection_Floor.uasset" 334
"D:/Unreal Projects/Game/Content/ModularSciFiSeason1/ModularSci_Int/Textures/T_DefaultLight_S.uasset" 335
"D:/Unreal Projects/Game/Content/ModularSciFiSeason1/ModularSci_Int/Textures/T_Hall_Door_Diff.uasset" 336
"D:/Unreal Projects/Game/Content/ModularSciFiSeason1/ModularSci_Int/Textures/T_Hall_Door_L_M.uasset" 337
"D:/Unreal Projects/Game/Content/ModularSciFiSeason1/ModularSci_Int/Textures/T_Hall_Door_L_N_normals.uasset" 338
"D:/Unreal Projects/Game/Content/ModularSciFiSeason1/ModularSci_Int/Textures/T_Metal_Brushed_N.uasset" 339
"D:/Unreal Projects/Game/Content/ModularSciFiSeason1/ModularSci_Int/Textures/T_Metal_Scratches_M.uasset" 340
"D:/Unreal Projects/Game/Content/ModularSciFiSeason1/ModularSci_Int/Materials/M_Base_2C.uasset" 341
"D:/Unreal Projects/Game/Content/ModularSciFiSeason1/ModularSci_Int/Textures/T_Hall_Doorway_L_Diff.uasset" 342
"D:/Unreal Projects/Game/Content/ModularSciFiSeason1/ModularSci_Int/Textures/T_Hall_Doorway_L_M.uasset" 343
"D:/Unreal Projects/Game/Content/ModularSciFiSeason1/ModularSci_Int/Textures/T_Hall_Doorway_L_N_normals.uasset" 344
"D:/Unreal Projects/Game/Content/ModularSciFiSeason1/ModularSci_Int/Materials/MI_Doorway_L.uasset" 345
"D:/Unreal Projects/Game/Content/ModularSciFiSeason1/ModularSci_Int/Textures/T_Trims_A_Diff.uasset" 346
"D:/Unreal Projects/Game/Content/ModularSciFiSeason1/ModularSci_Int/Textures/T_Trims_A_M.uasset" 347
"D:/Unreal Projects/Game/Content/ModularSciFiSeason1/ModularSci_Int/Textures/T_Trims_A_N_normals.uasset" 348
"D:/Unreal Projects/Game/Content/ModularSciFiSeason1/ModularSci_Int/Materials/MI_Trims_A.uasset" 349
"D:/Unreal Projects/Game/Content/ModularSciFiSeason1/ModularSci_Int/Textures/T_Trims_A_Diff_B.uasset" 350
"D:/Unreal Projects/Game/Content/ModularSciFiSeason1/ModularSci_Int/Textures/T_Trims_A_M_B.uasset" 351
"D:/Unreal Projects/Game/Content/ModularSciFiSeason1/ModularSci_Int/Materials/MI_Trims_A_2.uasset" 352
"D:/Unreal Projects/Game/Content/Buildings/Gate/SM_Doorway_L.uasset" 353
"D:/Unreal Projects/Game/Content/ModularSciFiSeason1/ModularSci_Int/Textures/T_Hall_Door_L_EM.uasset" 354
"D:/Unreal Projects/Game/Content/ModularSciFiSeason1/ModularSci_Int/Materials/MI_Door_L.uasset" 355
"D:/Unreal Projects/Game/Content/Buildings/Gate/SM_Door_L.uasset" 356
"D:/Unreal Projects/Game/Content/ModularSciFiSeason2/ModSci_Engineer/Materials/MI_Trim_A_Black.uasset" 357
"D:/Unreal Projects/Game/Content/Buildings/InorganicMine/Temp_InorganicMine.uasset" 358
"D:/Unreal Projects/Game/Content/ModularSciFiSeason1/ModularScifiHallways/Textures/T_Ceiling_A_Buffer_Diff.uasset" 359
"D:/Unreal Projects/Game/Content/ModularSciFiSeason1/ModularScifiHallways/Textures/T_Ceiling_A_Buffer_M.uasset" 360
"D:/Unreal Projects/Game/Content/ModularSciFiSeason1/ModularScifiHallways/Textures/T_Ceiling_A_Buffer_N_normals.uasset" 361
"D:/Unreal Projects/Game/Content/ModularSciFiSeason1/ModularScifiHallways/Textures/T_DefaultLight_S.uasset" 362
"D:/Unreal Projects/Game/Content/ModularSciFiSeason1/ModularScifiHallways/Textures/T_Metal_Brushed_N.uasset" 363
"D:/Unreal Projects/Game/Content/ModularSciFiSeason1/ModularScifiHallways/Textures/T_Metal_Scratches_M.uasset" 364
"D:/Unreal Projects/Game/Content/ModularSciFiSeason1/ModularScifiHallways/Materials/M_Base_2C.uasset" 365
"D:/Unreal Projects/Game/Content/ModularSciFiSeason1/ModularScifiHallways/Textures/T_EnergyCore_A_Diff.uasset" 366
"D:/Unreal Projects/Game/Content/ModularSciFiSeason1/ModularScifiHallways/Textures/T_EnergyCore_A_M.uasset" 367
"D:/Unreal Projects/Game/Content/ModularSciFiSeason1/ModularScifiHallways/Textures/T_EnergyCore_A_N_normals.uasset" 368
"D:/Unreal Projects/Game/Content/ModularSciFiSeason1/ModularScifiHallways/Materials/MI_EnergyCore_A_M.uasset" 369
"D:/Unreal Projects/Game/Content/ModularSciFiSeason1/ModularScifiHallways/Textures/T_EnergyCore_EM.uasset" 370
"D:/Unreal Projects/Game/Content/ModularSciFiSeason1/ModularScifiHallways/Materials/M_EnergyEmissive.uasset" 371
"D:/Unreal Projects/Game/Content/ModularSciFiSeason1/ModularScifiHallways/Materials/MI_EnergyEmissive_A.uasset" 372
"D:/Unreal Projects/Game/Content/ModularSciFiSeason1/ModularScifiHallways/Textures/T_Pipes_A_Diff.uasset" 373
"D:/Unreal Projects/Game/Content/ModularSciFiSeason1/ModularScifiHallways/Textures/T_Pipes_A_M.uasset" 374
"D:/Unreal Projects/Game/Content/ModularSciFiSeason1/ModularScifiHallways/Textures/T_Pipes_A_N_normals.uasset" 375
"D:/Unreal Projects/Game/Content/ModularSciFiSeason1/ModularScifiHallways/Materials/MI_Pipes_ADark_M.uasset" 376
"D:/Unreal Projects/Game/Content/Buildings/NuclearFusionPowerPlant/Temp_NuclearFusionPowerPlant.uasset" 377
"D:/Unreal Projects/Game/Content/ModularSciFiSeason1/ModularScifiHallways/Textures/T_Crate_A_Diff.uasset" 378
"D:/Unreal Projects/Game/Content/ModularSciFiSeason1/ModularScifiHallways/Textures/T_Crate_A_M.uasset" 379
"D:/Unreal Projects/Game/Content/ModularSciFiSeason1/ModularScifiHallways/Textures/T_Crate_A_N_normals.uasset" 380
"D:/Unreal Projects/Game/Content/ModularSciFiSeason1/ModularScifiHallways/Materials/MI_Crate_A_M.uasset" 381
"D:/Unreal Projects/Game/Content/Buildings/OrganicMine/Temp_OrganicMine.uasset" 382
"D:/Unreal Projects/Game/Content/ModularSciFiSeason1/ModularScifiHallways/Materials/M_Glass.uasset" 383
"D:/Unreal Projects/Game/Content/ModularSciFiSeason1/ModularScifiHallways/Materials/MI_CameraGlass.uasset" 384
"D:/Unreal Projects/Game/Content/ModularSciFiSeason1/ModularScifiHallways/Materials/MI_CameraLens.uasset" 385
"D:/Unreal Projects/Game/Content/ModularSciFiSeason1/ModularScifiHallways/Textures/T_Trims_A_Diff.uasset" 386
"D:/Unreal Projects/Game/Content/ModularSciFiSeason1/ModularScifiHallways/Textures/T_Trims_A_M.uasset" 387
"D:/Unreal Projects/Game/Content/ModularSciFiSeason1/ModularScifiHallways/Textures/T_Trims_A_N_normals.uasset" 388
"D:/Unreal Projects/Game/Content/ModularSciFiSeason1/ModularScifiHallways/Materials/MI_Trims_A_M.uasset" 389
"D:/Unreal Projects/Game/Content/ModularSciFiSeason1/ModularScifiHallways/Textures/T_Trims_A_Diff_B.uasset" 390
"D:/Unreal Projects/Game/Content/ModularSciFiSeason1/ModularScifiHallways/Textures/T_Trims_A_M_B.uasset" 391
"D:/Unreal Projects/Game/Content/ModularSciFiSeason1/ModularScifiHallways/Materials/MI_Trims_AB_M.uasset" 392
"D:/Unreal Projects/Game/Content/Buildings/ResearchInstitute/Temp_ResearchInstitute.uasset" 393
"D:/Unreal Projects/Game/Content/ModularSciFiSeason2/ModSci_Engineer/Textures/Base/BrushedMetal/T_Metal_Pattern_Diff.uasset" 394
"D:/Unreal Projects/Game/Content/ModularSciFiSeason2/ModSci_Engineer/Textures/T_Trims_A_Dirt.uasset" 395
"D:/Unreal Projects/Game/Content/ModularSciFiSeason2/ModSci_Engineer/Materials/MI_Trim_A_DGray_Pattern.uasset" 396
"D:/Unreal Projects/Game/Content/ModularSciFiSeason2/ModSci_Engineer/Textures/T_Metal_Brushed_N.uasset" 397
"D:/Unreal Projects/Game/Content/ModularSciFiSeason2/ModSci_Engineer/Materials/MI_Trim_A_Gray.uasset" 398
"D:/Unreal Projects/Game/Content/Buildings/Stairs/SM_Stairs_A.uasset" 399
"D:/Unreal Projects/Game/Content/Buildings/Turrets/MotionGun/2K_Gun_NORMAL.uasset" 400
"D:/Unreal Projects/Game/Content/Buildings/Turrets/MotionGun/2K_SPECULAR.uasset" 401
"D:/Unreal Projects/Game/Content/Buildings/Turrets/MotionGun/Gun_Material.uasset" 402
"D:/Unreal Projects/Game/Content/Buildings/Turrets/MotionGun/MotionGun_StaticMesh.uasset" 403
"D:/Unreal Projects/Game/Content/Buildings/Turrets/MotionGun/Motion_gun_PhysicsAsset.uasset" 404
"D:/Unreal Projects/Game/Content/Buildings/Turrets/MotionGun/Motion_gun_Skeleton.uasset" 405
"D:/Unreal Projects/Game/Content/Buildings/Turrets/MotionGun/Motion_gun.uasset" 406
"D:/Unreal Projects/Game/Content/Buildings/Turrets/MotionGun/Motion_gun_Anim.uasset" 407
"D:/Unreal Projects/Game/Content/ModularSciFiSeason2/ModSci_Engineer/Materials/MI_Trim_A_LtGray_Drt.uasset" 408
"D:/Unreal Projects/Game/Content/ModularSciFiSeason2/ModSci_Engineer/Textures/Base/StainedSteel/T_StainSteeled_Diff.uasset" 409
"D:/Unreal Projects/Game/Content/ModularSciFiSeason2/ModSci_Engineer/Textures/Base/StainedSteel/T_StainSteeled_Rough.uasset" 410
"D:/Unreal Projects/Game/Content/ModularSciFiSeason2/ModSci_Engineer/Materials/MI_Trim_A_Olive_LtGray_2.uasset" 411
"D:/Unreal Projects/Game/Content/ModularSciFiSeason2/ModSci_Engineer/Materials/MI_Trim_A_OliveGray.uasset" 412
"D:/Unreal Projects/Game/Content/ModularSciFiSeason2/ModSci_Engineer/Materials/MI_Trim_A_Red2.uasset" 413
"D:/Unreal Projects/Game/Content/Buildings/Walls/SM_Intersection_Wall.uasset" 414
"D:/Unreal Projects/Game/Content/ModularSciFiSeason1/ModularScifiProps/Textures/T_CardReader_Diff.uasset" 415
"D:/Unreal Projects/Game/Content/ModularSciFiSeason1/ModularScifiProps/Textures/T_CardReader_M.uasset" 416
"D:/Unreal Projects/Game/Content/ModularSciFiSeason1/ModularScifiProps/Textures/T_CardReader_N_normals.uasset" 417
"D:/Unreal Projects/Game/Content/ModularSciFiSeason1/ModularScifiProps/Textures/T_LampEmissive.uasset" 418
"D:/Unreal Projects/Game/Content/ModularSciFiSeason1/ModularScifiProps/Textures/T_Metal_Brushed_M.uasset" 419
"D:/Unreal Projects/Game/Content/ModularSciFiSeason1/ModularScifiProps/Textures/T_Metal_Brushed_N.uasset" 420
"D:/Unreal Projects/Game/Content/ModularSciFiSeason1/ModularScifiProps/Materials/M_Base_3C.uasset" 421
"D:/Unreal Projects/Game/Content/ModularSciFiSeason1/ModularScifiProps/Textures/T_Desk_A_Diff_a.uasset" 422
"D:/Unreal Projects/Game/Content/ModularSciFiSeason1/ModularScifiProps/Textures/T_Desk_A_Diff_a_M.uasset" 423
"D:/Unreal Projects/Game/Content/ModularSciFiSeason1/ModularScifiProps/Textures/T_Desk_A_N_a_normals.uasset" 424
"D:/Unreal Projects/Game/Content/ModularSciFiSeason1/ModularScifiProps/Materials/MI_Desk_A_a.uasset" 425
"D:/Unreal Projects/Game/Content/ModularSciFiSeason1/ModularScifiProps/Textures/T_Desk_A_Diff_b.uasset" 426
"D:/Unreal Projects/Game/Content/ModularSciFiSeason1/ModularScifiProps/Textures/T_Desk_A_Diff_b_M.uasset" 427
"D:/Unreal Projects/Game/Content/ModularSciFiSeason1/ModularScifiProps/Textures/T_Desk_A_N_b_normals.uasset" 428
"D:/Unreal Projects/Game/Content/ModularSciFiSeason1/ModularScifiProps/Materials/MI_Desk_A_b.uasset" 429
"D:/Unreal Projects/Game/Content/Buildings/WeaponFactory/Temp_WeaponFactory.uasset" 430
"D:/Unreal Projects/Game/Content/Characters/Enemies/GiantZombie/Meshes/GiantZombie_Skeleton.uasset" 431
"D:/Unreal Projects/Game/Content/Characters/Enemies/GiantZombie/Animations/GiantZombie_Attack.uasset" 432
"D:/Unreal Projects/Game/Content/Characters/Enemies/GiantZombie/Animations/GiantZombie_Death.uasset" 433
"D:/Unreal Projects/Game/Content/Characters/Enemies/GiantZombie/Animations/GiantZombie_Idle.uasset" 434
"D:/Unreal Projects/Game/Content/Characters/Enemies/GiantZombie/Animations/GiantZombie_Run.uasset" 435
"D:/Unreal Projects/Game/Content/Characters/Enemies/GiantZombie/Animations/GiantZombie_AnimBP.uasset" 436
"D:/Unreal Projects/Game/Content/Characters/Enemies/GiantZombie/Textures/GiantZombie_Diffuse.uasset" 437
"D:/Unreal Projects/Game/Content/Characters/Enemies/GiantZombie/Textures/GiantZombie_Normal.uasset" 438
"D:/Unreal Projects/Game/Content/Characters/Enemies/GiantZombie/Materials/GiantZombie_Material.uasset" 439
"D:/Unreal Projects/Game/Content/Characters/Enemies/GiantZombie/Meshes/GiantZombie_PhysicsAsset.uasset" 440
"D:/Unreal Projects/Game/Content/Characters/Enemies/GiantZombie/Meshes/GiantZombie.uasset" 441
"D:/Unreal Projects/Game/Content/Characters/Enemies/ParasiteZombie/Meshes/ParasiteZombie_Skeleton.uasset" 442
"D:/Unreal Projects/Game/Content/Characters/Enemies/ParasiteZombie/Animations/ParasiteZombie_Attack.uasset" 443
"D:/Unreal Projects/Game/Content/Characters/Enemies/ParasiteZombie/Animations/ParasiteZombie_Falling_Forward_Death.uasset" 444
"D:/Unreal Projects/Game/Content/Characters/Enemies/ParasiteZombie/Animations/ParasiteZombie_Idle.uasset" 445
"D:/Unreal Projects/Game/Content/Characters/Enemies/ParasiteZombie/Animations/ParasiteZombie_Run.uasset" 446
"D:/Unreal Projects/Game/Content/Characters/Enemies/ParasiteZombie/Animations/ParasiteZombie_AnimBP.uasset" 447
"D:/Unreal Projects/Game/Content/Characters/Enemies/ParasiteZombie/Textures/ParasiteZombie_diffuse.uasset" 448
"D:/Unreal Projects/Game/Content/Characters/Enemies/ParasiteZombie/Textures/ParasiteZombie_normal.uasset" 449
"D:/Unreal Projects/Game/Content/Characters/Enemies/ParasiteZombie/Textures/ParasiteZombie_specular.uasset" 450
"D:/Unreal Projects/Game/Content/Characters/Enemies/ParasiteZombie/Materials/ParasiteZombie_Material.uasset" 451
"D:/Unreal Projects/Game/Content/Characters/Enemies/ParasiteZombie/Meshes/ParasiteZombie_PhysicsAsset.uasset" 452
"D:/Unreal Projects/Game/Content/Characters/Enemies/ParasiteZombie/Meshes/ParasiteZombie.uasset" 453
"D:/Unreal Projects/Game/Content/Characters/Enemies/RobotRaptor/Meshes/RobotRaptor_Skeleton.uasset" 454
"D:/Unreal Projects/Game/Content/Characters/Enemies/RobotRaptor/Animations/RobotRaptor_back.uasset" 455
"D:/Unreal Projects/Game/Content/Characters/Enemies/RobotRaptor/Animations/RobotRaptor_Idle.uasset" 456
"D:/Unreal Projects/Game/Content/Characters/Enemies/RobotRaptor/Animations/RobotRaptor_Run.uasset" 457
"D:/Unreal Projects/Game/Content/Characters/Enemies/RobotRaptor/Animations/RobotRaptor_Threaten.uasset" 458
"D:/Unreal Projects/Game/Content/Characters/Enemies/RobotRaptor/Animations/RobotRaptor_AnimBP.uasset" 459
"D:/Unreal Projects/Game/Content/Characters/Enemies/RobotRaptor/Textures/RobotRaptor_Diffuse.uasset" 460
"D:/Unreal Projects/Game/Content/Characters/Enemies/RobotRaptor/Textures/RobotRaptor_Normal.uasset" 461
"D:/Unreal Projects/Game/Content/Characters/Enemies/RobotRaptor/Materials/RobotRaptor_Material.uasset" 462
"D:/Unreal Projects/Game/Content/Characters/Enemies/RobotRaptor/Meshes/RobotRaptor_PhysicsAsset.uasset" 463
"D:/Unreal Projects/Game/Content/Characters/Enemies/RobotRaptor/Meshes/RobotRaptor.uasset" 464
"D:/Unreal Projects/Game/Content/Characters/Enemies/SlowZombie/Meshes/SlowZombie_Skeleton.uasset" 465
"D:/Unreal Projects/Game/Content/Characters/Enemies/SlowZombie/Animations/SlowZombie_Attack.uasset" 466
"D:/Unreal Projects/Game/Content/Characters/Enemies/SlowZombie/Animations/SlowZombie_Falling_Forward_Death.uasset" 467
"D:/Unreal Projects/Game/Content/Characters/Enemies/SlowZombie/Animations/SlowZombie_Idle.uasset" 468
"D:/Unreal Projects/Game/Content/Characters/Enemies/SlowZombie/Animations/SlowZombie_Walk.uasset" 469
"D:/Unreal Projects/Game/Content/Characters/Enemies/SlowZombie/Animations/SlowZombie_AnimBP.uasset" 470
"D:/Unreal Projects/Game/Content/Characters/Enemies/SlowZombie/Textures/SlowZombie_Diffuse.uasset" 471
"D:/Unreal Projects/Game/Content/Characters/Enemies/SlowZombie/Textures/SlowZombie_Glow.uasset" 472
"D:/Unreal Projects/Game/Content/Characters/Enemies/SlowZombie/Textures/SlowZombie_Normal.uasset" 473
"D:/Unreal Projects/Game/Content/Characters/Enemies/SlowZombie/Textures/SlowZombie_Specular.uasset" 474
"D:/Unreal Projects/Game/Content/Characters/Enemies/SlowZombie/Materials/SlowZombie_Material.uasset" 475
"D:/Unreal Projects/Game/Content/Characters/Enemies/SlowZombie/Meshes/SlowZombie_PhysicsAsset.uasset" 476
"D:/Unreal Projects/Game/Content/Characters/Enemies/SlowZombie/Meshes/SlowZombie.uasset" 477
"D:/Unreal Projects/Game/Content/Characters/Equipments/LowHelmet/Lowhelmet_lambert1_BaseColor.uasset" 478
"D:/Unreal Projects/Game/Content/Characters/Equipments/LowHelmet/Lowhelmet_lambert1_Emissive.uasset" 479
"D:/Unreal Projects/Game/Content/Characters/Equipments/LowHelmet/Lowhelmet_lambert1_Metallic.uasset" 480
"D:/Unreal Projects/Game/Content/Characters/Equipments/LowHelmet/Lowhelmet_lambert1_Normal.uasset" 481
"D:/Unreal Projects/Game/Content/Characters/Equipments/LowHelmet/Lowhelmet_lambert1_Roughness.uasset" 482
"D:/Unreal Projects/Game/Content/Characters/Equipments/LowHelmet/lambert1.uasset" 483
"D:/Unreal Projects/Game/Content/Characters/Equipments/LowHelmet/Lowhelmet.uasset" 484
"D:/Unreal Projects/Game/Content/Characters/Pioneer/Mesh/UE4_Mannequin_Skeleton.uasset" 485
"D:/Unreal Projects/Game/Content/_NotUsed/Animations/Death/Death_1.uasset" 486
"D:/Unreal Projects/Game/Content/_NotUsed/Animations/Death/Death_2.uasset" 487
"D:/Unreal Projects/Game/Content/Characters/Pioneer/Animations/Weapon/Launcher/Fire_Rifle_Hip.uasset" 488
"D:/Unreal Projects/Game/Content/Characters/Pioneer/Animations/Weapon/Launcher/Idle_Rifle_Hip.uasset" 489
"D:/Unreal Projects/Game/Content/Characters/Pioneer/Animations/Weapon/Pistol/Idle_Pistol.uasset" 490
"D:/Unreal Projects/Game/Content/Characters/Pioneer/Animations/Weapon/Rifle/Fire_Rifle_Ironsights.uasset" 491
"D:/Unreal Projects/Game/Content/Characters/Pioneer/Animations/Weapon/Rifle/Idle_Rifle_Ironsights.uasset" 492
"D:/Unreal Projects/Game/Content/Characters/Pioneer/Animations/JogWithRifle/Jog_Bwd_Rifle.uasset" 493
"D:/Unreal Projects/Game/Content/Characters/Pioneer/Animations/JogWithRifle/Jog_Fwd_Rifle.uasset" 494
"D:/Unreal Projects/Game/Content/Characters/Pioneer/Animations/JogWithRifle/Jog_Lt_Rifle.uasset" 495
"D:/Unreal Projects/Game/Content/Characters/Pioneer/Animations/JogWithRifle/Jog_Rt_Rifle.uasset" 496
"D:/Unreal Projects/Game/Content/Characters/Pioneer/Animations/JogWithRifle/BS_Jog_Rifle.uasset" 497
"D:/Unreal Projects/Game/Content/Characters/Pioneer/Animations/Basic/ThirdPersonIdle.uasset" 498
"D:/Unreal Projects/Game/Content/Characters/Pioneer/Animations/Basic/ThirdPersonRun.uasset" 499
"D:/Unreal Projects/Game/Content/Characters/Pioneer/Animations/Basic/ThirdPersonWalk.uasset" 500
"D:/Unreal Projects/Game/Content/Characters/Pioneer/Animations/Basic/ThirdPerson_IdleRun_2D.uasset" 501
"D:/Unreal Projects/Game/Content/Characters/Pioneer/Animations/BP_PioneerAnimation.uasset" 502
"../../../Engine/Content/Functions/MaterialLayerFunctions/MatLayerBlend_NormalBlend.uasset" 503
"../../../Engine/Content/Functions/MaterialLayerFunctions/MatLayerBlend_Simple.uasset" 504
"D:/Unreal Projects/Game/Content/Characters/Pioneer/Materials/MaterialLayers/T_ML_Rubber_Blue_01_D.uasset" 505
"D:/Unreal Projects/Game/Content/Characters/Pioneer/Materials/MaterialLayers/T_ML_Rubber_Blue_01_N.uasset" 506
"D:/Unreal Projects/Game/Content/Characters/Pioneer/Materials/MaterialLayers/ML_GlossyBlack_Latex_UE4.uasset" 507
"D:/Unreal Projects/Game/Content/Characters/Pioneer/Materials/MaterialLayers/ML_Plastic_Shiny_Beige.uasset" 508
"D:/Unreal Projects/Game/Content/Characters/Pioneer/Textures/UE4_LOGO_CARD.uasset" 509
"D:/Unreal Projects/Game/Content/Characters/Pioneer/Materials/MaterialLayers/ML_Plastic_Shiny_Beige_LOGO.uasset" 510
"D:/Unreal Projects/Game/Content/Characters/Pioneer/Materials/MaterialLayers/T_ML_Aluminum01.uasset" 511
"D:/Unreal Projects/Game/Content/Characters/Pioneer/Materials/MaterialLayers/T_ML_Aluminum01_N.uasset" 512
"D:/Unreal Projects/Game/Content/Characters/Pioneer/Materials/MaterialLayers/ML_SoftMetal_UE4.uasset" 513
"D:/Unreal Projects/Game/Content/Characters/Pioneer/Textures/UE4_Mannequin__normals.uasset" 514
"D:/Unreal Projects/Game/Content/Characters/Pioneer/Textures/UE4_Mannequin_MAT_MASKA.uasset" 515
"D:/Unreal Projects/Game/Content/Characters/Pioneer/Materials/M_UE4Man_Body.uasset" 516
"D:/Unreal Projects/Game/Content/Characters/Pioneer/Textures/UE4Man_Logo_N.uasset" 517
"D:/Unreal Projects/Game/Content/Characters/Pioneer/Materials/M_UE4Man_ChestLogo.uasset" 518
"D:/Unreal Projects/Game/Content/Characters/Pioneer/Mesh/SK_Mannequin_PhysicsAsset.uasset" 519
"D:/Unreal Projects/Game/Content/Characters/Pioneer/Mesh/SK_Mannequin.uasset" 520
"D:/Unreal Projects/Game/Content/Items/Weapons/FX/Textures/T_AssaultRifle_MuzzleFlashes_01.uasset" 521
"D:/Unreal Projects/Game/Content/Items/Weapons/FX/Textures/T_Plasma_Detail_01.uasset" 522
"D:/Unreal Projects/Game/Content/Items/Weapons/FX/Materials/M_AssaultRifle_MuzzleFlash_4x1.uasset" 523
"D:/Unreal Projects/Game/Content/Items/Weapons/FX/Textures/T_GlowSphere_01.uasset" 524
"D:/Unreal Projects/Game/Content/Items/Weapons/FX/Materials/M_Pop_01.uasset" 525
"D:/Unreal Projects/Game/Content/Items/Weapons/FX/Textures/T_Smoke_8x8_B_01.uasset" 526
"D:/Unreal Projects/Game/Content/Items/Weapons/FX/Textures/T_Spherical_NormalMap_01.uasset" 527
"D:/Unreal Projects/Game/Content/Items/Weapons/FX/Materials/M_Smoke_8x8_B_01.uasset" 528
"D:/Unreal Projects/Game/Content/Items/Weapons/FX/Textures/T_FrameClamp.uasset" 529
"D:/Unreal Projects/Game/Content/Items/Weapons/FX/Textures/T_NoiseMask_01.uasset" 530
"D:/Unreal Projects/Game/Content/Items/Weapons/FX/Textures/T_Plasma_A_01.uasset" 531
"D:/Unreal Projects/Game/Content/Items/Weapons/FX/Textures/T_Plasma_B_01.uasset" 532
"D:/Unreal Projects/Game/Content/Items/Weapons/FX/Textures/T_PlasmaMask_01.uasset" 533
"D:/Unreal Projects/Game/Content/Items/Weapons/FX/Materials/M_Plasma_01.uasset" 534
"D:/Unreal Projects/Game/Content/Items/Weapons/FX/Materials/M_Plasma_Inst_C_Light.uasset" 535
"D:/Unreal Projects/Game/Content/Items/Weapons/FX/Materials/M_Plasma_Inst_E_Light.uasset" 536
"D:/Unreal Projects/Game/Content/Items/Weapons/FX/Particles/P_Grenade_MuzzleFlash_Light.uasset" 537
"D:/Unreal Projects/Game/Content/Items/Weapons/Meshes/White_GrenadeLauncher_Skeleton.uasset" 538
"D:/Unreal Projects/Game/Content/Items/Weapons/Sound/Attenuation/WeaponShot_att.uasset" 539
"D:/Unreal Projects/Game/Content/Items/Weapons/Sound/GrenadeLauncher/GL_Fire_Cue.uasset" 540
"D:/Unreal Projects/Game/Content/Items/Weapons/Animations/Fire_GrenadeLauncher_W.uasset" 541
"D:/Unreal Projects/Game/Content/Items/Weapons/FX/Textures/T_Pistol_MuzzleFlashes_4x1_A.uasset" 542
"D:/Unreal Projects/Game/Content/Items/Weapons/FX/Materials/M_Pistol_MuzzleFlash_4x1_A.uasset" 543
"D:/Unreal Projects/Game/Content/Items/Weapons/FX/Textures/T_Pistol_Streaks_01.uasset" 544
"D:/Unreal Projects/Game/Content/Items/Weapons/FX/Materials/M_Pistol_Streaks_01.uasset" 545
"D:/Unreal Projects/Game/Content/Items/Weapons/FX/Materials/M_Plasma_Inst_A_Light.uasset" 546
"D:/Unreal Projects/Game/Content/Items/Weapons/FX/Textures/T_Sparks_02.uasset" 547
"D:/Unreal Projects/Game/Content/Items/Weapons/FX/Materials/M_Sparks_02.uasset" 548
"D:/Unreal Projects/Game/Content/Items/Weapons/FX/Vector_Fields/FGA_Turbulent_01.uasset" 549
"D:/Unreal Projects/Game/Content/Items/Weapons/FX/Particles/P_Pistol_MuzzleFlash_Light.uasset" 550
"D:/Unreal Projects/Game/Content/Items/Weapons/Meshes/White_Pistol_Skeleton.uasset" 551
"D:/Unreal Projects/Game/Content/Items/Weapons/Sound/Pistol/Pistol_Fire_Cue.uasset" 552
"D:/Unreal Projects/Game/Content/Items/Weapons/Animations/Fire_Pistol_W.uasset" 553
"D:/Unreal Projects/Game/Content/Items/Weapons/FX/Materials/M_AssualtRifle_Core_01.uasset" 554
"D:/Unreal Projects/Game/Content/Items/Weapons/FX/Textures/T_DistortionCrystals_01.uasset" 555
"D:/Unreal Projects/Game/Content/Items/Weapons/FX/Textures/T_DistortionCrystals_Mask_01.uasset" 556
"D:/Unreal Projects/Game/Content/Items/Weapons/FX/Materials/M_CrystalRefraction_01.uasset" 557
"D:/Unreal Projects/Game/Content/Items/Weapons/FX/Materials/M_Plasma_Inst_B_Light.uasset" 558
"D:/Unreal Projects/Game/Content/Items/Weapons/FX/Meshes/St_AssualtRifle_Core_01.uasset" 559
"D:/Unreal Projects/Game/Content/Items/Weapons/FX/Particles/P_AssaultRifle_MuzzleFlash_Light.uasset" 560
"D:/Unreal Projects/Game/Content/Items/Weapons/Meshes/White_AssaultRifle_Skeleton.uasset" 561
"D:/Unreal Projects/Game/Content/Items/Weapons/Sound/Rifle/Rifle_Fire_Cue.uasset" 562
"D:/Unreal Projects/Game/Content/Items/Weapons/Animations/Fire_Rifle_W.uasset" 563
"D:/Unreal Projects/Game/Content/Items/Weapons/FX/Particles/P_RocketLauncher_MuzzleFlash_Front_Light.uasset" 564
"D:/Unreal Projects/Game/Content/Items/Weapons/FX/Particles/P_RocketLauncher_MuzzleFlash_Rear_Light.uasset" 565
"D:/Unreal Projects/Game/Content/Items/Weapons/Meshes/White_RocketLauncher_Skeleton.uasset" 566
"D:/Unreal Projects/Game/Content/Items/Weapons/Sound/RocketLauncher/RL_Fire_Cue.uasset" 567
"D:/Unreal Projects/Game/Content/Items/Weapons/Animations/Fire_RocketLauncher_W.uasset" 568
"D:/Unreal Projects/Game/Content/Items/Weapons/FX/Textures/T_Ember_01.uasset" 569
"D:/Unreal Projects/Game/Content/Items/Weapons/FX/Materials/M_Ember_01.uasset" 570
"D:/Unreal Projects/Game/Content/Items/Weapons/FX/Materials/M_Plasma_Inst_D_light.uasset" 571
"D:/Unreal Projects/Game/Content/Items/Weapons/FX/Particles/P_Shotgun_MuzzleFlash_Light.uasset" 572
"D:/Unreal Projects/Game/Content/Items/Weapons/Meshes/White_Shotgun_Skeleton.uasset" 573
"D:/Unreal Projects/Game/Content/Items/Weapons/Sound/Shotgun/Shotgun_Fire_Cue.uasset" 574
"D:/Unreal Projects/Game/Content/Items/Weapons/Sound/Attenuation/WeaponHandling_att.uasset" 575
"D:/Unreal Projects/Game/Content/Items/Weapons/Sound/Shotgun/Shotgun_Reload_Cue.uasset" 576
"D:/Unreal Projects/Game/Content/Items/Weapons/Animations/Fire_Shotgun_W.uasset" 577
"D:/Unreal Projects/Game/Content/Items/Weapons/FX/Particles/P_SniperRifle_MuzzleFlash_Light.uasset" 578
"D:/Unreal Projects/Game/Content/Items/Weapons/Meshes/White_SniperRifle_Skeleton.uasset" 579
"D:/Unreal Projects/Game/Content/Items/Weapons/Sound/SniperRifle/SR_Fire_Cue.uasset" 580
"D:/Unreal Projects/Game/Content/Items/Weapons/Animations/Fire_SniperRifle_W.uasset" 581
"D:/Unreal Projects/Game/Content/Items/Weapons/FX/Textures/T_Debris_Tileable_01.uasset" 582
"D:/Unreal Projects/Game/Content/Items/Weapons/FX/Materials/M_Debris_Tileable_01.uasset" 583
"D:/Unreal Projects/Game/Content/Items/Weapons/FX/Materials/M_Ember_Speed_01.uasset" 584
"D:/Unreal Projects/Game/Content/Items/Weapons/FX/Textures/T_LightRay_01.uasset" 585
"D:/Unreal Projects/Game/Content/Items/Weapons/FX/Materials/M_LightRay_01.uasset" 586
"D:/Unreal Projects/Game/Content/Items/Weapons/FX/Textures/T_RockSmall_01.uasset" 587
"D:/Unreal Projects/Game/Content/Items/Weapons/FX/Materials/M_RockSmall_01.uasset" 588
"D:/Unreal Projects/Game/Content/Items/Weapons/FX/Textures/T_Shockwave_NormalMap_01.uasset" 589
"D:/Unreal Projects/Game/Content/Items/Weapons/FX/Materials/M_Shockwave_Refraction_01.uasset" 590
"D:/Unreal Projects/Game/Content/Items/Weapons/FX/Textures/T_SmokeRibbon_01.uasset" 591
"D:/Unreal Projects/Game/Content/Items/Weapons/FX/Materials/M_SmokeRibbon_01.uasset" 592
"D:/Unreal Projects/Game/Content/Items/Weapons/FX/Textures/T_Explosion_8x8_Erode_01.uasset" 593
"D:/Unreal Projects/Game/Content/Items/Weapons/FX/Textures/T_Explosion_Density_A_01.uasset" 594
"D:/Unreal Projects/Game/Content/Items/Weapons/FX/Textures/T_Explosion_Density_A_Normals_01.uasset" 595
"D:/Unreal Projects/Game/Content/Items/Weapons/FX/Textures/T_Explosion_Heat_A_01.uasset" 596
"D:/Unreal Projects/Game/Content/Items/Weapons/FX/Materials/M_Explosion_8x8_A_01.uasset" 597
"D:/Unreal Projects/Game/Content/Items/Weapons/FX/Materials/M_Exp_C_Light_Inst.uasset" 598
"D:/Unreal Projects/Game/Content/Items/Weapons/FX/Materials/M_Exp_D_Light_Inst.uasset" 599
"D:/Unreal Projects/Game/Content/Items/Weapons/FX/Particles/P_Grenade_Explosion_Light.uasset" 600
"D:/Unreal Projects/Game/Content/Items/Weapons/FX/Materials/M_Smoke_Inst_A.uasset" 601
"D:/Unreal Projects/Game/Content/Items/Weapons/FX/Particles/P_Grenade_Trail_Light.uasset" 602
"D:/Unreal Projects/Game/Content/Items/Weapons/FX/Textures/T_SparkImpacts_2x2_01.uasset" 603
"D:/Unreal Projects/Game/Content/Items/Weapons/FX/Materials/M_SparksImpact_2x2_01.uasset" 604
"D:/Unreal Projects/Game/Content/Items/Weapons/FX/Materials/M_Plasma_Inst_G_Light.uasset" 605
"D:/Unreal Projects/Game/Content/Items/Weapons/FX/Particles/P_Impact_Metal_Large_Light.uasset" 606
"D:/Unreal Projects/Game/Content/Items/Weapons/FX/Particles/P_Impact_Stone_Small_Light.uasset" 607
"D:/Unreal Projects/Game/Content/Items/Weapons/FX/Textures/T_WoodChips_8x1_01.uasset" 608
"D:/Unreal Projects/Game/Content/Items/Weapons/FX/Textures/T_WoodChips_8x1_Normal_01.uasset" 609
"D:/Unreal Projects/Game/Content/Items/Weapons/FX/Materials/M_Woodchips_8x1_01.uasset" 610
"D:/Unreal Projects/Game/Content/Items/Weapons/FX/Particles/P_Impact_Wood_Medium_Light.uasset" 611
"D:/Unreal Projects/Game/Content/Items/Weapons/FX/Materials/M_Tracer_A.uasset" 612
"D:/Unreal Projects/Game/Content/Items/Weapons/FX/Materials/M_Plasma_Inst_F_Light.uasset" 613
"D:/Unreal Projects/Game/Content/Items/Weapons/FX/Meshes/St_Tracer_A.uasset" 614
"D:/Unreal Projects/Game/Content/Items/Weapons/FX/Particles/P_Pistol_Tracer_Light.uasset" 615
"D:/Unreal Projects/Game/Content/Items/Weapons/FX/Textures/T_ShockwaveGlow_01.uasset" 616
"D:/Unreal Projects/Game/Content/Items/Weapons/FX/Materials/M_Shockwave_01.uasset" 617
"D:/Unreal Projects/Game/Content/Items/Weapons/FX/Meshes/St_Shockwave_01.uasset" 618
"D:/Unreal Projects/Game/Content/Items/Weapons/FX/Particles/P_RocketLauncher_Explosion_Light.uasset" 619
"D:/Unreal Projects/Game/Content/Items/Weapons/FX/Materials/M_Exp_B_Light_Inst.uasset" 620
"D:/Unreal Projects/Game/Content/Items/Weapons/FX/Particles/P_RocketLauncher_Trail_Light.uasset" 621
"D:/Unreal Projects/Game/Content/Items/Weapons/FX/Materials/M_Tracer_B.uasset" 622
"D:/Unreal Projects/Game/Content/Items/Weapons/FX/Particles/P_Shotgun_Tracer_Light.uasset" 623
"D:/Unreal Projects/Game/Content/Items/Weapons/FX/Particles/P_SniperRifle_Tracer_Light.uasset" 624
"D:/Unreal Projects/Game/Content/Items/Weapons/Materials/Projectile/Mat_Projectile.uasset" 625
"D:/Unreal Projects/Game/Content/Items/Weapons/Materials/Projectile/Mat_Inst_ProjectileAssaultRifle.uasset" 626
"D:/Unreal Projects/Game/Content/Items/Weapons/Materials/Projectile/Mat_Inst_ProjectileGrenadeLauncher.uasset" 627
"D:/Unreal Projects/Game/Content/Items/Weapons/Materials/Projectile/Mat_Inst_ProjectilePistol.uasset" 628
"D:/Unreal Projects/Game/Content/Items/Weapons/Materials/Projectile/Mat_Inst_ProjectileRocketLauncher.uasset" 629
"D:/Unreal Projects/Game/Content/Items/Weapons/Materials/Projectile/Mat_Inst_ProjectileShotgun.uasset" 630
"D:/Unreal Projects/Game/Content/Items/Weapons/Materials/Projectile/Mat_Inst_ProjectileSniperRifle.uasset" 631
"D:/Unreal Projects/Game/Content/Items/Weapons/Textures/T_White_AssaultRifle_D.uasset" 632
"D:/Unreal Projects/Game/Content/Items/Weapons/Textures/T_White_AssaultRifle_Masks2.uasset" 633
"D:/Unreal Projects/Game/Content/Items/Weapons/Textures/T_White_AssaultRifle_N.uasset" 634
"D:/Unreal Projects/Game/Content/Items/Weapons/Textures/T_White_AssaultRifleColor_M.uasset" 635
"D:/Unreal Projects/Game/Content/Items/Weapons/Materials/M_WeaponMaster.uasset" 636
"D:/Unreal Projects/Game/Content/Items/Weapons/Textures/T_White_AssaultRifle_Masks.uasset" 637
"D:/Unreal Projects/Game/Content/Items/Weapons/Materials/M_AssaultRifle_Inst.uasset" 638
"D:/Unreal Projects/Game/Content/Items/Weapons/Meshes/SM_White_AssaultRifle.uasset" 639
"D:/Unreal Projects/Game/Content/Items/Weapons/Textures/T_White_GrenadeLauncher_D.uasset" 640
"D:/Unreal Projects/Game/Content/Items/Weapons/Textures/T_White_GrenadeLauncher_Masks.uasset" 641
"D:/Unreal Projects/Game/Content/Items/Weapons/Textures/T_White_GrenadeLauncher_N.uasset" 642
"D:/Unreal Projects/Game/Content/Items/Weapons/Textures/T_White_GrenadeLauncherColor_M.uasset" 643
"D:/Unreal Projects/Game/Content/Items/Weapons/Materials/M_GrenadeLauncher_Inst.uasset" 644
"D:/Unreal Projects/Game/Content/Items/Weapons/Meshes/SM_White_GrenadeLauncher.uasset" 645
"D:/Unreal Projects/Game/Content/Items/Weapons/Textures/T_White_Pistol_D.uasset" 646
"D:/Unreal Projects/Game/Content/Items/Weapons/Textures/T_White_Pistol_Masks.uasset" 647
"D:/Unreal Projects/Game/Content/Items/Weapons/Textures/T_White_Pistol_N.uasset" 648
"D:/Unreal Projects/Game/Content/Items/Weapons/Materials/M_Pistol_Inst.uasset" 649
"D:/Unreal Projects/Game/Content/Items/Weapons/Meshes/SM_White_Pistol.uasset" 650
"D:/Unreal Projects/Game/Content/Items/Weapons/Textures/T_White_RocketLauncher_D.uasset" 651
"D:/Unreal Projects/Game/Content/Items/Weapons/Textures/T_White_RocketLauncher_M.uasset" 652
"D:/Unreal Projects/Game/Content/Items/Weapons/Textures/T_White_RocketLauncher_N.uasset" 653
"D:/Unreal Projects/Game/Content/Items/Weapons/Materials/M_RocketLauncher_Inst.uasset" 654
"D:/Unreal Projects/Game/Content/Items/Weapons/Meshes/SM_White_RocketLauncher.uasset" 655
"D:/Unreal Projects/Game/Content/Items/Weapons/Textures/T_White_Shotgun_D.uasset" 656
"D:/Unreal Projects/Game/Content/Items/Weapons/Textures/T_White_Shotgun_Masks.uasset" 657
"D:/Unreal Projects/Game/Content/Items/Weapons/Textures/T_White_Shotgun_N.uasset" 658
"D:/Unreal Projects/Game/Content/Items/Weapons/Textures/T_White_ShotgunColor_M.uasset" 659
"D:/Unreal Projects/Game/Content/Items/Weapons/Materials/M_Shotgun_Inst.uasset" 660
"D:/Unreal Projects/Game/Content/Items/Weapons/Meshes/SM_White_Shotgun.uasset" 661
"D:/Unreal Projects/Game/Content/Items/Weapons/Textures/T_White_SniperRifle_D.uasset" 662
"D:/Unreal Projects/Game/Content/Items/Weapons/Textures/T_White_SniperRifle_Masks.uasset" 663
"D:/Unreal Projects/Game/Content/Items/Weapons/Textures/T_White_SniperRifle_N.uasset" 664
"D:/Unreal Projects/Game/Content/Items/Weapons/Textures/T_White_SniperRifleColor_M.uasset" 665
"D:/Unreal Projects/Game/Content/Items/Weapons/Materials/M_SniperRifle_Inst.uasset" 666
"D:/Unreal Projects/Game/Content/Items/Weapons/Meshes/SM_White_SniperRifle.uasset" 667
"D:/Unreal Projects/Game/Content/Items/Weapons/Meshes/White_AssaultRifle_PhysicsAsset.uasset" 668
"D:/Unreal Projects/Game/Content/Items/Weapons/Meshes/White_AssaultRifle.uasset" 669
"D:/Unreal Projects/Game/Content/Items/Weapons/Meshes/White_AssaultRifle_Ammo.uasset" 670
"D:/Unreal Projects/Game/Content/Items/Weapons/Meshes/White_GrenadeLauncher_PhysicsAsset.uasset" 671
"D:/Unreal Projects/Game/Content/Items/Weapons/Meshes/White_GrenadeLauncher.uasset" 672
"D:/Unreal Projects/Game/Content/Items/Weapons/Meshes/White_GrenadeLauncher_Ammo.uasset" 673
"D:/Unreal Projects/Game/Content/Items/Weapons/Meshes/White_Pistol_PhysicsAsset.uasset" 674
"D:/Unreal Projects/Game/Content/Items/Weapons/Meshes/White_Pistol.uasset" 675
"D:/Unreal Projects/Game/Content/Items/Weapons/Meshes/White_Pistol_Ammo.uasset" 676
"D:/Unreal Projects/Game/Content/Items/Weapons/Meshes/White_RocketLauncher_PhysicsAsset.uasset" 677
"D:/Unreal Projects/Game/Content/Items/Weapons/Meshes/White_RocketLauncher.uasset" 678
"D:/Unreal Projects/Game/Content/Items/Weapons/Textures/T_White_RocketLauncherColor_M.uasset" 679
"D:/Unreal Projects/Game/Content/Items/Weapons/Materials/M_RocketLauncherVer2_Inst.uasset" 680
"D:/Unreal Projects/Game/Content/Items/Weapons/Meshes/White_RocketLauncher_Ammo.uasset" 681
"D:/Unreal Projects/Game/Content/Items/Weapons/Meshes/White_Shotgun_PhysicsAsset.uasset" 682
"D:/Unreal Projects/Game/Content/Items/Weapons/Meshes/White_Shotgun.uasset" 683
"D:/Unreal Projects/Game/Content/Items/Weapons/Materials/M_ShotgunVer2_Inst.uasset" 684
"D:/Unreal Projects/Game/Content/Items/Weapons/Meshes/White_Shotgun_Ammo.uasset" 685
"D:/Unreal Projects/Game/Content/Items/Weapons/Meshes/White_SniperRifle_PhysicsAsset.uasset" 686
"D:/Unreal Projects/Game/Content/Items/Weapons/Meshes/White_SniperRifle.uasset" 687
"D:/Unreal Projects/Game/Content/Items/Weapons/Materials/M_SniperRifleVer2_Inst.uasset" 688
"D:/Unreal Projects/Game/Content/Items/Weapons/Meshes/White_SniperRifle_Ammo.uasset" 689
"D:/Unreal Projects/Game/Content/Items/Weapons/Sound/GrenadeLauncher/Wavs/GL_Fire01.uasset" 690
"D:/Unreal Projects/Game/Content/Items/Weapons/Sound/GrenadeLauncher/Wavs/GL_Fire02.uasset" 691
"D:/Unreal Projects/Game/Content/Items/Weapons/Sound/GrenadeLauncher/Wavs/GL_Fire03.uasset" 692
"D:/Unreal Projects/Game/Content/Items/Weapons/Sound/GrenadeLauncher/Wavs/GL_Fire04.uasset" 693
"D:/Unreal Projects/Game/Content/Items/Weapons/Sound/GrenadeLauncher/Wavs/GL_Fire_ST01.uasset" 694
"D:/Unreal Projects/Game/Content/Items/Weapons/Sound/GrenadeLauncher/Wavs/GL_Fire_ST02.uasset" 695
"D:/Unreal Projects/Game/Content/Items/Weapons/Sound/GrenadeLauncher/Wavs/GL_Fire_ST03.uasset" 696
"D:/Unreal Projects/Game/Content/Items/Weapons/Sound/GrenadeLauncher/Wavs/GL_Fire_ST04.uasset" 697
"D:/Unreal Projects/Game/Content/Items/Weapons/Sound/Pistol/Wavs/Pistol_Fire01.uasset" 698
"D:/Unreal Projects/Game/Content/Items/Weapons/Sound/Pistol/Wavs/Pistol_Fire02.uasset" 699
"D:/Unreal Projects/Game/Content/Items/Weapons/Sound/Pistol/Wavs/Pistol_Fire03.uasset" 700
"D:/Unreal Projects/Game/Content/Items/Weapons/Sound/Pistol/Wavs/Pistol_Fire04.uasset" 701
"D:/Unreal Projects/Game/Content/Items/Weapons/Sound/Pistol/Wavs/Pistol_Fire05.uasset" 702
"D:/Unreal Projects/Game/Content/Items/Weapons/Sound/Pistol/Wavs/Pistol_Fire06.uasset" 703
"D:/Unreal Projects/Game/Content/Items/Weapons/Sound/Pistol/Wavs/Pistol_Fire07.uasset" 704
"D:/Unreal Projects/Game/Content/Items/Weapons/Sound/Pistol/Wavs/Pistol_Fire_ST01.uasset" 705
"D:/Unreal Projects/Game/Content/Items/Weapons/Sound/Pistol/Wavs/Pistol_Fire_ST02.uasset" 706
"D:/Unreal Projects/Game/Content/Items/Weapons/Sound/Pistol/Wavs/Pistol_Fire_ST03.uasset" 707
"D:/Unreal Projects/Game/Content/Items/Weapons/Sound/Pistol/Wavs/Pistol_Fire_ST04.uasset" 708
"D:/Unreal Projects/Game/Content/Items/Weapons/Sound/Pistol/Wavs/Pistol_Fire_ST05.uasset" 709
"D:/Unreal Projects/Game/Content/Items/Weapons/Sound/Pistol/Wavs/Pistol_Fire_ST06.uasset" 710
"D:/Unreal Projects/Game/Content/Items/Weapons/Sound/Pistol/Wavs/Pistol_Fire_ST07.uasset" 711
"D:/Unreal Projects/Game/Content/Items/Weapons/Sound/Rifle/Wavs/Rifle_Fire01.uasset" 712
"D:/Unreal Projects/Game/Content/Items/Weapons/Sound/Rifle/Wavs/Rifle_Fire02.uasset" 713
"D:/Unreal Projects/Game/Content/Items/Weapons/Sound/Rifle/Wavs/Rifle_Fire03.uasset" 714
"D:/Unreal Projects/Game/Content/Items/Weapons/Sound/Rifle/Wavs/Rifle_Fire04.uasset" 715
"D:/Unreal Projects/Game/Content/Items/Weapons/Sound/Rifle/Wavs/Rifle_Fire05.uasset" 716
"D:/Unreal Projects/Game/Content/Items/Weapons/Sound/Rifle/Wavs/Rifle_Fire06.uasset" 717
"D:/Unreal Projects/Game/Content/Items/Weapons/Sound/Rifle/Wavs/Rifle_Fire_ST01.uasset" 718
"D:/Unreal Projects/Game/Content/Items/Weapons/Sound/Rifle/Wavs/Rifle_Fire_ST02.uasset" 719
"D:/Unreal Projects/Game/Content/Items/Weapons/Sound/Rifle/Wavs/Rifle_Fire_ST03.uasset" 720
"D:/Unreal Projects/Game/Content/Items/Weapons/Sound/Rifle/Wavs/Rifle_Fire_ST04.uasset" 721
"D:/Unreal Projects/Game/Content/Items/Weapons/Sound/Rifle/Wavs/Rifle_Fire_ST05.uasset" 722
"D:/Unreal Projects/Game/Content/Items/Weapons/Sound/Rifle/Wavs/Rifle_Fire_ST06.uasset" 723
"D:/Unreal Projects/Game/Content/Items/Weapons/Sound/RocketLauncher/Wavs/RL_Fire01.uasset" 724
"D:/Unreal Projects/Game/Content/Items/Weapons/Sound/RocketLauncher/Wavs/RL_Fire02.uasset" 725
"D:/Unreal Projects/Game/Content/Items/Weapons/Sound/RocketLauncher/Wavs/RL_Fire03.uasset" 726
"D:/Unreal Projects/Game/Content/Items/Weapons/Sound/RocketLauncher/Wavs/RL_Fire04.uasset" 727
"D:/Unreal Projects/Game/Content/Items/Weapons/Sound/RocketLauncher/Wavs/RL_Fire_ST01.uasset" 728
"D:/Unreal Projects/Game/Content/Items/Weapons/Sound/RocketLauncher/Wavs/RL_Fire_ST02.uasset" 729
"D:/Unreal Projects/Game/Content/Items/Weapons/Sound/RocketLauncher/Wavs/RL_Fire_ST03.uasset" 730
"D:/Unreal Projects/Game/Content/Items/Weapons/Sound/RocketLauncher/Wavs/RL_Fire_ST04.uasset" 731
"D:/Unreal Projects/Game/Content/Items/Weapons/Sound/Shotgun/Wavs/Shotgun_Fire01.uasset" 732
"D:/Unreal Projects/Game/Content/Items/Weapons/Sound/Shotgun/Wavs/Shotgun_Fire02.uasset" 733
"D:/Unreal Projects/Game/Content/Items/Weapons/Sound/Shotgun/Wavs/Shotgun_Fire03.uasset" 734
"D:/Unreal Projects/Game/Content/Items/Weapons/Sound/Shotgun/Wavs/Shotgun_Fire04.uasset" 735
"D:/Unreal Projects/Game/Content/Items/Weapons/Sound/Shotgun/Wavs/Shotgun_Fire_ST01.uasset" 736
"D:/Unreal Projects/Game/Content/Items/Weapons/Sound/Shotgun/Wavs/Shotgun_Fire_ST02.uasset" 737
"D:/Unreal Projects/Game/Content/Items/Weapons/Sound/Shotgun/Wavs/Shotgun_Fire_ST03.uasset" 738
"D:/Unreal Projects/Game/Content/Items/Weapons/Sound/Shotgun/Wavs/Shotgun_Fire_ST04.uasset" 739
"D:/Unreal Projects/Game/Content/Items/Weapons/Sound/Shotgun/Wavs/Shotgun_Reload01.uasset" 740
"D:/Unreal Projects/Game/Content/Items/Weapons/Sound/Shotgun/Wavs/Shotgun_Reload02.uasset" 741
"D:/Unreal Projects/Game/Content/Items/Weapons/Sound/Shotgun/Wavs/Shotgun_Reload03.uasset" 742
"D:/Unreal Projects/Game/Content/Items/Weapons/Sound/SniperRifle/Wavs/SR_Fire01.uasset" 743
"D:/Unreal Projects/Game/Content/Items/Weapons/Sound/SniperRifle/Wavs/SR_Fire02.uasset" 744
"D:/Unreal Projects/Game/Content/Items/Weapons/Sound/SniperRifle/Wavs/SR_Fire03.uasset" 745
"D:/Unreal Projects/Game/Content/Items/Weapons/Sound/SniperRifle/Wavs/SR_Fire04.uasset" 746
"D:/Unreal Projects/Game/Content/Items/Weapons/Sound/SniperRifle/Wavs/SR_Fire_ST01.uasset" 747
"D:/Unreal Projects/Game/Content/Items/Weapons/Sound/SniperRifle/Wavs/SR_Fire_ST02.uasset" 748
"D:/Unreal Projects/Game/Content/Items/Weapons/Sound/SniperRifle/Wavs/SR_Fire_ST03.uasset" 749
"D:/Unreal Projects/Game/Content/Items/Weapons/Sound/SniperRifle/Wavs/SR_Fire_ST04.uasset" 750
"D:/Unreal Projects/Game/Content/SpaceShip/Aircraft_C.uasset" 751
"D:/Unreal Projects/Game/Content/SpaceShip/Aircraft_N.uasset" 752
"D:/Unreal Projects/Game/Content/SpaceShip/Aircraft_S.uasset" 753
"D:/Unreal Projects/Game/Content/SpaceShip/a1_000.uasset" 754
"D:/Unreal Projects/Game/Content/SpaceShip/aircraft_Glas_000.uasset" 755
"D:/Unreal Projects/Game/Content/SpaceShip/Material_000.uasset" 756
"D:/Unreal Projects/Game/Content/SpaceShip/SpaceShip_PhysicsAsset.uasset" 757
"D:/Unreal Projects/Game/Content/SpaceShip/SpaceShip_Skeleton.uasset" 758
"D:/Unreal Projects/Game/Content/SpaceShip/SpaceShip.uasset" 759
"D:/Unreal Projects/Game/Content/SpaceShip/SpaceShip_Anim.uasset" 760
"D:/Unreal Projects/Game/Content/SpaceShip/SpaceShip_ForCollision.uasset" 761
"../../../Engine/Content/EngineMaterials/OrientParticle.uasset" 762
"../../../Engine/Content/EngineMaterials/DefaultParticle.uasset" 763
"../../../Engine/Content/Functions/Engine_MaterialFunctions02/Math/TimeWithSpeedVariable.uasset" 764
"../../../Engine/Content/Functions/Engine_MaterialFunctions02/Lerp_Multiple_Float3.uasset" 765
"../../../Engine/Content/Functions/Engine_MaterialFunctions02/Utility/BreakOutFloat4Components.uasset" 766
"D:/Unreal Projects/Game/Content/SpaceShip/Effects/FX_Materials/MF_Camera_Fade.uasset" 767
"D:/Unreal Projects/Game/Content/SpaceShip/Effects/FX_Materials/MF_Fresnel_01.uasset" 768
"D:/Unreal Projects/Game/Content/SpaceShip/Effects/FX_Materials/MP_Collection.uasset" 769
"D:/Unreal Projects/Game/Content/SpaceShip/Effects/FX_Materials/Time_of_Day.uasset" 770
"D:/Unreal Projects/Game/Content/SpaceShip/Effects/FX_Materials/M_Smoke01.uasset" 771
"D:/Unreal Projects/Game/Content/SpaceShip/Effects/FX_Materials/M_Smoke01_Inst.uasset" 772
"D:/Unreal Projects/Game/Content/SpaceShip/Effects/Mesh/Sm_Smoke02.uasset" 773
"D:/Unreal Projects/Game/Content/SpaceShip/Effects/FX/P_RocketTrail_02.uasset" 774
"D:/Unreal Projects/Game/Content/UI/d5x5dl0-3919bb6e-b926-4430-bd75-6cc3bcc89cc9.uasset" 775
"D:/Unreal Projects/Game/Content/UI/Icon_Energy.uasset" 776
"D:/Unreal Projects/Game/Content/UI/Icon_Mineral.uasset" 777
"D:/Unreal Projects/Game/Content/UI/Icon_Organic.uasset" 778
"D:/Unreal Projects/Game/Content/UI/Icon_Pioneer.uasset" 779
"D:/Unreal Projects/Game/Content/UI/icon_Pioneer2.uasset" 780
"D:/Unreal Projects/Game/Content/UI/jagYf.uasset" 781
"D:/Unreal Projects/Game/Content/UI/MainUI.uasset" 782
"D:/Unreal Projects/Game/Content/UI/Minimap.uasset" 783
"D:/Unreal Projects/Game/Content/UI/overlay_made_for_uc_davis_sc2_club_by_stumcro-d544lpx.uasset" 784
"D:/Unreal Projects/Game/Content/UMG/MainScreen.uasset" 785
"D:/Unreal Projects/Game/Content/UMG/Settings.uasset" 786
"../../../Engine/Content/Animation/DefaultAnimCurveCompressionSettings.uasset" 787
"../../Plugins/2D/Paper2D/Content/PlaceholderTextures/DummySpriteTexture.uasset" 788
"../../Plugins/2D/Paper2D/Content/DummySprite.uasset" 789
"../../Plugins/2D/Paper2D/Content/DefaultPaperTerrainMaterial.uasset" 790
"../../Plugins/2D/Paper2D/Content/DefaultSpriteMaterial.uasset" 791
"../../Plugins/2D/Paper2D/Content/MaskedUnlitSpriteMaterial.uasset" 792
"../../Plugins/2D/Paper2D/Content/OpaqueUnlitSpriteMaterial.uasset" 793
"../../Plugins/Runtime/Oculus/OculusVR/Content/OculusMR_RenderTarget.uasset" 794
"../../Plugins/Runtime/Oculus/OculusVR/Content/Materials/OculusMR_ChromaKey.uasset" 795
"../../Plugins/Runtime/Oculus/OculusVR/Content/Materials/OculusMR_ChromaKey_Lit.uasset" 796
"../../Plugins/Runtime/Oculus/OculusVR/Content/Materials/OculusMR_OpaqueColoredMaterial.uasset" 797
"../../Plugins/Runtime/Oculus/OculusVR/Content/Materials/OculusMR_WhiteMaterial.uasset" 798
"../../../Engine/Content/Maps/Entry_BuiltData.uasset" 799
"../../../Engine/Content/Maps/Entry.umap" 800
"../../../Engine/Content/EditorBlueprintResources/StandardMacros.uasset" 801
"../../../Engine/Content/EngineSky/C_Sky_Cloud_Color.uasset" 802
"../../../Engine/Content/EngineSky/C_Sky_Horizon_Color.uasset" 803
"../../../Engine/Content/EngineSky/C_Sky_Zenith_Color.uasset" 804
"../../../Engine/Content/EngineSky/T_Sky_Blue.uasset" 805
"../../../Engine/Content/EngineSky/T_Sky_Clouds_M.uasset" 806
"../../../Engine/Content/EngineSky/T_Sky_Stars.uasset" 807
"../../../Engine/Content/EngineSky/M_Sky_Panning_Clouds2.uasset" 808
"../../../Engine/Content/EngineSky/SM_SkySphere.uasset" 809
"../../../Engine/Content/EngineSky/BP_Sky_Sphere.uasset" 810
"D:/Unreal Projects/Game/Content/LandScape/LayerInfos/RockFace_LayerInfo.uasset" 811
"D:/Unreal Projects/Game/Content/Maps/MainScreen_BuiltData.uasset" 812
"../../../Engine/Content/Functions/Engine_MaterialFunctions01/AlphaBlend/WorldAlignedBlend.uasset" 813
"D:/Unreal Projects/Game/Content/LandScape/Textures/pr_background_mountain_a_winter_Splat.uasset" 814
"D:/Unreal Projects/Game/Content/LandScape/Textures/T_CobbleStone_Pebble_D.uasset" 815
"D:/Unreal Projects/Game/Content/LandScape/Textures/T_CobbleStone_Pebble_M.uasset" 816
"D:/Unreal Projects/Game/Content/LandScape/Textures/T_CobbleStone_Pebble_N.uasset" 817
"D:/Unreal Projects/Game/Content/LandScape/Textures/T_GDC_RockFace003_D_R.uasset" 818
"D:/Unreal Projects/Game/Content/LandScape/Textures/T_GDC_RockFace003_N.uasset" 819
"D:/Unreal Projects/Game/Content/LandScape/Textures/T_Ground_Grass_D.uasset" 820
"D:/Unreal Projects/Game/Content/LandScape/Textures/T_Ground_Grass_N.uasset" 821
"D:/Unreal Projects/Game/Content/LandScape/Textures/T_Ground_Gravel_D.uasset" 822
"D:/Unreal Projects/Game/Content/LandScape/Textures/T_Ground_Gravel_N.uasset" 823
"D:/Unreal Projects/Game/Content/LandScape/Textures/T_ground_Moss_D.uasset" 824
"D:/Unreal Projects/Game/Content/LandScape/Textures/T_Ground_Moss_N.uasset" 825
"D:/Unreal Projects/Game/Content/LandScape/Textures/T_MacroVariation.uasset" 826
"D:/Unreal Projects/Game/Content/LandScape/Textures/T_Rock_Basalt_D.uasset" 827
"D:/Unreal Projects/Game/Content/LandScape/Textures/T_Rock_Basalt_N.uasset" 828
"D:/Unreal Projects/Game/Content/LandScape/Materials/Mat_LandScape.uasset" 829
"D:/Unreal Projects/Game/Content/Water/T_Env_Ice_Ground_Rock_4_N.uasset" 830
"D:/Unreal Projects/Game/Content/Water/T_Env_Snow_D.uasset" 831
"D:/Unreal Projects/Game/Content/Water/T_Ice_Ground_Rock01_N.uasset" 832
"D:/Unreal Projects/Game/Content/Water/T_Snow_Ice_Generic.uasset" 833
"D:/Unreal Projects/Game/Content/Water/T_Snow_Ice_Generic_NRM.uasset" 834
"D:/Unreal Projects/Game/Content/Water/M_Plains_Ocean.uasset" 835
"D:/Unreal Projects/Game/Content/Water/SM_WaterPlain.uasset" 836
"D:/Unreal Projects/Game/Content/Maps/MainScreen.umap" 837
