  Client.cpp
  main.cpp
  CompletionKey.cpp
  Console.cpp
  NetworkComponent.cpp
  NetworkInterface.cpp
  OverlappedMsg.cpp
  Packet.cpp
  Server.cpp
  MyClient.cpp
  MyServer.cpp
C:\Github\GraduationProject\Game\Server\NetworkEngine\NetworkEngine\SampleCode\MyServer.h(18,21): error C2059: 구문 오류: '>' (소스 파일 컴파일 중 main.cpp)
C:\Github\GraduationProject\Game\Server\NetworkEngine\NetworkEngine\SampleCode\MyServer.h(18): error C2062: 예기치 않은 'unknown-type' 형식입니다. (소스 파일 컴파일 중 main.cpp)
C:\Github\GraduationProject\Game\Server\NetworkEngine\NetworkEngine\SampleCode\MyServer.h(18,23): error C2238: ';' 앞에 예기치 않은 토큰이 있습니다. (소스 파일 컴파일 중 main.cpp)
C:\Github\GraduationProject\Game\Server\NetworkEngine\NetworkEngine\SampleCode\MyServer.h(19,26): error C2208: 'RTL_CRITICAL_SECTION': 이 형식을 사용하여 정의된 멤버가 없습니다. (소스 파일 컴파일 중 main.cpp)
C:\Github\GraduationProject\Game\Server\NetworkEngine\NetworkEngine\SampleCode\MyServer.h(19): warning C4091: 'static ': 변수를 선언하지 않으면 'RTL_CRITICAL_SECTION' 왼쪽은 무시됩니다. (소스 파일 컴파일 중 main.cpp)
C:\Github\GraduationProject\Game\Server\NetworkEngine\NetworkEngine\SampleCode\MyServer.h(18,21): error C2059: 구문 오류: '>' (소스 파일 컴파일 중 SampleCode\MyServer.cpp)
C:\Github\GraduationProject\Game\Server\NetworkEngine\NetworkEngine\SampleCode\MyServer.h(18): error C2062: 예기치 않은 'unknown-type' 형식입니다. (소스 파일 컴파일 중 SampleCode\MyServer.cpp)
C:\Github\GraduationProject\Game\Server\NetworkEngine\NetworkEngine\SampleCode\MyServer.h(18,23): error C2238: ';' 앞에 예기치 않은 토큰이 있습니다. (소스 파일 컴파일 중 SampleCode\MyServer.cpp)
C:\Github\GraduationProject\Game\Server\NetworkEngine\NetworkEngine\SampleCode\MyServer.h(19,26): error C2208: 'RTL_CRITICAL_SECTION': 이 형식을 사용하여 정의된 멤버가 없습니다. (소스 파일 컴파일 중 SampleCode\MyServer.cpp)
C:\Github\GraduationProject\Game\Server\NetworkEngine\NetworkEngine\SampleCode\MyServer.h(19): warning C4091: 'static ': 변수를 선언하지 않으면 'RTL_CRITICAL_SECTION' 왼쪽은 무시됩니다. (소스 파일 컴파일 중 SampleCode\MyServer.cpp)
C:\Github\GraduationProject\Game\Server\NetworkEngine\NetworkEngine\SampleCode\MyServer.cpp(9,39): error C2039: 'InfoOfClients': 'CMyServer'의 멤버가 아닙니다.
C:\Github\GraduationProject\Game\Server\NetworkEngine\NetworkEngine\SampleCode\MyServer.h(7): message : 'CMyServer' 선언을 참조하십시오.
C:\Github\GraduationProject\Game\Server\NetworkEngine\NetworkEngine\SampleCode\MyServer.cpp(10,29): error C2039: 'csInfoOfClients': 'CMyServer'의 멤버가 아닙니다.
C:\Github\GraduationProject\Game\Server\NetworkEngine\NetworkEngine\SampleCode\MyServer.h(7): message : 'CMyServer' 선언을 참조하십시오.
C:\Github\GraduationProject\Game\Server\NetworkEngine\NetworkEngine\SampleCode\MyServer.cpp(24,66): error C2838: 'Move': 멤버 선언의 정규화된 이름이 잘못되었습니다.
C:\Github\GraduationProject\Game\Server\NetworkEngine\NetworkEngine\SampleCode\MyServer.cpp(24,70): error C2065: 'Move': 선언되지 않은 식별자입니다.
C:\Github\GraduationProject\Game\Server\NetworkEngine\NetworkEngine\SampleCode\MyServer.cpp(24,72): error C2065: 'Move': 선언되지 않은 식별자입니다.
C:\Github\GraduationProject\Game\Server\NetworkEngine\NetworkEngine\SampleCode\MyServer.cpp(140,46): error C2838: 'Reject': 멤버 선언의 정규화된 이름이 잘못되었습니다.
C:\Github\GraduationProject\Game\Server\NetworkEngine\NetworkEngine\SampleCode\MyServer.cpp(140,52): error C2065: 'Reject': 선언되지 않은 식별자입니다.
C:\Github\GraduationProject\Game\Server\NetworkEngine\NetworkEngine\SampleCode\MyServer.cpp(151,44): error C2838: 'Accept': 멤버 선언의 정규화된 이름이 잘못되었습니다.
C:\Github\GraduationProject\Game\Server\NetworkEngine\NetworkEngine\SampleCode\MyServer.cpp(151,50): error C2065: 'Accept': 선언되지 않은 식별자입니다.
C:\Github\GraduationProject\Game\Server\NetworkEngine\NetworkEngine\SampleCode\MyServer.cpp(155,45): error C2838: 'Create': 멤버 선언의 정규화된 이름이 잘못되었습니다.
C:\Github\GraduationProject\Game\Server\NetworkEngine\NetworkEngine\SampleCode\MyServer.cpp(155,51): error C2065: 'Create': 선언되지 않은 식별자입니다.
C:\Github\GraduationProject\Game\Server\NetworkEngine\NetworkEngine\SampleCode\MyServer.cpp(165,45): error C2838: 'Create': 멤버 선언의 정규화된 이름이 잘못되었습니다.
C:\Github\GraduationProject\Game\Server\NetworkEngine\NetworkEngine\SampleCode\MyServer.cpp(165,51): error C2065: 'Create': 선언되지 않은 식별자입니다.
C:\Github\GraduationProject\Game\Server\NetworkEngine\NetworkEngine\SampleCode\MyServer.cpp(179,17): error C2039: 'Move': 'CMyServer'의 멤버가 아닙니다.
C:\Github\GraduationProject\Game\Server\NetworkEngine\NetworkEngine\SampleCode\MyServer.h(7): message : 'CMyServer' 선언을 참조하십시오.
C:\Github\GraduationProject\Game\Server\NetworkEngine\NetworkEngine\SampleCode\MyServer.cpp(199,44): error C2838: 'Move': 멤버 선언의 정규화된 이름이 잘못되었습니다.
C:\Github\GraduationProject\Game\Server\NetworkEngine\NetworkEngine\SampleCode\MyServer.cpp(199,48): warning C4302: '형식 캐스트': 'void (__cdecl *)(std::stringstream &,const SOCKET &)'에서 'uint16_t'(으)로 잘립니다.
C:\Github\GraduationProject\Game\Server\NetworkEngine\NetworkEngine\SampleCode\MyServer.cpp(209,7): error C2065: 'Server': 선언되지 않은 식별자입니다.
C:\Github\GraduationProject\Game\Server\NetworkEngine\NetworkEngine\SampleCode\MyServer.cpp(209,15): error C2065: 'Server': 선언되지 않은 식별자입니다.
C:\Github\GraduationProject\Game\Server\NetworkEngine\NetworkEngine\SampleCode\MyClient.cpp(31,66): error C2838: 'Accept': 멤버 선언의 정규화된 이름이 잘못되었습니다.
C:\Github\GraduationProject\Game\Server\NetworkEngine\NetworkEngine\SampleCode\MyClient.cpp(31,72): error C2065: 'Accept': 선언되지 않은 식별자입니다.
C:\Github\GraduationProject\Game\Server\NetworkEngine\NetworkEngine\SampleCode\MyClient.cpp(32,66): error C2838: 'Reject': 멤버 선언의 정규화된 이름이 잘못되었습니다.
C:\Github\GraduationProject\Game\Server\NetworkEngine\NetworkEngine\SampleCode\MyClient.cpp(32,72): error C2065: 'Reject': 선언되지 않은 식별자입니다.
C:\Github\GraduationProject\Game\Server\NetworkEngine\NetworkEngine\SampleCode\MyClient.cpp(33,66): error C2838: 'Create': 멤버 선언의 정규화된 이름이 잘못되었습니다.
C:\Github\GraduationProject\Game\Server\NetworkEngine\NetworkEngine\SampleCode\MyClient.cpp(33,72): error C2065: 'Create': 선언되지 않은 식별자입니다.
C:\Github\GraduationProject\Game\Server\NetworkEngine\NetworkEngine\SampleCode\MyClient.cpp(34,66): error C2838: 'Move': 멤버 선언의 정규화된 이름이 잘못되었습니다.
C:\Github\GraduationProject\Game\Server\NetworkEngine\NetworkEngine\SampleCode\MyClient.cpp(34,70): error C2065: 'Move': 선언되지 않은 식별자입니다.
C:\Github\GraduationProject\Game\Server\NetworkEngine\NetworkEngine\SampleCode\MyClient.cpp(153,44): error C2838: 'Move': 멤버 선언의 정규화된 이름이 잘못되었습니다.
C:\Github\GraduationProject\Game\Server\NetworkEngine\NetworkEngine\SampleCode\MyClient.cpp(153,48): error C2065: 'Move': 선언되지 않은 식별자입니다.
